<?xml version="1.0" encoding="UTF-8"?>
<Site BuildName="(empty)"
	BuildStamp="20250411-1043-Experimental"
	Name="(empty)"
	Generator="ctest-3.30.8"
	CompilerName=""
	CompilerVersion=""
	OSName="Linux"
	Hostname="gigachad-linux"
	OSRelease="6.13.9-200.fc41.x86_64"
	OSVersion="#1 SMP PREEMPT_DYNAMIC Sat Mar 29 01:29:31 UTC 2025"
	OSPlatform="x86_64"
	Is64Bits="1"
	VendorString="AuthenticAMD"
	VendorID="Advanced Micro Devices"
	FamilyID="25"
	ModelID="80"
	ProcessorCacheSize="512"
	NumberOfLogicalCPU="12"
	NumberOfPhysicalCPU="6"
	TotalVirtualMemory="8191"
	TotalPhysicalMemory="13812"
	LogicalProcessorsPerPhysical="2"
	ProcessorClockFrequency="3435.39"
	>
	<Testing>
		<StartDateTime>Apr 11 19:45 KST</StartDateTime>
		<StartTestTime>1744368308</StartTestTime>
		<TestList/>
		<EndDateTime>Apr 11 19:45 KST</EndDateTime>
		<EndTestTime>1744368308</EndTestTime>
		<ElapsedMinutes>0</ElapsedMinutes>
	</Testing>
</Site>
