<?xml version="1.0" encoding="UTF-8"?>
<Site BuildName="(empty)"
	BuildStamp="20250322-0746-Experimental"
	Name="(empty)"
	Generator="ctest-3.30.8"
	CompilerName=""
	CompilerVersion=""
	OSName="Linux"
	Hostname="gigachad-linux"
	OSRelease="6.13.7-200.fc41.x86_64"
	OSVersion="#1 SMP PREEMPT_DYNAMIC Thu Mar 13 17:46:13 UTC 2025"
	OSPlatform="x86_64"
	Is64Bits="1"
	VendorString="AuthenticAMD"
	VendorID="Advanced Micro Devices"
	FamilyID="25"
	ModelID="80"
	ProcessorCacheSize="512"
	NumberOfLogicalCPU="12"
	NumberOfPhysicalCPU="6"
	TotalVirtualMemory="8191"
	TotalPhysicalMemory="13812"
	LogicalProcessorsPerPhysical="2"
	ProcessorClockFrequency="3787.05"
	>
	<Testing>
		<StartDateTime>Mar 22 17:26 KST</StartDateTime>
		<StartTestTime>1742631967</StartTestTime>
		<TestList>
			<Test>./NegativeBase2.LargerNumber</Test>
		</TestList>
		<Test Status="passed">
			<Name>NegativeBase2.LargerNumber</Name>
			<Path>.</Path>
			<FullName>./NegativeBase2.LargerNumber</FullName>
			<FullCommandLine>/home/monika/Documents/problems/build/EGE_Test "--gtest_filter=NegativeBase2.LargerNumber" "--gtest_also_run_disabled_tests"</FullCommandLine>
			<Results>
				<NamedMeasurement type="numeric/double" name="Execution Time">
					<Value>0.00288462</Value>
				</NamedMeasurement>
				<NamedMeasurement type="numeric/double" name="Processors">
					<Value>1</Value>
				</NamedMeasurement>
				<NamedMeasurement type="text/string" name="Completion Status">
					<Value>Completed</Value>
				</NamedMeasurement>
				<NamedMeasurement type="text/string" name="Command Line">
					<Value>/home/monika/Documents/problems/build/EGE_Test "--gtest_filter=NegativeBase2.LargerNumber" "--gtest_also_run_disabled_tests"</Value>
				</NamedMeasurement>
				<NamedMeasurement type="text/string" name="Environment">
					<Value>#CTEST_RESOURCE_GROUP_COUNT=</Value>
				</NamedMeasurement>
				<Measurement>
					<Value encoding="base64" compression="gzip">eJyNkDFOwzAUhnef4o3NELthQBSpA6ioAyigFKYoQk54DRaxXdkv5QrsiIU7sDBziNyDgSugJFXVIFH1n57sz/7//yW1McqUoKUyowCWzmoQj1aj0NaoJylmtqg1GvJi5WxeofYimkxOou/Pl5+vd2jemtfmQ5TWlhUSegojHh3z8c6J8K4QZTvdty68KFhsCU9h3iFwi55gqSpCB1OIsZSk1nguPR7xK+lKdHGtc3QsnW6VQbIJHgF179vgm9nXipCzNNwqg3llc1n192jWylnTtgKPFNarP/Dun4M8LIXkLoZO2d6oPQPXl3s5GI1B++BA954GsiSrgB3Wj1C68ME+m+H2/tsaOGn40CcFuDlbLC5mbeWe5ewXMta5cA==</Value>
				</Measurement>
			</Results>
		</Test>
		<EndDateTime>Mar 22 17:26 KST</EndDateTime>
		<EndTestTime>1742631967</EndTestTime>
		<ElapsedMinutes>0</ElapsedMinutes>
	</Testing>
</Site>
