TN:
SF:/home/monika/Documents/problems/19981번： ЕГЭ/main.cpp
FNL:0,12,37
FNA:0,1,_Z22convertToNegativeBase2x
FNL:1,40,58
FNA:1,1,main
FNF:2
FNH:2
DA:12,1
DA:14,1
DA:16,1
DA:18,0
DA:19,0
DA:22,4
DA:24,3
DA:25,3
DA:27,3
DA:29,1
DA:30,1
DA:33,3
DA:36,1
DA:37,0
DA:40,1
DA:42,1
DA:43,1
DA:46,1
DA:48,1
DA:50,1
DA:52,4
DA:54,3
DA:57,1
DA:58,1
LF:24
LH:21
end_of_record
TN:
SF:/usr/include/c++/14/bits/alloc_traits.h
FNF:0
FNH:0
DA:515,3
DA:550,3
DA:577,3
DA:581,3
DA:599,0
DA:601,0
DA:993,1
DA:994,1
LF:8
LH:6
end_of_record
TN:
SF:/usr/include/c++/14/bits/allocator.h
FNF:0
FNH:0
DA:189,3
DA:191,0
DA:192,0
DA:193,0
DA:196,3
DA:203,3
DA:205,0
DA:206,0
DA:208,3
LF:9
LH:4
end_of_record
TN:
SF:/usr/include/c++/14/bits/move.h
FNL:0,137,138
FNA:0,3,_ZSt4moveIRiEONSt16remove_referenceIT_E4typeEOS2_
FNL:1,51,52
FNA:1,0,_ZSt11__addressofIiEPT_RS0_
FNL:2,71,72
FNA:2,12,_ZSt7forwardIiEOT_RNSt16remove_referenceIS0_E4typeE
FNF:3
FNH:2
DA:51,0
DA:52,0
DA:71,12
DA:72,12
DA:137,3
DA:138,3
LF:6
LH:4
end_of_record
TN:
SF:/usr/include/c++/14/bits/new_allocator.h
FNL:0,126,152
FNA:0,3,_ZNSt15__new_allocatorIiE8allocateEmPKv
FNL:1,156,173
FNA:1,3,_ZNSt15__new_allocatorIiE10deallocateEPim
FNF:2
FNH:2
DA:126,3
DA:134,3
DA:138,0
DA:139,0
DA:140,0
DA:151,3
DA:156,3
DA:172,3
DA:233,3
LF:9
LH:6
end_of_record
TN:
SF:/usr/include/c++/14/bits/ptr_traits.h
FNL:0,205,209
FNA:0,3,_ZSt12__to_addressIiEPT_S1_
FNF:1
FNH:1
DA:205,3
DA:208,3
LF:2
LH:2
end_of_record
TN:
SF:/usr/include/c++/14/bits/stl_algobase.h
FNL:0,233,241
FNA:0,6,_ZSt3minImERKT_S2_S2_
FNL:1,257,265
FNA:1,3,_ZSt3maxImERKT_S2_S2_
FNL:2,316,318
FNA:2,9,_ZSt12__niter_baseIPiET_S1_
FNF:3
FNH:3
DA:233,6
DA:238,6
DA:239,0
DA:240,6
DA:257,3
DA:262,3
DA:263,1
DA:264,2
DA:316,9
DA:318,9
LF:10
LH:9
end_of_record
TN:
SF:/usr/include/c++/14/bits/stl_construct.h
FNL:0,146,153
FNA:0,0,_ZSt8_DestroyIiEvPT_
FNL:1,160,164
FNA:1,0,_ZNSt12_Destroy_auxILb0EE9__destroyIPiEEvT_S3_
FNL:2,172,172
FNA:2,1,_ZNSt12_Destroy_auxILb1EE9__destroyIPiEEvT_S3_
FNL:3,182,197
FNA:3,1,_ZSt8_DestroyIPiEvT_S1_
FNL:4,80,89
FNA:4,0,_ZSt10destroy_atIiEvPT_
FNL:5,94,97
FNA:5,3,_ZSt12construct_atIiJiEEDTgsnwcvPvLi0E_T_pispcl7declvalIT0_EEEEPS1_DpOS2_
FNF:6
FNH:3
DA:80,0
DA:88,0
DA:89,0
DA:94,3
DA:97,3
DA:146,0
DA:149,0
DA:153,0
DA:160,0
DA:162,0
DA:163,0
DA:164,0
DA:172,1
DA:182,1
DA:192,1
DA:193,0
DA:196,1
LF:17
LH:6
end_of_record
TN:
SF:/usr/include/c++/14/bits/stl_iterator.h
FNL:0,1067,1068
FNA:0,12,_ZN9__gnu_cxx17__normal_iteratorIPiSt6vectorIiSaIiEEEC2ERKS1_
FNA:0,0,_ZN9__gnu_cxx17__normal_iteratorIPivEC2ERKS1_
FNL:1,1090,1091
FNA:1,3,_ZNK9__gnu_cxx17__normal_iteratorIPiSt6vectorIiSaIiEEEdeEv
FNA:1,0,_ZNK9__gnu_cxx17__normal_iteratorIPivEdeEv
FNL:2,1100,1104
FNA:2,0,_ZN9__gnu_cxx17__normal_iteratorIPivEppEv
FNL:3,1148,1149
FNA:3,3,_ZNK9__gnu_cxx17__normal_iteratorIPiSt6vectorIiSaIiEEEmiEl
FNL:4,1153,1154
FNA:4,6,_ZNK9__gnu_cxx17__normal_iteratorIPiSt6vectorIiSaIiEEE4baseEv
FNA:4,0,_ZNK9__gnu_cxx17__normal_iteratorIPivE4baseEv
FNL:5,1325,1328
FNA:5,3,_ZN9__gnu_cxxmiIPiSt6vectorIiSaIiEEEENS_17__normal_iteratorIT_T0_E15difference_typeERKS8_SB_
FNF:6
FNH:5
DA:1067,12
DA:1068,12
DA:1090,3
DA:1091,3
DA:1100,0
DA:1102,0
DA:1103,0
DA:1148,3
DA:1149,3
DA:1153,6
DA:1154,6
DA:1325,3
DA:1328,3
LF:13
LH:10
end_of_record
TN:
SF:/usr/include/c++/14/bits/stl_uninitialized.h
FNL:0,1067,1077
FNA:0,0,_ZSt19__relocate_object_aIiiSaIiEEvPT_PT0_RT1_
FNL:1,1089,1106
FNA:1,0,_ZSt14__relocate_a_1IPiN9__gnu_cxx17__normal_iteratorIS0_vEESaIiEET0_T_S6_S5_RT1_
FNL:2,1112,1132
FNA:2,3,_ZSt14__relocate_a_1IiiENSt9enable_ifIXsrSt24__is_bitwise_relocatableIT_vE5valueEPS2_E4typeES4_S4_S4_RSaIT0_E
FNL:3,1139,1148
FNA:3,3,_ZSt12__relocate_aIPiS0_SaIiEET0_T_S3_S2_RT1_
FNF:4
FNH:2
DA:1067,0
DA:1075,0
DA:1076,0
DA:1077,0
DA:1089,0
DA:1101,0
DA:1102,0
DA:1103,0
DA:1105,0
DA:1112,3
DA:1116,3
DA:1117,3
DA:1120,2
DA:1124,0
DA:1125,0
DA:1126,0
DA:1129,2
DA:1131,3
DA:1139,3
DA:1145,3
DA:1147,3
LF:21
LH:9
end_of_record
TN:
SF:/usr/include/c++/14/bits/stl_vector.h
FNL:0,1128,1132
FNA:0,3,_ZNSt6vectorIiSaIiEEixEm
FNL:1,1235,1239
FNA:1,3,_ZNSt6vectorIiSaIiEE4backEv
FNL:2,1300,1301
FNA:2,3,_ZNSt6vectorIiSaIiEE9push_backEOi
FNL:3,1906,1913
FNA:3,3,_ZNKSt6vectorIiSaIiEE12_M_check_lenEmPKc
FNL:4,1926,1935
FNA:4,6,_ZNSt6vectorIiSaIiEE11_S_max_sizeERKS0_
FNL:5,300,301
FNA:5,4,_ZNSt12_Vector_baseIiSaIiEE19_M_get_Tp_allocatorEv
FNL:6,305,306
FNA:6,6,_ZNKSt12_Vector_baseIiSaIiEE19_M_get_Tp_allocatorEv
FNL:7,366,370
FNA:7,1,_ZNSt12_Vector_baseIiSaIiEED2Ev
FNL:8,377,381
FNA:8,3,_ZNSt12_Vector_baseIiSaIiEE11_M_allocateEm
FNL:9,385,390
FNA:9,1,_ZNSt12_Vector_baseIiSaIiEE13_M_deallocateEPim
FNL:10,504,514
FNA:10,3,_ZNSt6vectorIiSaIiEE11_S_relocateEPiS2_S2_RS0_
FNL:11,733,738
FNA:11,1,_ZNSt6vectorIiSaIiEED2Ev
FNL:12,873,874
FNA:12,3,_ZNSt6vectorIiSaIiEE5beginEv
FNL:13,893,894
FNA:13,6,_ZNSt6vectorIiSaIiEE3endEv
FNL:14,992,993
FNA:14,20,_ZNKSt6vectorIiSaIiEE4sizeEv
FNL:15,998,999
FNA:15,6,_ZNKSt6vectorIiSaIiEE8max_sizeEv
FNF:16
FNH:16
DA:300,4
DA:301,4
DA:305,6
DA:306,6
DA:366,1
DA:368,1
DA:369,1
DA:370,1
DA:377,3
DA:380,6
DA:385,1
DA:388,1
DA:389,1
DA:390,1
DA:504,3
DA:509,3
DA:733,1
DA:735,1
DA:736,1
DA:738,1
DA:873,3
DA:874,3
DA:893,6
DA:894,6
DA:992,20
DA:993,20
DA:998,6
DA:999,6
DA:1128,3
DA:1131,3
DA:1235,3
DA:1238,3
DA:1300,3
DA:1301,3
DA:1906,3
DA:1908,3
DA:1909,0
DA:1911,3
DA:1912,3
DA:1926,6
DA:1931,6
DA:1933,6
DA:1934,6
LF:43
LH:42
end_of_record
TN:
SF:/usr/include/c++/14/bits/vector.tcc
FNL:0,111,127
FNA:0,3,_ZNSt6vectorIiSaIiEE12emplace_backIJiEEERiDpOT_
FNL:1,581,695
FNA:1,3,_ZNSt6vectorIiSaIiEE17_M_realloc_appendIJiEEEvDpOT_
FNL:2,607,609
FNA:2,3,_ZZNSt6vectorIiSaIiEE17_M_realloc_appendIJiEEEvDpOT_EN6_GuardC2EPimRS0_
FNL:3,612,617
FNA:3,3,_ZZNSt6vectorIiSaIiEE17_M_realloc_appendIJiEEEvDpOT_EN6_GuardD2Ev
FNF:4
FNH:4
DA:111,3
DA:114,3
DA:117,0
DA:119,0
DA:123,3
DA:125,3
DA:581,3
DA:590,3
DA:591,3
DA:592,0
DA:593,3
DA:594,3
DA:595,3
DA:596,3
DA:597,3
DA:607,3
DA:608,3
DA:609,3
DA:612,3
DA:614,3
DA:616,2
DA:617,3
DA:624,3
DA:634,6
DA:635,3
DA:647,3
DA:648,3
DA:649,3
DA:686,3
DA:687,3
DA:688,3
DA:692,3
DA:693,3
DA:694,3
DA:695,3
LF:35
LH:32
end_of_record
TN:
SF:/usr/include/c++/14/new
FNL:0,179,180
FNA:0,3,_ZnwmPv
FNF:1
FNH:1
DA:179,3
DA:180,3
LF:2
LH:2
end_of_record
TN:
SF:/usr/include/c++/14/type_traits
FNL:0,3832,3839
FNA:0,2,_ZSt21is_constant_evaluatedv
FNF:1
FNH:1
DA:3832,2
DA:3835,2
LF:2
LH:2
end_of_record
TN:
SF:/usr/include/c++/14/x86_64-redhat-linux/bits/c++config.h
FNF:0
FNH:0
DA:2394,7
LF:1
LH:1
end_of_record
