<?xml version="1.0" encoding="UTF-8"?>
<Site BuildName="(empty)"
	BuildStamp="20250512-0405-Experimental"
	Name="(empty)"
	Generator="ctest-3.31.6"
	CompilerName=""
	CompilerVersion=""
	OSName="Linux"
	Hostname="gigachad-linux"
	OSRelease="6.14.5-300.fc42.x86_64"
	OSVersion="#1 SMP PREEMPT_DYNAMIC Fri May  2 14:16:46 UTC 2025"
	OSPlatform="x86_64"
	Is64Bits="1"
	VendorString="AuthenticAMD"
	VendorID="Advanced Micro Devices"
	FamilyID="25"
	ModelID="80"
	ModelName="AMD Ryzen 5 5600H with Radeon Graphics"
	ProcessorCacheSize="512"
	NumberOfLogicalCPU="12"
	NumberOfPhysicalCPU="6"
	TotalVirtualMemory="8191"
	TotalPhysicalMemory="13815"
	LogicalProcessorsPerPhysical="2"
	ProcessorClockFrequency="3392.62"
	>
	<Testing>
		<StartDateTime>May 12 20:36 KST</StartDateTime>
		<StartTestTime>1747049792</StartTestTime>
		<TestList/>
		<EndDateTime>May 12 20:36 KST</EndDateTime>
		<EndTestTime>1747049792</EndTestTime>
		<ElapsedMinutes>0</ElapsedMinutes>
	</Testing>
</Site>
