TN:
SF:/home/monika/Documents/problems/18386번： BNKQ/main.cpp
FNL:0,113,116
FNA:0,0,_ZZ4mainENKUlRT_RT0_E_clISt4pairINSt7__cxx1112basic_stringIcSt11char_traitsIcESaIcEEEiESC_EEDaS0_S2_
FNL:1,29,50
FNA:1,0,_ZL10formatHouri
FNL:2,4,27
FNA:2,0,_ZL15convertTo24HourRKNSt7__cxx1112basic_stringIcSt11char_traitsIcESaIcEEE
FNL:3,52,153
FNA:3,0,main
FNF:4
FNH:0
DA:4,0
DA:6,0
DA:7,0
DA:8,0
DA:9,0
DA:11,0
DA:13,0
DA:15,0
DA:20,0
DA:22,0
DA:26,0
DA:27,0
DA:29,0
DA:31,0
DA:33,0
DA:34,0
DA:35,0
DA:37,0
DA:38,0
DA:39,0
DA:42,0
DA:43,0
DA:44,0
DA:45,0
DA:47,0
DA:48,0
DA:49,0
DA:52,0
DA:54,0
DA:55,0
DA:57,0
DA:58,0
DA:59,0
DA:63,0
DA:64,0
DA:65,0
DA:66,0
DA:67,0
DA:68,0
DA:69,0
DA:71,0
DA:73,0
DA:74,0
DA:75,0
DA:76,0
DA:77,0
DA:79,0
DA:80,0
DA:82,0
DA:83,0
DA:84,0
DA:86,0
DA:88,0
DA:89,0
DA:91,0
DA:95,0
DA:97,0
DA:98,0
DA:99,0
DA:101,0
DA:105,0
DA:107,0
DA:108,0
DA:110,0
DA:113,0
DA:115,0
DA:116,0
DA:118,0
DA:119,0
DA:121,0
DA:122,0
DA:124,0
DA:125,0
DA:127,0
DA:128,0
DA:129,0
DA:131,0
DA:132,0
DA:134,0
DA:136,0
DA:140,0
DA:142,0
DA:143,0
DA:145,0
DA:146,0
DA:148,0
DA:149,0
DA:152,0
DA:153,0
LF:89
LH:0
end_of_record
TN:
SF:/usr/include/c++/14/bit
FNL:0,201,243
FNA:0,0,_ZSt13__countl_zeroImEiT_
FNL:1,371,375
FNA:1,0,_ZSt11__bit_widthImEiT_
FNF:2
FNH:0
DA:201,0
DA:204,0
DA:206,0
DA:207,0
DA:209,0
DA:210,0
DA:211,0
DA:220,0
DA:221,0
DA:371,0
DA:373,0
DA:374,0
LF:12
LH:0
end_of_record
TN:
SF:/usr/include/c++/14/bits/alloc_traits.h
FNF:0
FNH:0
DA:515,0
DA:550,0
DA:577,0
DA:581,0
DA:599,0
DA:601,0
DA:615,0
DA:627,0
DA:767,0
DA:800,0
DA:804,0
DA:837,0
DA:993,0
DA:994,0
LF:14
LH:0
end_of_record
TN:
SF:/usr/include/c++/14/bits/allocator.h
FNF:0
FNH:0
DA:161,0
DA:166,0
DA:176,0
DA:182,0
DA:189,0
DA:191,0
DA:192,0
DA:193,0
DA:196,0
DA:203,0
DA:205,0
DA:206,0
DA:208,0
DA:215,0
LF:14
LH:0
end_of_record
TN:
SF:/usr/include/c++/14/bits/basic_string.h
FNL:0,1076,1077
FNA:0,0,_ZNKSt7__cxx1112basic_stringIcSt11char_traitsIcESaIcEE4sizeEv
FNL:1,1083,1084
FNA:1,0,_ZNKSt7__cxx1112basic_stringIcSt11char_traitsIcESaIcEE6lengthEv
FNL:2,1089,1090
FNA:2,0,_ZNKSt7__cxx1112basic_stringIcSt11char_traitsIcESaIcEE8max_sizeEv
FNL:3,1180,1184
FNA:3,0,_ZNKSt7__cxx1112basic_stringIcSt11char_traitsIcESaIcEE8capacityEv
FNL:4,1222,1223
FNA:4,0,_ZNSt7__cxx1112basic_stringIcSt11char_traitsIcESaIcEE5clearEv
FNL:5,1231,1232
FNA:5,0,_ZNKSt7__cxx1112basic_stringIcSt11char_traitsIcESaIcEE5emptyEv
FNL:6,129,142
FNA:6,0,_ZNSt7__cxx1112basic_stringIcSt11char_traitsIcESaIcEE11_S_allocateERS3_m
FNL:7,1435,1436
FNA:7,0,_ZNSt7__cxx1112basic_stringIcSt11char_traitsIcESaIcEE6appendERKS4_
FNL:8,1466,1471
FNA:8,0,_ZNSt7__cxx1112basic_stringIcSt11char_traitsIcESaIcEE6appendEPKcm
FNL:9,1588,1621
FNA:9,0,_ZNSt7__cxx1112basic_stringIcSt11char_traitsIcESaIcEE6assignERKS4_
FNL:10,193,194
FNA:10,0,_ZNSt7__cxx1112basic_stringIcSt11char_traitsIcESaIcEE12_Alloc_hiderC2EPcRKS3_
FNL:11,197,198
FNA:11,0,_ZNSt7__cxx1112basic_stringIcSt11char_traitsIcESaIcEE12_Alloc_hiderC2EPcOS3_
FNL:12,217,218
FNA:12,0,_ZNSt7__cxx1112basic_stringIcSt11char_traitsIcESaIcEE7_M_dataEPc
FNL:13,222,223
FNA:13,0,_ZNSt7__cxx1112basic_stringIcSt11char_traitsIcESaIcEE9_M_lengthEm
FNL:14,227,228
FNA:14,0,_ZNKSt7__cxx1112basic_stringIcSt11char_traitsIcESaIcEE7_M_dataEv
FNL:15,232,239
FNA:15,0,_ZNSt7__cxx1112basic_stringIcSt11char_traitsIcESaIcEE13_M_local_dataEv
FNL:16,243,250
FNA:16,0,_ZNKSt7__cxx1112basic_stringIcSt11char_traitsIcESaIcEE13_M_local_dataEv
FNL:17,254,255
FNA:17,0,_ZNSt7__cxx1112basic_stringIcSt11char_traitsIcESaIcEE11_M_capacityEm
FNL:18,259,263
FNA:18,0,_ZNSt7__cxx1112basic_stringIcSt11char_traitsIcESaIcEE13_M_set_lengthEm
FNL:19,2640,2641
FNA:19,0,_ZNKSt7__cxx1112basic_stringIcSt11char_traitsIcESaIcEE5c_strEv
FNL:20,2653,2654
FNA:20,0,_ZNKSt7__cxx1112basic_stringIcSt11char_traitsIcESaIcEE4dataEv
FNL:21,267,276
FNA:21,0,_ZNKSt7__cxx1112basic_stringIcSt11char_traitsIcESaIcEE11_M_is_localEv
FNL:22,2674,2675
FNA:22,0,_ZNKSt7__cxx1112basic_stringIcSt11char_traitsIcESaIcEE13get_allocatorEv
FNL:23,285,289
FNA:23,0,_ZNSt7__cxx1112basic_stringIcSt11char_traitsIcESaIcEE10_M_disposeEv
FNL:24,293,294
FNA:24,0,_ZNSt7__cxx1112basic_stringIcSt11char_traitsIcESaIcEE10_M_destroyEm
FNL:25,3208,3210
FNA:25,0,_ZNKSt7__cxx1112basic_stringIcSt11char_traitsIcESaIcEE6substrEmm
FNL:26,3228,3238
FNA:26,0,_ZNKSt7__cxx1112basic_stringIcSt11char_traitsIcESaIcEE7compareERKS4_
FNL:27,341,342
FNA:27,0,_ZNSt7__cxx1112basic_stringIcSt11char_traitsIcESaIcEE16_M_get_allocatorEv
FNL:28,346,347
FNA:28,0,_ZNKSt7__cxx1112basic_stringIcSt11char_traitsIcESaIcEE16_M_get_allocatorEv
FNL:29,3573,3586
FNA:29,0,_ZSt12__str_concatINSt7__cxx1112basic_stringIcSt11char_traitsIcESaIcEEEET_PKNS6_10value_typeENS6_9size_typeES9_SA_RKNS6_14allocator_typeE
FNL:30,3652,3660
FNA:30,0,_ZStplIcSt11char_traitsIcESaIcEENSt7__cxx1112basic_stringIT_T0_T1_EERKS8_PKS5_
FNL:31,3682,3684
FNA:31,0,_ZStplIcSt11char_traitsIcESaIcEENSt7__cxx1112basic_stringIT_T0_T1_EEOS8_RKS8_
FNL:32,3755,3761
FNA:32,0,_ZSteqIcSt11char_traitsIcESaIcEEbRKNSt7__cxx1112basic_stringIT_T0_T1_EESA_
FNL:33,3772,3777
FNA:33,0,_ZSteqIcSt11char_traitsIcESaIcEEbRKNSt7__cxx1112basic_stringIT_T0_T1_EEPKS5_
FNL:34,3790,3793
FNA:34,0,_ZStssIcSt11char_traitsIcESaIcEEDTcl21__char_traits_cmp_catIT0_ELi0EEERKNSt7__cxx1112basic_stringIT_S3_T1_EESB_
FNL:35,391,398
FNA:35,0,_ZNKSt7__cxx1112basic_stringIcSt11char_traitsIcESaIcEE8_M_checkEmPKc
FNL:36,402,406
FNA:36,0,_ZNKSt7__cxx1112basic_stringIcSt11char_traitsIcESaIcEE15_M_check_lengthEmmPKc
FNL:37,4039,4042
FNA:37,0,_ZSt4swapIcSt11char_traitsIcESaIcEEvRNSt7__cxx1112basic_stringIT_T0_T1_EES9_
FNL:38,412,416
FNA:38,0,_ZNKSt7__cxx1112basic_stringIcSt11char_traitsIcESaIcEE8_M_limitEmm
FNL:39,4164,4166
FNA:39,0,_ZNSt7__cxx114stoiERKNS_12basic_stringIcSt11char_traitsIcESaIcEEEPmi
FNL:40,430,436
FNA:40,0,_ZNSt7__cxx1112basic_stringIcSt11char_traitsIcESaIcEE7_S_copyEPcPKcm
FNL:41,4616,4617
FNA:41,0,_ZNKSt15__str_hash_baseIcSaIcENSt7__cxx1112basic_stringIcSt11char_traitsIcES0_EEEclERKS5_
FNL:42,482,483
FNA:42,0,_ZNSt7__cxx1112basic_stringIcSt11char_traitsIcESaIcEE13_S_copy_charsEPcS5_S5_
FNL:43,487,489
FNA:43,0,_ZNSt7__cxx1112basic_stringIcSt11char_traitsIcESaIcEE13_S_copy_charsEPcPKcS7_
FNL:44,493,503
FNA:44,0,_ZNSt7__cxx1112basic_stringIcSt11char_traitsIcESaIcEE10_S_compareEmm
FNL:45,527,533
FNA:45,0,_ZNSt7__cxx1112basic_stringIcSt11char_traitsIcESaIcEEC2Ev
FNL:46,540,545
FNA:46,0,_ZNSt7__cxx1112basic_stringIcSt11char_traitsIcESaIcEEC2ERKS3_
FNL:47,552,558
FNA:47,0,_ZNSt7__cxx1112basic_stringIcSt11char_traitsIcESaIcEEC2ERKS4_
FNL:48,586,594
FNA:48,0,_ZNSt7__cxx1112basic_stringIcSt11char_traitsIcESaIcEEC2ERKS4_mm
FNL:49,646,655
FNA:49,0,_ZNSt7__cxx1112basic_stringIcSt11char_traitsIcESaIcEEC2IS3_EEPKcRKS3_
FNL:50,682,703
FNA:50,0,_ZNSt7__cxx1112basic_stringIcSt11char_traitsIcESaIcEEC2EOS4_
FNL:51,808,809
FNA:51,0,_ZNSt7__cxx1112basic_stringIcSt11char_traitsIcESaIcEED2Ev
FNL:52,817,820
FNA:52,0,_ZNSt7__cxx1112basic_stringIcSt11char_traitsIcESaIcEEaSERKS4_
FNL:53,858,918
FNA:53,0,_ZNSt7__cxx1112basic_stringIcSt11char_traitsIcESaIcEEaSEOS4_
FNF:54
FNH:0
DA:129,0
DA:131,0
DA:141,0
DA:193,0
DA:194,0
DA:197,0
DA:198,0
DA:217,0
DA:218,0
DA:222,0
DA:223,0
DA:227,0
DA:228,0
DA:232,0
DA:235,0
DA:243,0
DA:246,0
DA:254,0
DA:255,0
DA:259,0
DA:261,0
DA:262,0
DA:263,0
DA:267,0
DA:269,0
DA:271,0
DA:272,0
DA:273,0
DA:275,0
DA:285,0
DA:287,0
DA:288,0
DA:289,0
DA:293,0
DA:294,0
DA:341,0
DA:342,0
DA:346,0
DA:347,0
DA:356,0
DA:357,0
DA:358,0
DA:360,0
DA:370,0
DA:391,0
DA:393,0
DA:394,0
DA:397,0
DA:402,0
DA:404,0
DA:405,0
DA:406,0
DA:412,0
DA:414,0
DA:415,0
DA:430,0
DA:432,0
DA:433,0
DA:435,0
DA:436,0
DA:482,0
DA:483,0
DA:487,0
DA:489,0
DA:493,0
DA:495,0
DA:497,0
DA:498,0
DA:499,0
DA:500,0
DA:502,0
DA:527,0
DA:529,0
DA:532,0
DA:533,0
DA:540,0
DA:541,0
DA:544,0
DA:545,0
DA:552,0
DA:553,0
DA:554,0
DA:556,0
DA:558,0
DA:586,0
DA:588,0
DA:590,0
DA:591,0
DA:592,0
DA:594,0
DA:646,0
DA:647,0
DA:650,0
DA:651,0
DA:653,0
DA:654,0
DA:655,0
DA:682,0
DA:683,0
DA:685,0
DA:688,0
DA:689,0
DA:693,0
DA:694,0
DA:700,0
DA:701,0
DA:702,0
DA:703,0
DA:808,0
DA:809,0
DA:817,0
DA:819,0
DA:858,0
DA:861,0
DA:863,0
DA:864,0
DA:867,0
DA:868,0
DA:869,0
DA:872,0
DA:874,0
DA:879,0
DA:881,0
DA:882,0
DA:883,0
DA:886,0
DA:889,0
DA:891,0
DA:896,0
DA:897,0
DA:903,0
DA:904,0
DA:905,0
DA:906,0
DA:908,0
DA:909,0
DA:912,0
DA:915,0
DA:916,0
DA:917,0
DA:1076,0
DA:1077,0
DA:1083,0
DA:1084,0
DA:1089,0
DA:1090,0
DA:1180,0
DA:1182,0
DA:1183,0
DA:1222,0
DA:1223,0
DA:1231,0
DA:1232,0
DA:1435,0
DA:1436,0
DA:1466,0
DA:1469,0
DA:1470,0
DA:1588,0
DA:1591,0
DA:1593,0
DA:1594,0
DA:1598,0
DA:1600,0
DA:1601,0
DA:1602,0
DA:1606,0
DA:1607,0
DA:1609,0
DA:1610,0
DA:1611,0
DA:1612,0
DA:1613,0
DA:1616,0
DA:1619,0
DA:1620,0
DA:2640,0
DA:2641,0
DA:2653,0
DA:2654,0
DA:2674,0
DA:2675,0
DA:3208,0
DA:3210,0
DA:3228,0
DA:3230,0
DA:3231,0
DA:3232,0
DA:3234,0
DA:3235,0
DA:3236,0
DA:3237,0
DA:3573,0
DA:3581,0
DA:3582,0
DA:3583,0
DA:3584,0
DA:3585,0
DA:3586,0
DA:3652,0
DA:3659,0
DA:3682,0
DA:3684,0
DA:3755,0
DA:3759,0
DA:3760,0
DA:3772,0
DA:3775,0
DA:3776,0
DA:3790,0
DA:3793,0
DA:4039,0
DA:4042,0
DA:4164,0
DA:4165,0
DA:4166,0
DA:4616,0
DA:4617,0
LF:218
LH:0
end_of_record
TN:
SF:/usr/include/c++/14/bits/basic_string.tcc
FNL:0,138,160
FNA:0,0,_ZNSt7__cxx1112basic_stringIcSt11char_traitsIcESaIcEE9_M_createERmm
FNL:1,221,252
FNA:1,0,_ZNSt7__cxx1112basic_stringIcSt11char_traitsIcESaIcEE12_M_constructIPKcEEvT_S8_St20forward_iterator_tag
FNA:1,0,_ZNSt7__cxx1112basic_stringIcSt11char_traitsIcESaIcEE12_M_constructIPcEEvT_S7_St20forward_iterator_tag
FNL:2,239,239
FNA:2,0,_ZZNSt7__cxx1112basic_stringIcSt11char_traitsIcESaIcEE12_M_constructIPKcEEvT_S8_St20forward_iterator_tagEN6_GuardC2EPS4_
FNA:2,0,_ZZNSt7__cxx1112basic_stringIcSt11char_traitsIcESaIcEE12_M_constructIPcEEvT_S7_St20forward_iterator_tagEN6_GuardC2EPS4_
FNL:3,242,242
FNA:3,0,_ZZNSt7__cxx1112basic_stringIcSt11char_traitsIcESaIcEE12_M_constructIPKcEEvT_S8_St20forward_iterator_tagEN6_GuardD2Ev
FNA:3,0,_ZZNSt7__cxx1112basic_stringIcSt11char_traitsIcESaIcEE12_M_constructIPcEEvT_S7_St20forward_iterator_tagEN6_GuardD2Ev
FNL:4,277,299
FNA:4,0,_ZNSt7__cxx1112basic_stringIcSt11char_traitsIcESaIcEE9_M_assignERKS4_
FNL:5,304,320
FNA:5,0,_ZNSt7__cxx1112basic_stringIcSt11char_traitsIcESaIcEE7reserveEm
FNL:6,325,345
FNA:6,0,_ZNSt7__cxx1112basic_stringIcSt11char_traitsIcESaIcEE9_M_mutateEmmPKcm
FNL:7,413,428
FNA:7,0,_ZNSt7__cxx1112basic_stringIcSt11char_traitsIcESaIcEE9_M_appendEPKcm
FNL:8,59,133
FNA:8,0,_ZNSt7__cxx1112basic_stringIcSt11char_traitsIcESaIcEE4swapERS4_
FNF:9
FNH:0
DA:59,0
DA:62,0
DA:63,0
DA:65,0
DA:67,0
DA:68,0
DA:70,0
DA:73,0
DA:74,0
DA:75,0
DA:76,0
DA:77,0
DA:78,0
DA:80,0
DA:83,0
DA:84,0
DA:85,0
DA:86,0
DA:87,0
DA:89,0
DA:92,0
DA:93,0
DA:94,0
DA:95,0
DA:96,0
DA:101,0
DA:103,0
DA:104,0
DA:105,0
DA:106,0
DA:107,0
DA:111,0
DA:112,0
DA:115,0
DA:116,0
DA:117,0
DA:118,0
DA:122,0
DA:123,0
DA:124,0
DA:125,0
DA:127,0
DA:130,0
DA:131,0
DA:132,0
DA:138,0
DA:143,0
DA:144,0
DA:149,0
DA:151,0
DA:153,0
DA:154,0
DA:159,0
DA:221,0
DA:225,0
DA:227,0
DA:229,0
DA:230,0
DA:239,0
DA:242,0
DA:245,0
DA:247,0
DA:249,0
DA:251,0
DA:252,0
DA:277,0
DA:280,0
DA:282,0
DA:283,0
DA:285,0
DA:287,0
DA:288,0
DA:289,0
DA:290,0
DA:291,0
DA:294,0
DA:295,0
DA:297,0
DA:299,0
DA:304,0
DA:307,0
DA:312,0
DA:313,0
DA:315,0
DA:316,0
DA:317,0
DA:318,0
DA:319,0
DA:325,0
DA:329,0
DA:331,0
DA:332,0
DA:334,0
DA:335,0
DA:336,0
DA:337,0
DA:338,0
DA:339,0
DA:340,0
DA:342,0
DA:343,0
DA:344,0
DA:345,0
DA:413,0
DA:416,0
DA:418,0
DA:420,0
DA:421,0
DA:424,0
DA:426,0
DA:427,0
LF:111
LH:0
end_of_record
TN:
SF:/usr/include/c++/14/bits/char_traits.h
FNL:0,136,137
FNA:0,0,_ZN9__gnu_cxx11char_traitsIcE2eqERKcS3_
FNL:1,199,206
FNA:1,0,_ZN9__gnu_cxx11char_traitsIcE6lengthEPKc
FNL:2,253,268
FNA:2,0,_ZN9__gnu_cxx11char_traitsIcE4copyEPcPKcm
FNL:3,343,351
FNA:3,0,_ZNSt11char_traitsIcE6assignERcRKc
FNL:4,358,363
FNA:4,0,_ZNSt11char_traitsIcE2ltERKcS2_
FNL:5,366,382
FNA:5,0,_ZNSt11char_traitsIcE7compareEPKcS2_m
FNL:6,385,392
FNA:6,0,_ZNSt11char_traitsIcE6lengthEPKc
FNL:7,419,428
FNA:7,0,_ZNSt11char_traitsIcE4copyEPcPKcm
FNL:8,996,1006
FNA:8,0,_ZNSt8__detail21__char_traits_cmp_catISt11char_traitsIcEEEDai
FNF:9
FNH:0
DA:136,0
DA:137,0
DA:199,0
DA:202,0
DA:203,0
DA:204,0
DA:205,0
DA:253,0
DA:256,0
DA:257,0
DA:259,0
DA:261,0
DA:262,0
DA:263,0
DA:266,0
DA:267,0
DA:343,0
DA:346,0
DA:347,0
DA:350,0
DA:351,0
DA:358,0
DA:361,0
DA:362,0
DA:366,0
DA:368,0
DA:369,0
DA:371,0
DA:373,0
DA:374,0
DA:375,0
DA:376,0
DA:377,0
DA:378,0
DA:381,0
DA:385,0
DA:388,0
DA:389,0
DA:391,0
DA:419,0
DA:421,0
DA:422,0
DA:424,0
DA:425,0
DA:427,0
DA:996,0
DA:1002,0
LF:47
LH:0
end_of_record
TN:
SF:/usr/include/c++/14/bits/cpp_type_traits.h
FNL:0,608,609
FNA:0,0,_ZSt12__miter_baseIN9__gnu_cxx17__normal_iteratorIPSt4pairINSt7__cxx1112basic_stringIcSt11char_traitsIcESaIcEEEiESt6vectorIS9_SaIS9_EEEEET_SF_
FNF:1
FNH:0
DA:608,0
DA:609,0
LF:2
LH:0
end_of_record
TN:
SF:/usr/include/c++/14/bits/functional_hash.h
FNL:0,154,154
FNA:0,0,_ZNKSt4hashIiEclEi
FNL:1,204,206
FNA:1,0,_ZNSt10_Hash_impl4hashEPKvmm
FNF:2
FNH:0
DA:154,0
DA:204,0
DA:206,0
LF:3
LH:0
end_of_record
TN:
SF:/usr/include/c++/14/bits/hashtable.h
FNL:0,1027,1028
FNA:0,0,_ZNSt10_HashtableINSt7__cxx1112basic_stringIcSt11char_traitsIcESaIcEEESt4pairIKS5_S5_ESaIS8_ENSt8__detail10_Select1stESt8equal_toIS5_ESt4hashIS5_ENSA_18_Mod_range_hashingENSA_20_Default_ranged_hashENSA_20_Prime_rehash_policyENSA_17_Hashtable_traitsILb1ELb0ELb1EEEE5eraseERS7_
FNL:1,1658,1673
FNA:1,0,_ZNSt10_HashtableINSt7__cxx1112basic_stringIcSt11char_traitsIcESaIcEEESt4pairIKS5_S5_ESaIS8_ENSt8__detail10_Select1stESt8equal_toIS5_ESt4hashIS5_ENSA_18_Mod_range_hashingENSA_20_Default_ranged_hashENSA_20_Prime_rehash_policyENSA_17_Hashtable_traitsILb1ELb0ELb1EEEED2Ev
FNA:1,0,_ZNSt10_HashtableINSt7__cxx1112basic_stringIcSt11char_traitsIcESaIcEEESt4pairIKS5_St13unordered_mapIiiSt4hashIiESt8equal_toIiESaIS6_IKiiEEEESaISH_ENSt8__detail10_Select1stESB_IS5_ES9_IS5_ENSJ_18_Mod_range_hashingENSJ_20_Default_ranged_hashENSJ_20_Prime_rehash_policyENSJ_17_Hashtable_traitsILb1ELb0ELb1EEEED2Ev
FNA:1,0,_ZNSt10_HashtableINSt7__cxx1112basic_stringIcSt11char_traitsIcESaIcEEESt4pairIKS5_iESaIS8_ENSt8__detail10_Select1stESt8equal_toIS5_ESt4hashIS5_ENSA_18_Mod_range_hashingENSA_20_Default_ranged_hashENSA_20_Prime_rehash_policyENSA_17_Hashtable_traitsILb1ELb0ELb1EEEED2Ev
FNA:1,0,_ZNSt10_HashtableIiSt4pairIKiiESaIS2_ENSt8__detail10_Select1stESt8equal_toIiESt4hashIiENS4_18_Mod_range_hashingENS4_20_Default_ranged_hashENS4_20_Prime_rehash_policyENS4_17_Hashtable_traitsILb0ELb0ELb1EEEED2Ev
FNL:2,1727,1743
FNA:2,0,_ZNSt10_HashtableINSt7__cxx1112basic_stringIcSt11char_traitsIcESaIcEEESt4pairIKS5_S5_ESaIS8_ENSt8__detail10_Select1stESt8equal_toIS5_ESt4hashIS5_ENSA_18_Mod_range_hashingENSA_20_Default_ranged_hashENSA_20_Prime_rehash_policyENSA_17_Hashtable_traitsILb1ELb0ELb1EEEE4findERS7_
FNL:3,2036,2056
FNA:3,0,_ZNSt10_HashtableINSt7__cxx1112basic_stringIcSt11char_traitsIcESaIcEEESt4pairIKS5_S5_ESaIS8_ENSt8__detail10_Select1stESt8equal_toIS5_ESt4hashIS5_ENSA_18_Mod_range_hashingENSA_20_Default_ranged_hashENSA_20_Prime_rehash_policyENSA_17_Hashtable_traitsILb1ELb0ELb1EEEE19_M_find_before_nodeERS7_
FNL:4,2065,2087
FNA:4,0,_ZNKSt10_HashtableINSt7__cxx1112basic_stringIcSt11char_traitsIcESaIcEEESt4pairIKS5_S5_ESaIS8_ENSt8__detail10_Select1stESt8equal_toIS5_ESt4hashIS5_ENSA_18_Mod_range_hashingENSA_20_Default_ranged_hashENSA_20_Prime_rehash_policyENSA_17_Hashtable_traitsILb1ELb0ELb1EEEE19_M_find_before_nodeEmRS7_m
FNA:4,0,_ZNKSt10_HashtableINSt7__cxx1112basic_stringIcSt11char_traitsIcESaIcEEESt4pairIKS5_St13unordered_mapIiiSt4hashIiESt8equal_toIiESaIS6_IKiiEEEESaISH_ENSt8__detail10_Select1stESB_IS5_ES9_IS5_ENSJ_18_Mod_range_hashingENSJ_20_Default_ranged_hashENSJ_20_Prime_rehash_policyENSJ_17_Hashtable_traitsILb1ELb0ELb1EEEE19_M_find_before_nodeEmRS7_m
FNA:4,0,_ZNKSt10_HashtableINSt7__cxx1112basic_stringIcSt11char_traitsIcESaIcEEESt4pairIKS5_iESaIS8_ENSt8__detail10_Select1stESt8equal_toIS5_ESt4hashIS5_ENSA_18_Mod_range_hashingENSA_20_Default_ranged_hashENSA_20_Prime_rehash_policyENSA_17_Hashtable_traitsILb1ELb0ELb1EEEE19_M_find_before_nodeEmRS7_m
FNA:4,0,_ZNKSt10_HashtableIiSt4pairIKiiESaIS2_ENSt8__detail10_Select1stESt8equal_toIiESt4hashIiENS4_18_Mod_range_hashingENS4_20_Default_ranged_hashENS4_20_Prime_rehash_policyENS4_17_Hashtable_traitsILb0ELb0ELb1EEEE19_M_find_before_nodeEmRS1_m
FNL:5,2228,2252
FNA:5,0,_ZNSt10_HashtableINSt7__cxx1112basic_stringIcSt11char_traitsIcESaIcEEESt4pairIKS5_S5_ESaIS8_ENSt8__detail10_Select1stESt8equal_toIS5_ESt4hashIS5_ENSA_18_Mod_range_hashingENSA_20_Default_ranged_hashENSA_20_Prime_rehash_policyENSA_17_Hashtable_traitsILb1ELb0ELb1EEEE21_M_insert_unique_nodeEmmPNSA_10_Hash_nodeIS8_Lb1EEEm
FNA:5,0,_ZNSt10_HashtableINSt7__cxx1112basic_stringIcSt11char_traitsIcESaIcEEESt4pairIKS5_St13unordered_mapIiiSt4hashIiESt8equal_toIiESaIS6_IKiiEEEESaISH_ENSt8__detail10_Select1stESB_IS5_ES9_IS5_ENSJ_18_Mod_range_hashingENSJ_20_Default_ranged_hashENSJ_20_Prime_rehash_policyENSJ_17_Hashtable_traitsILb1ELb0ELb1EEEE21_M_insert_unique_nodeEmmPNSJ_10_Hash_nodeISH_Lb1EEEm
FNA:5,0,_ZNSt10_HashtableINSt7__cxx1112basic_stringIcSt11char_traitsIcESaIcEEESt4pairIKS5_iESaIS8_ENSt8__detail10_Select1stESt8equal_toIS5_ESt4hashIS5_ENSA_18_Mod_range_hashingENSA_20_Default_ranged_hashENSA_20_Prime_rehash_policyENSA_17_Hashtable_traitsILb1ELb0ELb1EEEE21_M_insert_unique_nodeEmmPNSA_10_Hash_nodeIS8_Lb1EEEm
FNA:5,0,_ZNSt10_HashtableIiSt4pairIKiiESaIS2_ENSt8__detail10_Select1stESt8equal_toIiESt4hashIiENS4_18_Mod_range_hashingENS4_20_Default_ranged_hashENS4_20_Prime_rehash_policyENS4_17_Hashtable_traitsILb0ELb0ELb1EEEE21_M_insert_unique_nodeEmmPNS4_10_Hash_nodeIS2_Lb0EEEm
FNL:6,2400,2421
FNA:6,0,_ZNSt10_HashtableINSt7__cxx1112basic_stringIcSt11char_traitsIcESaIcEEESt4pairIKS5_S5_ESaIS8_ENSt8__detail10_Select1stESt8equal_toIS5_ESt4hashIS5_ENSA_18_Mod_range_hashingENSA_20_Default_ranged_hashENSA_20_Prime_rehash_policyENSA_17_Hashtable_traitsILb1ELb0ELb1EEEE8_M_eraseEmPNSA_15_Hash_node_baseEPNSA_10_Hash_nodeIS8_Lb1EEE
FNL:7,2428,2462
FNA:7,0,_ZNSt10_HashtableINSt7__cxx1112basic_stringIcSt11char_traitsIcESaIcEEESt4pairIKS5_S5_ESaIS8_ENSt8__detail10_Select1stESt8equal_toIS5_ESt4hashIS5_ENSA_18_Mod_range_hashingENSA_20_Default_ranged_hashENSA_20_Prime_rehash_policyENSA_17_Hashtable_traitsILb1ELb0ELb1EEEE8_M_eraseESt17integral_constantIbLb1EERS7_
FNL:8,2584,2593
FNA:8,0,_ZNSt10_HashtableINSt7__cxx1112basic_stringIcSt11char_traitsIcESaIcEEESt4pairIKS5_S5_ESaIS8_ENSt8__detail10_Select1stESt8equal_toIS5_ESt4hashIS5_ENSA_18_Mod_range_hashingENSA_20_Default_ranged_hashENSA_20_Prime_rehash_policyENSA_17_Hashtable_traitsILb1ELb0ELb1EEEE5clearEv
FNA:8,0,_ZNSt10_HashtableINSt7__cxx1112basic_stringIcSt11char_traitsIcESaIcEEESt4pairIKS5_St13unordered_mapIiiSt4hashIiESt8equal_toIiESaIS6_IKiiEEEESaISH_ENSt8__detail10_Select1stESB_IS5_ES9_IS5_ENSJ_18_Mod_range_hashingENSJ_20_Default_ranged_hashENSJ_20_Prime_rehash_policyENSJ_17_Hashtable_traitsILb1ELb0ELb1EEEE5clearEv
FNA:8,0,_ZNSt10_HashtableINSt7__cxx1112basic_stringIcSt11char_traitsIcESaIcEEESt4pairIKS5_iESaIS8_ENSt8__detail10_Select1stESt8equal_toIS5_ESt4hashIS5_ENSA_18_Mod_range_hashingENSA_20_Default_ranged_hashENSA_20_Prime_rehash_policyENSA_17_Hashtable_traitsILb1ELb0ELb1EEEE5clearEv
FNA:8,0,_ZNSt10_HashtableIiSt4pairIKiiESaIS2_ENSt8__detail10_Select1stESt8equal_toIiESt4hashIiENS4_18_Mod_range_hashingENS4_20_Default_ranged_hashENS4_20_Prime_rehash_policyENS4_17_Hashtable_traitsILb0ELb0ELb1EEEE5clearEv
FNL:9,2623,2657
FNA:9,0,_ZNSt10_HashtableINSt7__cxx1112basic_stringIcSt11char_traitsIcESaIcEEESt4pairIKS5_S5_ESaIS8_ENSt8__detail10_Select1stESt8equal_toIS5_ESt4hashIS5_ENSA_18_Mod_range_hashingENSA_20_Default_ranged_hashENSA_20_Prime_rehash_policyENSA_17_Hashtable_traitsILb1ELb0ELb1EEEE9_M_rehashEmSt17integral_constantIbLb1EE
FNA:9,0,_ZNSt10_HashtableINSt7__cxx1112basic_stringIcSt11char_traitsIcESaIcEEESt4pairIKS5_St13unordered_mapIiiSt4hashIiESt8equal_toIiESaIS6_IKiiEEEESaISH_ENSt8__detail10_Select1stESB_IS5_ES9_IS5_ENSJ_18_Mod_range_hashingENSJ_20_Default_ranged_hashENSJ_20_Prime_rehash_policyENSJ_17_Hashtable_traitsILb1ELb0ELb1EEEE9_M_rehashEmSt17integral_constantIbLb1EE
FNA:9,0,_ZNSt10_HashtableINSt7__cxx1112basic_stringIcSt11char_traitsIcESaIcEEESt4pairIKS5_iESaIS8_ENSt8__detail10_Select1stESt8equal_toIS5_ESt4hashIS5_ENSA_18_Mod_range_hashingENSA_20_Default_ranged_hashENSA_20_Prime_rehash_policyENSA_17_Hashtable_traitsILb1ELb0ELb1EEEE9_M_rehashEmSt17integral_constantIbLb1EE
FNA:9,0,_ZNSt10_HashtableIiSt4pairIKiiESaIS2_ENSt8__detail10_Select1stESt8equal_toIiESt4hashIiENS4_18_Mod_range_hashingENS4_20_Default_ranged_hashENS4_20_Prime_rehash_policyENS4_17_Hashtable_traitsILb0ELb0ELb1EEEE9_M_rehashEmSt17integral_constantIbLb1EE
FNL:10,310,313
FNA:10,0,_ZNSt10_HashtableINSt7__cxx1112basic_stringIcSt11char_traitsIcESaIcEEESt4pairIKS5_S5_ESaIS8_ENSt8__detail10_Select1stESt8equal_toIS5_ESt4hashIS5_ENSA_18_Mod_range_hashingENSA_20_Default_ranged_hashENSA_20_Prime_rehash_policyENSA_17_Hashtable_traitsILb1ELb0ELb1EEEE12_Scoped_nodeC2IJRKSt21piecewise_construct_tSt5tupleIJRS7_EESR_IJEEEEEPNSA_16_Hashtable_allocISaINSA_10_Hash_nodeIS8_Lb1EEEEEEDpOT_
FNA:10,0,_ZNSt10_HashtableINSt7__cxx1112basic_stringIcSt11char_traitsIcESaIcEEESt4pairIKS5_St13unordered_mapIiiSt4hashIiESt8equal_toIiESaIS6_IKiiEEEESaISH_ENSt8__detail10_Select1stESB_IS5_ES9_IS5_ENSJ_18_Mod_range_hashingENSJ_20_Default_ranged_hashENSJ_20_Prime_rehash_policyENSJ_17_Hashtable_traitsILb1ELb0ELb1EEEE12_Scoped_nodeC2IJRKSt21piecewise_construct_tSt5tupleIJRS7_EESY_IJEEEEEPNSJ_16_Hashtable_allocISaINSJ_10_Hash_nodeISH_Lb1EEEEEEDpOT_
FNA:10,0,_ZNSt10_HashtableINSt7__cxx1112basic_stringIcSt11char_traitsIcESaIcEEESt4pairIKS5_iESaIS8_ENSt8__detail10_Select1stESt8equal_toIS5_ESt4hashIS5_ENSA_18_Mod_range_hashingENSA_20_Default_ranged_hashENSA_20_Prime_rehash_policyENSA_17_Hashtable_traitsILb1ELb0ELb1EEEE12_Scoped_nodeC2IJRKSt21piecewise_construct_tSt5tupleIJRS7_EESR_IJEEEEEPNSA_16_Hashtable_allocISaINSA_10_Hash_nodeIS8_Lb1EEEEEEDpOT_
FNA:10,0,_ZNSt10_HashtableIiSt4pairIKiiESaIS2_ENSt8__detail10_Select1stESt8equal_toIiESt4hashIiENS4_18_Mod_range_hashingENS4_20_Default_ranged_hashENS4_20_Prime_rehash_policyENS4_17_Hashtable_traitsILb0ELb0ELb1EEEE12_Scoped_nodeC2IJRKSt21piecewise_construct_tSt5tupleIJRS1_EESL_IJEEEEEPNS4_16_Hashtable_allocISaINS4_10_Hash_nodeIS2_Lb0EEEEEEDpOT_
FNL:11,316,316
FNA:11,0,_ZNSt10_HashtableINSt7__cxx1112basic_stringIcSt11char_traitsIcESaIcEEESt4pairIKS5_S5_ESaIS8_ENSt8__detail10_Select1stESt8equal_toIS5_ESt4hashIS5_ENSA_18_Mod_range_hashingENSA_20_Default_ranged_hashENSA_20_Prime_rehash_policyENSA_17_Hashtable_traitsILb1ELb0ELb1EEEE12_Scoped_nodeD2Ev
FNA:11,0,_ZNSt10_HashtableINSt7__cxx1112basic_stringIcSt11char_traitsIcESaIcEEESt4pairIKS5_St13unordered_mapIiiSt4hashIiESt8equal_toIiESaIS6_IKiiEEEESaISH_ENSt8__detail10_Select1stESB_IS5_ES9_IS5_ENSJ_18_Mod_range_hashingENSJ_20_Default_ranged_hashENSJ_20_Prime_rehash_policyENSJ_17_Hashtable_traitsILb1ELb0ELb1EEEE12_Scoped_nodeD2Ev
FNA:11,0,_ZNSt10_HashtableINSt7__cxx1112basic_stringIcSt11char_traitsIcESaIcEEESt4pairIKS5_iESaIS8_ENSt8__detail10_Select1stESt8equal_toIS5_ESt4hashIS5_ENSA_18_Mod_range_hashingENSA_20_Default_ranged_hashENSA_20_Prime_rehash_policyENSA_17_Hashtable_traitsILb1ELb0ELb1EEEE12_Scoped_nodeD2Ev
FNA:11,0,_ZNSt10_HashtableIiSt4pairIKiiESaIS2_ENSt8__detail10_Select1stESt8equal_toIiESt4hashIiENS4_18_Mod_range_hashingENS4_20_Default_ranged_hashENS4_20_Prime_rehash_policyENS4_17_Hashtable_traitsILb0ELb0ELb1EEEE12_Scoped_nodeD2Ev
FNL:12,421,422
FNA:12,0,_ZNKSt10_HashtableINSt7__cxx1112basic_stringIcSt11char_traitsIcESaIcEEESt4pairIKS5_S5_ESaIS8_ENSt8__detail10_Select1stESt8equal_toIS5_ESt4hashIS5_ENSA_18_Mod_range_hashingENSA_20_Default_ranged_hashENSA_20_Prime_rehash_policyENSA_17_Hashtable_traitsILb1ELb0ELb1EEEE21_M_uses_single_bucketEPPNSA_15_Hash_node_baseE
FNA:12,0,_ZNKSt10_HashtableINSt7__cxx1112basic_stringIcSt11char_traitsIcESaIcEEESt4pairIKS5_St13unordered_mapIiiSt4hashIiESt8equal_toIiESaIS6_IKiiEEEESaISH_ENSt8__detail10_Select1stESB_IS5_ES9_IS5_ENSJ_18_Mod_range_hashingENSJ_20_Default_ranged_hashENSJ_20_Prime_rehash_policyENSJ_17_Hashtable_traitsILb1ELb0ELb1EEEE21_M_uses_single_bucketEPPNSJ_15_Hash_node_baseE
FNA:12,0,_ZNKSt10_HashtableINSt7__cxx1112basic_stringIcSt11char_traitsIcESaIcEEESt4pairIKS5_iESaIS8_ENSt8__detail10_Select1stESt8equal_toIS5_ESt4hashIS5_ENSA_18_Mod_range_hashingENSA_20_Default_ranged_hashENSA_20_Prime_rehash_policyENSA_17_Hashtable_traitsILb1ELb0ELb1EEEE21_M_uses_single_bucketEPPNSA_15_Hash_node_baseE
FNA:12,0,_ZNKSt10_HashtableIiSt4pairIKiiESaIS2_ENSt8__detail10_Select1stESt8equal_toIiESt4hashIiENS4_18_Mod_range_hashingENS4_20_Default_ranged_hashENS4_20_Prime_rehash_policyENS4_17_Hashtable_traitsILb0ELb0ELb1EEEE21_M_uses_single_bucketEPPNS4_15_Hash_node_baseE
FNL:13,429,433
FNA:13,0,_ZNSt10_HashtableINSt7__cxx1112basic_stringIcSt11char_traitsIcESaIcEEESt4pairIKS5_S5_ESaIS8_ENSt8__detail10_Select1stESt8equal_toIS5_ESt4hashIS5_ENSA_18_Mod_range_hashingENSA_20_Default_ranged_hashENSA_20_Prime_rehash_policyENSA_17_Hashtable_traitsILb1ELb0ELb1EEEE22__small_size_thresholdEv
FNL:14,439,448
FNA:14,0,_ZNSt10_HashtableINSt7__cxx1112basic_stringIcSt11char_traitsIcESaIcEEESt4pairIKS5_S5_ESaIS8_ENSt8__detail10_Select1stESt8equal_toIS5_ESt4hashIS5_ENSA_18_Mod_range_hashingENSA_20_Default_ranged_hashENSA_20_Prime_rehash_policyENSA_17_Hashtable_traitsILb1ELb0ELb1EEEE19_M_allocate_bucketsEm
FNA:14,0,_ZNSt10_HashtableINSt7__cxx1112basic_stringIcSt11char_traitsIcESaIcEEESt4pairIKS5_St13unordered_mapIiiSt4hashIiESt8equal_toIiESaIS6_IKiiEEEESaISH_ENSt8__detail10_Select1stESB_IS5_ES9_IS5_ENSJ_18_Mod_range_hashingENSJ_20_Default_ranged_hashENSJ_20_Prime_rehash_policyENSJ_17_Hashtable_traitsILb1ELb0ELb1EEEE19_M_allocate_bucketsEm
FNA:14,0,_ZNSt10_HashtableINSt7__cxx1112basic_stringIcSt11char_traitsIcESaIcEEESt4pairIKS5_iESaIS8_ENSt8__detail10_Select1stESt8equal_toIS5_ESt4hashIS5_ENSA_18_Mod_range_hashingENSA_20_Default_ranged_hashENSA_20_Prime_rehash_policyENSA_17_Hashtable_traitsILb1ELb0ELb1EEEE19_M_allocate_bucketsEm
FNA:14,0,_ZNSt10_HashtableIiSt4pairIKiiESaIS2_ENSt8__detail10_Select1stESt8equal_toIiESt4hashIiENS4_18_Mod_range_hashingENS4_20_Default_ranged_hashENS4_20_Prime_rehash_policyENS4_17_Hashtable_traitsILb0ELb0ELb1EEEE19_M_allocate_bucketsEm
FNL:15,451,457
FNA:15,0,_ZNSt10_HashtableINSt7__cxx1112basic_stringIcSt11char_traitsIcESaIcEEESt4pairIKS5_S5_ESaIS8_ENSt8__detail10_Select1stESt8equal_toIS5_ESt4hashIS5_ENSA_18_Mod_range_hashingENSA_20_Default_ranged_hashENSA_20_Prime_rehash_policyENSA_17_Hashtable_traitsILb1ELb0ELb1EEEE21_M_deallocate_bucketsEPPNSA_15_Hash_node_baseEm
FNA:15,0,_ZNSt10_HashtableINSt7__cxx1112basic_stringIcSt11char_traitsIcESaIcEEESt4pairIKS5_St13unordered_mapIiiSt4hashIiESt8equal_toIiESaIS6_IKiiEEEESaISH_ENSt8__detail10_Select1stESB_IS5_ES9_IS5_ENSJ_18_Mod_range_hashingENSJ_20_Default_ranged_hashENSJ_20_Prime_rehash_policyENSJ_17_Hashtable_traitsILb1ELb0ELb1EEEE21_M_deallocate_bucketsEPPNSJ_15_Hash_node_baseEm
FNA:15,0,_ZNSt10_HashtableINSt7__cxx1112basic_stringIcSt11char_traitsIcESaIcEEESt4pairIKS5_iESaIS8_ENSt8__detail10_Select1stESt8equal_toIS5_ESt4hashIS5_ENSA_18_Mod_range_hashingENSA_20_Default_ranged_hashENSA_20_Prime_rehash_policyENSA_17_Hashtable_traitsILb1ELb0ELb1EEEE21_M_deallocate_bucketsEPPNSA_15_Hash_node_baseEm
FNA:15,0,_ZNSt10_HashtableIiSt4pairIKiiESaIS2_ENSt8__detail10_Select1stESt8equal_toIiESt4hashIiENS4_18_Mod_range_hashingENS4_20_Default_ranged_hashENS4_20_Prime_rehash_policyENS4_17_Hashtable_traitsILb0ELb0ELb1EEEE21_M_deallocate_bucketsEPPNS4_15_Hash_node_baseEm
FNL:16,460,461
FNA:16,0,_ZNSt10_HashtableINSt7__cxx1112basic_stringIcSt11char_traitsIcESaIcEEESt4pairIKS5_S5_ESaIS8_ENSt8__detail10_Select1stESt8equal_toIS5_ESt4hashIS5_ENSA_18_Mod_range_hashingENSA_20_Default_ranged_hashENSA_20_Prime_rehash_policyENSA_17_Hashtable_traitsILb1ELb0ELb1EEEE21_M_deallocate_bucketsEv
FNA:16,0,_ZNSt10_HashtableINSt7__cxx1112basic_stringIcSt11char_traitsIcESaIcEEESt4pairIKS5_St13unordered_mapIiiSt4hashIiESt8equal_toIiESaIS6_IKiiEEEESaISH_ENSt8__detail10_Select1stESB_IS5_ES9_IS5_ENSJ_18_Mod_range_hashingENSJ_20_Default_ranged_hashENSJ_20_Prime_rehash_policyENSJ_17_Hashtable_traitsILb1ELb0ELb1EEEE21_M_deallocate_bucketsEv
FNA:16,0,_ZNSt10_HashtableINSt7__cxx1112basic_stringIcSt11char_traitsIcESaIcEEESt4pairIKS5_iESaIS8_ENSt8__detail10_Select1stESt8equal_toIS5_ESt4hashIS5_ENSA_18_Mod_range_hashingENSA_20_Default_ranged_hashENSA_20_Prime_rehash_policyENSA_17_Hashtable_traitsILb1ELb0ELb1EEEE21_M_deallocate_bucketsEv
FNA:16,0,_ZNSt10_HashtableIiSt4pairIKiiESaIS2_ENSt8__detail10_Select1stESt8equal_toIiESt4hashIiENS4_18_Mod_range_hashingENS4_20_Default_ranged_hashENS4_20_Prime_rehash_policyENS4_17_Hashtable_traitsILb0ELb0ELb1EEEE21_M_deallocate_bucketsEv
FNL:17,473,474
FNA:17,0,_ZNKSt10_HashtableINSt7__cxx1112basic_stringIcSt11char_traitsIcESaIcEEESt4pairIKS5_S5_ESaIS8_ENSt8__detail10_Select1stESt8equal_toIS5_ESt4hashIS5_ENSA_18_Mod_range_hashingENSA_20_Default_ranged_hashENSA_20_Prime_rehash_policyENSA_17_Hashtable_traitsILb1ELb0ELb1EEEE8_M_beginEv
FNA:17,0,_ZNKSt10_HashtableINSt7__cxx1112basic_stringIcSt11char_traitsIcESaIcEEESt4pairIKS5_St13unordered_mapIiiSt4hashIiESt8equal_toIiESaIS6_IKiiEEEESaISH_ENSt8__detail10_Select1stESB_IS5_ES9_IS5_ENSJ_18_Mod_range_hashingENSJ_20_Default_ranged_hashENSJ_20_Prime_rehash_policyENSJ_17_Hashtable_traitsILb1ELb0ELb1EEEE8_M_beginEv
FNA:17,0,_ZNKSt10_HashtableINSt7__cxx1112basic_stringIcSt11char_traitsIcESaIcEEESt4pairIKS5_iESaIS8_ENSt8__detail10_Select1stESt8equal_toIS5_ESt4hashIS5_ENSA_18_Mod_range_hashingENSA_20_Default_ranged_hashENSA_20_Prime_rehash_policyENSA_17_Hashtable_traitsILb1ELb0ELb1EEEE8_M_beginEv
FNA:17,0,_ZNKSt10_HashtableIiSt4pairIKiiESaIS2_ENSt8__detail10_Select1stESt8equal_toIiESt4hashIiENS4_18_Mod_range_hashingENS4_20_Default_ranged_hashENS4_20_Prime_rehash_policyENS4_17_Hashtable_traitsILb0ELb0ELb1EEEE8_M_beginEv
FNL:18,539,539
FNA:18,0,_ZNSt10_HashtableINSt7__cxx1112basic_stringIcSt11char_traitsIcESaIcEEESt4pairIKS5_S5_ESaIS8_ENSt8__detail10_Select1stESt8equal_toIS5_ESt4hashIS5_ENSA_18_Mod_range_hashingENSA_20_Default_ranged_hashENSA_20_Prime_rehash_policyENSA_17_Hashtable_traitsILb1ELb0ELb1EEEEC2Ev
FNA:18,0,_ZNSt10_HashtableINSt7__cxx1112basic_stringIcSt11char_traitsIcESaIcEEESt4pairIKS5_St13unordered_mapIiiSt4hashIiESt8equal_toIiESaIS6_IKiiEEEESaISH_ENSt8__detail10_Select1stESB_IS5_ES9_IS5_ENSJ_18_Mod_range_hashingENSJ_20_Default_ranged_hashENSJ_20_Prime_rehash_policyENSJ_17_Hashtable_traitsILb1ELb0ELb1EEEEC2Ev
FNA:18,0,_ZNSt10_HashtableINSt7__cxx1112basic_stringIcSt11char_traitsIcESaIcEEESt4pairIKS5_iESaIS8_ENSt8__detail10_Select1stESt8equal_toIS5_ESt4hashIS5_ENSA_18_Mod_range_hashingENSA_20_Default_ranged_hashENSA_20_Prime_rehash_policyENSA_17_Hashtable_traitsILb1ELb0ELb1EEEEC2Ev
FNA:18,0,_ZNSt10_HashtableIiSt4pairIKiiESaIS2_ENSt8__detail10_Select1stESt8equal_toIiESt4hashIiENS4_18_Mod_range_hashingENS4_20_Default_ranged_hashENS4_20_Prime_rehash_policyENS4_17_Hashtable_traitsILb0ELb0ELb1EEEEC2Ev
FNL:19,632,633
FNA:19,0,_ZNSt10_HashtableINSt7__cxx1112basic_stringIcSt11char_traitsIcESaIcEEESt4pairIKS5_iESaIS8_ENSt8__detail10_Select1stESt8equal_toIS5_ESt4hashIS5_ENSA_18_Mod_range_hashingENSA_20_Default_ranged_hashENSA_20_Prime_rehash_policyENSA_17_Hashtable_traitsILb1ELb0ELb1EEEE5beginEv
FNA:19,0,_ZNSt10_HashtableIiSt4pairIKiiESaIS2_ENSt8__detail10_Select1stESt8equal_toIiESt4hashIiENS4_18_Mod_range_hashingENS4_20_Default_ranged_hashENS4_20_Prime_rehash_policyENS4_17_Hashtable_traitsILb0ELb0ELb1EEEE5beginEv
FNL:20,640,641
FNA:20,0,_ZNSt10_HashtableINSt7__cxx1112basic_stringIcSt11char_traitsIcESaIcEEESt4pairIKS5_S5_ESaIS8_ENSt8__detail10_Select1stESt8equal_toIS5_ESt4hashIS5_ENSA_18_Mod_range_hashingENSA_20_Default_ranged_hashENSA_20_Prime_rehash_policyENSA_17_Hashtable_traitsILb1ELb0ELb1EEEE3endEv
FNA:20,0,_ZNSt10_HashtableINSt7__cxx1112basic_stringIcSt11char_traitsIcESaIcEEESt4pairIKS5_iESaIS8_ENSt8__detail10_Select1stESt8equal_toIS5_ESt4hashIS5_ENSA_18_Mod_range_hashingENSA_20_Default_ranged_hashENSA_20_Prime_rehash_policyENSA_17_Hashtable_traitsILb1ELb0ELb1EEEE3endEv
FNA:20,0,_ZNSt10_HashtableIiSt4pairIKiiESaIS2_ENSt8__detail10_Select1stESt8equal_toIiESt4hashIiENS4_18_Mod_range_hashingENS4_20_Default_ranged_hashENS4_20_Prime_rehash_policyENS4_17_Hashtable_traitsILb0ELb0ELb1EEEE3endEv
FNL:21,656,657
FNA:21,0,_ZNKSt10_HashtableINSt7__cxx1112basic_stringIcSt11char_traitsIcESaIcEEESt4pairIKS5_S5_ESaIS8_ENSt8__detail10_Select1stESt8equal_toIS5_ESt4hashIS5_ENSA_18_Mod_range_hashingENSA_20_Default_ranged_hashENSA_20_Prime_rehash_policyENSA_17_Hashtable_traitsILb1ELb0ELb1EEEE4sizeEv
FNL:22,799,800
FNA:22,0,_ZNKSt10_HashtableINSt7__cxx1112basic_stringIcSt11char_traitsIcESaIcEEESt4pairIKS5_S5_ESaIS8_ENSt8__detail10_Select1stESt8equal_toIS5_ESt4hashIS5_ENSA_18_Mod_range_hashingENSA_20_Default_ranged_hashENSA_20_Prime_rehash_policyENSA_17_Hashtable_traitsILb1ELb0ELb1EEEE15_M_bucket_indexERKNSA_16_Hash_node_valueIS8_Lb1EEE
FNA:22,0,_ZNKSt10_HashtableINSt7__cxx1112basic_stringIcSt11char_traitsIcESaIcEEESt4pairIKS5_St13unordered_mapIiiSt4hashIiESt8equal_toIiESaIS6_IKiiEEEESaISH_ENSt8__detail10_Select1stESB_IS5_ES9_IS5_ENSJ_18_Mod_range_hashingENSJ_20_Default_ranged_hashENSJ_20_Prime_rehash_policyENSJ_17_Hashtable_traitsILb1ELb0ELb1EEEE15_M_bucket_indexERKNSJ_16_Hash_node_valueISH_Lb1EEE
FNA:22,0,_ZNKSt10_HashtableINSt7__cxx1112basic_stringIcSt11char_traitsIcESaIcEEESt4pairIKS5_iESaIS8_ENSt8__detail10_Select1stESt8equal_toIS5_ESt4hashIS5_ENSA_18_Mod_range_hashingENSA_20_Default_ranged_hashENSA_20_Prime_rehash_policyENSA_17_Hashtable_traitsILb1ELb0ELb1EEEE15_M_bucket_indexERKNSA_16_Hash_node_valueIS8_Lb1EEE
FNA:22,0,_ZNKSt10_HashtableIiSt4pairIKiiESaIS2_ENSt8__detail10_Select1stESt8equal_toIiESt4hashIiENS4_18_Mod_range_hashingENS4_20_Default_ranged_hashENS4_20_Prime_rehash_policyENS4_17_Hashtable_traitsILb0ELb0ELb1EEEE15_M_bucket_indexERKNS4_16_Hash_node_valueIS2_Lb0EEE
FNL:23,803,804
FNA:23,0,_ZNKSt10_HashtableINSt7__cxx1112basic_stringIcSt11char_traitsIcESaIcEEESt4pairIKS5_S5_ESaIS8_ENSt8__detail10_Select1stESt8equal_toIS5_ESt4hashIS5_ENSA_18_Mod_range_hashingENSA_20_Default_ranged_hashENSA_20_Prime_rehash_policyENSA_17_Hashtable_traitsILb1ELb0ELb1EEEE15_M_bucket_indexEm
FNA:23,0,_ZNKSt10_HashtableINSt7__cxx1112basic_stringIcSt11char_traitsIcESaIcEEESt4pairIKS5_St13unordered_mapIiiSt4hashIiESt8equal_toIiESaIS6_IKiiEEEESaISH_ENSt8__detail10_Select1stESB_IS5_ES9_IS5_ENSJ_18_Mod_range_hashingENSJ_20_Default_ranged_hashENSJ_20_Prime_rehash_policyENSJ_17_Hashtable_traitsILb1ELb0ELb1EEEE15_M_bucket_indexEm
FNA:23,0,_ZNKSt10_HashtableINSt7__cxx1112basic_stringIcSt11char_traitsIcESaIcEEESt4pairIKS5_iESaIS8_ENSt8__detail10_Select1stESt8equal_toIS5_ESt4hashIS5_ENSA_18_Mod_range_hashingENSA_20_Default_ranged_hashENSA_20_Prime_rehash_policyENSA_17_Hashtable_traitsILb1ELb0ELb1EEEE15_M_bucket_indexEm
FNA:23,0,_ZNKSt10_HashtableIiSt4pairIKiiESaIS2_ENSt8__detail10_Select1stESt8equal_toIiESt4hashIiENS4_18_Mod_range_hashingENS4_20_Default_ranged_hashENS4_20_Prime_rehash_policyENS4_17_Hashtable_traitsILb0ELb0ELb1EEEE15_M_bucket_indexEm
FNL:24,819,826
FNA:24,0,_ZNKSt10_HashtableINSt7__cxx1112basic_stringIcSt11char_traitsIcESaIcEEESt4pairIKS5_S5_ESaIS8_ENSt8__detail10_Select1stESt8equal_toIS5_ESt4hashIS5_ENSA_18_Mod_range_hashingENSA_20_Default_ranged_hashENSA_20_Prime_rehash_policyENSA_17_Hashtable_traitsILb1ELb0ELb1EEEE12_M_find_nodeEmRS7_m
FNA:24,0,_ZNKSt10_HashtableINSt7__cxx1112basic_stringIcSt11char_traitsIcESaIcEEESt4pairIKS5_St13unordered_mapIiiSt4hashIiESt8equal_toIiESaIS6_IKiiEEEESaISH_ENSt8__detail10_Select1stESB_IS5_ES9_IS5_ENSJ_18_Mod_range_hashingENSJ_20_Default_ranged_hashENSJ_20_Prime_rehash_policyENSJ_17_Hashtable_traitsILb1ELb0ELb1EEEE12_M_find_nodeEmRS7_m
FNA:24,0,_ZNKSt10_HashtableINSt7__cxx1112basic_stringIcSt11char_traitsIcESaIcEEESt4pairIKS5_iESaIS8_ENSt8__detail10_Select1stESt8equal_toIS5_ESt4hashIS5_ENSA_18_Mod_range_hashingENSA_20_Default_ranged_hashENSA_20_Prime_rehash_policyENSA_17_Hashtable_traitsILb1ELb0ELb1EEEE12_M_find_nodeEmRS7_m
FNA:24,0,_ZNKSt10_HashtableIiSt4pairIKiiESaIS2_ENSt8__detail10_Select1stESt8equal_toIiESt4hashIiENS4_18_Mod_range_hashingENS4_20_Default_ranged_hashENS4_20_Prime_rehash_policyENS4_17_Hashtable_traitsILb0ELb0ELb1EEEE12_M_find_nodeEmRS1_m
FNL:25,841,865
FNA:25,0,_ZNSt10_HashtableINSt7__cxx1112basic_stringIcSt11char_traitsIcESaIcEEESt4pairIKS5_S5_ESaIS8_ENSt8__detail10_Select1stESt8equal_toIS5_ESt4hashIS5_ENSA_18_Mod_range_hashingENSA_20_Default_ranged_hashENSA_20_Prime_rehash_policyENSA_17_Hashtable_traitsILb1ELb0ELb1EEEE22_M_insert_bucket_beginEmPNSA_10_Hash_nodeIS8_Lb1EEE
FNA:25,0,_ZNSt10_HashtableINSt7__cxx1112basic_stringIcSt11char_traitsIcESaIcEEESt4pairIKS5_St13unordered_mapIiiSt4hashIiESt8equal_toIiESaIS6_IKiiEEEESaISH_ENSt8__detail10_Select1stESB_IS5_ES9_IS5_ENSJ_18_Mod_range_hashingENSJ_20_Default_ranged_hashENSJ_20_Prime_rehash_policyENSJ_17_Hashtable_traitsILb1ELb0ELb1EEEE22_M_insert_bucket_beginEmPNSJ_10_Hash_nodeISH_Lb1EEE
FNA:25,0,_ZNSt10_HashtableINSt7__cxx1112basic_stringIcSt11char_traitsIcESaIcEEESt4pairIKS5_iESaIS8_ENSt8__detail10_Select1stESt8equal_toIS5_ESt4hashIS5_ENSA_18_Mod_range_hashingENSA_20_Default_ranged_hashENSA_20_Prime_rehash_policyENSA_17_Hashtable_traitsILb1ELb0ELb1EEEE22_M_insert_bucket_beginEmPNSA_10_Hash_nodeIS8_Lb1EEE
FNA:25,0,_ZNSt10_HashtableIiSt4pairIKiiESaIS2_ENSt8__detail10_Select1stESt8equal_toIiESt4hashIiENS4_18_Mod_range_hashingENS4_20_Default_ranged_hashENS4_20_Prime_rehash_policyENS4_17_Hashtable_traitsILb0ELb0ELb1EEEE22_M_insert_bucket_beginEmPNS4_10_Hash_nodeIS2_Lb0EEE
FNL:26,869,879
FNA:26,0,_ZNSt10_HashtableINSt7__cxx1112basic_stringIcSt11char_traitsIcESaIcEEESt4pairIKS5_S5_ESaIS8_ENSt8__detail10_Select1stESt8equal_toIS5_ESt4hashIS5_ENSA_18_Mod_range_hashingENSA_20_Default_ranged_hashENSA_20_Prime_rehash_policyENSA_17_Hashtable_traitsILb1ELb0ELb1EEEE22_M_remove_bucket_beginEmPNSA_10_Hash_nodeIS8_Lb1EEEm
FNF:27
FNH:0
DA:310,0
DA:311,0
DA:312,0
DA:313,0
DA:316,0
DA:421,0
DA:422,0
DA:429,0
DA:432,0
DA:439,0
DA:441,0
DA:443,0
DA:444,0
DA:447,0
DA:451,0
DA:453,0
DA:454,0
DA:456,0
DA:460,0
DA:461,0
DA:473,0
DA:474,0
DA:539,0
DA:632,0
DA:633,0
DA:640,0
DA:641,0
DA:656,0
DA:657,0
DA:799,0
DA:800,0
DA:803,0
DA:804,0
DA:819,0
DA:822,0
DA:823,0
DA:824,0
DA:825,0
DA:841,0
DA:843,0
DA:847,0
DA:848,0
DA:855,0
DA:856,0
DA:858,0
DA:861,0
DA:863,0
DA:865,0
DA:869,0
DA:872,0
DA:873,0
DA:874,0
DA:876,0
DA:877,0
DA:879,0
DA:1027,0
DA:1028,0
DA:1658,0
DA:1671,0
DA:1672,0
DA:1673,0
DA:1727,0
DA:1732,0
DA:1734,0
DA:1735,0
DA:1736,0
DA:1737,0
DA:1740,0
DA:1741,0
DA:1742,0
DA:2036,0
DA:2041,0
DA:2042,0
DA:2043,0
DA:2045,0
DA:2046,0
DA:2047,0
DA:2049,0
DA:2050,0
DA:2052,0
DA:2055,0
DA:2065,0
DA:2071,0
DA:2072,0
DA:2073,0
DA:2075,0
DA:2076,0
DA:2078,0
DA:2079,0
DA:2081,0
DA:2082,0
DA:2083,0
DA:2086,0
DA:2228,0
DA:2234,0
DA:2236,0
DA:2239,0
DA:2241,0
DA:2242,0
DA:2245,0
DA:2246,0
DA:2249,0
DA:2250,0
DA:2251,0
DA:2252,0
DA:2400,0
DA:2405,0
DA:2406,0
DA:2407,0
DA:2408,0
DA:2410,0
DA:2411,0
DA:2412,0
DA:2415,0
DA:2416,0
DA:2417,0
DA:2418,0
DA:2420,0
DA:2428,0
DA:2436,0
DA:2438,0
DA:2439,0
DA:2440,0
DA:2443,0
DA:2444,0
DA:2448,0
DA:2449,0
DA:2452,0
DA:2453,0
DA:2454,0
DA:2457,0
DA:2460,0
DA:2461,0
DA:2584,0
DA:2588,0
DA:2589,0
DA:2590,0
DA:2591,0
DA:2592,0
DA:2593,0
DA:2623,0
DA:2627,0
DA:2628,0
DA:2629,0
DA:2630,0
DA:2631,0
DA:2633,0
DA:2635,0
DA:2636,0
DA:2638,0
DA:2639,0
DA:2640,0
DA:2641,0
DA:2642,0
DA:2643,0
DA:2647,0
DA:2648,0
DA:2651,0
DA:2654,0
DA:2655,0
DA:2656,0
DA:2657,0
LF:162
LH:0
end_of_record
TN:
SF:/usr/include/c++/14/bits/hashtable_policy.h
FNL:0,112,113
FNA:0,0,_ZNKSt8__detail10_Select1stclIRKSt4pairIKNSt7__cxx1112basic_stringIcSt11char_traitsIcESaIcEEES8_EEEONS0_10__1st_typeIT_E4typeEOSE_
FNA:0,0,_ZNKSt8__detail10_Select1stclIRKSt4pairIKNSt7__cxx1112basic_stringIcSt11char_traitsIcESaIcEEESt13unordered_mapIiiSt4hashIiESt8equal_toIiESaIS2_IKiiEEEEEEONS0_10__1st_typeIT_E4typeEOSN_
FNA:0,0,_ZNKSt8__detail10_Select1stclIRKSt4pairIKNSt7__cxx1112basic_stringIcSt11char_traitsIcESaIcEEEiEEEONS0_10__1st_typeIT_E4typeEOSE_
FNA:0,0,_ZNKSt8__detail10_Select1stclIRKSt4pairIKiiEEEONS0_10__1st_typeIT_E4typeEOS8_
FNL:1,1245,1245
FNA:1,0,_ZNSt8__detail21_Hashtable_ebo_helperILi0ESaINS_10_Hash_nodeISt4pairIKNSt7__cxx1112basic_stringIcSt11char_traitsIcESaIcEEES8_ELb1EEEELb1EEC2Ev
FNA:1,0,_ZNSt8__detail21_Hashtable_ebo_helperILi0ESaINS_10_Hash_nodeISt4pairIKNSt7__cxx1112basic_stringIcSt11char_traitsIcESaIcEEESt13unordered_mapIiiSt4hashIiESt8equal_toIiESaIS2_IKiiEEEELb1EEEELb1EEC2Ev
FNA:1,0,_ZNSt8__detail21_Hashtable_ebo_helperILi0ESaINS_10_Hash_nodeISt4pairIKNSt7__cxx1112basic_stringIcSt11char_traitsIcESaIcEEEiELb1EEEELb1EEC2Ev
FNA:1,0,_ZNSt8__detail21_Hashtable_ebo_helperILi0ESaINS_10_Hash_nodeISt4pairIKiiELb0EEEELb1EEC2Ev
FNA:1,0,_ZNSt8__detail21_Hashtable_ebo_helperILi0ESt8equal_toINSt7__cxx1112basic_stringIcSt11char_traitsIcESaIcEEEELb1EEC2Ev
FNA:1,0,_ZNSt8__detail21_Hashtable_ebo_helperILi0ESt8equal_toIiELb1EEC2Ev
FNA:1,0,_ZNSt8__detail21_Hashtable_ebo_helperILi1ESt4hashINSt7__cxx1112basic_stringIcSt11char_traitsIcESaIcEEEELb1EEC2Ev
FNA:1,0,_ZNSt8__detail21_Hashtable_ebo_helperILi1ESt4hashIiELb1EEC2Ev
FNL:2,1252,1252
FNA:2,0,_ZNKSt8__detail21_Hashtable_ebo_helperILi0ESt8equal_toINSt7__cxx1112basic_stringIcSt11char_traitsIcESaIcEEEELb1EE7_M_cgetEv
FNA:2,0,_ZNKSt8__detail21_Hashtable_ebo_helperILi0ESt8equal_toIiELb1EE7_M_cgetEv
FNA:2,0,_ZNKSt8__detail21_Hashtable_ebo_helperILi1ESt4hashINSt7__cxx1112basic_stringIcSt11char_traitsIcESaIcEEEELb1EE7_M_cgetEv
FNA:2,0,_ZNKSt8__detail21_Hashtable_ebo_helperILi1ESt4hashIiELb1EE7_M_cgetEv
FNL:3,1253,1253
FNA:3,0,_ZNSt8__detail21_Hashtable_ebo_helperILi0ESaINS_10_Hash_nodeISt4pairIKNSt7__cxx1112basic_stringIcSt11char_traitsIcESaIcEEES8_ELb1EEEELb1EE6_M_getEv
FNA:3,0,_ZNSt8__detail21_Hashtable_ebo_helperILi0ESaINS_10_Hash_nodeISt4pairIKNSt7__cxx1112basic_stringIcSt11char_traitsIcESaIcEEESt13unordered_mapIiiSt4hashIiESt8equal_toIiESaIS2_IKiiEEEELb1EEEELb1EE6_M_getEv
FNA:3,0,_ZNSt8__detail21_Hashtable_ebo_helperILi0ESaINS_10_Hash_nodeISt4pairIKNSt7__cxx1112basic_stringIcSt11char_traitsIcESaIcEEEiELb1EEEELb1EE6_M_getEv
FNA:3,0,_ZNSt8__detail21_Hashtable_ebo_helperILi0ESaINS_10_Hash_nodeISt4pairIKiiELb0EEEELb1EE6_M_getEv
FNL:4,1328,1328
FNA:4,0,_ZNSt8__detail15_Hash_code_baseINSt7__cxx1112basic_stringIcSt11char_traitsIcESaIcEEESt4pairIKS6_S6_ENS_10_Select1stESt4hashIS6_ENS_18_Mod_range_hashingENS_20_Default_ranged_hashELb1EEC2Ev
FNA:4,0,_ZNSt8__detail15_Hash_code_baseINSt7__cxx1112basic_stringIcSt11char_traitsIcESaIcEEESt4pairIKS6_St13unordered_mapIiiSt4hashIiESt8equal_toIiESaIS7_IKiiEEEENS_10_Select1stESA_IS6_ENS_18_Mod_range_hashingENS_20_Default_ranged_hashELb1EEC2Ev
FNA:4,0,_ZNSt8__detail15_Hash_code_baseINSt7__cxx1112basic_stringIcSt11char_traitsIcESaIcEEESt4pairIKS6_iENS_10_Select1stESt4hashIS6_ENS_18_Mod_range_hashingENS_20_Default_ranged_hashELb1EEC2Ev
FNA:4,0,_ZNSt8__detail15_Hash_code_baseIiSt4pairIKiiENS_10_Select1stESt4hashIiENS_18_Mod_range_hashingENS_20_Default_ranged_hashELb0EEC2Ev
FNL:5,1333,1338
FNA:5,0,_ZNKSt8__detail15_Hash_code_baseINSt7__cxx1112basic_stringIcSt11char_traitsIcESaIcEEESt4pairIKS6_S6_ENS_10_Select1stESt4hashIS6_ENS_18_Mod_range_hashingENS_20_Default_ranged_hashELb1EE12_M_hash_codeERS8_
FNA:5,0,_ZNKSt8__detail15_Hash_code_baseINSt7__cxx1112basic_stringIcSt11char_traitsIcESaIcEEESt4pairIKS6_St13unordered_mapIiiSt4hashIiESt8equal_toIiESaIS7_IKiiEEEENS_10_Select1stESA_IS6_ENS_18_Mod_range_hashingENS_20_Default_ranged_hashELb1EE12_M_hash_codeERS8_
FNA:5,0,_ZNKSt8__detail15_Hash_code_baseINSt7__cxx1112basic_stringIcSt11char_traitsIcESaIcEEESt4pairIKS6_iENS_10_Select1stESt4hashIS6_ENS_18_Mod_range_hashingENS_20_Default_ranged_hashELb1EE12_M_hash_codeERS8_
FNA:5,0,_ZNKSt8__detail15_Hash_code_baseIiSt4pairIKiiENS_10_Select1stESt4hashIiENS_18_Mod_range_hashingENS_20_Default_ranged_hashELb0EE12_M_hash_codeERS2_
FNL:6,1358,1359
FNA:6,0,_ZNKSt8__detail15_Hash_code_baseINSt7__cxx1112basic_stringIcSt11char_traitsIcESaIcEEESt4pairIKS6_S6_ENS_10_Select1stESt4hashIS6_ENS_18_Mod_range_hashingENS_20_Default_ranged_hashELb1EE15_M_bucket_indexEmm
FNA:6,0,_ZNKSt8__detail15_Hash_code_baseINSt7__cxx1112basic_stringIcSt11char_traitsIcESaIcEEESt4pairIKS6_St13unordered_mapIiiSt4hashIiESt8equal_toIiESaIS7_IKiiEEEENS_10_Select1stESA_IS6_ENS_18_Mod_range_hashingENS_20_Default_ranged_hashELb1EE15_M_bucket_indexEmm
FNA:6,0,_ZNKSt8__detail15_Hash_code_baseINSt7__cxx1112basic_stringIcSt11char_traitsIcESaIcEEESt4pairIKS6_iENS_10_Select1stESt4hashIS6_ENS_18_Mod_range_hashingENS_20_Default_ranged_hashELb1EE15_M_bucket_indexEmm
FNA:6,0,_ZNKSt8__detail15_Hash_code_baseIiSt4pairIKiiENS_10_Select1stESt4hashIiENS_18_Mod_range_hashingENS_20_Default_ranged_hashELb0EE15_M_bucket_indexEmm
FNL:7,1362,1370
FNA:7,0,_ZNKSt8__detail15_Hash_code_baseIiSt4pairIKiiENS_10_Select1stESt4hashIiENS_18_Mod_range_hashingENS_20_Default_ranged_hashELb0EE15_M_bucket_indexERKNS_16_Hash_node_valueIS3_Lb0EEEm
FNL:8,1373,1377
FNA:8,0,_ZNKSt8__detail15_Hash_code_baseINSt7__cxx1112basic_stringIcSt11char_traitsIcESaIcEEESt4pairIKS6_S6_ENS_10_Select1stESt4hashIS6_ENS_18_Mod_range_hashingENS_20_Default_ranged_hashELb1EE15_M_bucket_indexERKNS_16_Hash_node_valueIS9_Lb1EEEm
FNA:8,0,_ZNKSt8__detail15_Hash_code_baseINSt7__cxx1112basic_stringIcSt11char_traitsIcESaIcEEESt4pairIKS6_St13unordered_mapIiiSt4hashIiESt8equal_toIiESaIS7_IKiiEEEENS_10_Select1stESA_IS6_ENS_18_Mod_range_hashingENS_20_Default_ranged_hashELb1EE15_M_bucket_indexERKNS_16_Hash_node_valueISI_Lb1EEEm
FNA:8,0,_ZNKSt8__detail15_Hash_code_baseINSt7__cxx1112basic_stringIcSt11char_traitsIcESaIcEEESt4pairIKS6_iENS_10_Select1stESt4hashIS6_ENS_18_Mod_range_hashingENS_20_Default_ranged_hashELb1EE15_M_bucket_indexERKNS_16_Hash_node_valueIS9_Lb1EEEm
FNL:9,1380,1381
FNA:9,0,_ZNKSt8__detail15_Hash_code_baseIiSt4pairIKiiENS_10_Select1stESt4hashIiENS_18_Mod_range_hashingENS_20_Default_ranged_hashELb0EE13_M_store_codeERNS_21_Hash_node_code_cacheILb0EEEm
FNL:10,1389,1390
FNA:10,0,_ZNKSt8__detail15_Hash_code_baseINSt7__cxx1112basic_stringIcSt11char_traitsIcESaIcEEESt4pairIKS6_S6_ENS_10_Select1stESt4hashIS6_ENS_18_Mod_range_hashingENS_20_Default_ranged_hashELb1EE13_M_store_codeERNS_21_Hash_node_code_cacheILb1EEEm
FNA:10,0,_ZNKSt8__detail15_Hash_code_baseINSt7__cxx1112basic_stringIcSt11char_traitsIcESaIcEEESt4pairIKS6_St13unordered_mapIiiSt4hashIiESt8equal_toIiESaIS7_IKiiEEEENS_10_Select1stESA_IS6_ENS_18_Mod_range_hashingENS_20_Default_ranged_hashELb1EE13_M_store_codeERNS_21_Hash_node_code_cacheILb1EEEm
FNA:10,0,_ZNKSt8__detail15_Hash_code_baseINSt7__cxx1112basic_stringIcSt11char_traitsIcESaIcEEESt4pairIKS6_iENS_10_Select1stESt4hashIS6_ENS_18_Mod_range_hashingENS_20_Default_ranged_hashELb1EE13_M_store_codeERNS_21_Hash_node_code_cacheILb1EEEm
FNL:11,1402,1402
FNA:11,0,_ZNKSt8__detail15_Hash_code_baseINSt7__cxx1112basic_stringIcSt11char_traitsIcESaIcEEESt4pairIKS6_S6_ENS_10_Select1stESt4hashIS6_ENS_18_Mod_range_hashingENS_20_Default_ranged_hashELb1EE7_M_hashEv
FNA:11,0,_ZNKSt8__detail15_Hash_code_baseINSt7__cxx1112basic_stringIcSt11char_traitsIcESaIcEEESt4pairIKS6_St13unordered_mapIiiSt4hashIiESt8equal_toIiESaIS7_IKiiEEEENS_10_Select1stESA_IS6_ENS_18_Mod_range_hashingENS_20_Default_ranged_hashELb1EE7_M_hashEv
FNA:11,0,_ZNKSt8__detail15_Hash_code_baseINSt7__cxx1112basic_stringIcSt11char_traitsIcESaIcEEESt4pairIKS6_iENS_10_Select1stESt4hashIS6_ENS_18_Mod_range_hashingENS_20_Default_ranged_hashELb1EE7_M_hashEv
FNA:11,0,_ZNKSt8__detail15_Hash_code_baseIiSt4pairIKiiENS_10_Select1stESt4hashIiENS_18_Mod_range_hashingENS_20_Default_ranged_hashELb0EE7_M_hashEv
FNL:12,1710,1711
FNA:12,0,_ZNSt8__detail15_Hashtable_baseIiSt4pairIKiiENS_10_Select1stESt8equal_toIiESt4hashIiENS_18_Mod_range_hashingENS_20_Default_ranged_hashENS_17_Hashtable_traitsILb0ELb0ELb1EEEE9_S_equalsEmRKNS_21_Hash_node_code_cacheILb0EEE
FNL:13,1719,1720
FNA:13,0,_ZNSt8__detail15_Hashtable_baseINSt7__cxx1112basic_stringIcSt11char_traitsIcESaIcEEESt4pairIKS6_S6_ENS_10_Select1stESt8equal_toIS6_ESt4hashIS6_ENS_18_Mod_range_hashingENS_20_Default_ranged_hashENS_17_Hashtable_traitsILb1ELb0ELb1EEEE9_S_equalsEmRKNS_21_Hash_node_code_cacheILb1EEE
FNA:13,0,_ZNSt8__detail15_Hashtable_baseINSt7__cxx1112basic_stringIcSt11char_traitsIcESaIcEEESt4pairIKS6_St13unordered_mapIiiSt4hashIiESt8equal_toIiESaIS7_IKiiEEEENS_10_Select1stESC_IS6_ESA_IS6_ENS_18_Mod_range_hashingENS_20_Default_ranged_hashENS_17_Hashtable_traitsILb1ELb0ELb1EEEE9_S_equalsEmRKNS_21_Hash_node_code_cacheILb1EEE
FNA:13,0,_ZNSt8__detail15_Hashtable_baseINSt7__cxx1112basic_stringIcSt11char_traitsIcESaIcEEESt4pairIKS6_iENS_10_Select1stESt8equal_toIS6_ESt4hashIS6_ENS_18_Mod_range_hashingENS_20_Default_ranged_hashENS_17_Hashtable_traitsILb1ELb0ELb1EEEE9_S_equalsEmRKNS_21_Hash_node_code_cacheILb1EEE
FNL:14,1728,1728
FNA:14,0,_ZNSt8__detail15_Hashtable_baseINSt7__cxx1112basic_stringIcSt11char_traitsIcESaIcEEESt4pairIKS6_S6_ENS_10_Select1stESt8equal_toIS6_ESt4hashIS6_ENS_18_Mod_range_hashingENS_20_Default_ranged_hashENS_17_Hashtable_traitsILb1ELb0ELb1EEEEC2Ev
FNA:14,0,_ZNSt8__detail15_Hashtable_baseINSt7__cxx1112basic_stringIcSt11char_traitsIcESaIcEEESt4pairIKS6_St13unordered_mapIiiSt4hashIiESt8equal_toIiESaIS7_IKiiEEEENS_10_Select1stESC_IS6_ESA_IS6_ENS_18_Mod_range_hashingENS_20_Default_ranged_hashENS_17_Hashtable_traitsILb1ELb0ELb1EEEEC2Ev
FNA:14,0,_ZNSt8__detail15_Hashtable_baseINSt7__cxx1112basic_stringIcSt11char_traitsIcESaIcEEESt4pairIKS6_iENS_10_Select1stESt8equal_toIS6_ESt4hashIS6_ENS_18_Mod_range_hashingENS_20_Default_ranged_hashENS_17_Hashtable_traitsILb1ELb0ELb1EEEEC2Ev
FNA:14,0,_ZNSt8__detail15_Hashtable_baseIiSt4pairIKiiENS_10_Select1stESt8equal_toIiESt4hashIiENS_18_Mod_range_hashingENS_20_Default_ranged_hashENS_17_Hashtable_traitsILb0ELb0ELb1EEEEC2Ev
FNL:15,1735,1743
FNA:15,0,_ZNKSt8__detail15_Hashtable_baseINSt7__cxx1112basic_stringIcSt11char_traitsIcESaIcEEESt4pairIKS6_S6_ENS_10_Select1stESt8equal_toIS6_ESt4hashIS6_ENS_18_Mod_range_hashingENS_20_Default_ranged_hashENS_17_Hashtable_traitsILb1ELb0ELb1EEEE13_M_key_equalsERS8_RKNS_16_Hash_node_valueIS9_Lb1EEE
FNA:15,0,_ZNKSt8__detail15_Hashtable_baseINSt7__cxx1112basic_stringIcSt11char_traitsIcESaIcEEESt4pairIKS6_St13unordered_mapIiiSt4hashIiESt8equal_toIiESaIS7_IKiiEEEENS_10_Select1stESC_IS6_ESA_IS6_ENS_18_Mod_range_hashingENS_20_Default_ranged_hashENS_17_Hashtable_traitsILb1ELb0ELb1EEEE13_M_key_equalsERS8_RKNS_16_Hash_node_valueISI_Lb1EEE
FNA:15,0,_ZNKSt8__detail15_Hashtable_baseINSt7__cxx1112basic_stringIcSt11char_traitsIcESaIcEEESt4pairIKS6_iENS_10_Select1stESt8equal_toIS6_ESt4hashIS6_ENS_18_Mod_range_hashingENS_20_Default_ranged_hashENS_17_Hashtable_traitsILb1ELb0ELb1EEEE13_M_key_equalsERS8_RKNS_16_Hash_node_valueIS9_Lb1EEE
FNA:15,0,_ZNKSt8__detail15_Hashtable_baseIiSt4pairIKiiENS_10_Select1stESt8equal_toIiESt4hashIiENS_18_Mod_range_hashingENS_20_Default_ranged_hashENS_17_Hashtable_traitsILb0ELb0ELb1EEEE13_M_key_equalsERS2_RKNS_16_Hash_node_valueIS3_Lb0EEE
FNL:16,1759,1761
FNA:16,0,_ZNKSt8__detail15_Hashtable_baseINSt7__cxx1112basic_stringIcSt11char_traitsIcESaIcEEESt4pairIKS6_S6_ENS_10_Select1stESt8equal_toIS6_ESt4hashIS6_ENS_18_Mod_range_hashingENS_20_Default_ranged_hashENS_17_Hashtable_traitsILb1ELb0ELb1EEEE9_M_equalsERS8_mRKNS_16_Hash_node_valueIS9_Lb1EEE
FNA:16,0,_ZNKSt8__detail15_Hashtable_baseINSt7__cxx1112basic_stringIcSt11char_traitsIcESaIcEEESt4pairIKS6_St13unordered_mapIiiSt4hashIiESt8equal_toIiESaIS7_IKiiEEEENS_10_Select1stESC_IS6_ESA_IS6_ENS_18_Mod_range_hashingENS_20_Default_ranged_hashENS_17_Hashtable_traitsILb1ELb0ELb1EEEE9_M_equalsERS8_mRKNS_16_Hash_node_valueISI_Lb1EEE
FNA:16,0,_ZNKSt8__detail15_Hashtable_baseINSt7__cxx1112basic_stringIcSt11char_traitsIcESaIcEEESt4pairIKS6_iENS_10_Select1stESt8equal_toIS6_ESt4hashIS6_ENS_18_Mod_range_hashingENS_20_Default_ranged_hashENS_17_Hashtable_traitsILb1ELb0ELb1EEEE9_M_equalsERS8_mRKNS_16_Hash_node_valueIS9_Lb1EEE
FNA:16,0,_ZNKSt8__detail15_Hashtable_baseIiSt4pairIKiiENS_10_Select1stESt8equal_toIiESt4hashIiENS_18_Mod_range_hashingENS_20_Default_ranged_hashENS_17_Hashtable_traitsILb0ELb0ELb1EEEE9_M_equalsERS2_mRKNS_16_Hash_node_valueIS3_Lb0EEE
FNL:17,1787,1787
FNA:17,0,_ZNKSt8__detail15_Hashtable_baseINSt7__cxx1112basic_stringIcSt11char_traitsIcESaIcEEESt4pairIKS6_S6_ENS_10_Select1stESt8equal_toIS6_ESt4hashIS6_ENS_18_Mod_range_hashingENS_20_Default_ranged_hashENS_17_Hashtable_traitsILb1ELb0ELb1EEEE5_M_eqEv
FNA:17,0,_ZNKSt8__detail15_Hashtable_baseINSt7__cxx1112basic_stringIcSt11char_traitsIcESaIcEEESt4pairIKS6_St13unordered_mapIiiSt4hashIiESt8equal_toIiESaIS7_IKiiEEEENS_10_Select1stESC_IS6_ESA_IS6_ENS_18_Mod_range_hashingENS_20_Default_ranged_hashENS_17_Hashtable_traitsILb1ELb0ELb1EEEE5_M_eqEv
FNA:17,0,_ZNKSt8__detail15_Hashtable_baseINSt7__cxx1112basic_stringIcSt11char_traitsIcESaIcEEESt4pairIKS6_iENS_10_Select1stESt8equal_toIS6_ESt4hashIS6_ENS_18_Mod_range_hashingENS_20_Default_ranged_hashENS_17_Hashtable_traitsILb1ELb0ELb1EEEE5_M_eqEv
FNA:17,0,_ZNKSt8__detail15_Hashtable_baseIiSt4pairIKiiENS_10_Select1stESt8equal_toIiESt4hashIiENS_18_Mod_range_hashingENS_20_Default_ranged_hashENS_17_Hashtable_traitsILb0ELb0ELb1EEEE5_M_eqEv
FNL:18,1970,1970
FNA:18,0,_ZNSt8__detail16_Hashtable_allocISaINS_10_Hash_nodeISt4pairIKNSt7__cxx1112basic_stringIcSt11char_traitsIcESaIcEEES8_ELb1EEEEEC2Ev
FNA:18,0,_ZNSt8__detail16_Hashtable_allocISaINS_10_Hash_nodeISt4pairIKNSt7__cxx1112basic_stringIcSt11char_traitsIcESaIcEEESt13unordered_mapIiiSt4hashIiESt8equal_toIiESaIS2_IKiiEEEELb1EEEEEC2Ev
FNA:18,0,_ZNSt8__detail16_Hashtable_allocISaINS_10_Hash_nodeISt4pairIKNSt7__cxx1112basic_stringIcSt11char_traitsIcESaIcEEEiELb1EEEEEC2Ev
FNA:18,0,_ZNSt8__detail16_Hashtable_allocISaINS_10_Hash_nodeISt4pairIKiiELb0EEEEEC2Ev
FNL:19,1980,1981
FNA:19,0,_ZNSt8__detail16_Hashtable_allocISaINS_10_Hash_nodeISt4pairIKNSt7__cxx1112basic_stringIcSt11char_traitsIcESaIcEEES8_ELb1EEEEE17_M_node_allocatorEv
FNA:19,0,_ZNSt8__detail16_Hashtable_allocISaINS_10_Hash_nodeISt4pairIKNSt7__cxx1112basic_stringIcSt11char_traitsIcESaIcEEESt13unordered_mapIiiSt4hashIiESt8equal_toIiESaIS2_IKiiEEEELb1EEEEE17_M_node_allocatorEv
FNA:19,0,_ZNSt8__detail16_Hashtable_allocISaINS_10_Hash_nodeISt4pairIKNSt7__cxx1112basic_stringIcSt11char_traitsIcESaIcEEEiELb1EEEEE17_M_node_allocatorEv
FNA:19,0,_ZNSt8__detail16_Hashtable_allocISaINS_10_Hash_nodeISt4pairIKiiELb0EEEEE17_M_node_allocatorEv
FNL:20,2017,2036
FNA:20,0,_ZNSt8__detail16_Hashtable_allocISaINS_10_Hash_nodeISt4pairIKNSt7__cxx1112basic_stringIcSt11char_traitsIcESaIcEEES8_ELb1EEEEE16_M_allocate_nodeIJRKSt21piecewise_construct_tSt5tupleIJRS9_EESI_IJEEEEEPSB_DpOT_
FNA:20,0,_ZNSt8__detail16_Hashtable_allocISaINS_10_Hash_nodeISt4pairIKNSt7__cxx1112basic_stringIcSt11char_traitsIcESaIcEEESt13unordered_mapIiiSt4hashIiESt8equal_toIiESaIS2_IKiiEEEELb1EEEEE16_M_allocate_nodeIJRKSt21piecewise_construct_tSt5tupleIJRS9_EESR_IJEEEEEPSK_DpOT_
FNA:20,0,_ZNSt8__detail16_Hashtable_allocISaINS_10_Hash_nodeISt4pairIKNSt7__cxx1112basic_stringIcSt11char_traitsIcESaIcEEEiELb1EEEEE16_M_allocate_nodeIJRKSt21piecewise_construct_tSt5tupleIJRS9_EESI_IJEEEEEPSB_DpOT_
FNA:20,0,_ZNSt8__detail16_Hashtable_allocISaINS_10_Hash_nodeISt4pairIKiiELb0EEEEE16_M_allocate_nodeIJRKSt21piecewise_construct_tSt5tupleIJRS3_EESC_IJEEEEEPS5_DpOT_
FNL:21,2040,2044
FNA:21,0,_ZNSt8__detail16_Hashtable_allocISaINS_10_Hash_nodeISt4pairIKNSt7__cxx1112basic_stringIcSt11char_traitsIcESaIcEEES8_ELb1EEEEE18_M_deallocate_nodeEPSB_
FNA:21,0,_ZNSt8__detail16_Hashtable_allocISaINS_10_Hash_nodeISt4pairIKNSt7__cxx1112basic_stringIcSt11char_traitsIcESaIcEEESt13unordered_mapIiiSt4hashIiESt8equal_toIiESaIS2_IKiiEEEELb1EEEEE18_M_deallocate_nodeEPSK_
FNA:21,0,_ZNSt8__detail16_Hashtable_allocISaINS_10_Hash_nodeISt4pairIKNSt7__cxx1112basic_stringIcSt11char_traitsIcESaIcEEEiELb1EEEEE18_M_deallocate_nodeEPSB_
FNA:21,0,_ZNSt8__detail16_Hashtable_allocISaINS_10_Hash_nodeISt4pairIKiiELb0EEEEE18_M_deallocate_nodeEPS5_
FNL:22,2048,2054
FNA:22,0,_ZNSt8__detail16_Hashtable_allocISaINS_10_Hash_nodeISt4pairIKNSt7__cxx1112basic_stringIcSt11char_traitsIcESaIcEEES8_ELb1EEEEE22_M_deallocate_node_ptrEPSB_
FNA:22,0,_ZNSt8__detail16_Hashtable_allocISaINS_10_Hash_nodeISt4pairIKNSt7__cxx1112basic_stringIcSt11char_traitsIcESaIcEEESt13unordered_mapIiiSt4hashIiESt8equal_toIiESaIS2_IKiiEEEELb1EEEEE22_M_deallocate_node_ptrEPSK_
FNA:22,0,_ZNSt8__detail16_Hashtable_allocISaINS_10_Hash_nodeISt4pairIKNSt7__cxx1112basic_stringIcSt11char_traitsIcESaIcEEEiELb1EEEEE22_M_deallocate_node_ptrEPSB_
FNA:22,0,_ZNSt8__detail16_Hashtable_allocISaINS_10_Hash_nodeISt4pairIKiiELb0EEEEE22_M_deallocate_node_ptrEPS5_
FNL:23,2058,2066
FNA:23,0,_ZNSt8__detail16_Hashtable_allocISaINS_10_Hash_nodeISt4pairIKNSt7__cxx1112basic_stringIcSt11char_traitsIcESaIcEEES8_ELb1EEEEE19_M_deallocate_nodesEPSB_
FNA:23,0,_ZNSt8__detail16_Hashtable_allocISaINS_10_Hash_nodeISt4pairIKNSt7__cxx1112basic_stringIcSt11char_traitsIcESaIcEEESt13unordered_mapIiiSt4hashIiESt8equal_toIiESaIS2_IKiiEEEELb1EEEEE19_M_deallocate_nodesEPSK_
FNA:23,0,_ZNSt8__detail16_Hashtable_allocISaINS_10_Hash_nodeISt4pairIKNSt7__cxx1112basic_stringIcSt11char_traitsIcESaIcEEEiELb1EEEEE19_M_deallocate_nodesEPSB_
FNA:23,0,_ZNSt8__detail16_Hashtable_allocISaINS_10_Hash_nodeISt4pairIKiiELb0EEEEE19_M_deallocate_nodesEPS5_
FNL:24,2070,2079
FNA:24,0,_ZNSt8__detail16_Hashtable_allocISaINS_10_Hash_nodeISt4pairIKNSt7__cxx1112basic_stringIcSt11char_traitsIcESaIcEEES8_ELb1EEEEE19_M_allocate_bucketsEm
FNA:24,0,_ZNSt8__detail16_Hashtable_allocISaINS_10_Hash_nodeISt4pairIKNSt7__cxx1112basic_stringIcSt11char_traitsIcESaIcEEESt13unordered_mapIiiSt4hashIiESt8equal_toIiESaIS2_IKiiEEEELb1EEEEE19_M_allocate_bucketsEm
FNA:24,0,_ZNSt8__detail16_Hashtable_allocISaINS_10_Hash_nodeISt4pairIKNSt7__cxx1112basic_stringIcSt11char_traitsIcESaIcEEEiELb1EEEEE19_M_allocate_bucketsEm
FNA:24,0,_ZNSt8__detail16_Hashtable_allocISaINS_10_Hash_nodeISt4pairIKiiELb0EEEEE19_M_allocate_bucketsEm
FNL:25,2083,2091
FNA:25,0,_ZNSt8__detail16_Hashtable_allocISaINS_10_Hash_nodeISt4pairIKNSt7__cxx1112basic_stringIcSt11char_traitsIcESaIcEEES8_ELb1EEEEE21_M_deallocate_bucketsEPPNS_15_Hash_node_baseEm
FNA:25,0,_ZNSt8__detail16_Hashtable_allocISaINS_10_Hash_nodeISt4pairIKNSt7__cxx1112basic_stringIcSt11char_traitsIcESaIcEEESt13unordered_mapIiiSt4hashIiESt8equal_toIiESaIS2_IKiiEEEELb1EEEEE21_M_deallocate_bucketsEPPNS_15_Hash_node_baseEm
FNA:25,0,_ZNSt8__detail16_Hashtable_allocISaINS_10_Hash_nodeISt4pairIKNSt7__cxx1112basic_stringIcSt11char_traitsIcESaIcEEEiELb1EEEEE21_M_deallocate_bucketsEPPNS_15_Hash_node_baseEm
FNA:25,0,_ZNSt8__detail16_Hashtable_allocISaINS_10_Hash_nodeISt4pairIKiiELb0EEEEE21_M_deallocate_bucketsEPPNS_15_Hash_node_baseEm
FNL:26,303,304
FNA:26,0,_ZNSt8__detail22_Hashtable_hash_traitsISt4hashINSt7__cxx1112basic_stringIcSt11char_traitsIcESaIcEEEEE22__small_size_thresholdEv
FNL:27,319,319
FNA:27,0,_ZNSt8__detail15_Hash_node_baseC2Ev
FNL:28,386,387
FNA:28,0,_ZNKSt8__detail10_Hash_nodeISt4pairIKNSt7__cxx1112basic_stringIcSt11char_traitsIcESaIcEEES7_ELb1EE7_M_nextEv
FNA:28,0,_ZNKSt8__detail10_Hash_nodeISt4pairIKNSt7__cxx1112basic_stringIcSt11char_traitsIcESaIcEEESt13unordered_mapIiiSt4hashIiESt8equal_toIiESaIS1_IKiiEEEELb1EE7_M_nextEv
FNA:28,0,_ZNKSt8__detail10_Hash_nodeISt4pairIKNSt7__cxx1112basic_stringIcSt11char_traitsIcESaIcEEEiELb1EE7_M_nextEv
FNA:28,0,_ZNKSt8__detail10_Hash_nodeISt4pairIKiiELb0EE7_M_nextEv
FNL:29,399,400
FNA:29,0,_ZNSt8__detail19_Node_iterator_baseISt4pairIKNSt7__cxx1112basic_stringIcSt11char_traitsIcESaIcEEES7_ELb1EEC2EPNS_10_Hash_nodeIS9_Lb1EEE
FNA:29,0,_ZNSt8__detail19_Node_iterator_baseISt4pairIKNSt7__cxx1112basic_stringIcSt11char_traitsIcESaIcEEESt13unordered_mapIiiSt4hashIiESt8equal_toIiESaIS1_IKiiEEEELb1EEC2EPNS_10_Hash_nodeISI_Lb1EEE
FNA:29,0,_ZNSt8__detail19_Node_iterator_baseISt4pairIKNSt7__cxx1112basic_stringIcSt11char_traitsIcESaIcEEEiELb1EEC2EPNS_10_Hash_nodeIS9_Lb1EEE
FNA:29,0,_ZNSt8__detail19_Node_iterator_baseISt4pairIKiiELb0EEC2EPNS_10_Hash_nodeIS3_Lb0EEE
FNL:30,403,404
FNA:30,0,_ZNSt8__detail19_Node_iterator_baseISt4pairIKNSt7__cxx1112basic_stringIcSt11char_traitsIcESaIcEEEiELb1EE7_M_incrEv
FNA:30,0,_ZNSt8__detail19_Node_iterator_baseISt4pairIKiiELb0EE7_M_incrEv
FNL:31,407,409
FNA:31,0,_ZNSt8__detaileqERKNS_19_Node_iterator_baseISt4pairIKNSt7__cxx1112basic_stringIcSt11char_traitsIcESaIcEEES7_ELb1EEESC_
FNA:31,0,_ZNSt8__detaileqERKNS_19_Node_iterator_baseISt4pairIKNSt7__cxx1112basic_stringIcSt11char_traitsIcESaIcEEEiELb1EEESC_
FNA:31,0,_ZNSt8__detaileqERKNS_19_Node_iterator_baseISt4pairIKiiELb0EEES6_
FNL:32,442,443
FNA:32,0,_ZNSt8__detail14_Node_iteratorISt4pairIKNSt7__cxx1112basic_stringIcSt11char_traitsIcESaIcEEES7_ELb0ELb1EEC2EPNS_10_Hash_nodeIS9_Lb1EEE
FNA:32,0,_ZNSt8__detail14_Node_iteratorISt4pairIKNSt7__cxx1112basic_stringIcSt11char_traitsIcESaIcEEESt13unordered_mapIiiSt4hashIiESt8equal_toIiESaIS1_IKiiEEEELb0ELb1EEC2EPNS_10_Hash_nodeISI_Lb1EEE
FNA:32,0,_ZNSt8__detail14_Node_iteratorISt4pairIKNSt7__cxx1112basic_stringIcSt11char_traitsIcESaIcEEEiELb0ELb1EEC2EPNS_10_Hash_nodeIS9_Lb1EEE
FNA:32,0,_ZNSt8__detail14_Node_iteratorISt4pairIKiiELb0ELb0EEC2EPNS_10_Hash_nodeIS3_Lb0EEE
FNL:33,446,447
FNA:33,0,_ZNKSt8__detail14_Node_iteratorISt4pairIKNSt7__cxx1112basic_stringIcSt11char_traitsIcESaIcEEEiELb0ELb1EEdeEv
FNA:33,0,_ZNKSt8__detail14_Node_iteratorISt4pairIKiiELb0ELb0EEdeEv
FNL:34,450,451
FNA:34,0,_ZNKSt8__detail14_Node_iteratorISt4pairIKNSt7__cxx1112basic_stringIcSt11char_traitsIcESaIcEEES7_ELb0ELb1EEptEv
FNA:34,0,_ZNKSt8__detail14_Node_iteratorISt4pairIKNSt7__cxx1112basic_stringIcSt11char_traitsIcESaIcEEESt13unordered_mapIiiSt4hashIiESt8equal_toIiESaIS1_IKiiEEEELb0ELb1EEptEv
FNA:34,0,_ZNKSt8__detail14_Node_iteratorISt4pairIKNSt7__cxx1112basic_stringIcSt11char_traitsIcESaIcEEEiELb0ELb1EEptEv
FNA:34,0,_ZNKSt8__detail14_Node_iteratorISt4pairIKiiELb0ELb0EEptEv
FNL:35,454,458
FNA:35,0,_ZNSt8__detail14_Node_iteratorISt4pairIKNSt7__cxx1112basic_stringIcSt11char_traitsIcESaIcEEEiELb0ELb1EEppEv
FNA:35,0,_ZNSt8__detail14_Node_iteratorISt4pairIKiiELb0ELb0EEppEv
FNL:36,532,534
FNA:36,0,_ZNKSt8__detail18_Mod_range_hashingclEmm
FNL:37,550,551
FNA:37,0,_ZNSt8__detail20_Prime_rehash_policyC2Ef
FNL:38,577,578
FNA:38,0,_ZNKSt8__detail20_Prime_rehash_policy8_M_stateEv
FNL:39,585,586
FNA:39,0,_ZNSt8__detail20_Prime_rehash_policy8_M_resetEm
FNL:40,730,733
FNA:40,0,_ZNSt8__detail17_RehashStateGuardINS_20_Prime_rehash_policyEEC2ERS1_
FNL:41,736,740
FNA:41,0,_ZNSt8__detail17_RehashStateGuardINS_20_Prime_rehash_policyEED2Ev
FNL:42,832,853
FNA:42,0,_ZNSt8__detail9_Map_baseINSt7__cxx1112basic_stringIcSt11char_traitsIcESaIcEEESt4pairIKS6_S6_ESaIS9_ENS_10_Select1stESt8equal_toIS6_ESt4hashIS6_ENS_18_Mod_range_hashingENS_20_Default_ranged_hashENS_20_Prime_rehash_policyENS_17_Hashtable_traitsILb1ELb0ELb1EEELb1EEixERS8_
FNA:42,0,_ZNSt8__detail9_Map_baseINSt7__cxx1112basic_stringIcSt11char_traitsIcESaIcEEESt4pairIKS6_St13unordered_mapIiiSt4hashIiESt8equal_toIiESaIS7_IKiiEEEESaISI_ENS_10_Select1stESC_IS6_ESA_IS6_ENS_18_Mod_range_hashingENS_20_Default_ranged_hashENS_20_Prime_rehash_policyENS_17_Hashtable_traitsILb1ELb0ELb1EEELb1EEixERS8_
FNA:42,0,_ZNSt8__detail9_Map_baseINSt7__cxx1112basic_stringIcSt11char_traitsIcESaIcEEESt4pairIKS6_iESaIS9_ENS_10_Select1stESt8equal_toIS6_ESt4hashIS6_ENS_18_Mod_range_hashingENS_20_Default_ranged_hashENS_20_Prime_rehash_policyENS_17_Hashtable_traitsILb1ELb0ELb1EEELb1EEixERS8_
FNA:42,0,_ZNSt8__detail9_Map_baseIiSt4pairIKiiESaIS3_ENS_10_Select1stESt8equal_toIiESt4hashIiENS_18_Mod_range_hashingENS_20_Default_ranged_hashENS_20_Prime_rehash_policyENS_17_Hashtable_traitsILb0ELb0ELb1EEELb1EEixERS2_
FNF:43
FNH:0
DA:112,0
DA:113,0
DA:303,0
DA:304,0
DA:319,0
DA:339,0
DA:344,0
DA:349,0
DA:354,0
DA:386,0
DA:387,0
DA:399,0
DA:400,0
DA:403,0
DA:404,0
DA:407,0
DA:409,0
DA:442,0
DA:443,0
DA:446,0
DA:447,0
DA:450,0
DA:451,0
DA:454,0
DA:456,0
DA:457,0
DA:532,0
DA:534,0
DA:550,0
DA:551,0
DA:577,0
DA:578,0
DA:585,0
DA:586,0
DA:730,0
DA:731,0
DA:732,0
DA:733,0
DA:736,0
DA:738,0
DA:739,0
DA:740,0
DA:832,0
DA:837,0
DA:838,0
DA:839,0
DA:840,0
DA:841,0
DA:843,0
DA:846,0
DA:847,0
DA:850,0
DA:851,0
DA:852,0
DA:853,0
DA:1245,0
DA:1252,0
DA:1253,0
DA:1328,0
DA:1333,0
DA:1337,0
DA:1358,0
DA:1359,0
DA:1362,0
DA:1368,0
DA:1369,0
DA:1373,0
DA:1377,0
DA:1380,0
DA:1381,0
DA:1389,0
DA:1390,0
DA:1402,0
DA:1710,0
DA:1711,0
DA:1719,0
DA:1720,0
DA:1728,0
DA:1735,0
DA:1742,0
DA:1759,0
DA:1761,0
DA:1787,0
DA:1970,0
DA:1980,0
DA:1981,0
DA:2017,0
DA:2020,0
DA:2021,0
DA:2022,0
DA:2025,0
DA:2026,0
DA:2028,0
DA:2030,0
DA:2032,0
DA:2034,0
DA:2040,0
DA:2042,0
DA:2043,0
DA:2044,0
DA:2048,0
DA:2051,0
DA:2052,0
DA:2053,0
DA:2054,0
DA:2058,0
DA:2060,0
DA:2062,0
DA:2063,0
DA:2064,0
DA:2066,0
DA:2070,0
DA:2073,0
DA:2075,0
DA:2076,0
DA:2077,0
DA:2078,0
DA:2083,0
DA:2088,0
DA:2089,0
DA:2091,0
LF:121
LH:0
end_of_record
TN:
SF:/usr/include/c++/14/bits/ios_base.h
FNL:0,139,140
FNA:0,0,_ZStorSt13_Ios_OpenmodeS_
FNF:1
FNH:0
DA:139,0
DA:140,0
LF:2
LH:0
end_of_record
TN:
SF:/usr/include/c++/14/bits/move.h
FNL:0,137,138
FNA:0,0,_ZSt4moveIRN9__gnu_cxx5__ops15_Iter_comp_iterIZ4mainEUlRT_RT0_E_EEEONSt16remove_referenceIS3_E4typeEOS3_
FNA:0,0,_ZSt4moveIRNSt7__cxx1112basic_stringIcSt11char_traitsIcESaIcEEEEONSt16remove_referenceIT_E4typeEOS8_
FNA:0,0,_ZSt4moveIRSaIcEEONSt16remove_referenceIT_E4typeEOS3_
FNA:0,0,_ZSt4moveIRSt4pairINSt7__cxx1112basic_stringIcSt11char_traitsIcESaIcEEEiEEONSt16remove_referenceIT_E4typeEOSA_
FNA:0,0,_ZSt4moveIRSt5tupleIJNSt7__cxx1112basic_stringIcSt11char_traitsIcESaIcEEEiS6_EEEONSt16remove_referenceIT_E4typeEOSA_
FNA:0,0,_ZSt4moveIRZ4mainEUlRT_RT0_E_EONSt16remove_referenceIS0_E4typeEOS0_
FNA:0,0,_ZSt4moveIRiEONSt16remove_referenceIT_E4typeEOS2_
FNL:1,175,176
FNA:1,0,_ZSt9addressofIKcEPT_RS1_
FNA:1,0,_ZSt9addressofINSt8__detail10_Hash_nodeISt4pairIKNSt7__cxx1112basic_stringIcSt11char_traitsIcESaIcEEES8_ELb1EEEEPT_RSC_
FNA:1,0,_ZSt9addressofINSt8__detail10_Hash_nodeISt4pairIKNSt7__cxx1112basic_stringIcSt11char_traitsIcESaIcEEESt13unordered_mapIiiSt4hashIiESt8equal_toIiESaIS2_IKiiEEEELb1EEEEPT_RSL_
FNA:1,0,_ZSt9addressofINSt8__detail10_Hash_nodeISt4pairIKNSt7__cxx1112basic_stringIcSt11char_traitsIcESaIcEEEiELb1EEEEPT_RSC_
FNA:1,0,_ZSt9addressofINSt8__detail10_Hash_nodeISt4pairIKiiELb0EEEEPT_RS6_
FNA:1,0,_ZSt9addressofIPNSt8__detail15_Hash_node_baseEEPT_RS3_
FNA:1,0,_ZSt9addressofIcEPT_RS0_
FNL:2,226,237
FNA:2,0,_ZSt4swapIiENSt9enable_ifIXsrSt6__and_IJSt6__not_ISt15__is_tuple_likeIT_EESt21is_move_constructibleIS4_ESt18is_move_assignableIS4_EEE5valueEvE4typeERS4_SE_
FNL:3,51,52
FNA:3,0,_ZSt11__addressofIKNSt7__cxx1112basic_stringIcSt11char_traitsIcESaIcEEEEPT_RS7_
FNA:3,0,_ZSt11__addressofIKcEPT_RS1_
FNA:3,0,_ZSt11__addressofINSt7__cxx1112basic_stringIcSt11char_traitsIcESaIcEEEEPT_RS6_
FNA:3,0,_ZSt11__addressofINSt8__detail10_Hash_nodeISt4pairIKNSt7__cxx1112basic_stringIcSt11char_traitsIcESaIcEEES8_ELb1EEEEPT_RSC_
FNA:3,0,_ZSt11__addressofINSt8__detail10_Hash_nodeISt4pairIKNSt7__cxx1112basic_stringIcSt11char_traitsIcESaIcEEESt13unordered_mapIiiSt4hashIiESt8equal_toIiESaIS2_IKiiEEEELb1EEEEPT_RSL_
FNA:3,0,_ZSt11__addressofINSt8__detail10_Hash_nodeISt4pairIKNSt7__cxx1112basic_stringIcSt11char_traitsIcESaIcEEEiELb1EEEEPT_RSC_
FNA:3,0,_ZSt11__addressofINSt8__detail10_Hash_nodeISt4pairIKiiELb0EEEEPT_RS6_
FNA:3,0,_ZSt11__addressofINSt8__detail20_Prime_rehash_policyEEPT_RS2_
FNA:3,0,_ZSt11__addressofIPNSt8__detail15_Hash_node_baseEEPT_RS3_
FNA:3,0,_ZSt11__addressofISt4pairINSt7__cxx1112basic_stringIcSt11char_traitsIcESaIcEEEiEEPT_RS8_
FNA:3,0,_ZSt11__addressofISt5tupleIJNSt7__cxx1112basic_stringIcSt11char_traitsIcESaIcEEEiS6_EEEPT_RS8_
FNA:3,0,_ZSt11__addressofIcEPT_RS0_
FNL:4,71,72
FNA:4,0,_ZSt7forwardINSt7__cxx1112basic_stringIcSt11char_traitsIcESaIcEEEEOT_RNSt16remove_referenceIS6_E4typeE
FNA:4,0,_ZSt7forwardIRKNSt7__cxx1112basic_stringIcSt11char_traitsIcESaIcEEEEOT_RNSt16remove_referenceIS8_E4typeE
FNA:4,0,_ZSt7forwardIRKSt21piecewise_construct_tEOT_RNSt16remove_referenceIS3_E4typeE
FNA:4,0,_ZSt7forwardIRKSt4pairIKNSt7__cxx1112basic_stringIcSt11char_traitsIcESaIcEEES6_EEOT_RNSt16remove_referenceISB_E4typeE
FNA:4,0,_ZSt7forwardIRKSt4pairIKNSt7__cxx1112basic_stringIcSt11char_traitsIcESaIcEEESt13unordered_mapIiiSt4hashIiESt8equal_toIiESaIS0_IKiiEEEEEOT_RNSt16remove_referenceISK_E4typeE
FNA:4,0,_ZSt7forwardIRKSt4pairIKNSt7__cxx1112basic_stringIcSt11char_traitsIcESaIcEEEiEEOT_RNSt16remove_referenceISB_E4typeE
FNA:4,0,_ZSt7forwardIRKSt4pairIKiiEEOT_RNSt16remove_referenceIS5_E4typeE
FNA:4,0,_ZSt7forwardIRKcEOT_RNSt16remove_referenceIS2_E4typeE
FNA:4,0,_ZSt7forwardIRKiEOT_RNSt16remove_referenceIS2_E4typeE
FNA:4,0,_ZSt7forwardIRNSt7__cxx1112basic_stringIcSt11char_traitsIcESaIcEEEEOT_RNSt16remove_referenceIS7_E4typeE
FNA:4,0,_ZSt7forwardIRiEOT_RNSt16remove_referenceIS1_E4typeE
FNA:4,0,_ZSt7forwardISt4pairINSt7__cxx1112basic_stringIcSt11char_traitsIcESaIcEEEiEEOT_RNSt16remove_referenceIS8_E4typeE
FNA:4,0,_ZSt7forwardISt5tupleIJEEEOT_RNSt16remove_referenceIS2_E4typeE
FNA:4,0,_ZSt7forwardISt5tupleIJNSt7__cxx1112basic_stringIcSt11char_traitsIcESaIcEEEiS6_EEEOT_RNSt16remove_referenceIS8_E4typeE
FNA:4,0,_ZSt7forwardISt5tupleIJRKNSt7__cxx1112basic_stringIcSt11char_traitsIcESaIcEEEEEEOT_RNSt16remove_referenceISA_E4typeE
FNA:4,0,_ZSt7forwardISt5tupleIJRKiEEEOT_RNSt16remove_referenceIS4_E4typeE
FNA:4,0,_ZSt7forwardIiEOT_RNSt16remove_referenceIS0_E4typeE
FNF:5
FNH:0
DA:51,0
DA:52,0
DA:71,0
DA:72,0
DA:137,0
DA:138,0
DA:175,0
DA:176,0
DA:226,0
DA:234,0
DA:235,0
DA:236,0
DA:237,0
LF:13
LH:0
end_of_record
TN:
SF:/usr/include/c++/14/bits/new_allocator.h
FNL:0,126,152
FNA:0,0,_ZNSt15__new_allocatorINSt7__cxx1112basic_stringIcSt11char_traitsIcESaIcEEEE8allocateEmPKv
FNA:0,0,_ZNSt15__new_allocatorINSt8__detail10_Hash_nodeISt4pairIKNSt7__cxx1112basic_stringIcSt11char_traitsIcESaIcEEES8_ELb1EEEE8allocateEmPKv
FNA:0,0,_ZNSt15__new_allocatorINSt8__detail10_Hash_nodeISt4pairIKNSt7__cxx1112basic_stringIcSt11char_traitsIcESaIcEEESt13unordered_mapIiiSt4hashIiESt8equal_toIiESaIS2_IKiiEEEELb1EEEE8allocateEmPKv
FNA:0,0,_ZNSt15__new_allocatorINSt8__detail10_Hash_nodeISt4pairIKNSt7__cxx1112basic_stringIcSt11char_traitsIcESaIcEEEiELb1EEEE8allocateEmPKv
FNA:0,0,_ZNSt15__new_allocatorINSt8__detail10_Hash_nodeISt4pairIKiiELb0EEEE8allocateEmPKv
FNA:0,0,_ZNSt15__new_allocatorIPNSt8__detail15_Hash_node_baseEE8allocateEmPKv
FNA:0,0,_ZNSt15__new_allocatorISt4pairINSt7__cxx1112basic_stringIcSt11char_traitsIcESaIcEEEiEE8allocateEmPKv
FNA:0,0,_ZNSt15__new_allocatorISt5tupleIJNSt7__cxx1112basic_stringIcSt11char_traitsIcESaIcEEEiS6_EEE8allocateEmPKv
FNA:0,0,_ZNSt15__new_allocatorIcE8allocateEmPKv
FNL:1,156,173
FNA:1,0,_ZNSt15__new_allocatorINSt7__cxx1112basic_stringIcSt11char_traitsIcESaIcEEEE10deallocateEPS5_m
FNA:1,0,_ZNSt15__new_allocatorINSt8__detail10_Hash_nodeISt4pairIKNSt7__cxx1112basic_stringIcSt11char_traitsIcESaIcEEES8_ELb1EEEE10deallocateEPSB_m
FNA:1,0,_ZNSt15__new_allocatorINSt8__detail10_Hash_nodeISt4pairIKNSt7__cxx1112basic_stringIcSt11char_traitsIcESaIcEEESt13unordered_mapIiiSt4hashIiESt8equal_toIiESaIS2_IKiiEEEELb1EEEE10deallocateEPSK_m
FNA:1,0,_ZNSt15__new_allocatorINSt8__detail10_Hash_nodeISt4pairIKNSt7__cxx1112basic_stringIcSt11char_traitsIcESaIcEEEiELb1EEEE10deallocateEPSB_m
FNA:1,0,_ZNSt15__new_allocatorINSt8__detail10_Hash_nodeISt4pairIKiiELb0EEEE10deallocateEPS5_m
FNA:1,0,_ZNSt15__new_allocatorIPNSt8__detail15_Hash_node_baseEE10deallocateEPS2_m
FNA:1,0,_ZNSt15__new_allocatorISt4pairINSt7__cxx1112basic_stringIcSt11char_traitsIcESaIcEEEiEE10deallocateEPS7_m
FNA:1,0,_ZNSt15__new_allocatorISt5tupleIJNSt7__cxx1112basic_stringIcSt11char_traitsIcESaIcEEEiS6_EEE10deallocateEPS7_m
FNA:1,0,_ZNSt15__new_allocatorIcE10deallocateEPcm
FNF:2
FNH:0
DA:88,0
DA:92,0
DA:126,0
DA:134,0
DA:138,0
DA:139,0
DA:140,0
DA:151,0
DA:156,0
DA:172,0
DA:233,0
LF:11
LH:0
end_of_record
TN:
SF:/usr/include/c++/14/bits/predefined_ops.h
FNL:0,150,152
FNA:0,0,_ZN9__gnu_cxx5__ops15_Iter_comp_iterIZ4mainEUlRT_RT0_E_EC2ES6_
FNL:1,157,158
FNA:1,0,_ZN9__gnu_cxx5__ops15_Iter_comp_iterIZ4mainEUlRT_RT0_E_EclINS_17__normal_iteratorIPSt4pairINSt7__cxx1112basic_stringIcSt11char_traitsIcESaIcEEEiESt6vectorISH_SaISH_EEEESM_EEbS2_S4_
FNL:2,164,165
FNA:2,0,_ZN9__gnu_cxx5__ops16__iter_comp_iterIZ4mainEUlRT_RT0_E_EENS0_15_Iter_comp_iterIS2_EES2_
FNL:3,195,196
FNA:3,0,_ZN9__gnu_cxx5__ops14_Iter_comp_valIZ4mainEUlRT_RT0_E_EclINS_17__normal_iteratorIPSt4pairINSt7__cxx1112basic_stringIcSt11char_traitsIcESaIcEEEiESt6vectorISH_SaISH_EEEESH_EEbS2_S5_
FNL:4,231,233
FNA:4,0,_ZN9__gnu_cxx5__ops14_Val_comp_iterIZ4mainEUlRT_RT0_E_EC2EONS0_15_Iter_comp_iterIS6_EE
FNL:5,239,240
FNA:5,0,_ZN9__gnu_cxx5__ops14_Val_comp_iterIZ4mainEUlRT_RT0_E_EclISt4pairINSt7__cxx1112basic_stringIcSt11char_traitsIcESaIcEEEiENS_17__normal_iteratorIPSG_St6vectorISG_SaISG_EEEEEEbS3_S4_
FNL:6,252,253
FNA:6,0,_ZN9__gnu_cxx5__ops15__val_comp_iterIZ4mainEUlRT_RT0_E_EENS0_14_Val_comp_iterIS2_EENS0_15_Iter_comp_iterIS2_EE
FNF:7
FNH:0
DA:150,0
DA:151,0
DA:152,0
DA:157,0
DA:158,0
DA:164,0
DA:165,0
DA:195,0
DA:196,0
DA:231,0
DA:232,0
DA:233,0
DA:239,0
DA:240,0
DA:252,0
DA:253,0
LF:16
LH:0
end_of_record
TN:
SF:/usr/include/c++/14/bits/ptr_traits.h
FNL:0,134,135
FNA:0,0,_ZNSt19__ptr_traits_ptr_toIPKcS0_Lb0EE10pointer_toERS0_
FNA:0,0,_ZNSt19__ptr_traits_ptr_toIPNSt8__detail10_Hash_nodeISt4pairIKNSt7__cxx1112basic_stringIcSt11char_traitsIcESaIcEEES8_ELb1EEESB_Lb0EE10pointer_toERSB_
FNA:0,0,_ZNSt19__ptr_traits_ptr_toIPNSt8__detail10_Hash_nodeISt4pairIKNSt7__cxx1112basic_stringIcSt11char_traitsIcESaIcEEESt13unordered_mapIiiSt4hashIiESt8equal_toIiESaIS2_IKiiEEEELb1EEESK_Lb0EE10pointer_toERSK_
FNA:0,0,_ZNSt19__ptr_traits_ptr_toIPNSt8__detail10_Hash_nodeISt4pairIKNSt7__cxx1112basic_stringIcSt11char_traitsIcESaIcEEEiELb1EEESB_Lb0EE10pointer_toERSB_
FNA:0,0,_ZNSt19__ptr_traits_ptr_toIPNSt8__detail10_Hash_nodeISt4pairIKiiELb0EEES5_Lb0EE10pointer_toERS5_
FNA:0,0,_ZNSt19__ptr_traits_ptr_toIPPNSt8__detail15_Hash_node_baseES2_Lb0EE10pointer_toERS2_
FNA:0,0,_ZNSt19__ptr_traits_ptr_toIPccLb0EE10pointer_toERc
FNL:1,205,209
FNA:1,0,_ZSt12__to_addressINSt7__cxx1112basic_stringIcSt11char_traitsIcESaIcEEEEPT_S7_
FNA:1,0,_ZSt12__to_addressINSt8__detail10_Hash_nodeISt4pairIKNSt7__cxx1112basic_stringIcSt11char_traitsIcESaIcEEES8_ELb1EEEEPT_SD_
FNA:1,0,_ZSt12__to_addressINSt8__detail10_Hash_nodeISt4pairIKNSt7__cxx1112basic_stringIcSt11char_traitsIcESaIcEEESt13unordered_mapIiiSt4hashIiESt8equal_toIiESaIS2_IKiiEEEELb1EEEEPT_SM_
FNA:1,0,_ZSt12__to_addressINSt8__detail10_Hash_nodeISt4pairIKNSt7__cxx1112basic_stringIcSt11char_traitsIcESaIcEEEiELb1EEEEPT_SD_
FNA:1,0,_ZSt12__to_addressINSt8__detail10_Hash_nodeISt4pairIKiiELb0EEEEPT_S7_
FNA:1,0,_ZSt12__to_addressIPNSt8__detail15_Hash_node_baseEEPT_S4_
FNA:1,0,_ZSt12__to_addressISt4pairINSt7__cxx1112basic_stringIcSt11char_traitsIcESaIcEEEiEEPT_S9_
FNA:1,0,_ZSt12__to_addressISt5tupleIJNSt7__cxx1112basic_stringIcSt11char_traitsIcESaIcEEEiS6_EEEPT_S9_
FNF:2
FNH:0
DA:134,0
DA:135,0
DA:205,0
DA:208,0
LF:4
LH:0
end_of_record
TN:
SF:/usr/include/c++/14/bits/stl_algo.h
FNL:0,1589,1597
FNA:0,0,_ZSt13__heap_selectIN9__gnu_cxx17__normal_iteratorIPSt4pairINSt7__cxx1112basic_stringIcSt11char_traitsIcESaIcEEEiESt6vectorIS9_SaIS9_EEEENS0_5__ops15_Iter_comp_iterIZ4mainEUlRT_RT0_E_EEEvSH_SH_SH_SJ_
FNL:1,1750,1764
FNA:1,0,_ZSt25__unguarded_linear_insertIN9__gnu_cxx17__normal_iteratorIPSt4pairINSt7__cxx1112basic_stringIcSt11char_traitsIcESaIcEEEiESt6vectorIS9_SaIS9_EEEENS0_5__ops14_Val_comp_iterIZ4mainEUlRT_RT0_E_EEEvSH_SJ_
FNL:2,1770,1788
FNA:2,0,_ZSt16__insertion_sortIN9__gnu_cxx17__normal_iteratorIPSt4pairINSt7__cxx1112basic_stringIcSt11char_traitsIcESaIcEEEiESt6vectorIS9_SaIS9_EEEENS0_5__ops15_Iter_comp_iterIZ4mainEUlRT_RT0_E_EEEvSH_SH_SJ_
FNL:3,1794,1800
FNA:3,0,_ZSt26__unguarded_insertion_sortIN9__gnu_cxx17__normal_iteratorIPSt4pairINSt7__cxx1112basic_stringIcSt11char_traitsIcESaIcEEEiESt6vectorIS9_SaIS9_EEEENS0_5__ops15_Iter_comp_iterIZ4mainEUlRT_RT0_E_EEEvSH_SH_SJ_
FNL:4,1812,1823
FNA:4,0,_ZSt22__final_insertion_sortIN9__gnu_cxx17__normal_iteratorIPSt4pairINSt7__cxx1112basic_stringIcSt11char_traitsIcESaIcEEEiESt6vectorIS9_SaIS9_EEEENS0_5__ops15_Iter_comp_iterIZ4mainEUlRT_RT0_E_EEEvSH_SH_SJ_
FNL:5,1829,1845
FNA:5,0,_ZSt21__unguarded_partitionIN9__gnu_cxx17__normal_iteratorIPSt4pairINSt7__cxx1112basic_stringIcSt11char_traitsIcESaIcEEEiESt6vectorIS9_SaIS9_EEEENS0_5__ops15_Iter_comp_iterIZ4mainEUlRT_RT0_E_EEESH_SH_SH_SH_SJ_
FNL:6,1851,1858
FNA:6,0,_ZSt27__unguarded_partition_pivotIN9__gnu_cxx17__normal_iteratorIPSt4pairINSt7__cxx1112basic_stringIcSt11char_traitsIcESaIcEEEiESt6vectorIS9_SaIS9_EEEENS0_5__ops15_Iter_comp_iterIZ4mainEUlRT_RT0_E_EEESH_SH_SH_SJ_
FNL:7,1863,1870
FNA:7,0,_ZSt14__partial_sortIN9__gnu_cxx17__normal_iteratorIPSt4pairINSt7__cxx1112basic_stringIcSt11char_traitsIcESaIcEEEiESt6vectorIS9_SaIS9_EEEENS0_5__ops15_Iter_comp_iterIZ4mainEUlRT_RT0_E_EEEvSH_SH_SH_SJ_
FNL:8,1876,1893
FNA:8,0,_ZSt16__introsort_loopIN9__gnu_cxx17__normal_iteratorIPSt4pairINSt7__cxx1112basic_stringIcSt11char_traitsIcESaIcEEEiESt6vectorIS9_SaIS9_EEEElNS0_5__ops15_Iter_comp_iterIZ4mainEUlRT_RT0_E_EEEvSH_SH_SJ_T1_
FNL:9,1900,1910
FNA:9,0,_ZSt6__sortIN9__gnu_cxx17__normal_iteratorIPSt4pairINSt7__cxx1112basic_stringIcSt11char_traitsIcESaIcEEEiESt6vectorIS9_SaIS9_EEEENS0_5__ops15_Iter_comp_iterIZ4mainEUlRT_RT0_E_EEEvSH_SH_SJ_
FNL:10,4793,4806
FNA:10,0,_ZSt4sortIN9__gnu_cxx17__normal_iteratorIPSt4pairINSt7__cxx1112basic_stringIcSt11char_traitsIcESaIcEEEiESt6vectorIS9_SaIS9_EEEEZ4mainEUlRT_RT0_E_EvSF_SF_SH_
FNL:11,85,103
FNA:11,0,_ZSt22__move_median_to_firstIN9__gnu_cxx17__normal_iteratorIPSt4pairINSt7__cxx1112basic_stringIcSt11char_traitsIcESaIcEEEiESt6vectorIS9_SaIS9_EEEENS0_5__ops15_Iter_comp_iterIZ4mainEUlRT_RT0_E_EEEvSH_SH_SH_SH_SJ_
FNF:12
FNH:0
DA:85,0
DA:88,0
DA:90,0
DA:91,0
DA:92,0
DA:93,0
DA:95,0
DA:97,0
DA:98,0
DA:99,0
DA:100,0
DA:102,0
DA:103,0
DA:1589,0
DA:1593,0
DA:1594,0
DA:1595,0
DA:1596,0
DA:1597,0
DA:1750,0
DA:1754,0
DA:1755,0
DA:1756,0
DA:1757,0
DA:1759,0
DA:1760,0
DA:1761,0
DA:1763,0
DA:1764,0
DA:1770,0
DA:1773,0
DA:1775,0
DA:1777,0
DA:1780,0
DA:1781,0
DA:1782,0
DA:1783,0
DA:1785,0
DA:1794,0
DA:1797,0
DA:1798,0
DA:1800,0
DA:1812,0
DA:1815,0
DA:1817,0
DA:1818,0
DA:1822,0
DA:1823,0
DA:1829,0
DA:1835,0
DA:1836,0
DA:1837,0
DA:1838,0
DA:1839,0
DA:1840,0
DA:1841,0
DA:1842,0
DA:1843,0
DA:1851,0
DA:1854,0
DA:1855,0
DA:1857,0
DA:1863,0
DA:1868,0
DA:1869,0
DA:1870,0
DA:1876,0
DA:1880,0
DA:1882,0
DA:1884,0
DA:1885,0
DA:1887,0
DA:1889,0
DA:1890,0
DA:1891,0
DA:1900,0
DA:1903,0
DA:1905,0
DA:1906,0
DA:1908,0
DA:1910,0
DA:4793,0
DA:4805,0
DA:4806,0
LF:84
LH:0
end_of_record
TN:
SF:/usr/include/c++/14/bits/stl_algobase.h
FNL:0,1544,1557
FNA:0,0,_ZSt4__lgIlET_S0_
FNL:1,155,187
FNA:1,0,_ZSt9iter_swapIN9__gnu_cxx17__normal_iteratorIPSt4pairINSt7__cxx1112basic_stringIcSt11char_traitsIcESaIcEEEiESt6vectorIS9_SaIS9_EEEESE_EvT_T0_
FNL:2,233,241
FNA:2,0,_ZSt3minIiERKT_S2_S2_
FNA:2,0,_ZSt3minImERKT_S2_S2_
FNL:3,257,265
FNA:3,0,_ZSt3maxImERKT_S2_S2_
FNL:4,316,318
FNA:4,0,_ZSt12__niter_baseIPNSt7__cxx1112basic_stringIcSt11char_traitsIcESaIcEEEET_S7_
FNA:4,0,_ZSt12__niter_baseIPSt4pairINSt7__cxx1112basic_stringIcSt11char_traitsIcESaIcEEEiEET_S9_
FNA:4,0,_ZSt12__niter_baseIPSt5tupleIJNSt7__cxx1112basic_stringIcSt11char_traitsIcESaIcEEEiS6_EEET_S9_
FNL:5,346,347
FNA:5,0,_ZSt12__niter_wrapIN9__gnu_cxx17__normal_iteratorIPSt4pairINSt7__cxx1112basic_stringIcSt11char_traitsIcESaIcEEEiESt6vectorIS9_SaIS9_EEEESA_ET_SF_T0_
FNL:6,745,752
FNA:6,0,_ZNSt20__copy_move_backwardILb1ELb0ESt26random_access_iterator_tagE13__copy_move_bIPSt4pairINSt7__cxx1112basic_stringIcSt11char_traitsIcESaIcEEEiESB_EET0_T_SD_SC_
FNL:7,777,790
FNA:7,0,_ZSt23__copy_move_backward_a2ILb1EPSt4pairINSt7__cxx1112basic_stringIcSt11char_traitsIcESaIcEEEiES8_ET1_T0_SA_S9_
FNL:8,795,796
FNA:8,0,_ZSt23__copy_move_backward_a1ILb1EPSt4pairINSt7__cxx1112basic_stringIcSt11char_traitsIcESaIcEEEiES8_ET1_T0_SA_S9_
FNL:9,823,829
FNA:9,0,_ZSt22__copy_move_backward_aILb1EN9__gnu_cxx17__normal_iteratorIPSt4pairINSt7__cxx1112basic_stringIcSt11char_traitsIcESaIcEEEiESt6vectorIS9_SaIS9_EEEESE_ET1_T0_SG_SF_
FNL:10,913,925
FNA:10,0,_ZSt13move_backwardIN9__gnu_cxx17__normal_iteratorIPSt4pairINSt7__cxx1112basic_stringIcSt11char_traitsIcESaIcEEEiESt6vectorIS9_SaIS9_EEEESE_ET0_T_SG_SF_
FNF:11
FNH:0
DA:155,0
DA:185,0
DA:187,0
DA:233,0
DA:238,0
DA:239,0
DA:240,0
DA:257,0
DA:262,0
[...]
FNA:2,0,_ZSt12__relocate_aIPNSt7__cxx1112basic_stringIcSt11char_traitsIcESaIcEEES6_SaIS5_EET0_T_S9_S8_RT1_
FNA:2,0,_ZSt12__relocate_aIPSt4pairINSt7__cxx1112basic_stringIcSt11char_traitsIcESaIcEEEiES8_SaIS7_EET0_T_SB_SA_RT1_
FNA:2,0,_ZSt12__relocate_aIPSt5tupleIJNSt7__cxx1112basic_stringIcSt11char_traitsIcESaIcEEEiS6_EES8_SaIS7_EET0_T_SB_SA_RT1_
FNF:3
FNH:0
DA:1067,0
DA:1075,0
DA:1076,0
DA:1077,0
DA:1089,0
DA:1101,0
DA:1102,0
DA:1103,0
DA:1105,0
DA:1139,0
DA:1145,0
DA:1147,0
LF:12
LH:0
end_of_record
TN:
SF:/usr/include/c++/14/bits/stl_vector.h
FNL:0,1128,1132
FNA:0,0,_ZNSt6vectorINSt7__cxx1112basic_stringIcSt11char_traitsIcESaIcEEESaIS5_EEixEm
FNA:0,0,_ZNSt6vectorISt5tupleIJNSt7__cxx1112basic_stringIcSt11char_traitsIcESaIcEEEiS6_EESaIS7_EEixEm
FNL:1,1235,1239
FNA:1,0,_ZNSt6vectorISt4pairINSt7__cxx1112basic_stringIcSt11char_traitsIcESaIcEEEiESaIS7_EE4backEv
FNA:1,0,_ZNSt6vectorISt5tupleIJNSt7__cxx1112basic_stringIcSt11char_traitsIcESaIcEEEiS6_EESaIS7_EE4backEv
FNL:2,1283,1295
FNA:2,0,_ZNSt6vectorINSt7__cxx1112basic_stringIcSt11char_traitsIcESaIcEEESaIS5_EE9push_backERKS5_
FNL:3,1300,1301
FNA:3,0,_ZNSt6vectorISt4pairINSt7__cxx1112basic_stringIcSt11char_traitsIcESaIcEEEiESaIS7_EE9push_backEOS7_
FNA:3,0,_ZNSt6vectorISt5tupleIJNSt7__cxx1112basic_stringIcSt11char_traitsIcESaIcEEEiS6_EESaIS7_EE9push_backEOS7_
FNL:4,1906,1913
FNA:4,0,_ZNKSt6vectorINSt7__cxx1112basic_stringIcSt11char_traitsIcESaIcEEESaIS5_EE12_M_check_lenEmPKc
FNA:4,0,_ZNKSt6vectorISt4pairINSt7__cxx1112basic_stringIcSt11char_traitsIcESaIcEEEiESaIS7_EE12_M_check_lenEmPKc
FNA:4,0,_ZNKSt6vectorISt5tupleIJNSt7__cxx1112basic_stringIcSt11char_traitsIcESaIcEEEiS6_EESaIS7_EE12_M_check_lenEmPKc
FNL:5,1926,1935
FNA:5,0,_ZNSt6vectorINSt7__cxx1112basic_stringIcSt11char_traitsIcESaIcEEESaIS5_EE11_S_max_sizeERKS6_
FNA:5,0,_ZNSt6vectorISt4pairINSt7__cxx1112basic_stringIcSt11char_traitsIcESaIcEEEiESaIS7_EE11_S_max_sizeERKS8_
FNA:5,0,_ZNSt6vectorISt5tupleIJNSt7__cxx1112basic_stringIcSt11char_traitsIcESaIcEEEiS6_EESaIS7_EE11_S_max_sizeERKS8_
FNL:6,300,301
FNA:6,0,_ZNSt12_Vector_baseINSt7__cxx1112basic_stringIcSt11char_traitsIcESaIcEEESaIS5_EE19_M_get_Tp_allocatorEv
FNA:6,0,_ZNSt12_Vector_baseISt4pairINSt7__cxx1112basic_stringIcSt11char_traitsIcESaIcEEEiESaIS7_EE19_M_get_Tp_allocatorEv
FNA:6,0,_ZNSt12_Vector_baseISt5tupleIJNSt7__cxx1112basic_stringIcSt11char_traitsIcESaIcEEEiS6_EESaIS7_EE19_M_get_Tp_allocatorEv
FNL:7,305,306
FNA:7,0,_ZNKSt12_Vector_baseINSt7__cxx1112basic_stringIcSt11char_traitsIcESaIcEEESaIS5_EE19_M_get_Tp_allocatorEv
FNA:7,0,_ZNKSt12_Vector_baseISt4pairINSt7__cxx1112basic_stringIcSt11char_traitsIcESaIcEEEiESaIS7_EE19_M_get_Tp_allocatorEv
FNA:7,0,_ZNKSt12_Vector_baseISt5tupleIJNSt7__cxx1112basic_stringIcSt11char_traitsIcESaIcEEEiS6_EESaIS7_EE19_M_get_Tp_allocatorEv
FNL:8,366,370
FNA:8,0,_ZNSt12_Vector_baseINSt7__cxx1112basic_stringIcSt11char_traitsIcESaIcEEESaIS5_EED2Ev
FNA:8,0,_ZNSt12_Vector_baseISt4pairINSt7__cxx1112basic_stringIcSt11char_traitsIcESaIcEEEiESaIS7_EED2Ev
FNA:8,0,_ZNSt12_Vector_baseISt5tupleIJNSt7__cxx1112basic_stringIcSt11char_traitsIcESaIcEEEiS6_EESaIS7_EED2Ev
FNL:9,377,381
FNA:9,0,_ZNSt12_Vector_baseINSt7__cxx1112basic_stringIcSt11char_traitsIcESaIcEEESaIS5_EE11_M_allocateEm
FNA:9,0,_ZNSt12_Vector_baseISt4pairINSt7__cxx1112basic_stringIcSt11char_traitsIcESaIcEEEiESaIS7_EE11_M_allocateEm
FNA:9,0,_ZNSt12_Vector_baseISt5tupleIJNSt7__cxx1112basic_stringIcSt11char_traitsIcESaIcEEEiS6_EESaIS7_EE11_M_allocateEm
FNL:10,385,390
FNA:10,0,_ZNSt12_Vector_baseINSt7__cxx1112basic_stringIcSt11char_traitsIcESaIcEEESaIS5_EE13_M_deallocateEPS5_m
FNA:10,0,_ZNSt12_Vector_baseISt4pairINSt7__cxx1112basic_stringIcSt11char_traitsIcESaIcEEEiESaIS7_EE13_M_deallocateEPS7_m
FNA:10,0,_ZNSt12_Vector_baseISt5tupleIJNSt7__cxx1112basic_stringIcSt11char_traitsIcESaIcEEEiS6_EESaIS7_EE13_M_deallocateEPS7_m
FNL:11,504,514
FNA:11,0,_ZNSt6vectorINSt7__cxx1112basic_stringIcSt11char_traitsIcESaIcEEESaIS5_EE11_S_relocateEPS5_S8_S8_RS6_
FNA:11,0,_ZNSt6vectorISt4pairINSt7__cxx1112basic_stringIcSt11char_traitsIcESaIcEEEiESaIS7_EE11_S_relocateEPS7_SA_SA_RS8_
FNA:11,0,_ZNSt6vectorISt5tupleIJNSt7__cxx1112basic_stringIcSt11char_traitsIcESaIcEEEiS6_EESaIS7_EE11_S_relocateEPS7_SA_SA_RS8_
FNL:12,733,738
FNA:12,0,_ZNSt6vectorINSt7__cxx1112basic_stringIcSt11char_traitsIcESaIcEEESaIS5_EED2Ev
FNA:12,0,_ZNSt6vectorISt4pairINSt7__cxx1112basic_stringIcSt11char_traitsIcESaIcEEEiESaIS7_EED2Ev
FNA:12,0,_ZNSt6vectorISt5tupleIJNSt7__cxx1112basic_stringIcSt11char_traitsIcESaIcEEEiS6_EESaIS7_EED2Ev
FNL:13,873,874
FNA:13,0,_ZNSt6vectorINSt7__cxx1112basic_stringIcSt11char_traitsIcESaIcEEESaIS5_EE5beginEv
FNA:13,0,_ZNSt6vectorISt4pairINSt7__cxx1112basic_stringIcSt11char_traitsIcESaIcEEEiESaIS7_EE5beginEv
FNA:13,0,_ZNSt6vectorISt5tupleIJNSt7__cxx1112basic_stringIcSt11char_traitsIcESaIcEEEiS6_EESaIS7_EE5beginEv
FNL:14,893,894
FNA:14,0,_ZNSt6vectorINSt7__cxx1112basic_stringIcSt11char_traitsIcESaIcEEESaIS5_EE3endEv
FNA:14,0,_ZNSt6vectorISt4pairINSt7__cxx1112basic_stringIcSt11char_traitsIcESaIcEEEiESaIS7_EE3endEv
FNA:14,0,_ZNSt6vectorISt5tupleIJNSt7__cxx1112basic_stringIcSt11char_traitsIcESaIcEEEiS6_EESaIS7_EE3endEv
FNL:15,992,993
FNA:15,0,_ZNKSt6vectorINSt7__cxx1112basic_stringIcSt11char_traitsIcESaIcEEESaIS5_EE4sizeEv
FNA:15,0,_ZNKSt6vectorISt4pairINSt7__cxx1112basic_stringIcSt11char_traitsIcESaIcEEEiESaIS7_EE4sizeEv
FNA:15,0,_ZNKSt6vectorISt5tupleIJNSt7__cxx1112basic_stringIcSt11char_traitsIcESaIcEEEiS6_EESaIS7_EE4sizeEv
FNL:16,998,999
FNA:16,0,_ZNKSt6vectorINSt7__cxx1112basic_stringIcSt11char_traitsIcESaIcEEESaIS5_EE8max_sizeEv
FNA:16,0,_ZNKSt6vectorISt4pairINSt7__cxx1112basic_stringIcSt11char_traitsIcESaIcEEEiESaIS7_EE8max_sizeEv
FNA:16,0,_ZNKSt6vectorISt5tupleIJNSt7__cxx1112basic_stringIcSt11char_traitsIcESaIcEEEiS6_EESaIS7_EE8max_sizeEv
FNF:17
FNH:0
DA:300,0
DA:301,0
DA:305,0
DA:306,0
DA:366,0
DA:368,0
DA:369,0
DA:370,0
DA:377,0
DA:380,0
DA:385,0
DA:388,0
DA:389,0
DA:390,0
DA:504,0
DA:509,0
DA:733,0
DA:735,0
DA:736,0
DA:738,0
DA:873,0
DA:874,0
DA:893,0
DA:894,0
DA:992,0
DA:993,0
DA:998,0
DA:999,0
DA:1128,0
DA:1131,0
DA:1235,0
DA:1238,0
DA:1283,0
DA:1285,0
DA:1288,0
DA:1290,0
DA:1294,0
DA:1295,0
DA:1300,0
DA:1301,0
DA:1906,0
DA:1908,0
DA:1909,0
DA:1911,0
DA:1912,0
DA:1926,0
DA:1931,0
DA:1933,0
DA:1934,0
LF:49
LH:0
end_of_record
TN:
SF:/usr/include/c++/14/bits/unordered_map.h
FNL:0,148,148
FNA:0,0,_ZNSt13unordered_mapINSt7__cxx1112basic_stringIcSt11char_traitsIcESaIcEEES5_St4hashIS5_ESt8equal_toIS5_ESaISt4pairIKS5_S5_EEEC2Ev
FNA:0,0,_ZNSt13unordered_mapINSt7__cxx1112basic_stringIcSt11char_traitsIcESaIcEEES_IiiSt4hashIiESt8equal_toIiESaISt4pairIKiiEEES6_IS5_ES8_IS5_ESaISA_IKS5_SE_EEEC2Ev
FNA:0,0,_ZNSt13unordered_mapINSt7__cxx1112basic_stringIcSt11char_traitsIcESaIcEEEiSt4hashIS5_ESt8equal_toIS5_ESaISt4pairIKS5_iEEEC2Ev
FNA:0,0,_ZNSt13unordered_mapIiiSt4hashIiESt8equal_toIiESaISt4pairIKiiEEEC2Ev
FNL:1,332,333
FNA:1,0,_ZNSt13unordered_mapINSt7__cxx1112basic_stringIcSt11char_traitsIcESaIcEEEiSt4hashIS5_ESt8equal_toIS5_ESaISt4pairIKS5_iEEE5beginEv
FNA:1,0,_ZNSt13unordered_mapIiiSt4hashIiESt8equal_toIiESaISt4pairIKiiEEE5beginEv
FNL:2,354,355
FNA:2,0,_ZNSt13unordered_mapINSt7__cxx1112basic_stringIcSt11char_traitsIcESaIcEEES5_St4hashIS5_ESt8equal_toIS5_ESaISt4pairIKS5_S5_EEE3endEv
FNA:2,0,_ZNSt13unordered_mapINSt7__cxx1112basic_stringIcSt11char_traitsIcESaIcEEEiSt4hashIS5_ESt8equal_toIS5_ESaISt4pairIKS5_iEEE3endEv
FNA:2,0,_ZNSt13unordered_mapIiiSt4hashIiESt8equal_toIiESaISt4pairIKiiEEE3endEv
FNL:3,770,771
FNA:3,0,_ZNSt13unordered_mapINSt7__cxx1112basic_stringIcSt11char_traitsIcESaIcEEES5_St4hashIS5_ESt8equal_toIS5_ESaISt4pairIKS5_S5_EEE5eraseERSB_
FNL:4,876,877
FNA:4,0,_ZNSt13unordered_mapINSt7__cxx1112basic_stringIcSt11char_traitsIcESaIcEEES5_St4hashIS5_ESt8equal_toIS5_ESaISt4pairIKS5_S5_EEE4findERSB_
FNL:5,987,988
FNA:5,0,_ZNSt13unordered_mapINSt7__cxx1112basic_stringIcSt11char_traitsIcESaIcEEES5_St4hashIS5_ESt8equal_toIS5_ESaISt4pairIKS5_S5_EEEixERSB_
FNA:5,0,_ZNSt13unordered_mapINSt7__cxx1112basic_stringIcSt11char_traitsIcESaIcEEES_IiiSt4hashIiESt8equal_toIiESaISt4pairIKiiEEES6_IS5_ES8_IS5_ESaISA_IKS5_SE_EEEixERSH_
FNA:5,0,_ZNSt13unordered_mapINSt7__cxx1112basic_stringIcSt11char_traitsIcESaIcEEEiSt4hashIS5_ESt8equal_toIS5_ESaISt4pairIKS5_iEEEixERSB_
FNA:5,0,_ZNSt13unordered_mapIiiSt4hashIiESt8equal_toIiESaISt4pairIKiiEEEixERS5_
FNF:6
FNH:0
DA:148,0
DA:332,0
DA:333,0
DA:354,0
DA:355,0
DA:770,0
DA:771,0
DA:876,0
DA:877,0
DA:987,0
DA:988,0
LF:11
LH:0
end_of_record
TN:
SF:/usr/include/c++/14/bits/vector.tcc
FNL:0,111,127
FNA:0,0,_ZNSt6vectorISt4pairINSt7__cxx1112basic_stringIcSt11char_traitsIcESaIcEEEiESaIS7_EE12emplace_backIJS7_EEERS7_DpOT_
FNA:0,0,_ZNSt6vectorISt5tupleIJNSt7__cxx1112basic_stringIcSt11char_traitsIcESaIcEEEiS6_EESaIS7_EE12emplace_backIJS7_EEERS7_DpOT_
FNL:1,581,695
FNA:1,0,_ZNSt6vectorINSt7__cxx1112basic_stringIcSt11char_traitsIcESaIcEEESaIS5_EE17_M_realloc_appendIJRKS5_EEEvDpOT_
FNA:1,0,_ZNSt6vectorISt4pairINSt7__cxx1112basic_stringIcSt11char_traitsIcESaIcEEEiESaIS7_EE17_M_realloc_appendIJS7_EEEvDpOT_
FNA:1,0,_ZNSt6vectorISt5tupleIJNSt7__cxx1112basic_stringIcSt11char_traitsIcESaIcEEEiS6_EESaIS7_EE17_M_realloc_appendIJS7_EEEvDpOT_
FNL:2,607,609
FNA:2,0,_ZZNSt6vectorINSt7__cxx1112basic_stringIcSt11char_traitsIcESaIcEEESaIS5_EE17_M_realloc_appendIJRKS5_EEEvDpOT_EN6_GuardC2EPS5_mRS6_
FNA:2,0,_ZZNSt6vectorISt4pairINSt7__cxx1112basic_stringIcSt11char_traitsIcESaIcEEEiESaIS7_EE17_M_realloc_appendIJS7_EEEvDpOT_EN6_GuardC2EPS7_mRS8_
FNA:2,0,_ZZNSt6vectorISt5tupleIJNSt7__cxx1112basic_stringIcSt11char_traitsIcESaIcEEEiS6_EESaIS7_EE17_M_realloc_appendIJS7_EEEvDpOT_EN6_GuardC2EPS7_mRS8_
FNL:3,612,617
FNA:3,0,_ZZNSt6vectorINSt7__cxx1112basic_stringIcSt11char_traitsIcESaIcEEESaIS5_EE17_M_realloc_appendIJRKS5_EEEvDpOT_EN6_GuardD2Ev
FNA:3,0,_ZZNSt6vectorISt4pairINSt7__cxx1112basic_stringIcSt11char_traitsIcESaIcEEEiESaIS7_EE17_M_realloc_appendIJS7_EEEvDpOT_EN6_GuardD2Ev
FNA:3,0,_ZZNSt6vectorISt5tupleIJNSt7__cxx1112basic_stringIcSt11char_traitsIcESaIcEEEiS6_EESaIS7_EE17_M_realloc_appendIJS7_EEEvDpOT_EN6_GuardD2Ev
FNF:4
FNH:0
DA:111,0
DA:114,0
DA:117,0
DA:119,0
DA:123,0
DA:125,0
DA:581,0
DA:590,0
DA:591,0
DA:592,0
DA:593,0
DA:594,0
DA:595,0
DA:596,0
DA:597,0
DA:607,0
DA:608,0
DA:609,0
DA:612,0
DA:614,0
DA:616,0
DA:617,0
DA:624,0
DA:634,0
DA:635,0
DA:647,0
DA:648,0
DA:649,0
DA:686,0
DA:687,0
DA:688,0
DA:692,0
DA:693,0
DA:694,0
DA:695,0
LF:35
LH:0
end_of_record
TN:
SF:/usr/include/c++/14/compare
FNL:0,1224,1243
FNA:0,0,_ZNKSt8__detail10_Synth3wayclIPSt4pairINSt7__cxx1112basic_stringIcSt11char_traitsIcESaIcEEEiESA_EEDaRKT_RKT0_QrqXltfL0p_fL0p0_RNS_18__boolean_testableEXltfL0p0_fL0p_RNS_18__boolean_testableEE
FNL:1,291,292
FNA:1,0,_ZStltSt15strong_orderingNSt9__cmp_cat8__unspecE
FNF:2
FNH:0
DA:291,0
DA:292,0
DA:1224,0
DA:1233,0
LF:4
LH:0
end_of_record
TN:
SF:/usr/include/c++/14/ext/aligned_buffer.h
FNL:0,104,107
FNA:0,0,_ZN9__gnu_cxx16__aligned_bufferISt4pairIKNSt7__cxx1112basic_stringIcSt11char_traitsIcESaIcEEES7_EE7_M_addrEv
FNA:0,0,_ZN9__gnu_cxx16__aligned_bufferISt4pairIKNSt7__cxx1112basic_stringIcSt11char_traitsIcESaIcEEESt13unordered_mapIiiSt4hashIiESt8equal_toIiESaIS1_IKiiEEEEE7_M_addrEv
FNA:0,0,_ZN9__gnu_cxx16__aligned_bufferISt4pairIKNSt7__cxx1112basic_stringIcSt11char_traitsIcESaIcEEEiEE7_M_addrEv
FNA:0,0,_ZN9__gnu_cxx16__aligned_bufferISt4pairIKiiEE7_M_addrEv
FNL:1,110,113
FNA:1,0,_ZNK9__gnu_cxx16__aligned_bufferISt4pairIKNSt7__cxx1112basic_stringIcSt11char_traitsIcESaIcEEES7_EE7_M_addrEv
FNA:1,0,_ZNK9__gnu_cxx16__aligned_bufferISt4pairIKNSt7__cxx1112basic_stringIcSt11char_traitsIcESaIcEEESt13unordered_mapIiiSt4hashIiESt8equal_toIiESaIS1_IKiiEEEEE7_M_addrEv
FNA:1,0,_ZNK9__gnu_cxx16__aligned_bufferISt4pairIKNSt7__cxx1112basic_stringIcSt11char_traitsIcESaIcEEEiEE7_M_addrEv
FNA:1,0,_ZNK9__gnu_cxx16__aligned_bufferISt4pairIKiiEE7_M_addrEv
FNL:2,116,117
FNA:2,0,_ZN9__gnu_cxx16__aligned_bufferISt4pairIKNSt7__cxx1112basic_stringIcSt11char_traitsIcESaIcEEES7_EE6_M_ptrEv
FNA:2,0,_ZN9__gnu_cxx16__aligned_bufferISt4pairIKNSt7__cxx1112basic_stringIcSt11char_traitsIcESaIcEEESt13unordered_mapIiiSt4hashIiESt8equal_toIiESaIS1_IKiiEEEEE6_M_ptrEv
FNA:2,0,_ZN9__gnu_cxx16__aligned_bufferISt4pairIKNSt7__cxx1112basic_stringIcSt11char_traitsIcESaIcEEEiEE6_M_ptrEv
FNA:2,0,_ZN9__gnu_cxx16__aligned_bufferISt4pairIKiiEE6_M_ptrEv
FNL:3,120,121
FNA:3,0,_ZNK9__gnu_cxx16__aligned_bufferISt4pairIKNSt7__cxx1112basic_stringIcSt11char_traitsIcESaIcEEES7_EE6_M_ptrEv
FNA:3,0,_ZNK9__gnu_cxx16__aligned_bufferISt4pairIKNSt7__cxx1112basic_stringIcSt11char_traitsIcESaIcEEESt13unordered_mapIiiSt4hashIiESt8equal_toIiESaIS1_IKiiEEEEE6_M_ptrEv
FNA:3,0,_ZNK9__gnu_cxx16__aligned_bufferISt4pairIKNSt7__cxx1112basic_stringIcSt11char_traitsIcESaIcEEEiEE6_M_ptrEv
FNA:3,0,_ZNK9__gnu_cxx16__aligned_bufferISt4pairIKiiEE6_M_ptrEv
FNF:4
FNH:0
DA:104,0
DA:106,0
DA:110,0
DA:112,0
DA:116,0
DA:117,0
DA:120,0
DA:121,0
LF:8
LH:0
end_of_record
TN:
SF:/usr/include/c++/14/ext/alloc_traits.h
FNF:0
FNH:0
DA:98,0
DA:102,0
DA:106,0
DA:110,0
DA:118,0
LF:5
LH:0
end_of_record
TN:
SF:/usr/include/c++/14/ext/string_conversions.h
FNL:0,56,96
FNA:0,0,_ZN9__gnu_cxx6__stoaIlicJiEEET0_PFT_PKT1_PPS3_DpT2_EPKcS5_PmS9_
FNL:1,65,65
FNA:1,0,_ZZN9__gnu_cxx6__stoaIlicJiEEET0_PFT_PKT1_PPS3_DpT2_EPKcS5_PmS9_EN11_Save_errnoC2Ev
FNL:2,66,66
FNA:2,0,_ZZN9__gnu_cxx6__stoaIlicJiEEET0_PFT_PKT1_PPS3_DpT2_EPKcS5_PmS9_EN11_Save_errnoD2Ev
FNL:3,75,79
FNA:3,0,_ZZN9__gnu_cxx6__stoaIlicJiEEET0_PFT_PKT1_PPS3_DpT2_EPKcS5_PmS9_EN10_Range_chk6_S_chkElSt17integral_constantIbLb1EE
FNF:4
FNH:0
DA:56,0
DA:65,0
DA:66,0
DA:68,0
DA:75,0
DA:78,0
DA:82,0
DA:84,0
DA:85,0
DA:86,0
DA:87,0
DA:88,0
DA:90,0
DA:92,0
DA:93,0
DA:95,0
DA:96,0
LF:17
LH:0
end_of_record
TN:
SF:/usr/include/c++/14/new
FNL:0,179,180
FNA:0,0,_ZnwmPv
FNL:1,185,185
FNA:1,0,_ZdlPvS_
FNF:2
FNH:0
DA:179,0
DA:180,0
DA:185,0
LF:3
LH:0
end_of_record
TN:
SF:/usr/include/c++/14/tuple
FNL:0,201,202
FNA:0,0,_ZNSt10_Head_baseILm0ERKNSt7__cxx1112basic_stringIcSt11char_traitsIcESaIcEEELb0EEC2ES7_
FNA:0,0,_ZNSt10_Head_baseILm0ERKiLb0EEC2ES1_
FNL:1,205,205
FNA:1,0,_ZNSt10_Head_baseILm0ENSt7__cxx1112basic_stringIcSt11char_traitsIcESaIcEEELb0EEC2EOS6_
FNA:1,0,_ZNSt10_Head_baseILm2ENSt7__cxx1112basic_stringIcSt11char_traitsIcESaIcEEELb0EEC2EOS6_
FNL:2,208,209
FNA:2,0,_ZNSt10_Head_baseILm0ENSt7__cxx1112basic_stringIcSt11char_traitsIcESaIcEEELb0EEC2IRS5_EEOT_
FNA:2,0,_ZNSt10_Head_baseILm1EiLb0EEC2IRiEEOT_
FNA:2,0,_ZNSt10_Head_baseILm2ENSt7__cxx1112basic_stringIcSt11char_traitsIcESaIcEEELb0EEC2IRS5_EEOT_
FNL:3,242,242
FNA:3,0,_ZNSt10_Head_baseILm0ENSt7__cxx1112basic_stringIcSt11char_traitsIcESaIcEEELb0EE7_M_headERS6_
FNA:3,0,_ZNSt10_Head_baseILm0ERKNSt7__cxx1112basic_stringIcSt11char_traitsIcESaIcEEELb0EE7_M_headERS8_
FNA:3,0,_ZNSt10_Head_baseILm0ERKiLb0EE7_M_headERS2_
FNA:3,0,_ZNSt10_Head_baseILm1EiLb0EE7_M_headERS0_
FNA:3,0,_ZNSt10_Head_baseILm2ENSt7__cxx1112basic_stringIcSt11char_traitsIcESaIcEEELb0EE7_M_headERS6_
FNL:4,2427,2428
FNA:4,0,_ZSt12__get_helperILm0ENSt7__cxx1112basic_stringIcSt11char_traitsIcESaIcEEEJiS5_EERT0_RSt11_Tuple_implIXT_EJS6_DpT1_EE
FNA:4,0,_ZSt12__get_helperILm0ERKNSt7__cxx1112basic_stringIcSt11char_traitsIcESaIcEEEJEERT0_RSt11_Tuple_implIXT_EJS8_DpT1_EE
FNA:4,0,_ZSt12__get_helperILm0ERKiJEERT0_RSt11_Tuple_implIXT_EJS2_DpT1_EE
FNA:4,0,_ZSt12__get_helperILm1EiJNSt7__cxx1112basic_stringIcSt11char_traitsIcESaIcEEEEERT0_RSt11_Tuple_implIXT_EJS6_DpT1_EE
FNA:4,0,_ZSt12__get_helperILm2ENSt7__cxx1112basic_stringIcSt11char_traitsIcESaIcEEEJEERT0_RSt11_Tuple_implIXT_EJS6_DpT1_EE
FNL:5,2443,2444
FNA:5,0,_ZSt3getILm0EJNSt7__cxx1112basic_stringIcSt11char_traitsIcESaIcEEEiS5_EERNSt13tuple_elementIXT_ESt5tupleIJDpT0_EEE4typeERSA_
FNA:5,0,_ZSt3getILm0EJRKNSt7__cxx1112basic_stringIcSt11char_traitsIcESaIcEEEEERNSt13tuple_elementIXT_ESt5tupleIJDpT0_EEE4typeERSC_
FNA:5,0,_ZSt3getILm0EJRKiEERNSt13tuple_elementIXT_ESt5tupleIJDpT0_EEE4typeERS6_
FNA:5,0,_ZSt3getILm1EJNSt7__cxx1112basic_stringIcSt11char_traitsIcESaIcEEEiS5_EERNSt13tuple_elementIXT_ESt5tupleIJDpT0_EEE4typeERSA_
FNA:5,0,_ZSt3getILm2EJNSt7__cxx1112basic_stringIcSt11char_traitsIcESaIcEEEiS5_EERNSt13tuple_elementIXT_ESt5tupleIJDpT0_EEE4typeERSA_
FNL:6,2872,2878
FNA:6,0,_ZNSt4pairIKNSt7__cxx1112basic_stringIcSt11char_traitsIcESaIcEEES5_EC2IJRS6_EJEEESt21piecewise_construct_tSt5tupleIJDpT_EESB_IJDpT0_EE
FNA:6,0,_ZNSt4pairIKNSt7__cxx1112basic_stringIcSt11char_traitsIcESaIcEEESt13unordered_mapIiiSt4hashIiESt8equal_toIiESaIS_IKiiEEEEC2IJRS6_EJEEESt21piecewise_construct_tSt5tupleIJDpT_EESK_IJDpT0_EE
FNA:6,0,_ZNSt4pairIKNSt7__cxx1112basic_stringIcSt11char_traitsIcESaIcEEEiEC2IJRS6_EJEEESt21piecewise_construct_tSt5tupleIJDpT_EESB_IJDpT0_EE
FNA:6,0,_ZNSt4pairIKiiEC2IJRS0_EJEEESt21piecewise_construct_tSt5tupleIJDpT_EES5_IJDpT0_EE
FNL:7,2884,2889
FNA:7,0,_ZNSt4pairIKNSt7__cxx1112basic_stringIcSt11char_traitsIcESaIcEEES5_EC2IJRS6_EJLm0EEJEJEEERSt5tupleIJDpT_EERSA_IJDpT1_EESt12_Index_tupleIJXspT0_EEESJ_IJXspT2_EEE
FNA:7,0,_ZNSt4pairIKNSt7__cxx1112basic_stringIcSt11char_traitsIcESaIcEEESt13unordered_mapIiiSt4hashIiESt8equal_toIiESaIS_IKiiEEEEC2IJRS6_EJLm0EEJEJEEERSt5tupleIJDpT_EERSJ_IJDpT1_EESt12_Index_tupleIJXspT0_EEESS_IJXspT2_EEE
FNA:7,0,_ZNSt4pairIKNSt7__cxx1112basic_stringIcSt11char_traitsIcESaIcEEEiEC2IJRS6_EJLm0EEJEJEEERSt5tupleIJDpT_EERSA_IJDpT1_EESt12_Index_tupleIJXspT0_EEESJ_IJXspT2_EEE
FNA:7,0,_ZNSt4pairIKiiEC2IJRS0_EJLm0EEJEJEEERSt5tupleIJDpT_EERS4_IJDpT1_EESt12_Index_tupleIJXspT0_EEESD_IJXspT2_EEE
FNL:8,293,293
FNA:8,0,_ZNSt11_Tuple_implILm0EJNSt7__cxx1112basic_stringIcSt11char_traitsIcESaIcEEEiS5_EE7_M_headERS6_
FNA:8,0,_ZNSt11_Tuple_implILm1EJiNSt7__cxx1112basic_stringIcSt11char_traitsIcESaIcEEEEE7_M_headERS6_
FNL:9,315,318
FNA:9,0,_ZNSt11_Tuple_implILm0EJNSt7__cxx1112basic_stringIcSt11char_traitsIcESaIcEEEiS5_EEC2IRS5_JRiS8_EvEEOT_DpOT0_
FNA:9,0,_ZNSt11_Tuple_implILm1EJiNSt7__cxx1112basic_stringIcSt11char_traitsIcESaIcEEEEEC2IRiJRS5_EvEEOT_DpOT0_
FNL:10,326,326
FNA:10,0,_ZNSt11_Tuple_implILm0EJNSt7__cxx1112basic_stringIcSt11char_traitsIcESaIcEEEiS5_EEC2EOS6_
FNA:10,0,_ZNSt11_Tuple_implILm1EJiNSt7__cxx1112basic_stringIcSt11char_traitsIcESaIcEEEEEC2EOS6_
FNL:11,556,556
FNA:11,0,_ZNSt11_Tuple_implILm0EJRKNSt7__cxx1112basic_stringIcSt11char_traitsIcESaIcEEEEE7_M_headERS8_
FNA:11,0,_ZNSt11_Tuple_implILm0EJRKiEE7_M_headERS2_
FNA:11,0,_ZNSt11_Tuple_implILm2EJNSt7__cxx1112basic_stringIcSt11char_traitsIcESaIcEEEEE7_M_headERS6_
FNL:12,566,568
FNA:12,0,_ZNSt11_Tuple_implILm0EJRKNSt7__cxx1112basic_stringIcSt11char_traitsIcESaIcEEEEEC2ES7_
FNA:12,0,_ZNSt11_Tuple_implILm0EJRKiEEC2ES1_
FNL:13,572,574
FNA:13,0,_ZNSt11_Tuple_implILm2EJNSt7__cxx1112basic_stringIcSt11char_traitsIcESaIcEEEEEC2IRS5_EEOT_
FNL:14,586,589
FNA:14,0,_ZNSt11_Tuple_implILm0EJRKNSt7__cxx1112basic_stringIcSt11char_traitsIcESaIcEEEEEC2EOS8_
FNA:14,0,_ZNSt11_Tuple_implILm0EJRKiEEC2EOS2_
FNA:14,0,_ZNSt11_Tuple_implILm2EJNSt7__cxx1112basic_stringIcSt11char_traitsIcESaIcEEEEEC2EOS6_
FNL:15,971,975
FNA:15,0,_ZNSt5tupleIJRKNSt7__cxx1112basic_stringIcSt11char_traitsIcESaIcEEEEEC2ES7_Qcl15__constructibleIDpRKT_EE
FNA:15,0,_ZNSt5tupleIJRKiEEC2ES1_Qcl15__constructibleIDpRKT_EE
FNL:16,982,985
FNA:16,0,_ZNSt5tupleIJNSt7__cxx1112basic_stringIcSt11char_traitsIcESaIcEEEiS5_EEC2IJRS5_RiS8_EEEDpOT_
FNL:17,995,995
FNA:17,0,_ZNSt5tupleIJNSt7__cxx1112basic_stringIcSt11char_traitsIcESaIcEEEiS5_EEC2EOS6_
FNA:17,0,_ZNSt5tupleIJRKNSt7__cxx1112basic_stringIcSt11char_traitsIcESaIcEEEEEC2EOS8_
FNA:17,0,_ZNSt5tupleIJRKiEEC2EOS2_
FNF:18
FNH:0
DA:201,0
DA:202,0
DA:205,0
DA:208,0
DA:209,0
DA:242,0
DA:293,0
DA:315,0
DA:317,0
DA:318,0
DA:326,0
DA:556,0
DA:566,0
DA:567,0
DA:568,0
DA:572,0
DA:573,0
DA:574,0
DA:586,0
DA:588,0
DA:589,0
DA:971,0
DA:974,0
DA:975,0
DA:982,0
DA:984,0
DA:985,0
DA:995,0
DA:2427,0
DA:2428,0
DA:2443,0
DA:2444,0
DA:2872,0
DA:2877,0
DA:2878,0
DA:2884,0
DA:2887,0
DA:2888,0
DA:2889,0
LF:39
LH:0
end_of_record
TN:
SF:/usr/include/c++/14/type_traits
FNL:0,3832,3839
FNA:0,0,_ZSt21is_constant_evaluatedv
FNF:1
FNH:0
DA:3832,0
DA:3835,0
LF:2
LH:0
end_of_record
TN:
SF:/usr/include/c++/14/x86_64-redhat-linux/bits/c++config.h
FNF:0
FNH:0
DA:2394,0
LF:1
LH:0
end_of_record
