<?xml version="1.0" encoding="UTF-8"?>
<Site BuildName="(empty)"
	BuildStamp="20250327-0622-Experimental"
	Name="(empty)"
	Generator="ctest-3.30.8"
	CompilerName=""
	CompilerVersion=""
	OSName="Linux"
	Hostname="gigachad-linux"
	OSRelease="6.13.8-200.fc41.x86_64"
	OSVersion="#1 SMP PREEMPT_DYNAMIC Sun Mar 23 05:03:09 UTC 2025"
	OSPlatform="x86_64"
	Is64Bits="1"
	VendorString="AuthenticAMD"
	VendorID="Advanced Micro Devices"
	FamilyID="25"
	ModelID="80"
	ProcessorCacheSize="512"
	NumberOfLogicalCPU="12"
	NumberOfPhysicalCPU="6"
	TotalVirtualMemory="8191"
	TotalPhysicalMemory="13812"
	LogicalProcessorsPerPhysical="2"
	ProcessorClockFrequency="3901"
	>
	<Testing>
		<StartDateTime>Mar 27 18:20 KST</StartDateTime>
		<StartTestTime>1743067225</StartTestTime>
		<TestList/>
		<EndDateTime>Mar 27 18:20 KST</EndDateTime>
		<EndTestTime>1743067225</EndTestTime>
		<ElapsedMinutes>0</ElapsedMinutes>
	</Testing>
</Site>
