TN:
SF:/home/monika/Documents/problems/19699번： 소-난다!/main.cpp
FNL:0,20,36
FNA:0,51,_Z3dfsiiiiiRKSt6vectorIiSaIiEERSt3setIiSt4lessIiES0_E
FNL:1,38,66
FNA:1,1,main
FNL:2,7,18
FNA:2,10,_Z7isPrimei
FNF:3
FNH:3
DA:7,10
DA:9,10
DA:10,0
DA:11,25
DA:13,20
DA:14,5
DA:17,5
DA:20,51
DA:22,51
DA:24,10
DA:26,5
DA:28,10
DA:31,41
DA:32,16
DA:34,25
DA:35,25
DA:38,1
DA:40,1
DA:41,1
DA:44,1
DA:45,1
DA:46,6
DA:48,5
DA:51,1
DA:52,1
DA:54,1
DA:56,0
DA:60,5
DA:61,4
DA:62,1
DA:65,1
DA:66,1
LF:32
LH:30
end_of_record
TN:
SF:/usr/include/c++/14/bits/alloc_traits.h
FNF:0
FNH:0
DA:515,5
DA:550,5
DA:577,4
DA:581,4
DA:599,4
DA:601,4
DA:993,1
DA:994,1
LF:8
LH:8
end_of_record
TN:
SF:/usr/include/c++/14/bits/allocator.h
FNF:0
FNH:0
DA:161,2
DA:166,2
DA:182,2
DA:189,5
DA:191,0
DA:192,0
DA:193,0
DA:196,5
DA:203,5
DA:205,0
DA:206,0
DA:208,5
LF:12
LH:7
end_of_record
TN:
SF:/usr/include/c++/14/bits/move.h
FNL:0,51,52
FNA:0,1,_ZSt11__addressofIiEPT_RS0_
FNL:1,71,72
FNA:1,28,_ZSt7forwardIRKiEOT_RNSt16remove_referenceIS2_E4typeE
FNA:1,4,_ZSt7forwardIRPSt13_Rb_tree_nodeIiEEOT_RNSt16remove_referenceIS4_E4typeE
FNA:1,4,_ZSt7forwardIRPSt18_Rb_tree_node_baseEOT_RNSt16remove_referenceIS3_E4typeE
FNA:1,5,_ZSt7forwardIRSt17_Rb_tree_iteratorIiEEOT_RNSt16remove_referenceIS3_E4typeE
FNA:1,5,_ZSt7forwardIRbEOT_RNSt16remove_referenceIS1_E4typeE
FNA:1,5,_ZSt7forwardISt17_Rb_tree_iteratorIiEEOT_RNSt16remove_referenceIS2_E4typeE
FNA:1,5,_ZSt7forwardIbEOT_RNSt16remove_referenceIS0_E4typeE
FNF:2
FNH:2
DA:51,1
DA:52,1
DA:71,56
DA:72,56
LF:4
LH:4
end_of_record
TN:
SF:/usr/include/c++/14/bits/new_allocator.h
FNL:0,126,152
FNA:0,4,_ZNSt15__new_allocatorISt13_Rb_tree_nodeIiEE8allocateEmPKv
FNA:0,1,_ZNSt15__new_allocatorIiE8allocateEmPKv
FNL:1,156,173
FNA:1,4,_ZNSt15__new_allocatorISt13_Rb_tree_nodeIiEE10deallocateEPS1_m
FNA:1,1,_ZNSt15__new_allocatorIiE10deallocateEPim
FNF:2
FNH:2
DA:88,2
DA:92,2
DA:126,5
DA:134,5
DA:138,0
DA:139,0
DA:140,0
DA:151,5
DA:156,5
DA:172,5
DA:233,5
LF:11
LH:8
end_of_record
TN:
SF:/usr/include/c++/14/bits/stl_algobase.h
FNL:0,1040,1040
FNA:0,1,_ZSt17__size_to_integerm
FNL:1,1140,1153
FNA:1,1,_ZSt10__fill_n_aIPimiET_S1_T0_RKT1_St26random_access_iterator_tag
FNL:2,1175,1182
FNA:2,1,_ZSt6fill_nIPimiET_S1_T0_RKT1_
FNL:3,233,241
FNA:3,1,_ZSt3minImERKT_S2_S2_
FNL:4,947,953
FNA:4,1,_ZSt9__fill_a1IPiiEN9__gnu_cxx11__enable_ifIXsrSt11__is_scalarIT0_E7__valueEvE6__typeET_S8_RKS4_
FNL:5,997,998
FNA:5,1,_ZSt8__fill_aIPiiEvT_S1_RKT0_
FNF:6
FNH:6
DA:233,1
DA:238,1
DA:239,0
DA:240,1
DA:947,1
DA:950,1
DA:951,5
DA:952,4
DA:953,1
DA:997,1
DA:998,1
DA:1040,1
DA:1140,1
DA:1146,1
DA:1147,0
DA:1151,1
DA:1152,1
DA:1175,1
DA:1180,1
DA:1181,2
LF:20
LH:18
end_of_record
TN:
SF:/usr/include/c++/14/bits/stl_construct.h
FNL:0,109,120
FNA:0,1,_ZSt10_ConstructIiJEEvPT_DpOT0_
FNL:1,146,153
FNA:1,0,_ZSt8_DestroyIiEvPT_
FNL:2,160,164
FNA:2,0,_ZNSt12_Destroy_auxILb0EE9__destroyIPiEEvT_S3_
FNL:3,172,172
FNA:3,1,_ZNSt12_Destroy_auxILb1EE9__destroyIPiEEvT_S3_
FNL:4,182,197
FNA:4,1,_ZSt8_DestroyIPiEvT_S1_
FNL:5,80,89
FNA:5,4,_ZSt10destroy_atIiEvPT_
FNL:6,94,97
FNA:6,0,_ZSt12construct_atIiJEEDTgsnwcvPvLi0E_T_pispcl7declvalIT0_EEEEPS1_DpOS2_
FNA:6,4,_ZSt12construct_atIiJRKiEEDTgsnwcvPvLi0E_T_pispcl7declvalIT0_EEEEPS3_DpOS4_
FNF:7
FNH:5
DA:80,4
DA:88,4
DA:89,4
DA:94,4
DA:97,4
DA:109,1
DA:112,1
DA:115,0
DA:116,0
DA:119,1
DA:146,0
DA:149,0
DA:153,0
DA:160,0
DA:162,0
DA:163,0
DA:164,0
DA:172,1
DA:182,1
DA:192,1
DA:193,0
DA:196,1
LF:22
LH:12
end_of_record
TN:
SF:/usr/include/c++/14/bits/stl_function.h
FNL:0,1163,1164
FNA:0,22,_ZNKSt9_IdentityIiEclERKi
FNL:1,404,405
FNA:1,14,_ZNKSt4lessIiEclERKiS2_
FNF:2
FNH:2
DA:404,14
DA:405,14
DA:1163,22
DA:1164,22
LF:4
LH:4
end_of_record
TN:
SF:/usr/include/c++/14/bits/stl_iterator_base_types.h
FNF:0
FNH:0
DA:240,1
LF:1
LH:1
end_of_record
TN:
SF:/usr/include/c++/14/bits/stl_pair.h
FNL:0,428,432
FNA:0,1,_ZNSt4pairIPSt18_Rb_tree_node_baseS1_EC2ERKS1_S4_Qcl16_S_constructibleIRKT_RKT0_EE
FNL:1,442,445
FNA:1,4,_ZNSt4pairIPSt18_Rb_tree_node_baseS1_EC2IRPSt13_Rb_tree_nodeIiERS1_EEOT_OT0_
FNA:1,5,_ZNSt4pairISt17_Rb_tree_iteratorIiEbEC2IS1_bEEOT_OT0_
FNA:1,5,_ZNSt4pairISt23_Rb_tree_const_iteratorIiEbEC2IRSt17_Rb_tree_iteratorIiERbEEOT_OT0_
FNF:2
FNH:2
DA:428,1
DA:431,1
DA:432,1
DA:442,14
DA:444,14
DA:445,14
LF:6
LH:6
end_of_record
TN:
SF:/usr/include/c++/14/bits/stl_set.h
FNL:0,169,169
FNA:0,1,_ZNSt3setIiSt4lessIiESaIiEEC2Ev
FNL:1,283,283
FNA:1,1,_ZNSt3setIiSt4lessIiESaIiEED2Ev
FNL:2,346,347
FNA:2,1,_ZNKSt3setIiSt4lessIiESaIiEE5beginEv
FNL:3,355,356
FNA:3,1,_ZNKSt3setIiSt4lessIiESaIiEE3endEv
FNL:4,416,417
FNA:4,1,_ZNKSt3setIiSt4lessIiESaIiEE5emptyEv
FNL:5,511,516
FNA:5,5,_ZNSt3setIiSt4lessIiESaIiEE6insertERKi
FNF:6
FNH:6
DA:169,1
DA:283,1
DA:346,1
DA:347,1
DA:355,1
DA:356,1
DA:416,1
DA:417,1
DA:511,5
DA:514,5
DA:515,5
LF:11
LH:11
end_of_record
TN:
SF:/usr/include/c++/14/bits/stl_tree.h
FNL:0,1005,1006
FNA:0,1,_ZNKSt8_Rb_treeIiiSt9_IdentityIiESt4lessIiESaIiEE3endEv
FNL:1,1025,1026
FNA:1,1,_ZNKSt8_Rb_treeIiiSt9_IdentityIiESt4lessIiESaIiEE5emptyEv
FNL:2,142,146
FNA:2,1,_ZNSt20_Rb_tree_key_compareISt4lessIiEEC2Ev
FNL:3,169,173
FNA:3,1,_ZNSt15_Rb_tree_headerC2Ev
FNL:4,1814,1833
FNA:4,4,_ZNSt8_Rb_treeIiiSt9_IdentityIiESt4lessIiESaIiEE10_M_insert_IRKiNS5_11_Alloc_nodeEEESt17_Rb_tree_iteratorIiEPSt18_Rb_tree_node_baseSD_OT_RT0_
FNL:5,1926,1937
FNA:5,5,_ZNSt8_Rb_treeIiiSt9_IdentityIiESt4lessIiESaIiEE8_M_eraseEPSt13_Rb_tree_nodeIiE
FNL:6,202,208
FNA:6,1,_ZNSt15_Rb_tree_header8_M_resetEv
FNL:7,2104,2128
FNA:7,5,_ZNSt8_Rb_treeIiiSt9_IdentityIiESt4lessIiESaIiEE24_M_get_insert_unique_posERKi
FNL:8,2158,2178
FNA:8,5,_ZNSt8_Rb_treeIiiSt9_IdentityIiESt4lessIiESaIiEE16_M_insert_uniqueIRKiEESt4pairISt17_Rb_tree_iteratorIiEbEOT_
FNL:9,230,231
FNA:9,8,_ZNSt13_Rb_tree_nodeIiE9_M_valptrEv
FNL:10,234,235
FNA:10,18,_ZNKSt13_Rb_tree_nodeIiE9_M_valptrEv
FNL:11,269,270
FNA:11,12,_ZNSt17_Rb_tree_iteratorIiEC2EPSt18_Rb_tree_node_base
FNL:12,296,300
FNA:12,1,_ZNSt17_Rb_tree_iteratorIiEmmEv
FNL:13,311,312
FNA:13,2,_ZSteqRKSt17_Rb_tree_iteratorIiES2_
FNL:14,343,344
FNA:14,2,_ZNSt23_Rb_tree_const_iteratorIiEC2EPKSt18_Rb_tree_node_base
FNL:15,346,347
FNA:15,5,_ZNSt23_Rb_tree_const_iteratorIiEC2ERKSt17_Rb_tree_iteratorIiE
FNL:16,354,355
FNA:16,4,_ZNKSt23_Rb_tree_const_iteratorIiEdeEv
FNL:17,362,366
FNA:17,4,_ZNSt23_Rb_tree_const_iteratorIiEppEv
FNL:18,392,393
FNA:18,5,_ZSteqRKSt23_Rb_tree_const_iteratorIiES2_
FNL:19,521,522
FNA:19,4,_ZNSt8_Rb_treeIiiSt9_IdentityIiESt4lessIiESaIiEE11_Alloc_nodeC2ERS5_
FNL:20,526,527
FNA:20,4,_ZNKSt8_Rb_treeIiiSt9_IdentityIiESt4lessIiESaIiEE11_Alloc_nodeclIRKiEEPSt13_Rb_tree_nodeIiEOT_
FNL:21,545,546
FNA:21,16,_ZNSt8_Rb_treeIiiSt9_IdentityIiESt4lessIiESaIiEE21_M_get_Node_allocatorEv
FNL:22,558,559
FNA:22,4,_ZNSt8_Rb_treeIiiSt9_IdentityIiESt4lessIiESaIiEE11_M_get_nodeEv
FNL:23,562,563
FNA:23,4,_ZNSt8_Rb_treeIiiSt9_IdentityIiESt4lessIiESaIiEE11_M_put_nodeEPSt13_Rb_tree_nodeIiE
FNL:24,588,603
FNA:24,4,_ZNSt8_Rb_treeIiiSt9_IdentityIiESt4lessIiESaIiEE17_M_construct_nodeIJRKiEEEvPSt13_Rb_tree_nodeIiEDpOT_
FNL:25,607,612
FNA:25,4,_ZNSt8_Rb_treeIiiSt9_IdentityIiESt4lessIiESaIiEE14_M_create_nodeIJRKiEEEPSt13_Rb_tree_nodeIiEDpOT_
FNL:26,616,624
FNA:26,4,_ZNSt8_Rb_treeIiiSt9_IdentityIiESt4lessIiESaIiEE15_M_destroy_nodeEPSt13_Rb_tree_nodeIiE
FNL:27,627,631
FNA:27,4,_ZNSt8_Rb_treeIiiSt9_IdentityIiESt4lessIiESaIiEE12_M_drop_nodeEPSt13_Rb_tree_nodeIiE
FNL:28,665,670
FNA:28,1,_ZNSt8_Rb_treeIiiSt9_IdentityIiESt4lessIiESaIiEE13_Rb_tree_implIS3_Lb1EEC2Ev
FNL:29,732,733
FNA:29,6,_ZNKSt8_Rb_treeIiiSt9_IdentityIiESt4lessIiESaIiEE9_M_mbeginEv
FNL:30,736,737
FNA:30,6,_ZNSt8_Rb_treeIiiSt9_IdentityIiESt4lessIiESaIiEE8_M_beginEv
FNL:31,747,748
FNA:31,9,_ZNSt8_Rb_treeIiiSt9_IdentityIiESt4lessIiESaIiEE6_M_endEv
FNL:32,755,774
FNA:32,14,_ZNSt8_Rb_treeIiiSt9_IdentityIiESt4lessIiESaIiEE6_S_keyEPKSt13_Rb_tree_nodeIiE
FNL:33,777,778
FNA:33,5,_ZNSt8_Rb_treeIiiSt9_IdentityIiESt4lessIiESaIiEE7_S_leftEPSt18_Rb_tree_node_base
FNL:34,785,786
FNA:34,10,_ZNSt8_Rb_treeIiiSt9_IdentityIiESt4lessIiESaIiEE8_S_rightEPSt18_Rb_tree_node_base
FNL:35,793,794
FNA:35,7,_ZNSt8_Rb_treeIiiSt9_IdentityIiESt4lessIiESaIiEE6_S_keyEPKSt18_Rb_tree_node_base
FNL:36,926,926
FNA:36,1,_ZNSt8_Rb_treeIiiSt9_IdentityIiESt4lessIiESaIiEEC2Ev
FNL:37,981,982
FNA:37,1,_ZNSt8_Rb_treeIiiSt9_IdentityIiESt4lessIiESaIiEED2Ev
FNL:38,993,994
FNA:38,2,_ZNSt8_Rb_treeIiiSt9_IdentityIiESt4lessIiESaIiEE5beginEv
FNL:39,997,998
FNA:39,1,_ZNKSt8_Rb_treeIiiSt9_IdentityIiESt4lessIiESaIiEE5beginEv
FNF:40
FNH:40
DA:142,1
DA:146,1
DA:169,1
DA:170,1
DA:171,1
DA:172,1
DA:173,1
DA:202,1
DA:204,1
DA:205,1
DA:206,1
DA:207,1
DA:208,1
DA:230,8
DA:231,8
DA:234,18
DA:235,18
DA:269,12
DA:270,12
DA:296,1
DA:298,1
DA:299,1
DA:311,2
DA:312,2
DA:343,2
DA:344,2
DA:346,5
DA:347,5
DA:354,4
DA:355,4
DA:362,4
DA:364,4
DA:365,4
DA:392,5
DA:393,5
DA:521,4
DA:522,4
DA:526,4
DA:527,4
DA:545,16
DA:546,16
DA:558,4
DA:559,8
DA:562,4
DA:563,4
DA:588,4
DA:592,4
DA:593,4
DA:603,4
DA:607,4
DA:609,4
DA:610,4
DA:611,4
DA:616,4
DA:621,4
DA:622,4
DA:624,4
DA:627,4
DA:629,4
DA:630,4
DA:631,4
DA:665,1
DA:669,1
DA:670,1
DA:732,6
DA:733,6
DA:736,6
DA:737,6
DA:747,9
DA:748,9
DA:755,14
DA:773,14
DA:777,5
DA:778,5
DA:785,10
DA:786,10
DA:793,7
DA:794,7
DA:926,1
DA:981,1
DA:982,1
DA:993,2
DA:994,2
DA:997,1
DA:998,1
DA:1005,1
DA:1006,1
DA:1025,1
DA:1026,1
DA:1814,4
DA:1823,4
DA:1824,8
DA:1827,4
DA:1829,4
DA:1830,4
DA:1831,4
DA:1832,4
DA:1926,5
DA:1930,9
DA:1932,4
DA:1933,4
DA:1934,4
DA:1935,4
DA:1937,5
DA:2104,5
DA:2108,5
DA:2109,5
DA:2110,5
DA:2111,12
DA:2113,7
DA:2114,7
DA:2115,7
DA:2117,5
DA:2118,5
DA:2120,2
DA:2121,1
DA:2123,1
DA:2125,4
DA:2126,3
DA:2127,1
DA:2158,5
DA:2167,5
DA:2169,5
DA:2171,4
DA:2172,4
DA:2174,4
DA:2177,1
LF:127
LH:127
end_of_record
TN:
SF:/usr/include/c++/14/bits/stl_uninitialized.h
FNL:0,637,651
FNA:0,0,_ZNSt27__uninitialized_default_n_1ILb0EE18__uninit_default_nIPimEET_S3_T0_
FNL:1,660,671
FNA:1,1,_ZNSt27__uninitialized_default_n_1ILb1EE18__uninit_default_nIPimEET_S3_T0_
FNL:2,696,713
FNA:2,1,_ZSt25__uninitialized_default_nIPimET_S1_T0_
FNL:3,777,779
FNA:3,1,_ZSt27__uninitialized_default_n_aIPimiET_S1_T0_RSaIT1_E
FNF:4
FNH:3
DA:637,0
DA:639,0
DA:642,0
DA:643,0
DA:644,0
DA:660,1
DA:662,1
DA:665,1
DA:666,1
DA:667,1
DA:668,1
DA:670,1
DA:696,1
DA:699,1
DA:701,0
DA:707,1
DA:712,1
DA:777,1
DA:779,1
LF:19
LH:13
end_of_record
TN:
SF:/usr/include/c++/14/bits/stl_vector.h
FNL:0,1128,1132
FNA:0,5,_ZNSt6vectorIiSaIiEEixEm
FNL:1,1147,1151
FNA:1,25,_ZNKSt6vectorIiSaIiEEixEm
FNL:2,145,147
FNA:2,1,_ZNSt12_Vector_baseIiSaIiEE12_Vector_implC2ERKS0_
FNL:3,1717,1722
FNA:3,1,_ZNSt6vectorIiSaIiEE21_M_default_initializeEm
FNL:4,1917,1923
FNA:4,1,_ZNSt6vectorIiSaIiEE17_S_check_init_lenEmRKS0_
FNL:5,1926,1935
FNA:5,1,_ZNSt6vectorIiSaIiEE11_S_max_sizeERKS0_
FNL:6,300,301
FNA:6,2,_ZNSt12_Vector_baseIiSaIiEE19_M_get_Tp_allocatorEv
FNL:7,332,334
FNA:7,1,_ZNSt12_Vector_baseIiSaIiEEC2EmRKS0_
FNL:8,366,370
FNA:8,1,_ZNSt12_Vector_baseIiSaIiEED2Ev
FNL:9,377,381
FNA:9,1,_ZNSt12_Vector_baseIiSaIiEE11_M_allocateEm
FNL:10,385,390
FNA:10,1,_ZNSt12_Vector_baseIiSaIiEE13_M_deallocateEPim
FNL:11,396,401
FNA:11,1,_ZNSt12_Vector_baseIiSaIiEE17_M_create_storageEm
FNL:12,556,558
FNA:12,1,_ZNSt6vectorIiSaIiEEC2EmRKS0_
FNL:13,733,738
FNA:13,1,_ZNSt6vectorIiSaIiEED2Ev
FNL:14,98,100
FNA:14,1,_ZNSt12_Vector_baseIiSaIiEE17_Vector_impl_dataC2Ev
FNF:15
FNH:15
DA:98,1
DA:99,1
DA:100,1
DA:145,1
DA:146,1
DA:147,1
DA:300,2
DA:301,2
DA:332,1
DA:333,1
DA:334,1
DA:366,1
DA:368,1
DA:369,1
DA:370,1
DA:377,1
DA:380,2
DA:385,1
DA:388,1
DA:389,1
DA:390,1
DA:396,1
DA:398,1
DA:399,1
DA:400,1
DA:401,1
DA:556,1
DA:557,1
DA:558,1
DA:733,1
DA:735,1
DA:736,1
DA:738,1
DA:1128,5
DA:1131,5
DA:1147,25
DA:1150,25
DA:1717,1
DA:1719,1
DA:1720,1
DA:1721,1
DA:1722,1
DA:1917,1
DA:1919,1
DA:1920,0
DA:1922,1
DA:1926,1
DA:1931,1
DA:1933,1
DA:1934,1
LF:50
LH:49
end_of_record
TN:
SF:/usr/include/c++/14/ext/aligned_buffer.h
FNL:0,64,65
FNA:0,8,_ZN9__gnu_cxx16__aligned_membufIiE7_M_addrEv
FNL:1,68,69
FNA:1,18,_ZNK9__gnu_cxx16__aligned_membufIiE7_M_addrEv
FNL:2,72,73
FNA:2,8,_ZN9__gnu_cxx16__aligned_membufIiE6_M_ptrEv
FNL:3,76,77
FNA:3,18,_ZNK9__gnu_cxx16__aligned_membufIiE6_M_ptrEv
FNF:4
FNH:4
DA:64,8
DA:65,8
DA:68,18
DA:69,18
DA:72,8
DA:73,8
DA:76,18
DA:77,18
LF:8
LH:8
end_of_record
TN:
SF:/usr/include/c++/14/new
FNL:0,179,180
FNA:0,9,_ZnwmPv
FNF:1
FNH:1
DA:179,9
DA:180,9
LF:2
LH:2
end_of_record
TN:
SF:/usr/include/c++/14/type_traits
FNL:0,3832,3839
FNA:0,1,_ZSt21is_constant_evaluatedv
FNF:1
FNH:1
DA:3832,1
DA:3835,1
LF:2
LH:2
end_of_record
TN:
SF:/usr/include/c++/14/x86_64-redhat-linux/bits/c++config.h
FNF:0
FNH:0
DA:2394,12
LF:1
LH:1
end_of_record
