TN:
SF:/home/monika/Documents/problems/17291번： 새끼치기/main.cpp
FNL:0,10,47
FNA:0,1,main
FNF:1
FNH:1
DA:10,1
DA:13,1
DA:15,1
DA:16,1
DA:18,4
DA:20,3
DA:22,3
DA:23,10
DA:25,7
DA:26,7
DA:29,3
DA:31,3
DA:33,17
DA:35,14
DA:37,1
DA:39,13
DA:41,3
DA:42,3
DA:44,1
DA:46,1
DA:47,1
LF:21
LH:21
end_of_record
TN:
SF:/usr/include/c++/14/bits/alloc_traits.h
FNF:0
FNH:0
DA:515,19
DA:550,19
DA:577,21
DA:581,21
DA:599,0
DA:601,0
DA:767,0
DA:993,13
DA:994,13
LF:9
LH:6
end_of_record
TN:
SF:/usr/include/c++/14/bits/allocator.h
FNF:0
FNH:0
DA:189,19
DA:191,0
DA:192,0
DA:193,0
DA:196,19
DA:203,19
DA:205,0
DA:206,0
DA:208,19
DA:215,0
LF:10
LH:4
end_of_record
TN:
SF:/usr/include/c++/14/bits/cpp_type_traits.h
FNL:0,608,609
FNA:0,6,_ZSt12__miter_baseIN9__gnu_cxx17__normal_iteratorIP3BugSt6vectorIS2_SaIS2_EEEEET_S8_
FNA:0,6,_ZSt12__miter_baseIN9__gnu_cxx17__normal_iteratorIPK3BugSt6vectorIS2_SaIS2_EEEEET_S9_
FNA:0,12,_ZSt12__miter_baseIP3BugET_S2_
FNF:1
FNH:1
DA:608,24
DA:609,24
LF:2
LH:2
end_of_record
TN:
SF:/usr/include/c++/14/bits/iterator_concepts.h
FNL:0,146,155
FNA:0,0,_ZNKSt6ranges7__imove9_IterMoveclIRKP3BugEENS1_8__resultIT_E4typeEOS8_
FNF:1
FNH:0
DA:146,0
DA:152,0
LF:2
LH:0
end_of_record
TN:
SF:/usr/include/c++/14/bits/move.h
FNL:0,137,138
FNA:0,9,_ZSt4moveIR3BugEONSt16remove_referenceIT_E4typeEOS3_
FNA:0,12,_ZSt4moveIRP3BugEONSt16remove_referenceIT_E4typeEOS4_
FNL:1,51,52
FNA:1,0,_ZSt11__addressofI3BugEPT_RS1_
FNA:1,3,_ZSt11__addressofIKSt6vectorI3BugSaIS1_EEEPT_RS5_
FNL:2,71,72
FNA:2,31,_ZSt7forwardI3BugEOT_RNSt16remove_referenceIS1_E4typeE
FNA:2,0,_ZSt7forwardIR3BugEOT_RNSt16remove_referenceIS2_E4typeE
FNA:2,35,_ZSt7forwardIRK3BugEOT_RNSt16remove_referenceIS3_E4typeE
FNF:3
FNH:3
DA:51,3
DA:52,3
DA:71,66
DA:72,66
DA:137,21
DA:138,21
LF:6
LH:6
end_of_record
TN:
SF:/usr/include/c++/14/bits/new_allocator.h
FNL:0,126,152
FNA:0,19,_ZNSt15__new_allocatorI3BugE8allocateEmPKv
FNL:1,156,173
FNA:1,19,_ZNSt15__new_allocatorI3BugE10deallocateEPS0_m
FNF:2
FNH:2
DA:126,19
DA:134,19
DA:138,0
DA:139,0
DA:140,0
DA:151,19
DA:156,19
DA:172,19
DA:233,19
LF:9
LH:6
end_of_record
TN:
SF:/usr/include/c++/14/bits/ptr_traits.h
FNL:0,205,209
FNA:0,16,_ZSt12__to_addressI3BugEPT_S2_
FNF:1
FNH:1
DA:205,16
DA:208,16
LF:2
LH:2
end_of_record
TN:
SF:/usr/include/c++/14/bits/stl_algobase.h
FNL:0,233,241
FNA:0,38,_ZSt3minImERKT_S2_S2_
FNL:1,257,265
FNA:1,19,_ZSt3maxImERKT_S2_S2_
FNL:2,316,318
FNA:2,72,_ZSt12__niter_baseIP3BugET_S2_
FNL:3,346,347
FNA:3,3,_ZSt12__niter_wrapIN9__gnu_cxx17__normal_iteratorIP3BugSt6vectorIS2_SaIS2_EEEES3_ET_S8_T0_
FNL:4,353,354
FNA:4,9,_ZSt12__niter_wrapIP3BugET_RKS2_S2_
FNL:5,398,408
FNA:5,0,_ZNSt11__copy_moveILb0ELb0ESt26random_access_iterator_tagE8__copy_mIP3BugS4_EET0_T_S6_S5_
FNA:5,0,_ZNSt11__copy_moveILb0ELb0ESt26random_access_iterator_tagE8__copy_mIPK3BugPS3_EET0_T_S8_S7_
FNL:6,412,413
FNA:6,0,_ZNSt11__copy_moveILb0ELb0ESt26random_access_iterator_tagE12__assign_oneI3BugKS3_EEvPT_PT0_
FNA:6,1,_ZNSt11__copy_moveILb0ELb0ESt26random_access_iterator_tagE12__assign_oneI3BugS3_EEvPT_PT0_
FNL:7,423,433
FNA:7,0,_ZNSt11__copy_moveILb1ELb0ESt26random_access_iterator_tagE8__copy_mIP3BugS4_EET0_T_S6_S5_
FNL:8,437,438
FNA:8,1,_ZNSt11__copy_moveILb1ELb0ESt26random_access_iterator_tagE12__assign_oneI3BugS3_EEvPT_PT0_
FNL:9,448,457
FNA:9,3,_ZNSt11__copy_moveILb0ELb1ESt26random_access_iterator_tagE8__copy_mI3BugS3_EEPT0_PT_S7_S5_
FNA:9,3,_ZNSt11__copy_moveILb0ELb1ESt26random_access_iterator_tagE8__copy_mIK3BugS3_EEPT0_PT_S8_S6_
FNA:9,6,_ZNSt11__copy_moveILb1ELb1ESt26random_access_iterator_tagE8__copy_mI3BugS3_EEPT0_PT_S7_S5_
FNL:10,512,522
FNA:10,3,_ZSt14__copy_move_a2ILb0EP3BugS1_ET1_T0_S3_S2_
FNA:10,3,_ZSt14__copy_move_a2ILb0EPK3BugPS0_ET1_T0_S5_S4_
FNA:10,6,_ZSt14__copy_move_a2ILb1EP3BugS1_ET1_T0_S3_S2_
FNL:11,547,548
FNA:11,3,_ZSt14__copy_move_a1ILb0EP3BugS1_ET1_T0_S3_S2_
FNA:11,3,_ZSt14__copy_move_a1ILb0EPK3BugPS0_ET1_T0_S5_S4_
FNA:11,6,_ZSt14__copy_move_a1ILb1EP3BugS1_ET1_T0_S3_S2_
FNL:12,553,559
FNA:12,3,_ZSt13__copy_move_aILb0EN9__gnu_cxx17__normal_iteratorIP3BugSt6vectorIS2_SaIS2_EEEES3_ET1_T0_S9_S8_
FNA:12,0,_ZSt13__copy_move_aILb0EN9__gnu_cxx17__normal_iteratorIP3BugSt6vectorIS2_SaIS2_EEEES7_ET1_T0_S9_S8_
FNA:12,3,_ZSt13__copy_move_aILb0EN9__gnu_cxx17__normal_iteratorIPK3BugSt6vectorIS2_SaIS2_EEEENS1_IPS2_S7_EEET1_T0_SC_SB_
FNA:12,0,_ZSt13__copy_move_aILb0EN9__gnu_cxx17__normal_iteratorIPK3BugSt6vectorIS2_SaIS2_EEEEPS2_ET1_T0_SB_SA_
FNA:12,0,_ZSt13__copy_move_aILb0EP3BugS1_ET1_T0_S3_S2_
FNA:12,6,_ZSt13__copy_move_aILb1EP3BugS1_ET1_T0_S3_S2_
FNL:13,642,652
FNA:13,3,_ZSt4copyIN9__gnu_cxx17__normal_iteratorIP3BugSt6vectorIS2_SaIS2_EEEES3_ET0_T_S9_S8_
FNA:13,0,_ZSt4copyIN9__gnu_cxx17__normal_iteratorIP3BugSt6vectorIS2_SaIS2_EEEES7_ET0_T_S9_S8_
FNA:13,3,_ZSt4copyIN9__gnu_cxx17__normal_iteratorIPK3BugSt6vectorIS2_SaIS2_EEEENS1_IPS2_S7_EEET0_T_SC_SB_
FNA:13,0,_ZSt4copyIN9__gnu_cxx17__normal_iteratorIPK3BugSt6vectorIS2_SaIS2_EEEEPS2_ET0_T_SB_SA_
FNA:13,0,_ZSt4copyIP3BugS1_ET0_T_S3_S2_
FNA:13,6,_ZSt4copyISt13move_iteratorIP3BugES2_ET0_T_S5_S4_
FNL:14,745,752
FNA:14,0,_ZNSt20__copy_move_backwardILb1ELb0ESt26random_access_iterator_tagE13__copy_move_bIP3BugS4_EET0_T_S6_S5_
FNL:15,762,771
FNA:15,0,_ZNSt20__copy_move_backwardILb1ELb1ESt26random_access_iterator_tagE13__copy_move_bI3BugS3_EEPT0_PT_S7_S5_
FNL:16,777,790
FNA:16,0,_ZSt23__copy_move_backward_a2ILb1EP3BugS1_ET1_T0_S3_S2_
FNL:17,795,796
FNA:17,0,_ZSt23__copy_move_backward_a1ILb1EP3BugS1_ET1_T0_S3_S2_
FNL:18,823,829
FNA:18,0,_ZSt22__copy_move_backward_aILb1EP3BugS1_ET1_T0_S3_S2_
FNL:19,913,925
FNA:19,0,_ZSt13move_backwardIP3BugS1_ET0_T_S3_S2_
FNF:20
FNH:12
DA:233,38
DA:238,38
DA:239,0
DA:240,38
DA:257,19
DA:262,19
DA:263,7
DA:264,12
DA:316,72
DA:318,72
DA:346,3
DA:347,3
DA:353,9
DA:354,9
DA:398,0
DA:401,0
DA:403,0
DA:404,0
DA:405,0
DA:407,0
DA:412,1
DA:413,1
DA:423,0
DA:426,0
DA:428,0
DA:429,0
DA:430,0
DA:432,0
DA:437,1
DA:438,1
DA:448,12
DA:450,12
DA:451,12
DA:452,7
DA:453,5
DA:455,2
DA:456,12
DA:512,12
DA:516,12
DA:518,0
DA:521,12
DA:547,12
DA:548,12
DA:553,12
DA:555,12
DA:558,12
DA:642,12
DA:651,12
DA:745,0
DA:748,0
DA:749,0
DA:750,0
DA:751,0
DA:762,0
DA:764,0
DA:765,0
DA:766,0
DA:767,0
DA:769,0
DA:770,0
DA:777,0
DA:781,0
DA:783,0
DA:787,0
DA:789,0
DA:795,0
DA:796,0
DA:823,0
DA:825,0
DA:828,0
DA:913,0
DA:922,0
DA:924,0
LF:73
LH:34
end_of_record
TN:
SF:/usr/include/c++/14/bits/stl_construct.h
FNL:0,109,120
FNA:0,0,_ZSt10_ConstructI3BugJRKS0_EEvPT_DpOT0_
FNA:0,0,_ZSt10_ConstructI3BugJRS0_EEvPT_DpOT0_
FNA:0,0,_ZSt10_ConstructI3BugJS0_EEvPT_DpOT0_
FNL:1,146,153
FNA:1,0,_ZSt8_DestroyI3BugEvPT_
FNL:2,160,164
FNA:2,0,_ZNSt12_Destroy_auxILb0EE9__destroyIN9__gnu_cxx17__normal_iteratorIP3BugSt6vectorIS4_SaIS4_EEEEEEvT_SA_
FNA:2,0,_ZNSt12_Destroy_auxILb0EE9__destroyIP3BugEEvT_S4_
FNL:3,172,172
FNA:3,3,_ZNSt12_Destroy_auxILb1EE9__destroyIN9__gnu_cxx17__normal_iteratorIP3BugSt6vectorIS4_SaIS4_EEEEEEvT_SA_
FNA:3,10,_ZNSt12_Destroy_auxILb1EE9__destroyIP3BugEEvT_S4_
FNL:4,182,197
FNA:4,3,_ZSt8_DestroyIN9__gnu_cxx17__normal_iteratorIP3BugSt6vectorIS2_SaIS2_EEEEEvT_S8_
FNA:4,10,_ZSt8_DestroyIP3BugEvT_S2_
FNL:5,80,89
FNA:5,0,_ZSt10destroy_atI3BugEvPT_
FNL:6,94,97
FNA:6,13,_ZSt12construct_atI3BugJRKS0_EEDTgsnwcvPvLi0E_T_pispcl7declvalIT0_EEEEPS4_DpOS5_
FNA:6,0,_ZSt12construct_atI3BugJRS0_EEDTgsnwcvPvLi0E_T_pispcl7declvalIT0_EEEEPS3_DpOS4_
FNA:6,8,_ZSt12construct_atI3BugJS0_EEDTgsnwcvPvLi0E_T_pispcl7declvalIT0_EEEEPS2_DpOS3_
FNF:7
FNH:3
DA:80,0
DA:88,0
DA:89,0
DA:94,21
DA:97,21
DA:109,0
DA:112,0
DA:115,0
DA:116,0
DA:119,0
DA:146,0
DA:149,0
DA:153,0
DA:160,0
DA:162,0
DA:163,0
DA:164,0
DA:172,13
DA:182,13
DA:192,13
DA:193,0
DA:196,13
LF:22
LH:6
end_of_record
TN:
SF:/usr/include/c++/14/bits/stl_iterator.h
FNL:0,1067,1068
FNA:0,84,_ZN9__gnu_cxx17__normal_iteratorIP3BugSt6vectorIS1_SaIS1_EEEC2ERKS2_
FNA:0,0,_ZN9__gnu_cxx17__normal_iteratorIP3BugvEC2ERKS2_
FNA:0,9,_ZN9__gnu_cxx17__normal_iteratorIPK3BugSt6vectorIS1_SaIS1_EEEC2ERKS3_
FNL:1,1074,1085
FNA:1,3,_ZN9__gnu_cxx17__normal_iteratorIPK3BugSt6vectorIS1_SaIS1_EEEC2IPS1_vEERKNS0_IT_S6_EE
FNL:2,1090,1091
FNA:2,22,_ZNK9__gnu_cxx17__normal_iteratorIP3BugSt6vectorIS1_SaIS1_EEEdeEv
FNA:2,0,_ZNK9__gnu_cxx17__normal_iteratorIP3BugvEdeEv
FNA:2,0,_ZNK9__gnu_cxx17__normal_iteratorIPK3BugSt6vectorIS1_SaIS1_EEEdeEv
FNL:3,1100,1104
FNA:3,14,_ZN9__gnu_cxx17__normal_iteratorIP3BugSt6vectorIS1_SaIS1_EEEppEv
FNA:3,0,_ZN9__gnu_cxx17__normal_iteratorIP3BugvEppEv
FNA:3,0,_ZN9__gnu_cxx17__normal_iteratorIPK3BugSt6vectorIS1_SaIS1_EEEppEv
FNL:4,1133,1134
FNA:4,0,_ZN9__gnu_cxx17__normal_iteratorIP3BugSt6vectorIS1_SaIS1_EEEpLEl
FNL:5,1138,1139
FNA:5,9,_ZNK9__gnu_cxx17__normal_iteratorIP3BugSt6vectorIS1_SaIS1_EEEplEl
FNL:6,1148,1149
FNA:6,8,_ZNK9__gnu_cxx17__normal_iteratorIP3BugSt6vectorIS1_SaIS1_EEEmiEl
FNL:7,1153,1154
FNA:7,99,_ZNK9__gnu_cxx17__normal_iteratorIP3BugSt6vectorIS1_SaIS1_EEE4baseEv
FNA:7,0,_ZNK9__gnu_cxx17__normal_iteratorIP3BugvE4baseEv
FNA:7,12,_ZNK9__gnu_cxx17__normal_iteratorIPK3BugSt6vectorIS1_SaIS1_EEE4baseEv
FNL:8,1188,1194
FNA:8,20,_ZN9__gnu_cxxeqIP3BugSt6vectorIS1_SaIS1_EEEEbRKNS_17__normal_iteratorIT_T0_EESB_QrqXeqcldtfL0p_4baseEcldtfL0p0_4baseERSt14convertible_toIbEE
FNA:8,0,_ZN9__gnu_cxxeqIPK3BugSt6vectorIS1_SaIS1_EEEEbRKNS_17__normal_iteratorIT_T0_EESC_QrqXeqcldtfL0p_4baseEcldtfL0p0_4baseERSt14convertible_toIbEE
FNL:9,1325,1328
FNA:9,19,_ZN9__gnu_cxxmiIP3BugSt6vectorIS1_SaIS1_EEEENS_17__normal_iteratorIT_T0_E15difference_typeERKS9_SC_
FNA:9,3,_ZN9__gnu_cxxmiIPK3BugSt6vectorIS1_SaIS1_EEEENS_17__normal_iteratorIT_T0_E15difference_typeERKSA_SD_
FNL:10,1348,1350
FNA:10,12,_ZSt12__niter_baseIP3BugSt6vectorIS0_SaIS0_EEET_N9__gnu_cxx17__normal_iteratorIS5_T0_EE
FNA:10,6,_ZSt12__niter_baseIPK3BugSt6vectorIS0_SaIS0_EEET_N9__gnu_cxx17__normal_iteratorIS6_T0_EE
FNL:11,1508,1509
FNA:11,12,_ZNSt13move_iteratorIP3BugEC2ES1_
FNL:12,1539,1540
FNA:12,12,_ZNKRSt13move_iteratorIP3BugE4baseEv
FNL:13,1550,1552
FNA:13,0,_ZNKSt13move_iteratorIP3BugEdeEv
FNL:14,1563,1567
FNA:14,0,_ZNSt13move_iteratorIP3BugEppEv
FNL:15,1737,1740
FNA:15,0,_ZSteqIP3BugEbRKSt13move_iteratorIT_ES6_
FNL:16,1808,1809
FNA:16,0,_ZSt18make_move_iteratorIP3BugESt13move_iteratorIT_ES3_
FNL:17,1825,1826
FNA:17,12,_ZSt32__make_move_if_noexcept_iteratorI3BugSt13move_iteratorIPS0_EET0_PT_
FNL:18,2981,2983
FNA:18,12,_ZSt12__miter_baseIP3BugEDTcl12__miter_basecldtfp_4baseEEESt13move_iteratorIT_E
FNF:19
FNH:14
DA:1067,93
DA:1068,93
DA:1074,3
DA:1085,3
DA:1090,22
DA:1091,22
DA:1100,14
DA:1102,14
DA:1103,14
DA:1133,0
DA:1134,0
DA:1138,9
DA:1139,9
DA:1148,8
DA:1149,8
DA:1153,111
DA:1154,111
DA:1188,20
DA:1194,20
DA:1325,22
DA:1328,22
DA:1348,18
DA:1350,18
DA:1508,12
DA:1509,12
DA:1539,12
DA:1540,12
DA:1550,0
DA:1552,0
DA:1563,0
DA:1565,0
DA:1566,0
DA:1737,0
DA:1740,0
DA:1808,0
DA:1809,0
DA:1825,12
DA:1826,12
DA:2981,12
DA:2983,12
LF:40
LH:29
end_of_record
TN:
SF:/usr/include/c++/14/bits/stl_iterator_base_funcs.h
FNL:0,184,196
FNA:0,0,_ZSt9__advanceIN9__gnu_cxx17__normal_iteratorIP3BugSt6vectorIS2_SaIS2_EEEElEvRT_T0_St26random_access_iterator_tag
FNF:1
FNH:0
DA:106,3
DA:151,3
DA:152,6
DA:184,0
DA:195,0
DA:196,0
DA:223,0
DA:224,0
DA:225,0
LF:9
LH:3
end_of_record
TN:
SF:/usr/include/c++/14/bits/stl_iterator_base_types.h
FNF:0
FNH:0
DA:240,6
LF:1
LH:1
end_of_record
TN:
SF:/usr/include/c++/14/bits/stl_uninitialized.h
FNL:0,1067,1077
FNA:0,0,_ZSt19__relocate_object_aI3BugS0_SaIS0_EEvPT_PT0_RT1_
FNL:1,1089,1106
FNA:1,0,_ZSt14__relocate_a_1IP3BugN9__gnu_cxx17__normal_iteratorIS1_vEESaIS0_EET0_T_S7_S6_RT1_
FNL:2,1112,1132
FNA:2,16,_ZSt14__relocate_a_1I3BugS0_ENSt9enable_ifIXsrSt24__is_bitwise_relocatableIT_vE5valueEPS3_E4typeES5_S5_S5_RSaIT0_E
FNL:3,113,128
FNA:3,0,_ZSt16__do_uninit_copyIN9__gnu_cxx17__normal_iteratorIP3BugSt6vectorIS2_SaIS2_EEEES3_ET0_T_S9_S8_
FNA:3,0,_ZSt16__do_uninit_copyIN9__gnu_cxx17__normal_iteratorIPK3BugSt6vectorIS2_SaIS2_EEEEPS2_ET0_T_SB_SA_
FNA:3,0,_ZSt16__do_uninit_copyIP3BugS1_ET0_T_S3_S2_
FNA:3,0,_ZSt16__do_uninit_copyISt13move_iteratorIP3BugES2_ET0_T_S5_S4_
FNL:4,1139,1148
FNA:4,16,_ZSt12__relocate_aIP3BugS1_SaIS0_EET0_T_S4_S3_RT1_
FNL:5,145,147
FNA:5,3,_ZNSt20__uninitialized_copyILb1EE13__uninit_copyIN9__gnu_cxx17__normal_iteratorIP3BugSt6vectorIS4_SaIS4_EEEES5_EET0_T_SB_SA_
FNA:5,0,_ZNSt20__uninitialized_copyILb1EE13__uninit_copyIN9__gnu_cxx17__normal_iteratorIPK3BugSt6vectorIS4_SaIS4_EEEEPS4_EET0_T_SD_SC_
FNA:5,0,_ZNSt20__uninitialized_copyILb1EE13__uninit_copyIP3BugS3_EET0_T_S5_S4_
FNA:5,6,_ZNSt20__uninitialized_copyILb1EE13__uninit_copyISt13move_iteratorIP3BugES4_EET0_T_S7_S6_
FNL:6,163,186
FNA:6,3,_ZSt18uninitialized_copyIN9__gnu_cxx17__normal_iteratorIP3BugSt6vectorIS2_SaIS2_EEEES3_ET0_T_S9_S8_
FNA:6,0,_ZSt18uninitialized_copyIN9__gnu_cxx17__normal_iteratorIPK3BugSt6vectorIS2_SaIS2_EEEEPS2_ET0_T_SB_SA_
FNA:6,0,_ZSt18uninitialized_copyIP3BugS1_ET0_T_S3_S2_
FNA:6,6,_ZSt18uninitialized_copyISt13move_iteratorIP3BugES2_ET0_T_S5_S4_
FNL:7,366,374
FNA:7,3,_ZSt22__uninitialized_copy_aIN9__gnu_cxx17__normal_iteratorIP3BugSt6vectorIS2_SaIS2_EEEES3_S2_ET0_T_S9_S8_RSaIT1_E
FNA:7,0,_ZSt22__uninitialized_copy_aIN9__gnu_cxx17__normal_iteratorIPK3BugSt6vectorIS2_SaIS2_EEEEPS2_S2_ET0_T_SB_SA_RSaIT1_E
FNA:7,0,_ZSt22__uninitialized_copy_aIP3BugS1_S0_ET0_T_S3_S2_RSaIT1_E
FNA:7,6,_ZSt22__uninitialized_copy_aISt13move_iteratorIP3BugES2_S1_ET0_T_S5_S4_RSaIT1_E
FNL:8,381,387
FNA:8,0,_ZSt22__uninitialized_move_aIP3BugS1_SaIS0_EET0_T_S4_S3_RT1_
FNL:9,393,401
FNA:9,6,_ZSt34__uninitialized_move_if_noexcept_aIP3BugS1_SaIS0_EET0_T_S4_S3_RT1_
FNF:10
FNH:6
DA:113,0
DA:116,0
DA:119,0
DA:120,0
DA:121,0
DA:145,9
DA:147,9
DA:163,9
DA:174,9
DA:181,9
DA:185,9
DA:366,9
DA:370,9
DA:371,0
DA:373,9
DA:381,0
DA:384,0
DA:386,0
DA:393,6
DA:399,6
DA:400,6
DA:1067,0
DA:1075,0
DA:1076,0
DA:1077,0
DA:1089,0
DA:1101,0
DA:1102,0
DA:1103,0
DA:1105,0
DA:1112,16
DA:1116,16
DA:1117,16
DA:1120,9
DA:1124,0
DA:1125,0
DA:1126,0
DA:1129,9
DA:1131,16
DA:1139,16
DA:1145,16
DA:1147,16
LF:42
LH:21
end_of_record
TN:
SF:/usr/include/c++/14/bits/stl_vector.h
FNL:0,1078,1082
FNA:0,3,_ZNKSt6vectorI3BugSaIS0_EE8capacityEv
FNL:1,1128,1132
FNA:1,7,_ZNSt6vectorI3BugSaIS0_EEixEm
FNL:2,1235,1239
FNA:2,8,_ZNSt6vectorI3BugSaIS0_EE4backEv
FNL:3,1283,1295
FNA:3,13,_ZNSt6vectorI3BugSaIS0_EE9push_backERKS0_
FNL:4,1300,1301
FNA:4,8,_ZNSt6vectorI3BugSaIS0_EE9push_backEOS0_
FNL:5,1484,1491
FNA:5,3,_ZNSt6vectorI3BugSaIS0_EE6insertIN9__gnu_cxx17__normal_iteratorIPS0_S2_EEvEES7_NS5_IPKS0_S2_EET_SB_
FNL:6,1607,1608
FNA:6,0,_ZNSt6vectorI3BugSaIS0_EE5clearEv
FNL:7,1618,1633
FNA:7,0,_ZNSt6vectorI3BugSaIS0_EE20_M_allocate_and_copyIN9__gnu_cxx17__normal_iteratorIPKS0_S2_EEEEPS0_mT_SA_
FNL:8,1906,1913
FNA:8,19,_ZNKSt6vectorI3BugSaIS0_EE12_M_check_lenEmPKc
FNL:9,1926,1935
FNA:9,38,_ZNSt6vectorI3BugSaIS0_EE11_S_max_sizeERKS1_
FNL:10,1943,1952
FNA:10,0,_ZNSt6vectorI3BugSaIS0_EE15_M_erase_at_endEPS0_
FNL:11,300,301
FNA:11,38,_ZNSt12_Vector_baseI3BugSaIS0_EE19_M_get_Tp_allocatorEv
FNL:12,305,306
FNA:12,38,_ZNKSt12_Vector_baseI3BugSaIS0_EE19_M_get_Tp_allocatorEv
FNL:13,366,370
FNA:13,7,_ZNSt12_Vector_baseI3BugSaIS0_EED2Ev
FNL:14,377,381
FNA:14,19,_ZNSt12_Vector_baseI3BugSaIS0_EE11_M_allocateEm
FNL:15,385,390
FNA:15,10,_ZNSt12_Vector_baseI3BugSaIS0_EE13_M_deallocateEPS0_m
FNL:16,504,514
FNA:16,16,_ZNSt6vectorI3BugSaIS0_EE11_S_relocateEPS0_S3_S3_RS1_
FNL:17,733,738
FNA:17,7,_ZNSt6vectorI3BugSaIS0_EED2Ev
FNL:18,873,874
FNA:18,31,_ZNSt6vectorI3BugSaIS0_EE5beginEv
FNL:19,883,884
FNA:19,3,_ZNKSt6vectorI3BugSaIS0_EE5beginEv
FNL:20,893,894
FNA:20,36,_ZNSt6vectorI3BugSaIS0_EE3endEv
FNL:21,903,904
FNA:21,3,_ZNKSt6vectorI3BugSaIS0_EE3endEv
FNL:22,954,955
FNA:22,3,_ZNKSt6vectorI3BugSaIS0_EE6cbeginEv
FNL:23,992,993
FNA:23,86,_ZNKSt6vectorI3BugSaIS0_EE4sizeEv
FNL:24,998,999
FNA:24,38,_ZNKSt6vectorI3BugSaIS0_EE8max_sizeEv
FNF:25
FNH:22
DA:300,38
DA:301,38
DA:305,38
DA:306,38
DA:366,7
DA:368,7
DA:369,7
DA:370,7
DA:377,19
DA:380,38
DA:385,10
DA:388,10
DA:389,10
DA:390,10
DA:504,16
DA:509,16
DA:733,7
DA:735,7
DA:736,7
DA:738,7
DA:873,31
DA:874,31
DA:883,3
DA:884,3
DA:893,36
DA:894,36
DA:903,3
DA:904,3
DA:954,3
DA:955,3
DA:992,86
DA:993,86
DA:998,38
DA:999,38
DA:1078,3
DA:1080,3
DA:1081,3
DA:1128,7
DA:1131,7
DA:1235,8
DA:1238,8
DA:1283,13
DA:1285,13
DA:1288,4
DA:1290,4
DA:1294,9
DA:1295,13
DA:1300,8
DA:1301,8
DA:1484,3
DA:1487,3
DA:1488,3
DA:1489,3
DA:1490,3
DA:1607,0
DA:1608,0
DA:1618,0
DA:1621,0
DA:1624,0
DA:1625,0
DA:1626,0
DA:1628,0
DA:1630,0
DA:1631,0
DA:1906,19
DA:1908,19
DA:1909,0
DA:1911,19
DA:1912,19
DA:1926,38
DA:1931,38
DA:1933,38
DA:1934,38
DA:1943,0
DA:1945,0
DA:1947,0
DA:1948,0
DA:1949,0
DA:1952,0
LF:79
LH:62
end_of_record
TN:
SF:/usr/include/c++/14/bits/vector.tcc
FNL:0,111,127
FNA:0,8,_ZNSt6vectorI3BugSaIS0_EE12emplace_backIJS0_EEERS0_DpOT_
FNL:1,210,265
FNA:1,3,_ZNSt6vectorI3BugSaIS0_EEaSERKS2_
FNL:2,581,695
FNA:2,9,_ZNSt6vectorI3BugSaIS0_EE17_M_realloc_appendIJRKS0_EEEvDpOT_
FNA:2,7,_ZNSt6vectorI3BugSaIS0_EE17_M_realloc_appendIJS0_EEEvDpOT_
FNL:3,607,609
FNA:3,9,_ZZNSt6vectorI3BugSaIS0_EE17_M_realloc_appendIJRKS0_EEEvDpOT_EN6_GuardC2EPS0_mRS1_
FNA:3,7,_ZZNSt6vectorI3BugSaIS0_EE17_M_realloc_appendIJS0_EEEvDpOT_EN6_GuardC2EPS0_mRS1_
FNL:4,612,617
FNA:4,9,_ZZNSt6vectorI3BugSaIS0_EE17_M_realloc_appendIJRKS0_EEEvDpOT_EN6_GuardD2Ev
FNA:4,7,_ZZNSt6vectorI3BugSaIS0_EE17_M_realloc_appendIJS0_EEEvDpOT_EN6_GuardD2Ev
FNL:5,954,1047
FNA:5,3,_ZNSt6vectorI3BugSaIS0_EE15_M_range_insertIN9__gnu_cxx17__normal_iteratorIPS0_S2_EEEEvS7_T_S8_St20forward_iterator_tag
FNF:6
FNH:6
DA:111,8
DA:114,8
DA:117,1
DA:119,1
DA:123,7
DA:125,8
DA:210,3
DA:213,3
DA:217,3
DA:219,0
DA:220,0
DA:223,0
DA:224,0
DA:225,0
DA:226,0
DA:227,0
DA:228,0
DA:229,0
DA:231,0
DA:232,0
DA:235,3
DA:236,3
DA:238,0
DA:240,0
DA:241,0
DA:242,0
DA:243,0
DA:244,0
DA:245,0
DA:246,0
DA:248,3
DA:250,6
DA:251,3
DA:255,0
DA:257,0
DA:258,0
DA:260,0
DA:262,3
DA:264,3
DA:581,16
DA:590,16
DA:591,16
DA:592,0
DA:593,16
DA:594,16
DA:595,16
DA:596,16
DA:597,16
DA:607,16
DA:608,16
DA:609,16
DA:612,16
DA:614,16
DA:616,9
DA:617,16
DA:624,16
DA:634,32
DA:635,16
DA:647,16
DA:648,16
DA:649,16
DA:686,16
DA:687,16
DA:688,16
DA:692,16
DA:693,16
DA:694,16
DA:695,16
DA:954,3
DA:958,3
DA:960,3
DA:961,3
DA:962,3
DA:964,0
DA:965,0
DA:966,0
DA:969,0
DA:972,0
DA:973,0
DA:975,0
DA:977,0
DA:981,0
DA:984,0
DA:986,0
DA:987,0
DA:989,0
DA:992,0
DA:993,0
DA:995,0
DA:1003,3
DA:1004,3
DA:1007,3
DA:1013,3
DA:1014,3
DA:1019,3
DA:1020,3
DA:1022,3
DA:1024,3
DA:1027,3
DA:1028,3
DA:1030,0
DA:1033,0
DA:1034,0
DA:1035,0
DA:1038,3
DA:1040,3
DA:1041,3
DA:1042,3
DA:1043,3
DA:1044,3
DA:1047,3
LF:111
LH:67
end_of_record
TN:
SF:/usr/include/c++/14/ext/alloc_traits.h
FNF:0
FNH:0
DA:106,3
DA:118,0
LF:2
LH:1
end_of_record
TN:
SF:/usr/include/c++/14/new
FNL:0,179,180
FNA:0,21,_ZnwmPv
FNF:1
FNH:1
DA:179,21
DA:180,21
LF:2
LH:2
end_of_record
TN:
SF:/usr/include/c++/14/type_traits
FNL:0,3832,3839
FNA:0,30,_ZSt21is_constant_evaluatedv
FNF:1
FNH:1
DA:3832,30
DA:3835,30
LF:2
LH:2
end_of_record
TN:
SF:/usr/include/c++/14/x86_64-redhat-linux/bits/c++config.h
FNF:0
FNH:0
DA:2394,51
LF:1
LH:1
end_of_record
