<?xml version="1.0" encoding="UTF-8"?>
<testsuites tests="4" failures="0" disabled="0" errors="0" time="0." timestamp="2025-04-05T14:58:10.521" name="AllTests">
  <testsuite name="SilverStarTest" tests="4" failures="0" disabled="0" skipped="0" errors="0" time="0." timestamp="2025-04-05T14:58:10.521">
    <testcase name="SampleInput1" file="Testmain.cpp" line="107" status="run" result="completed" time="0." timestamp="2025-04-05T14:58:10.521" classname="SilverStarTest" />
    <testcase name="SampleInput2" file="Testmain.cpp" line="111" status="run" result="completed" time="0." timestamp="2025-04-05T14:58:10.521" classname="SilverStarTest" />
    <testcase name="EdgeCaseP2" file="Testmain.cpp" line="115" status="run" result="completed" time="0." timestamp="2025-04-05T14:58:10.521" classname="SilverStarTest" />
    <testcase name="AnotherPrimeExample" file="Testmain.cpp" line="119" status="run" result="completed" time="0." timestamp="2025-04-05T14:58:10.521" classname="SilverStarTest" />
  </testsuite>
</testsuites>
