TN:
SF:/home/monika/Documents/problems/14627번： 파닭파닭/main.cpp
FNL:0,8,52
FNA:0,2,main
FNF:1
FNH:1
DA:8,2
DA:10,2
DA:11,2
DA:12,2
DA:14,2
DA:15,2
DA:17,2
DA:18,2
DA:20,8
DA:22,6
DA:23,8
DA:26,2
DA:28,20
DA:30,18
DA:31,18
DA:33,72
DA:34,54
DA:35,18
DA:37,10
DA:38,10
DA:42,8
DA:46,2
DA:47,8
DA:48,6
DA:49,2
DA:51,2
DA:52,2
LF:27
LH:27
end_of_record
TN:
SF:/usr/include/c++/14/bits/alloc_traits.h
FNF:0
FNH:0
DA:514,2
DA:515,2
DA:549,2
DA:550,2
DA:990,2
LF:5
LH:5
end_of_record
TN:
SF:/usr/include/c++/14/bits/allocator.h
FNF:0
FNH:0
DA:161,2
DA:182,2
DA:187,2
DA:196,2
DA:201,2
DA:208,2
LF:6
LH:6
end_of_record
TN:
SF:/usr/include/c++/14/bits/basic_ios.h
FNF:0
FNH:0
DA:311,2
DA:313,2
DA:314,2
LF:3
LH:3
end_of_record
TN:
SF:/usr/include/c++/14/bits/new_allocator.h
FNL:0,126,152
FNA:0,2,_ZNSt15__new_allocatorIxE8allocateEmPKv
FNF:1
FNH:1
DA:126,2
DA:134,2
DA:138,0
DA:139,0
DA:140,0
DA:151,2
DA:156,2
DA:172,2
LF:8
LH:5
end_of_record
TN:
SF:/usr/include/c++/14/bits/stl_algobase.h
FNF:0
FNH:0
DA:257,6
DA:262,6
DA:263,2
DA:947,2
DA:950,2
DA:951,6
DA:952,4
DA:997,2
DA:998,2
DA:1140,2
DA:1146,2
DA:1151,2
DA:1175,2
DA:1180,2
LF:14
LH:14
end_of_record
TN:
SF:/usr/include/c++/14/bits/stl_construct.h
FNF:0
FNH:0
DA:109,2
DA:119,2
LF:2
LH:2
end_of_record
TN:
SF:/usr/include/c++/14/bits/stl_iterator.h
FNF:0
FNH:0
DA:1067,20
DA:1068,20
DA:1100,60
DA:1102,60
DA:1103,60
LF:5
LH:5
end_of_record
TN:
SF:/usr/include/c++/14/bits/stl_uninitialized.h
FNL:0,660,671
FNA:0,2,_ZNSt27__uninitialized_default_n_1ILb1EE18__uninit_default_nIPxmEET_S3_T0_
FNF:1
FNH:1
DA:660,2
DA:662,2
DA:664,2
DA:666,2
DA:667,2
DA:668,2
DA:670,2
DA:696,2
DA:707,2
DA:712,2
DA:777,2
DA:779,2
LF:12
LH:12
end_of_record
TN:
SF:/usr/include/c++/14/bits/stl_vector.h
FNL:0,366,370
FNA:0,2,_ZNSt12_Vector_baseIxSaIxEED2Ev
FNL:1,396,401
FNA:1,2,_ZNSt12_Vector_baseIxSaIxEE17_M_create_storageEm
FNL:2,556,558
FNA:2,2,_ZNSt6vectorIxSaIxEEC2EmRKS0_
FNF:3
FNH:3
DA:98,2
DA:99,2
DA:132,2
DA:145,2
DA:146,2
DA:300,2
DA:332,2
DA:333,2
DA:334,2
DA:366,2
DA:368,4
DA:369,2
DA:370,2
DA:377,2
DA:380,2
DA:385,2
DA:388,2
DA:389,2
DA:396,2
DA:398,2
DA:399,2
DA:400,2
DA:401,2
DA:556,2
DA:557,2
DA:558,2
DA:733,2
DA:735,2
DA:736,2
DA:738,2
DA:873,20
DA:874,20
DA:893,20
DA:894,20
DA:1128,6
DA:1131,6
DA:1717,2
DA:1719,2
DA:1720,4
DA:1721,2
DA:1917,2
DA:1919,2
DA:1920,0
LF:43
LH:42
end_of_record
TN:
SF:/usr/include/c++/14/istream
FNF:0
FNH:0
DA:197,6
DA:198,6
LF:2
LH:2
end_of_record
TN:
SF:/usr/include/c++/14/ostream
FNF:0
FNH:0
DA:209,2
DA:210,2
LF:2
LH:2
end_of_record
