TN:
SF:/home/monika/Documents/problems/14569번： 시간표 짜기/main.cpp
FNL:0,7,60
FNA:0,1,main
FNF:1
FNH:1
DA:7,1
DA:9,1
DA:10,1
DA:12,1
DA:13,1
DA:15,1
DA:17,4
DA:19,3
DA:20,3
DA:23,17
DA:25,14
DA:26,14
DA:27,14
DA:30,3
DA:33,1
DA:34,1
DA:36,6
DA:38,5
DA:39,5
DA:43,49
DA:45,44
DA:46,44
DA:47,44
DA:49,5
DA:50,20
DA:52,15
DA:53,5
DA:56,5
DA:59,1
DA:60,1
LF:30
LH:30
end_of_record
TN:
SF:/usr/include/c++/14/bits/alloc_traits.h
FNF:0
FNH:0
DA:514,1
DA:515,1
DA:549,1
DA:550,1
DA:990,1
LF:5
LH:5
end_of_record
TN:
SF:/usr/include/c++/14/bits/allocator.h
FNF:0
FNH:0
DA:161,1
DA:182,1
DA:187,1
DA:196,1
DA:201,1
DA:208,1
LF:6
LH:6
end_of_record
TN:
SF:/usr/include/c++/14/bits/basic_ios.h
FNF:0
FNH:0
DA:311,1
DA:313,1
DA:314,1
LF:3
LH:3
end_of_record
TN:
SF:/usr/include/c++/14/bits/new_allocator.h
FNL:0,126,152
FNA:0,1,_ZNSt15__new_allocatorIyE8allocateEmPKv
FNF:1
FNH:1
DA:126,1
DA:134,1
DA:138,0
DA:139,0
DA:140,0
DA:151,1
DA:156,1
DA:172,1
LF:8
LH:5
end_of_record
TN:
SF:/usr/include/c++/14/bits/stl_algobase.h
FNF:0
FNH:0
DA:947,1
DA:950,1
DA:951,4
DA:952,3
DA:997,1
DA:998,1
DA:1140,1
DA:1146,1
DA:1151,1
DA:1175,1
DA:1180,1
LF:11
LH:11
end_of_record
TN:
SF:/usr/include/c++/14/bits/stl_iterator.h
FNF:0
FNH:0
DA:1067,5
DA:1068,5
DA:1100,15
DA:1102,15
DA:1103,15
LF:5
LH:5
end_of_record
TN:
SF:/usr/include/c++/14/bits/stl_uninitialized.h
FNF:0
FNH:0
DA:292,1
DA:294,1
DA:312,1
DA:319,1
DA:327,1
DA:465,1
DA:472,1
LF:7
LH:7
end_of_record
TN:
SF:/usr/include/c++/14/bits/stl_vector.h
FNL:0,366,370
FNA:0,1,_ZNSt12_Vector_baseIySaIyEED2Ev
FNL:1,396,401
FNA:1,1,_ZNSt12_Vector_baseIySaIyEE17_M_create_storageEm
FNL:2,569,572
FNA:2,1,_ZNSt6vectorIySaIyEEC2EmRKyRKS0_
FNF:3
FNH:3
DA:98,1
DA:99,1
DA:132,1
DA:145,1
DA:146,1
DA:300,1
DA:332,1
DA:333,1
DA:334,1
DA:366,1
DA:368,2
DA:369,1
DA:370,1
DA:377,1
DA:380,1
DA:385,1
DA:388,1
DA:389,1
DA:396,1
DA:398,1
DA:399,1
DA:400,1
DA:401,1
DA:569,1
DA:571,1
DA:572,1
DA:733,1
DA:735,1
DA:736,1
DA:738,1
DA:873,5
DA:874,5
DA:893,5
DA:894,5
DA:1128,3
DA:1131,3
DA:1706,1
DA:1708,1
DA:1709,2
DA:1710,1
DA:1917,1
DA:1919,1
DA:1920,0
LF:43
LH:42
end_of_record
