<?xml version="1.0" encoding="UTF-8"?>
<Site BuildName="(empty)"
	BuildStamp="20250323-0410-Experimental"
	Name="(empty)"
	Generator="ctest-3.30.8"
	CompilerName=""
	CompilerVersion=""
	OSName="Linux"
	Hostname="gigachad-linux"
	OSRelease="6.13.7-200.fc41.x86_64"
	OSVersion="#1 SMP PREEMPT_DYNAMIC Thu Mar 13 17:46:13 UTC 2025"
	OSPlatform="x86_64"
	Is64Bits="1"
	VendorString="AuthenticAMD"
	VendorID="Advanced Micro Devices"
	FamilyID="25"
	ModelID="80"
	ProcessorCacheSize="512"
	NumberOfLogicalCPU="12"
	NumberOfPhysicalCPU="6"
	TotalVirtualMemory="8191"
	TotalPhysicalMemory="13812"
	LogicalProcessorsPerPhysical="2"
	ProcessorClockFrequency="3816.75"
	>
	<Testing>
		<StartDateTime>Mar 23 22:03 KST</StartDateTime>
		<StartTestTime>1742735032</StartTestTime>
		<TestList/>
		<EndDateTime>Mar 23 22:03 KST</EndDateTime>
		<EndTestTime>1742735032</EndTestTime>
		<ElapsedMinutes>0</ElapsedMinutes>
	</Testing>
</Site>
