TN:
SF:/home/monika/Documents/problems/19799번： Половина/main.cpp
FNL:0,7,63
FNA:0,0,main
FNF:1
FNH:0
DA:7,0
DA:9,0
DA:10,0
DA:13,0
DA:15,0
DA:17,0
DA:18,0
DA:20,0
DA:22,0
DA:23,0
DA:25,0
DA:27,0
DA:29,0
DA:31,0
DA:35,0
DA:37,0
DA:42,0
DA:43,0
DA:45,0
DA:47,0
DA:49,0
DA:52,0
DA:54,0
DA:55,0
DA:56,0
DA:58,0
DA:61,0
DA:62,0
DA:63,0
LF:29
LH:0
end_of_record
TN:
SF:/usr/include/c++/14/bit
FNL:0,201,243
FNA:0,0,_ZSt13__countl_zeroImEiT_
FNL:1,371,375
FNA:1,0,_ZSt11__bit_widthImEiT_
FNF:2
FNH:0
DA:201,0
DA:204,0
DA:206,0
DA:207,0
DA:209,0
DA:210,0
DA:211,0
DA:220,0
DA:221,0
DA:371,0
DA:373,0
DA:374,0
LF:12
LH:0
end_of_record
TN:
SF:/usr/include/c++/14/bits/alloc_traits.h
FNF:0
FNH:0
DA:515,0
DA:550,0
DA:577,0
DA:581,0
DA:599,0
DA:601,0
DA:800,0
DA:804,0
DA:993,0
DA:994,0
LF:10
LH:0
end_of_record
TN:
SF:/usr/include/c++/14/bits/allocator.h
FNF:0
FNH:0
DA:161,0
DA:189,0
DA:191,0
DA:192,0
DA:193,0
DA:196,0
DA:203,0
DA:205,0
DA:206,0
DA:208,0
LF:10
LH:0
end_of_record
TN:
SF:/usr/include/c++/14/bits/cpp_type_traits.h
FNL:0,608,609
FNA:0,0,_ZSt12__miter_baseIN9__gnu_cxx17__normal_iteratorIPdSt6vectorIdSaIdEEEEET_S7_
FNF:1
FNH:0
DA:608,0
DA:609,0
LF:2
LH:0
end_of_record
TN:
SF:/usr/include/c++/14/bits/ios_base.h
FNL:0,104,105
FNA:0,0,_ZStoRRSt13_Ios_FmtflagsS_
FNL:1,109,110
FNA:1,0,_ZStaNRSt13_Ios_FmtflagsS_
FNL:2,1104,1108
FNA:2,0,_ZSt5fixedRSt8ios_base
FNL:3,726,732
FNA:3,0,_ZNSt8ios_base4setfESt13_Ios_FmtflagsS0_
FNL:4,84,85
FNA:4,0,_ZStanSt13_Ios_FmtflagsS_
FNL:5,89,90
FNA:5,0,_ZStorSt13_Ios_FmtflagsS_
FNL:6,99,100
FNA:6,0,_ZStcoSt13_Ios_Fmtflags
FNF:7
FNH:0
DA:84,0
DA:85,0
DA:89,0
DA:90,0
DA:99,0
DA:100,0
DA:104,0
DA:105,0
DA:109,0
DA:110,0
DA:726,0
DA:728,0
DA:729,0
DA:730,0
DA:731,0
DA:1104,0
DA:1106,0
DA:1107,0
LF:18
LH:0
end_of_record
TN:
SF:/usr/include/c++/14/bits/move.h
FNL:0,137,138
FNA:0,0,_ZSt4moveIRSaISt13_Rb_tree_nodeIiEEEONSt16remove_referenceIT_E4typeEOS5_
FNA:0,0,_ZSt4moveIRSt3setIiSt4lessIiESaIiEEEONSt16remove_referenceIT_E4typeEOS7_
FNA:0,0,_ZSt4moveIRSt4lessIiEEONSt16remove_referenceIT_E4typeEOS4_
FNA:0,0,_ZSt4moveIRdEONSt16remove_referenceIT_E4typeEOS2_
FNA:0,0,_ZSt4moveIRiEONSt16remove_referenceIT_E4typeEOS2_
FNL:1,226,237
FNA:1,0,_ZSt4swapIdENSt9enable_ifIXsrSt6__and_IJSt6__not_ISt15__is_tuple_likeIT_EESt21is_move_constructibleIS4_ESt18is_move_assignableIS4_EEE5valueEvE4typeERS4_SE_
FNL:2,51,52
FNA:2,0,_ZSt11__addressofIdEPT_RS0_
FNL:3,71,72
FNA:3,0,_ZSt7forwardIRKiEOT_RNSt16remove_referenceIS2_E4typeE
FNA:3,0,_ZSt7forwardIRPSt13_Rb_tree_nodeIiEEOT_RNSt16remove_referenceIS4_E4typeE
FNA:3,0,_ZSt7forwardIRPSt18_Rb_tree_node_baseEOT_RNSt16remove_referenceIS3_E4typeE
FNA:3,0,_ZSt7forwardIRSt17_Rb_tree_iteratorIiEEOT_RNSt16remove_referenceIS3_E4typeE
FNA:3,0,_ZSt7forwardIRbEOT_RNSt16remove_referenceIS1_E4typeE
FNA:3,0,_ZSt7forwardISt17_Rb_tree_iteratorIiEEOT_RNSt16remove_referenceIS2_E4typeE
FNA:3,0,_ZSt7forwardIbEOT_RNSt16remove_referenceIS0_E4typeE
FNA:3,0,_ZSt7forwardIdEOT_RNSt16remove_referenceIS0_E4typeE
FNA:3,0,_ZSt7forwardIiEOT_RNSt16remove_referenceIS0_E4typeE
FNF:4
FNH:0
DA:51,0
DA:52,0
DA:71,0
DA:72,0
DA:137,0
DA:138,0
DA:226,0
DA:234,0
DA:235,0
DA:236,0
DA:237,0
LF:11
LH:0
end_of_record
TN:
SF:/usr/include/c++/14/bits/new_allocator.h
FNL:0,126,152
FNA:0,0,_ZNSt15__new_allocatorISt13_Rb_tree_nodeIiEE8allocateEmPKv
FNA:0,0,_ZNSt15__new_allocatorIdE8allocateEmPKv
FNL:1,156,173
FNA:1,0,_ZNSt15__new_allocatorISt13_Rb_tree_nodeIiEE10deallocateEPS1_m
FNA:1,0,_ZNSt15__new_allocatorIdE10deallocateEPdm
FNF:2
FNH:0
DA:88,0
DA:126,0
DA:134,0
DA:138,0
DA:139,0
DA:140,0
DA:151,0
DA:156,0
DA:172,0
DA:233,0
LF:10
LH:0
end_of_record
TN:
SF:/usr/include/c++/14/bits/predefined_ops.h
FNL:0,108,109
FNA:0,0,_ZN9__gnu_cxx5__ops15__val_comp_iterENS0_15_Iter_less_iterE
FNL:1,44,45
FNA:1,0,_ZNK9__gnu_cxx5__ops15_Iter_less_iterclINS_17__normal_iteratorIPdSt6vectorIdSaIdEEEES8_EEbT_T0_
FNL:2,50,51
FNA:2,0,_ZN9__gnu_cxx5__ops16__iter_less_iterEv
FNL:3,68,69
FNA:3,0,_ZNK9__gnu_cxx5__ops14_Iter_less_valclINS_17__normal_iteratorIPdSt6vectorIdSaIdEEEEdEEbT_RT0_
FNL:4,97,98
FNA:4,0,_ZNK9__gnu_cxx5__ops14_Val_less_iterclIdNS_17__normal_iteratorIPdSt6vectorIdSaIdEEEEEEbRT_T0_
FNF:5
FNH:0
DA:44,0
DA:45,0
DA:50,0
DA:51,0
DA:68,0
DA:69,0
DA:97,0
DA:98,0
DA:108,0
DA:109,0
LF:10
LH:0
end_of_record
TN:
SF:/usr/include/c++/14/bits/ptr_traits.h
FNL:0,205,209
FNA:0,0,_ZSt12__to_addressIdEPT_S1_
FNF:1
FNH:0
DA:205,0
DA:208,0
LF:2
LH:0
end_of_record
TN:
SF:/usr/include/c++/14/bits/stl_algo.h
FNL:0,1589,1597
FNA:0,0,_ZSt13__heap_selectIN9__gnu_cxx17__normal_iteratorIPdSt6vectorIdSaIdEEEENS0_5__ops15_Iter_less_iterEEvT_S9_S9_T0_
FNL:1,1750,1764
FNA:1,0,_ZSt25__unguarded_linear_insertIN9__gnu_cxx17__normal_iteratorIPdSt6vectorIdSaIdEEEENS0_5__ops14_Val_less_iterEEvT_T0_
FNL:2,1770,1788
FNA:2,0,_ZSt16__insertion_sortIN9__gnu_cxx17__normal_iteratorIPdSt6vectorIdSaIdEEEENS0_5__ops15_Iter_less_iterEEvT_S9_T0_
FNL:3,1794,1800
FNA:3,0,_ZSt26__unguarded_insertion_sortIN9__gnu_cxx17__normal_iteratorIPdSt6vectorIdSaIdEEEENS0_5__ops15_Iter_less_iterEEvT_S9_T0_
FNL:4,1812,1823
FNA:4,0,_ZSt22__final_insertion_sortIN9__gnu_cxx17__normal_iteratorIPdSt6vectorIdSaIdEEEENS0_5__ops15_Iter_less_iterEEvT_S9_T0_
FNL:5,1829,1845
FNA:5,0,_ZSt21__unguarded_partitionIN9__gnu_cxx17__normal_iteratorIPdSt6vectorIdSaIdEEEENS0_5__ops15_Iter_less_iterEET_S9_S9_S9_T0_
FNL:6,1851,1858
FNA:6,0,_ZSt27__unguarded_partition_pivotIN9__gnu_cxx17__normal_iteratorIPdSt6vectorIdSaIdEEEENS0_5__ops15_Iter_less_iterEET_S9_S9_T0_
FNL:7,1863,1870
FNA:7,0,_ZSt14__partial_sortIN9__gnu_cxx17__normal_iteratorIPdSt6vectorIdSaIdEEEENS0_5__ops15_Iter_less_iterEEvT_S9_S9_T0_
FNL:8,1876,1893
FNA:8,0,_ZSt16__introsort_loopIN9__gnu_cxx17__normal_iteratorIPdSt6vectorIdSaIdEEEElNS0_5__ops15_Iter_less_iterEEvT_S9_T0_T1_
FNL:9,1900,1910
FNA:9,0,_ZSt6__sortIN9__gnu_cxx17__normal_iteratorIPdSt6vectorIdSaIdEEEENS0_5__ops15_Iter_less_iterEEvT_S9_T0_
FNL:10,4762,4773
FNA:10,0,_ZSt4sortIN9__gnu_cxx17__normal_iteratorIPdSt6vectorIdSaIdEEEEEvT_S7_
FNL:11,85,103
FNA:11,0,_ZSt22__move_median_to_firstIN9__gnu_cxx17__normal_iteratorIPdSt6vectorIdSaIdEEEENS0_5__ops15_Iter_less_iterEEvT_S9_S9_S9_T0_
FNF:12
FNH:0
DA:85,0
DA:88,0
DA:90,0
DA:91,0
DA:92,0
DA:93,0
DA:95,0
DA:97,0
DA:98,0
DA:99,0
DA:100,0
DA:102,0
DA:103,0
DA:1589,0
DA:1593,0
DA:1594,0
DA:1595,0
DA:1596,0
DA:1597,0
DA:1750,0
DA:1754,0
DA:1755,0
DA:1756,0
DA:1757,0
DA:1759,0
DA:1760,0
DA:1761,0
DA:1763,0
DA:1764,0
DA:1770,0
DA:1773,0
DA:1775,0
DA:1777,0
DA:1780,0
DA:1781,0
DA:1782,0
DA:1785,0
DA:1786,0
DA:1794,0
DA:1797,0
DA:1798,0
DA:1799,0
DA:1800,0
DA:1812,0
DA:1815,0
DA:1817,0
DA:1818,0
DA:1822,0
DA:1823,0
DA:1829,0
DA:1835,0
DA:1836,0
DA:1837,0
DA:1838,0
DA:1839,0
DA:1840,0
DA:1841,0
DA:1842,0
DA:1843,0
DA:1851,0
DA:1854,0
DA:1855,0
DA:1857,0
DA:1863,0
DA:1868,0
DA:1869,0
DA:1870,0
DA:1876,0
DA:1880,0
DA:1882,0
DA:1884,0
DA:1885,0
DA:1887,0
DA:1889,0
DA:1890,0
DA:1891,0
DA:1900,0
DA:1903,0
DA:1905,0
DA:1906,0
DA:1908,0
DA:1910,0
DA:4762,0
DA:4772,0
DA:4773,0
LF:85
LH:0
end_of_record
TN:
SF:/usr/include/c++/14/bits/stl_algobase.h
FNL:0,1544,1557
FNA:0,0,_ZSt4__lgIlET_S0_
FNL:1,155,187
FNA:1,0,_ZSt9iter_swapIN9__gnu_cxx17__normal_iteratorIPdSt6vectorIdSaIdEEEES6_EvT_T0_
FNL:2,233,241
FNA:2,0,_ZSt3minImERKT_S2_S2_
FNL:3,257,265
FNA:3,0,_ZSt3maxImERKT_S2_S2_
FNL:4,316,318
FNA:4,0,_ZSt12__niter_baseIPdET_S1_
FNL:5,346,347
FNA:5,0,_ZSt12__niter_wrapIN9__gnu_cxx17__normal_iteratorIPdSt6vectorIdSaIdEEEES2_ET_S7_T0_
FNL:6,437,438
FNA:6,0,_ZNSt11__copy_moveILb1ELb0ESt26random_access_iterator_tagE12__assign_oneIddEEvPT_PT0_
FNL:7,745,752
FNA:7,0,_ZNSt20__copy_move_backwardILb1ELb0ESt26random_access_iterator_tagE13__copy_move_bIPdS3_EET0_T_S5_S4_
FNL:8,762,771
FNA:8,0,_ZNSt20__copy_move_backwardILb1ELb1ESt26random_access_iterator_tagE13__copy_move_bIddEEPT0_PT_S6_S4_
FNL:9,777,790
FNA:9,0,_ZSt23__copy_move_backward_a2ILb1EPdS0_ET1_T0_S2_S1_
FNL:10,795,796
FNA:10,0,_ZSt23__copy_move_backward_a1ILb1EPdS0_ET1_T0_S2_S1_
FNL:11,823,829
FNA:11,0,_ZSt22__copy_move_backward_aILb1EN9__gnu_cxx17__normal_iteratorIPdSt6vectorIdSaIdEEEES6_ET1_T0_S8_S7_
FNL:12,913,925
FNA:12,0,_ZSt13move_backwardIN9__gnu_cxx17__normal_iteratorIPdSt6vectorIdSaIdEEEES6_ET0_T_S8_S7_
FNF:13
FNH:0
DA:155,0
DA:185,0
DA:187,0
DA:233,0
DA:238,0
DA:239,0
DA:240,0
DA:257,0
DA:262,0
DA:263,0
DA:264,0
DA:316,0
DA:318,0
DA:346,0
DA:347,0
DA:437,0
DA:438,0
DA:745,0
DA:748,0
DA:749,0
DA:750,0
DA:751,0
DA:762,0
DA:764,0
DA:765,0
DA:766,0
DA:767,0
DA:769,0
DA:770,0
DA:777,0
DA:781,0
DA:783,0
DA:787,0
DA:789,0
DA:795,0
DA:796,0
DA:823,0
DA:825,0
DA:828,0
DA:913,0
DA:922,0
DA:924,0
DA:1544,0
DA:1547,0
LF:44
LH:0
end_of_record
TN:
SF:/usr/include/c++/14/bits/stl_construct.h
FNL:0,146,153
FNA:0,0,_ZSt8_DestroyIdEvPT_
FNL:1,160,164
FNA:1,0,_ZNSt12_Destroy_auxILb0EE9__destroyIPdEEvT_S3_
FNL:2,172,172
FNA:2,0,_ZNSt12_Destroy_auxILb1EE9__destroyIPdEEvT_S3_
FNL:3,182,197
FNA:3,0,_ZSt8_DestroyIPdEvT_S1_
FNL:4,80,89
FNA:4,0,_ZSt10destroy_atIdEvPT_
FNA:4,0,_ZSt10destroy_atIiEvPT_
FNL:5,94,97
FNA:5,0,_ZSt12construct_atIdJdEEDTgsnwcvPvLi0E_T_pispcl7declvalIT0_EEEEPS1_DpOS2_
FNA:5,0,_ZSt12construct_atIiJRKiEEDTgsnwcvPvLi0E_T_pispcl7declvalIT0_EEEEPS3_DpOS4_
FNA:5,0,_ZSt12construct_atIiJiEEDTgsnwcvPvLi0E_T_pispcl7declvalIT0_EEEEPS1_DpOS2_
FNF:6
FNH:0
DA:80,0
DA:88,0
DA:89,0
DA:94,0
DA:97,0
DA:146,0
DA:149,0
DA:153,0
DA:160,0
DA:162,0
DA:163,0
DA:164,0
DA:172,0
DA:182,0
DA:192,0
DA:193,0
DA:196,0
LF:17
LH:0
end_of_record
TN:
SF:/usr/include/c++/14/bits/stl_function.h
FNL:0,1159,1160
FNA:0,0,_ZNKSt9_IdentityIiEclERi
FNL:1,1163,1164
FNA:1,0,_ZNKSt9_IdentityIiEclERKi
FNL:2,404,405
FNA:2,0,_ZNKSt4lessIiEclERKiS2_
FNF:3
FNH:0
DA:404,0
DA:405,0
DA:1159,0
DA:1160,0
DA:1163,0
DA:1164,0
LF:6
LH:0
end_of_record
TN:
SF:/usr/include/c++/14/bits/stl_heap.h
FNL:0,135,147
FNA:0,0,_ZSt11__push_heapIN9__gnu_cxx17__normal_iteratorIPdSt6vectorIdSaIdEEEEldNS0_5__ops14_Iter_less_valEEvT_T0_SA_T1_RT2_
FNL:1,224,249
FNA:1,0,_ZSt13__adjust_heapIN9__gnu_cxx17__normal_iteratorIPdSt6vectorIdSaIdEEEEldNS0_5__ops15_Iter_less_iterEEvT_T0_SA_T1_T2_
FNL:2,254,267
FNA:2,0,_ZSt10__pop_heapIN9__gnu_cxx17__normal_iteratorIPdSt6vectorIdSaIdEEEENS0_5__ops15_Iter_less_iterEEvT_S9_S9_RT0_
FNL:3,340,362
FNA:3,0,_ZSt11__make_heapIN9__gnu_cxx17__normal_iteratorIPdSt6vectorIdSaIdEEEENS0_5__ops15_Iter_less_iterEEvT_S9_RT0_
FNL:4,419,427
FNA:4,0,_ZSt11__sort_heapIN9__gnu_cxx17__normal_iteratorIPdSt6vectorIdSaIdEEEENS0_5__ops15_Iter_less_iterEEvT_S9_RT0_
FNF:5
FNH:0
DA:135,0
DA:139,0
DA:140,0
DA:142,0
DA:143,0
DA:144,0
DA:146,0
DA:147,0
DA:224,0
DA:227,0
DA:228,0
DA:229,0
DA:231,0
DA:232,0
DA:234,0
DA:235,0
DA:236,0
DA:238,0
DA:240,0
DA:241,0
DA:243,0
DA:247,0
DA:248,0
DA:249,0
DA:254,0
DA:262,0
DA:263,0
DA:264,0
DA:265,0
DA:266,0
DA:267,0
DA:340,0
DA:348,0
DA:349,0
DA:351,0
DA:352,0
DA:353,0
DA:355,0
DA:356,0
DA:358,0
DA:359,0
DA:360,0
DA:419,0
DA:422,0
DA:424,0
DA:425,0
DA:427,0
LF:47
LH:0
end_of_record
TN:
SF:/usr/include/c++/14/bits/stl_iterator.h
FNL:0,1067,1068
FNA:0,0,_ZN9__gnu_cxx17__normal_iteratorIPdSt6vectorIdSaIdEEEC2ERKS1_
FNA:0,0,_ZN9__gnu_cxx17__normal_iteratorIPdvEC2ERKS1_
FNL:1,1090,1091
FNA:1,0,_ZNK9__gnu_cxx17__normal_iteratorIPdSt6vectorIdSaIdEEEdeEv
FNA:1,0,_ZNK9__gnu_cxx17__normal_iteratorIPdvEdeEv
FNL:2,1100,1104
FNA:2,0,_ZN9__gnu_cxx17__normal_iteratorIPdSt6vectorIdSaIdEEEppEv
FNA:2,0,_ZN9__gnu_cxx17__normal_iteratorIPdvEppEv
FNL:3,1114,1118
FNA:3,0,_ZN9__gnu_cxx17__normal_iteratorIPdSt6vectorIdSaIdEEEmmEv
FNL:4,1138,1139
FNA:4,0,_ZNK9__gnu_cxx17__normal_iteratorIPdSt6vectorIdSaIdEEEplEl
FNL:5,1148,1149
FNA:5,0,_ZNK9__gnu_cxx17__normal_iteratorIPdSt6vectorIdSaIdEEEmiEl
FNL:6,1153,1154
FNA:6,0,_ZNK9__gnu_cxx17__normal_iteratorIPdSt6vectorIdSaIdEEE4baseEv
FNA:6,0,_ZNK9__gnu_cxx17__normal_iteratorIPdvE4baseEv
FNL:7,1188,1194
FNA:7,0,_ZN9__gnu_cxxeqIPdSt6vectorIdSaIdEEEEbRKNS_17__normal_iteratorIT_T0_EESA_QrqXeqcldtfL0p_4baseEcldtfL0p0_4baseERSt14convertible_toIbEE
FNL:8,1199,1202
FNA:8,0,_ZN9__gnu_cxxssIPdSt6vectorIdSaIdEEEEDTclL_ZNSt8__detail11__synth3wayEEcl7declvalIRT_EEcl7declvalIS7_EEEERKNS_17__normal_iteratorIS6_T0_EESD_
FNL:9,1325,1328
FNA:9,0,_ZN9__gnu_cxxmiIPdSt6vectorIdSaIdEEEENS_17__normal_iteratorIT_T0_E15difference_typeERKS8_SB_
FNL:10,1348,1350
FNA:10,0,_ZSt12__niter_baseIPdSt6vectorIdSaIdEEET_N9__gnu_cxx17__normal_iteratorIS4_T0_EE
FNF:11
FNH:0
DA:1067,0
DA:1068,0
DA:1090,0
DA:1091,0
DA:1100,0
DA:1102,0
DA:1103,0
DA:1114,0
DA:1116,0
DA:1117,0
DA:1138,0
DA:1139,0
DA:1148,0
DA:1149,0
DA:1153,0
DA:1154,0
DA:1188,0
DA:1194,0
DA:1199,0
DA:1202,0
DA:1325,0
DA:1328,0
DA:1348,0
DA:1350,0
LF:24
LH:0
end_of_record
TN:
SF:/usr/include/c++/14/bits/stl_pair.h
FNL:0,428,432
FNA:0,0,_ZNSt4pairIPSt18_Rb_tree_node_baseS1_EC2ERKS1_S4_Qcl16_S_constructibleIRKT_RKT0_EE
FNL:1,442,445
FNA:1,0,_ZNSt4pairIPSt18_Rb_tree_node_baseS1_EC2IRPSt13_Rb_tree_nodeIiERS1_EEOT_OT0_
FNA:1,0,_ZNSt4pairISt17_Rb_tree_iteratorIiEbEC2IS1_bEEOT_OT0_
FNA:1,0,_ZNSt4pairISt23_Rb_tree_const_iteratorIiEbEC2IRSt17_Rb_tree_iteratorIiERbEEOT_OT0_
FNF:2
FNH:0
DA:428,0
DA:431,0
DA:432,0
DA:442,0
DA:444,0
DA:445,0
LF:6
LH:0
end_of_record
TN:
SF:/usr/include/c++/14/bits/stl_set.h
FNL:0,169,169
FNA:0,0,_ZNSt3setIiSt4lessIiESaIiEEC2Ev
FNL:1,283,283
FNA:1,0,_ZNSt3setIiSt4lessIiESaIiEED2Ev
FNL:2,304,304
FNA:2,0,_ZNSt3setIiSt4lessIiESaIiEEaSEOS3_
FNL:3,346,347
FNA:3,0,_ZNKSt3setIiSt4lessIiESaIiEE5beginEv
FNL:4,355,356
FNA:4,0,_ZNKSt3setIiSt4lessIiESaIiEE3endEv
FNL:5,511,516
FNA:5,0,_ZNSt3setIiSt4lessIiESaIiEE6insertERKi
FNL:6,520,525
FNA:6,0,_ZNSt3setIiSt4lessIiESaIiEE6insertEOi
FNF:7
FNH:0
DA:169,0
DA:283,0
DA:304,0
DA:346,0
DA:347,0
DA:355,0
DA:356,0
DA:511,0
DA:514,0
DA:515,0
DA:520,0
DA:523,0
DA:524,0
LF:13
LH:0
end_of_record
TN:
SF:/usr/include/c++/14/bits/stl_tree.h
FNL:0,1005,1006
FNA:0,0,_ZNKSt8_Rb_treeIiiSt9_IdentityIiESt4lessIiESaIiEE3endEv
FNL:1,1249,1253
FNA:1,0,_ZNSt8_Rb_treeIiiSt9_IdentityIiESt4lessIiESaIiEE5clearEv
FNL:2,1416,1417
FNA:2,0,_ZNSt8_Rb_treeIiiSt9_IdentityIiESt4lessIiESaIiEE12_M_move_dataERS5_St17integral_constantIbLb1EE
FNL:3,142,146
FNA:3,0,_ZNSt20_Rb_tree_key_compareISt4lessIiEEC2Ev
FNL:4,169,173
FNA:4,0,_ZNSt15_Rb_tree_headerC2Ev
FNL:5,1701,1709
FNA:5,0,_ZNSt8_Rb_treeIiiSt9_IdentityIiESt4lessIiESaIiEE14_M_move_assignERS5_St17integral_constantIbLb1EE
FNL:6,1734,1742
FNA:6,0,_ZNSt8_Rb_treeIiiSt9_IdentityIiESt4lessIiESaIiEEaSEOS5_
FNL:7,1814,1833
FNA:7,0,_ZNSt8_Rb_treeIiiSt9_IdentityIiESt4lessIiESaIiEE10_M_insert_IRKiNS5_11_Alloc_nodeEEESt17_Rb_tree_iteratorIiEPSt18_Rb_tree_node_baseSD_OT_RT0_
FNA:7,0,_ZNSt8_Rb_treeIiiSt9_IdentityIiESt4lessIiESaIiEE10_M_insert_IiNS5_11_Alloc_nodeEEESt17_Rb_tree_iteratorIiEPSt18_Rb_tree_node_baseSB_OT_RT0_
FNL:8,189,199
FNA:8,0,_ZNSt15_Rb_tree_header12_M_move_dataERS_
FNL:9,1926,1937
FNA:9,0,_ZNSt8_Rb_treeIiiSt9_IdentityIiESt4lessIiESaIiEE8_M_eraseEPSt13_Rb_tree_nodeIiE
FNL:10,202,208
FNA:10,0,_ZNSt15_Rb_tree_header8_M_resetEv
FNL:11,2104,2128
FNA:11,0,_ZNSt8_Rb_treeIiiSt9_IdentityIiESt4lessIiESaIiEE24_M_get_insert_unique_posERKi
FNL:12,2158,2178
FNA:12,0,_ZNSt8_Rb_treeIiiSt9_IdentityIiESt4lessIiESaIiEE16_M_insert_uniqueIRKiEESt4pairISt17_Rb_tree_iteratorIiEbEOT_
FNA:12,0,_ZNSt8_Rb_treeIiiSt9_IdentityIiESt4lessIiESaIiEE16_M_insert_uniqueIiEESt4pairISt17_Rb_tree_iteratorIiEbEOT_
FNL:13,230,231
FNA:13,0,_ZNSt13_Rb_tree_nodeIiE9_M_valptrEv
FNL:14,234,235
FNA:14,0,_ZNKSt13_Rb_tree_nodeIiE9_M_valptrEv
FNL:15,269,270
FNA:15,0,_ZNSt17_Rb_tree_iteratorIiEC2EPSt18_Rb_tree_node_base
FNL:16,296,300
FNA:16,0,_ZNSt17_Rb_tree_iteratorIiEmmEv
FNL:17,311,312
FNA:17,0,_ZSteqRKSt17_Rb_tree_iteratorIiES2_
FNL:18,343,344
FNA:18,0,_ZNSt23_Rb_tree_const_iteratorIiEC2EPKSt18_Rb_tree_node_base
FNL:19,346,347
FNA:19,0,_ZNSt23_Rb_tree_const_iteratorIiEC2ERKSt17_Rb_tree_iteratorIiE
FNL:20,354,355
FNA:20,0,_ZNKSt23_Rb_tree_const_iteratorIiEdeEv
FNL:21,362,366
FNA:21,0,_ZNSt23_Rb_tree_const_iteratorIiEppEv
FNL:22,392,393
FNA:22,0,_ZSteqRKSt23_Rb_tree_const_iteratorIiES2_
FNL:23,521,522
FNA:23,0,_ZNSt8_Rb_treeIiiSt9_IdentityIiESt4lessIiESaIiEE11_Alloc_nodeC2ERS5_
FNL:24,526,527
FNA:24,0,_ZNKSt8_Rb_treeIiiSt9_IdentityIiESt4lessIiESaIiEE11_Alloc_nodeclIRKiEEPSt13_Rb_tree_nodeIiEOT_
FNA:24,0,_ZNKSt8_Rb_treeIiiSt9_IdentityIiESt4lessIiESaIiEE11_Alloc_nodeclIiEEPSt13_Rb_tree_nodeIiEOT_
FNL:25,545,546
FNA:25,0,_ZNSt8_Rb_treeIiiSt9_IdentityIiESt4lessIiESaIiEE21_M_get_Node_allocatorEv
FNL:26,558,559
FNA:26,0,_ZNSt8_Rb_treeIiiSt9_IdentityIiESt4lessIiESaIiEE11_M_get_nodeEv
FNL:27,562,563
FNA:27,0,_ZNSt8_Rb_treeIiiSt9_IdentityIiESt4lessIiESaIiEE11_M_put_nodeEPSt13_Rb_tree_nodeIiE
FNL:28,588,603
FNA:28,0,_ZNSt8_Rb_treeIiiSt9_IdentityIiESt4lessIiESaIiEE17_M_construct_nodeIJRKiEEEvPSt13_Rb_tree_nodeIiEDpOT_
FNA:28,0,_ZNSt8_Rb_treeIiiSt9_IdentityIiESt4lessIiESaIiEE17_M_construct_nodeIJiEEEvPSt13_Rb_tree_nodeIiEDpOT_
FNL:29,607,612
FNA:29,0,_ZNSt8_Rb_treeIiiSt9_IdentityIiESt4lessIiESaIiEE14_M_create_nodeIJRKiEEEPSt13_Rb_tree_nodeIiEDpOT_
FNA:29,0,_ZNSt8_Rb_treeIiiSt9_IdentityIiESt4lessIiESaIiEE14_M_create_nodeIJiEEEPSt13_Rb_tree_nodeIiEDpOT_
FNL:30,616,624
FNA:30,0,_ZNSt8_Rb_treeIiiSt9_IdentityIiESt4lessIiESaIiEE15_M_destroy_nodeEPSt13_Rb_tree_nodeIiE
FNL:31,627,631
FNA:31,0,_ZNSt8_Rb_treeIiiSt9_IdentityIiESt4lessIiESaIiEE12_M_drop_nodeEPSt13_Rb_tree_nodeIiE
FNL:32,665,670
FNA:32,0,_ZNSt8_Rb_treeIiiSt9_IdentityIiESt4lessIiESaIiEE13_Rb_tree_implIS3_Lb1EEC2Ev
FNL:33,708,709
FNA:33,0,_ZNSt8_Rb_treeIiiSt9_IdentityIiESt4lessIiESaIiEE7_M_rootEv
FNL:34,732,733
FNA:34,0,_ZNKSt8_Rb_treeIiiSt9_IdentityIiESt4lessIiESaIiEE9_M_mbeginEv
FNL:35,736,737
FNA:35,0,_ZNSt8_Rb_treeIiiSt9_IdentityIiESt4lessIiESaIiEE8_M_beginEv
FNL:36,747,748
FNA:36,0,_ZNSt8_Rb_treeIiiSt9_IdentityIiESt4lessIiESaIiEE6_M_endEv
FNL:37,755,774
FNA:37,0,_ZNSt8_Rb_treeIiiSt9_IdentityIiESt4lessIiESaIiEE6_S_keyEPKSt13_Rb_tree_nodeIiE
FNL:38,777,778
FNA:38,0,_ZNSt8_Rb_treeIiiSt9_IdentityIiESt4lessIiESaIiEE7_S_leftEPSt18_Rb_tree_node_base
FNL:39,785,786
FNA:39,0,_ZNSt8_Rb_treeIiiSt9_IdentityIiESt4lessIiESaIiEE8_S_rightEPSt18_Rb_tree_node_base
FNL:40,793,794
FNA:40,0,_ZNSt8_Rb_treeIiiSt9_IdentityIiESt4lessIiESaIiEE6_S_keyEPKSt18_Rb_tree_node_base
FNL:41,926,926
FNA:41,0,_ZNSt8_Rb_treeIiiSt9_IdentityIiESt4lessIiESaIiEEC2Ev
FNL:42,981,982
FNA:42,0,_ZNSt8_Rb_treeIiiSt9_IdentityIiESt4lessIiESaIiEED2Ev
FNL:43,993,994
FNA:43,0,_ZNSt8_Rb_treeIiiSt9_IdentityIiESt4lessIiESaIiEE5beginEv
FNL:44,997,998
FNA:44,0,_ZNKSt8_Rb_treeIiiSt9_IdentityIiESt4lessIiESaIiEE5beginEv
FNF:45
FNH:0
DA:142,0
DA:146,0
DA:169,0
DA:170,0
DA:171,0
DA:172,0
DA:173,0
DA:189,0
DA:191,0
DA:192,0
DA:193,0
DA:194,0
DA:195,0
DA:196,0
DA:198,0
DA:199,0
DA:202,0
DA:204,0
DA:205,0
DA:206,0
DA:207,0
DA:208,0
DA:230,0
DA:231,0
DA:234,0
DA:235,0
DA:269,0
DA:270,0
DA:296,0
DA:298,0
DA:299,0
DA:311,0
DA:312,0
DA:343,0
DA:344,0
DA:346,0
DA:347,0
DA:354,0
DA:355,0
DA:362,0
DA:364,0
DA:365,0
DA:392,0
DA:393,0
DA:521,0
DA:522,0
DA:526,0
DA:527,0
DA:545,0
DA:546,0
DA:558,0
DA:559,0
DA:562,0
DA:563,0
DA:588,0
DA:592,0
DA:593,0
DA:603,0
DA:607,0
DA:609,0
DA:610,0
DA:611,0
DA:616,0
DA:621,0
DA:622,0
DA:624,0
DA:627,0
DA:629,0
DA:630,0
DA:631,0
DA:665,0
DA:669,0
DA:670,0
DA:708,0
DA:709,0
DA:732,0
DA:733,0
DA:736,0
DA:737,0
DA:747,0
DA:748,0
DA:755,0
DA:773,0
DA:777,0
DA:778,0
DA:785,0
DA:786,0
DA:793,0
DA:794,0
DA:926,0
DA:981,0
DA:982,0
DA:993,0
DA:994,0
DA:997,0
DA:998,0
DA:1005,0
DA:1006,0
DA:1249,0
DA:1251,0
DA:1252,0
DA:1253,0
DA:1416,0
DA:1417,0
DA:1701,0
DA:1704,0
DA:1705,0
DA:1706,0
DA:1707,0
DA:1708,0
DA:1709,0
DA:1734,0
DA:1739,0
DA:1740,0
DA:1741,0
DA:1814,0
DA:1823,0
DA:1824,0
DA:1827,0
DA:1829,0
DA:1830,0
DA:1831,0
DA:1832,0
DA:1926,0
DA:1930,0
DA:1932,0
DA:1933,0
DA:1934,0
DA:1935,0
DA:1937,0
DA:2104,0
DA:2108,0
DA:2109,0
DA:2110,0
DA:2111,0
DA:2113,0
DA:2114,0
DA:2115,0
DA:2117,0
DA:2118,0
DA:2120,0
DA:2121,0
DA:2123,0
DA:2125,0
DA:2126,0
DA:2127,0
DA:2158,0
DA:2167,0
DA:2169,0
DA:2171,0
DA:2172,0
DA:2174,0
DA:2177,0
LF:153
LH:0
end_of_record
TN:
SF:/usr/include/c++/14/bits/stl_uninitialized.h
FNL:0,1067,1077
FNA:0,0,_ZSt19__relocate_object_aIddSaIdEEvPT_PT0_RT1_
FNL:1,1089,1106
FNA:1,0,_ZSt14__relocate_a_1IPdN9__gnu_cxx17__normal_iteratorIS0_vEESaIdEET0_T_S6_S5_RT1_
FNL:2,1112,1132
FNA:2,0,_ZSt14__relocate_a_1IddENSt9enable_ifIXsrSt24__is_bitwise_relocatableIT_vE5valueEPS2_E4typeES4_S4_S4_RSaIT0_E
FNL:3,1139,1148
FNA:3,0,_ZSt12__relocate_aIPdS0_SaIdEET0_T_S3_S2_RT1_
FNF:4
FNH:0
DA:1067,0
DA:1075,0
DA:1076,0
DA:1077,0
DA:1089,0
DA:1101,0
DA:1102,0
DA:1103,0
DA:1105,0
DA:1112,0
DA:1116,0
DA:1117,0
DA:1120,0
DA:1124,0
DA:1125,0
DA:1126,0
DA:1129,0
DA:1131,0
DA:1139,0
DA:1145,0
DA:1147,0
LF:21
LH:0
end_of_record
TN:
SF:/usr/include/c++/14/bits/stl_vector.h
FNL:0,1235,1239
FNA:0,0,_ZNSt6vectorIdSaIdEE4backEv
FNL:1,1300,1301
FNA:1,0,_ZNSt6vectorIdSaIdEE9push_backEOd
FNL:2,1906,1913
FNA:2,0,_ZNKSt6vectorIdSaIdEE12_M_check_lenEmPKc
FNL:3,1926,1935
FNA:3,0,_ZNSt6vectorIdSaIdEE11_S_max_sizeERKS0_
FNL:4,300,301
FNA:4,0,_ZNSt12_Vector_baseIdSaIdEE19_M_get_Tp_allocatorEv
FNL:5,305,306
FNA:5,0,_ZNKSt12_Vector_baseIdSaIdEE19_M_get_Tp_allocatorEv
FNL:6,366,370
FNA:6,0,_ZNSt12_Vector_baseIdSaIdEED2Ev
FNL:7,377,381
FNA:7,0,_ZNSt12_Vector_baseIdSaIdEE11_M_allocateEm
FNL:8,385,390
FNA:8,0,_ZNSt12_Vector_baseIdSaIdEE13_M_deallocateEPdm
FNL:9,504,514
FNA:9,0,_ZNSt6vectorIdSaIdEE11_S_relocateEPdS2_S2_RS0_
FNL:10,733,738
FNA:10,0,_ZNSt6vectorIdSaIdEED2Ev
FNL:11,873,874
FNA:11,0,_ZNSt6vectorIdSaIdEE5beginEv
FNL:12,893,894
FNA:12,0,_ZNSt6vectorIdSaIdEE3endEv
FNL:13,992,993
FNA:13,0,_ZNKSt6vectorIdSaIdEE4sizeEv
FNL:14,998,999
FNA:14,0,_ZNKSt6vectorIdSaIdEE8max_sizeEv
FNF:15
FNH:0
DA:300,0
DA:301,0
DA:305,0
DA:306,0
DA:366,0
DA:368,0
DA:369,0
DA:370,0
DA:377,0
DA:380,0
DA:385,0
DA:388,0
DA:389,0
DA:390,0
DA:504,0
DA:509,0
DA:733,0
DA:735,0
DA:736,0
DA:738,0
DA:873,0
DA:874,0
DA:893,0
DA:894,0
DA:992,0
DA:993,0
DA:998,0
DA:999,0
DA:1235,0
DA:1238,0
DA:1300,0
DA:1301,0
DA:1906,0
DA:1908,0
DA:1909,0
DA:1911,0
DA:1912,0
DA:1926,0
DA:1931,0
DA:1933,0
DA:1934,0
LF:41
LH:0
end_of_record
TN:
SF:/usr/include/c++/14/bits/vector.tcc
FNL:0,111,127
FNA:0,0,_ZNSt6vectorIdSaIdEE12emplace_backIJdEEERdDpOT_
FNL:1,581,695
FNA:1,0,_ZNSt6vectorIdSaIdEE17_M_realloc_appendIJdEEEvDpOT_
FNL:2,607,609
FNA:2,0,_ZZNSt6vectorIdSaIdEE17_M_realloc_appendIJdEEEvDpOT_EN6_GuardC2EPdmRS0_
FNL:3,612,617
FNA:3,0,_ZZNSt6vectorIdSaIdEE17_M_realloc_appendIJdEEEvDpOT_EN6_GuardD2Ev
FNF:4
FNH:0
DA:111,0
DA:114,0
DA:117,0
DA:119,0
DA:123,0
DA:125,0
DA:581,0
DA:590,0
DA:591,0
DA:592,0
DA:593,0
DA:594,0
DA:595,0
DA:596,0
DA:597,0
DA:607,0
DA:608,0
DA:609,0
DA:612,0
DA:614,0
DA:616,0
DA:617,0
DA:624,0
DA:634,0
DA:635,0
DA:647,0
DA:648,0
DA:649,0
DA:686,0
DA:687,0
DA:688,0
DA:692,0
DA:693,0
DA:694,0
DA:695,0
LF:35
LH:0
end_of_record
TN:
SF:/usr/include/c++/14/compare
FNL:0,1224,1243
FNA:0,0,_ZNKSt8__detail10_Synth3wayclIPdS2_EEDaRKT_RKT0_QrqXltfL0p_fL0p0_RNS_18__boolean_testableEXltfL0p0_fL0p_RNS_18__boolean_testableEE
FNL:1,291,292
FNA:1,0,_ZStltSt15strong_orderingNSt9__cmp_cat8__unspecE
FNF:2
FNH:0
DA:291,0
DA:292,0
DA:1224,0
DA:1233,0
LF:4
LH:0
end_of_record
TN:
SF:/usr/include/c++/14/ext/aligned_buffer.h
FNL:0,64,65
FNA:0,0,_ZN9__gnu_cxx16__aligned_membufIiE7_M_addrEv
FNL:1,68,69
FNA:1,0,_ZNK9__gnu_cxx16__aligned_membufIiE7_M_addrEv
FNL:2,72,73
FNA:2,0,_ZN9__gnu_cxx16__aligned_membufIiE6_M_ptrEv
FNL:3,76,77
FNA:3,0,_ZNK9__gnu_cxx16__aligned_membufIiE6_M_ptrEv
FNF:4
FNH:0
DA:64,0
DA:65,0
DA:68,0
DA:69,0
DA:72,0
DA:73,0
DA:76,0
DA:77,0
LF:8
LH:0
end_of_record
TN:
SF:/usr/include/c++/14/iomanip
FNL:0,202,203
FNA:0,0,_ZSt12setprecisioni
FNF:1
FNH:0
DA:202,0
DA:203,0
LF:2
LH:0
end_of_record
TN:
SF:/usr/include/c++/14/new
FNL:0,179,180
FNA:0,0,_ZnwmPv
FNF:1
FNH:0
DA:179,0
DA:180,0
LF:2
LH:0
end_of_record
TN:
SF:/usr/include/c++/14/type_traits
FNL:0,3832,3839
FNA:0,0,_ZSt21is_constant_evaluatedv
FNF:1
FNH:0
DA:3832,0
DA:3835,0
LF:2
LH:0
end_of_record
TN:
SF:/usr/include/c++/14/x86_64-redhat-linux/bits/c++config.h
FNF:0
FNH:0
DA:2394,0
LF:1
LH:0
end_of_record
