TN:
SF:/home/monika/Documents/problems/20438번： 출석체크/main.cpp
FNL:0,5,65
FNA:0,1,main
FNF:1
FNH:1
DA:5,1
DA:7,1
DA:8,1
DA:11,1
DA:13,1
DA:15,1
DA:16,1
DA:18,5
DA:21,4
DA:22,4
DA:25,6
DA:28,5
DA:30,5
DA:32,5
DA:36,51
DA:38,50
DA:40,78
DA:42,53
DA:44,45
DA:50,1
DA:51,51
DA:53,50
DA:56,2
DA:59,1
DA:61,1
DA:64,1
DA:65,1
LF:27
LH:27
end_of_record
TN:
SF:/usr/include/c++/14/bits/alloc_traits.h
FNF:0
FNH:0
DA:515,3
DA:550,3
DA:993,1
DA:994,1
LF:4
LH:4
end_of_record
TN:
SF:/usr/include/c++/14/bits/allocator.h
FNF:0
FNH:0
DA:161,3
DA:166,4
DA:176,2
DA:182,6
DA:189,3
DA:191,0
DA:192,0
DA:193,0
DA:196,3
DA:203,3
DA:205,0
DA:206,0
DA:208,3
LF:13
LH:8
end_of_record
TN:
SF:/usr/include/c++/14/bits/move.h
FNL:0,51,52
FNA:0,0,_ZSt11__addressofIiEPT_RS0_
FNA:0,6,_ZSt11__addressofImEPT_RS0_
FNL:1,71,72
FNA:1,0,_ZSt7forwardIRKiEOT_RNSt16remove_referenceIS2_E4typeE
FNF:2
FNH:1
DA:51,6
DA:52,6
DA:71,0
DA:72,0
LF:4
LH:2
end_of_record
TN:
SF:/usr/include/c++/14/bits/new_allocator.h
FNL:0,126,152
FNA:0,1,_ZNSt15__new_allocatorIiE8allocateEmPKv
FNA:0,2,_ZNSt15__new_allocatorImE8allocateEmPKv
FNL:1,156,173
FNA:1,1,_ZNSt15__new_allocatorIiE10deallocateEPim
FNA:1,2,_ZNSt15__new_allocatorImE10deallocateEPmm
FNF:2
FNH:2
DA:88,5
DA:92,4
DA:126,3
DA:134,3
DA:138,0
DA:139,0
DA:140,0
DA:151,3
DA:156,3
DA:172,3
DA:233,3
LF:11
LH:8
end_of_record
TN:
SF:/usr/include/c++/14/bits/ptr_traits.h
FNL:0,205,209
FNA:0,0,_ZSt12__to_addressImEPT_S1_
FNL:1,241,242
FNA:1,0,_ZSt10to_addressImEPT_S1_
FNF:2
FNH:0
DA:205,0
DA:208,0
DA:241,0
DA:242,0
LF:4
LH:0
end_of_record
TN:
SF:/usr/include/c++/14/bits/stl_algobase.h
FNL:0,1040,1040
FNA:0,1,_ZSt17__size_to_integerm
FNL:1,1140,1153
FNA:1,1,_ZSt10__fill_n_aIPimiET_S1_T0_RKT1_St26random_access_iterator_tag
FNL:2,1175,1182
FNA:2,1,_ZSt6fill_nIPimiET_S1_T0_RKT1_
FNL:3,233,241
FNA:3,1,_ZSt3minImERKT_S2_S2_
FNL:4,947,953
FNA:4,1,_ZSt9__fill_a1IPiiEN9__gnu_cxx11__enable_ifIXsrSt11__is_scalarIT0_E7__valueEvE6__typeET_S8_RKS4_
FNL:5,997,998
FNA:5,1,_ZSt8__fill_aIPiiEvT_S1_RKT0_
FNF:6
FNH:6
DA:233,1
DA:238,1
DA:239,0
DA:240,1
DA:947,1
DA:950,1
DA:951,54
DA:952,53
DA:953,1
DA:997,1
DA:998,1
DA:1040,1
DA:1140,1
DA:1146,1
DA:1147,0
DA:1151,1
DA:1152,1
DA:1175,1
DA:1180,1
DA:1181,2
LF:20
LH:18
end_of_record
TN:
SF:/usr/include/c++/14/bits/stl_bvector.h
FNL:0,104,111
FNA:0,54,_ZNSt14_Bit_referenceaSEb
FNL:1,1086,1087
FNA:1,237,_ZNSt6vectorIbSaIbEEixEm
FNL:2,1349,1359
FNA:2,2,_ZNSt6vectorIbSaIbEE13_M_initializeEm
FNL:3,1363,1367
FNA:3,2,_ZNSt6vectorIbSaIbEE19_M_initialize_valueEb
FNL:4,1587,1598
FNA:4,2,_ZSt16__fill_bvector_nPmmb
FNL:5,195,196
FNA:5,247,_ZNSt18_Bit_iterator_baseC2EPmj
FNL:6,224,236
FNA:6,239,_ZNSt18_Bit_iterator_base7_M_incrEl
FNL:7,313,313
FNA:7,8,_ZNSt13_Bit_iteratorC2Ev
FNL:8,316,317
FNA:8,239,_ZNSt13_Bit_iteratorC2EPmj
FNL:9,326,330
FNA:9,237,_ZNKSt13_Bit_iteratordeEv
FNL:10,368,372
FNA:10,239,_ZNSt13_Bit_iteratorpLEl
FNL:11,384,385
FNA:11,237,_ZNKSt13_Bit_iteratorixEl
FNL:12,389,394
FNA:12,239,_ZStplRKSt13_Bit_iteratorl
FNL:13,551,553
FNA:13,4,_ZNSt13_Bvector_baseISaIbEE18_Bvector_impl_dataC2Ev
FNL:14,577,578
FNA:14,2,_ZNSt13_Bvector_baseISaIbEE18_Bvector_impl_data8_M_resetEv
FNL:15,603,605
FNA:15,2,_ZNSt13_Bvector_baseISaIbEE13_Bvector_implC2ERKSaImE
FNL:16,623,628
FNA:16,4,_ZNKSt13_Bvector_baseISaIbEE13_Bvector_impl11_M_end_addrEv
FNL:17,656,657
FNA:17,2,_ZNSt13_Bvector_baseISaIbEEC2ERKS0_
FNL:18,669,670
FNA:18,2,_ZNSt13_Bvector_baseISaIbEED2Ev
FNL:19,677,689
FNA:19,2,_ZNSt13_Bvector_baseISaIbEE11_M_allocateEm
FNL:20,693,703
FNA:20,2,_ZNSt13_Bvector_baseISaIbEE13_M_deallocateEv
FNL:21,714,715
FNA:21,4,_ZNSt13_Bvector_baseISaIbEE8_S_nwordEm
FNL:22,795,806
FNA:22,2,_ZNSt6vectorIbSaIbEEC2EmRKbRKS0_
FNL:23,88,89
FNA:23,237,_ZNSt14_Bit_referenceC2EPmm
FNL:24,890,890
FNA:24,2,_ZNSt6vectorIbSaIbEED2Ev
FNL:25,99,100
FNA:25,183,_ZNKSt14_Bit_referencecvbEv
FNL:26,995,996
FNA:26,237,_ZNSt6vectorIbSaIbEE5beginEv
FNF:27
FNH:27
DA:88,237
DA:89,237
DA:99,183
DA:100,183
DA:104,54
DA:106,54
DA:107,54
DA:109,0
DA:110,54
DA:189,476
DA:190,0
DA:192,476
DA:195,247
DA:196,247
DA:224,239
DA:227,239
DA:228,239
DA:229,239
DA:230,239
DA:232,0
DA:233,0
DA:235,239
DA:236,239
DA:313,8
DA:316,239
DA:317,239
DA:326,237
DA:328,237
DA:329,237
DA:368,239
DA:370,239
DA:371,239
DA:384,237
DA:385,237
DA:389,239
DA:391,239
DA:392,239
DA:393,239
DA:551,4
DA:552,4
DA:553,4
DA:577,2
DA:578,2
DA:603,2
DA:604,2
DA:605,2
DA:623,4
DA:625,4
DA:626,4
DA:627,0
DA:656,2
DA:657,4
DA:669,2
DA:670,2
DA:677,2
DA:679,2
DA:681,2
DA:683,0
DA:684,0
DA:685,0
DA:688,2
DA:693,2
DA:695,2
DA:697,2
DA:698,2
DA:699,2
DA:701,2
DA:703,2
DA:714,4
DA:715,4
DA:795,2
DA:802,2
DA:804,2
DA:805,2
DA:806,2
DA:890,2
DA:995,237
DA:996,237
DA:1086,237
DA:1087,237
DA:1349,2
DA:1351,2
DA:1353,2
DA:1354,2
DA:1355,2
DA:1356,2
DA:1357,2
DA:1359,2
DA:1363,2
DA:1365,2
DA:1366,2
DA:1367,2
DA:1587,2
DA:1590,2
DA:1592,0
DA:1593,0
DA:1594,0
DA:1597,2
LF:98
LH:87
end_of_record
TN:
SF:/usr/include/c++/14/bits/stl_construct.h
FNL:0,109,120
FNA:0,0,_ZSt10_ConstructIiJRKiEEvPT_DpOT0_
FNL:1,146,153
FNA:1,0,_ZSt8_DestroyIiEvPT_
FNL:2,160,164
FNA:2,0,_ZNSt12_Destroy_auxILb0EE9__destroyIPiEEvT_S3_
FNL:3,172,172
FNA:3,1,_ZNSt12_Destroy_auxILb1EE9__destroyIPiEEvT_S3_
FNL:4,182,197
FNA:4,1,_ZSt8_DestroyIPiEvT_S1_
FNL:5,80,89
FNA:5,0,_ZSt10destroy_atIiEvPT_
FNL:6,94,97
FNA:6,0,_ZSt12construct_atIiJRKiEEDTgsnwcvPvLi0E_T_pispcl7declvalIT0_EEEEPS3_DpOS4_
FNA:6,0,_ZSt12construct_atImJEEDTgsnwcvPvLi0E_T_pispcl7declvalIT0_EEEEPS1_DpOS2_
FNF:7
FNH:2
DA:80,0
DA:88,0
DA:89,0
DA:94,0
DA:97,0
DA:109,0
DA:112,0
DA:115,0
DA:116,0
DA:119,0
DA:146,0
DA:149,0
DA:153,0
DA:160,0
DA:162,0
DA:163,0
DA:164,0
DA:172,1
DA:182,1
DA:192,1
DA:193,0
DA:196,1
LF:22
LH:4
end_of_record
TN:
SF:/usr/include/c++/14/bits/stl_iterator_base_types.h
FNF:0
FNH:0
DA:240,1
LF:1
LH:1
end_of_record
TN:
SF:/usr/include/c++/14/bits/stl_uninitialized.h
FNL:0,261,275
FNA:0,0,_ZSt18__do_uninit_fill_nIPimiET_S1_T0_RKT1_
FNL:1,292,294
FNA:1,1,_ZNSt22__uninitialized_fill_nILb1EE15__uninit_fill_nIPimiEET_S3_T0_RKT1_
FNL:2,312,328
FNA:2,1,_ZSt20uninitialized_fill_nIPimiET_S1_T0_RKT1_
FNL:3,465,473
FNA:3,1,_ZSt24__uninitialized_fill_n_aIPimiiET_S1_T0_RKT1_RSaIT2_E
FNF:4
FNH:3
DA:261,0
DA:263,0
DA:266,0
DA:267,0
DA:268,0
DA:292,1
DA:294,1
DA:312,1
DA:319,1
DA:327,1
DA:465,1
DA:469,1
DA:470,0
DA:472,1
LF:14
LH:8
end_of_record
TN:
SF:/usr/include/c++/14/bits/stl_vector.h
FNL:0,1128,1132
FNA:0,102,_ZNSt6vectorIiSaIiEEixEm
FNL:1,145,147
FNA:1,1,_ZNSt12_Vector_baseIiSaIiEE12_Vector_implC2ERKS0_
FNL:2,1706,1711
FNA:2,1,_ZNSt6vectorIiSaIiEE18_M_fill_initializeEmRKi
FNL:3,1917,1923
FNA:3,1,_ZNSt6vectorIiSaIiEE17_S_check_init_lenEmRKS0_
FNL:4,1926,1935
FNA:4,1,_ZNSt6vectorIiSaIiEE11_S_max_sizeERKS0_
FNL:5,300,301
FNA:5,2,_ZNSt12_Vector_baseIiSaIiEE19_M_get_Tp_allocatorEv
FNL:6,332,334
FNA:6,1,_ZNSt12_Vector_baseIiSaIiEEC2EmRKS0_
FNL:7,366,370
FNA:7,1,_ZNSt12_Vector_baseIiSaIiEED2Ev
FNL:8,377,381
FNA:8,1,_ZNSt12_Vector_baseIiSaIiEE11_M_allocateEm
FNL:9,385,390
FNA:9,1,_ZNSt12_Vector_baseIiSaIiEE13_M_deallocateEPim
FNL:10,396,401
FNA:10,1,_ZNSt12_Vector_baseIiSaIiEE17_M_create_storageEm
FNL:11,569,572
FNA:11,1,_ZNSt6vectorIiSaIiEEC2EmRKiRKS0_
FNL:12,733,738
FNA:12,1,_ZNSt6vectorIiSaIiEED2Ev
FNL:13,98,100
FNA:13,1,_ZNSt12_Vector_baseIiSaIiEE17_Vector_impl_dataC2Ev
FNF:14
FNH:14
DA:98,1
DA:99,1
DA:100,1
DA:145,1
DA:146,1
DA:147,1
DA:300,2
DA:301,2
DA:332,1
DA:333,1
DA:334,1
DA:366,1
DA:368,1
DA:369,1
DA:370,1
DA:377,1
DA:380,2
DA:385,1
DA:388,1
DA:389,1
DA:390,1
DA:396,1
DA:398,1
DA:399,1
DA:400,1
DA:401,1
DA:569,1
DA:571,1
DA:572,1
DA:733,1
DA:735,1
DA:736,1
DA:738,1
DA:1128,102
DA:1131,102
DA:1706,1
DA:1708,1
DA:1709,1
DA:1710,1
DA:1711,1
DA:1917,1
DA:1919,1
DA:1920,0
DA:1922,1
DA:1926,1
DA:1931,1
DA:1933,1
DA:1934,1
LF:48
LH:47
end_of_record
TN:
SF:/usr/include/c++/14/new
FNL:0,179,180
FNA:0,0,_ZnwmPv
FNF:1
FNH:0
DA:179,0
DA:180,0
LF:2
LH:0
end_of_record
TN:
SF:/usr/include/c++/14/type_traits
FNL:0,3832,3839
FNA:0,5,_ZSt21is_constant_evaluatedv
FNF:1
FNH:1
DA:3832,5
DA:3835,5
LF:2
LH:2
end_of_record
TN:
SF:/usr/include/c++/14/x86_64-redhat-linux/bits/c++config.h
FNF:0
FNH:0
DA:2394,7
LF:1
LH:1
end_of_record
