TN:
SF:/home/monika/Documents/problems/15068번： Time is of the Essence/main.cpp
FNL:0,9,58
FNA:0,0,main
FNF:1
FNH:0
DA:9,0
DA:11,0
DA:12,0
DA:13,0
DA:14,0
DA:15,0
DA:17,0
DA:18,0
DA:20,0
DA:21,0
DA:22,0
DA:24,0
DA:26,0
DA:29,0
DA:30,0
DA:32,0
DA:33,0
DA:35,0
DA:36,0
DA:38,0
DA:41,0
DA:42,0
DA:44,0
DA:46,0
DA:47,0
DA:48,0
DA:49,0
DA:50,0
DA:52,0
DA:53,0
DA:56,0
DA:57,0
DA:58,0
LF:33
LH:0
end_of_record
TN:
SF:/usr/include/c++/14/bits/alloc_traits.h
FNF:0
FNH:0
DA:514,0
DA:515,0
DA:549,0
DA:550,0
DA:990,0
DA:993,0
LF:6
LH:0
end_of_record
TN:
SF:/usr/include/c++/14/bits/allocator.h
FNF:0
FNH:0
DA:161,0
DA:182,0
DA:187,0
DA:196,0
DA:201,0
DA:208,0
LF:6
LH:0
end_of_record
TN:
SF:/usr/include/c++/14/bits/basic_ios.h
FNF:0
FNH:0
DA:311,0
DA:313,0
DA:314,0
LF:3
LH:0
end_of_record
TN:
SF:/usr/include/c++/14/bits/basic_string.h
FNL:0,285,289
FNA:0,0,_ZNSt7__cxx1112basic_stringIcSt11char_traitsIcESaIcEE10_M_disposeEv
FNL:1,430,436
FNA:1,0,_ZNSt7__cxx1112basic_stringIcSt11char_traitsIcESaIcEE7_S_copyEPcPKcm
FNL:2,624,633
FNA:2,0,_ZNSt7__cxx1112basic_stringIcSt11char_traitsIcESaIcEEC2EPKcmRKS3_
FNF:3
FNH:0
DA:129,0
DA:131,0
DA:186,0
DA:193,0
DA:194,0
DA:197,0
DA:198,0
DA:217,0
DA:218,0
DA:222,0
DA:223,0
DA:227,0
DA:228,0
DA:232,0
DA:235,0
DA:243,0
DA:246,0
DA:254,0
DA:255,0
DA:259,0
DA:261,0
DA:262,0
DA:267,0
DA:269,0
DA:271,0
DA:272,0
DA:285,0
DA:287,0
DA:288,0
DA:289,0
DA:293,0
DA:294,0
DA:342,0
DA:353,0
DA:430,0
DA:432,0
DA:433,0
DA:435,0
DA:436,0
DA:487,0
DA:489,0
DA:527,0
DA:529,0
DA:531,0
DA:532,0
DA:624,0
DA:626,0
DA:629,0
DA:630,0
DA:632,0
DA:633,0
DA:808,0
DA:809,0
DA:1076,0
DA:1077,0
DA:2653,0
DA:2654,0
DA:4077,0
DA:4082,0
LF:59
LH:0
end_of_record
TN:
SF:/usr/include/c++/14/bits/basic_string.tcc
FNL:0,138,160
FNA:0,0,_ZNSt7__cxx1112basic_stringIcSt11char_traitsIcESaIcEE9_M_createERmm
FNL:1,221,252
FNA:1,0,_ZNSt7__cxx1112basic_stringIcSt11char_traitsIcESaIcEE12_M_constructIPKcEEvT_S8_St20forward_iterator_tag
FNF:2
FNH:0
DA:138,0
DA:143,0
DA:144,0
DA:149,0
DA:151,0
DA:153,0
DA:154,0
DA:159,0
DA:221,0
DA:225,0
DA:227,0
DA:229,0
DA:230,0
DA:239,0
DA:242,0
DA:245,0
DA:247,0
DA:249,0
DA:251,0
DA:252,0
LF:20
LH:0
end_of_record
TN:
SF:/usr/include/c++/14/bits/char_traits.h
FNF:0
FNH:0
DA:343,0
DA:346,0
DA:350,0
DA:351,0
DA:419,0
DA:421,0
DA:424,0
DA:427,0
LF:8
LH:0
end_of_record
TN:
SF:/usr/include/c++/14/bits/locale_facets.h
FNL:0,1092,1093
FNA:0,0,_ZNKSt5ctypeIcE8do_widenEc
FNL:1,880,886
FNA:1,0,_ZNKSt5ctypeIcE5widenEc
FNF:2
FNH:0
DA:880,0
DA:882,0
DA:883,0
DA:884,0
DA:885,0
DA:1092,0
DA:1093,0
LF:7
LH:0
end_of_record
TN:
SF:/usr/include/c++/14/bits/new_allocator.h
FNL:0,126,152
FNA:0,0,_ZNSt15__new_allocatorINSt7__cxx1112basic_stringIcSt11char_traitsIcESaIcEEEE8allocateEmPKv
FNA:0,0,_ZNSt15__new_allocatorIxE8allocateEmPKv
FNF:1
FNH:0
DA:126,0
DA:134,0
DA:138,0
DA:139,0
DA:140,0
DA:151,0
DA:156,0
DA:172,0
LF:8
LH:0
end_of_record
TN:
SF:/usr/include/c++/14/bits/stl_algobase.h
FNF:0
FNH:0
DA:947,0
DA:950,0
DA:951,0
DA:952,0
DA:997,0
DA:998,0
DA:1140,0
DA:1146,0
DA:1151,0
DA:1175,0
DA:1180,0
LF:11
LH:0
end_of_record
TN:
SF:/usr/include/c++/14/bits/stl_construct.h
FNF:0
FNH:0
DA:80,0
DA:88,0
DA:109,0
DA:119,0
DA:146,0
DA:149,0
DA:160,0
DA:162,0
DA:163,0
DA:182,0
DA:196,0
LF:11
LH:0
end_of_record
TN:
SF:/usr/include/c++/14/bits/stl_iterator_base_funcs.h
FNF:0
FNH:0
DA:100,0
DA:106,0
DA:148,0
DA:151,0
LF:4
LH:0
end_of_record
TN:
SF:/usr/include/c++/14/bits/stl_uninitialized.h
FNL:0,660,671
FNA:0,0,_ZNSt27__uninitialized_default_n_1ILb1EE18__uninit_default_nIPxmEET_S3_T0_
FNF:1
FNH:0
DA:637,0
DA:639,0
DA:642,0
DA:643,0
DA:660,0
DA:662,0
DA:664,0
DA:666,0
DA:667,0
DA:668,0
DA:670,0
DA:696,0
DA:707,0
DA:712,0
DA:777,0
DA:779,0
LF:16
LH:0
end_of_record
TN:
SF:/usr/include/c++/14/bits/stl_vector.h
FNL:0,366,370
FNA:0,0,_ZNSt12_Vector_baseINSt7__cxx1112basic_stringIcSt11char_traitsIcESaIcEEESaIS5_EED2Ev
FNA:0,0,_ZNSt12_Vector_baseIxSaIxEED2Ev
FNL:1,396,401
FNA:1,0,_ZNSt12_Vector_baseINSt7__cxx1112basic_stringIcSt11char_traitsIcESaIcEEESaIS5_EE17_M_create_storageEm
FNA:1,0,_ZNSt12_Vector_baseIxSaIxEE17_M_create_storageEm
FNL:2,556,558
FNA:2,0,_ZNSt6vectorINSt7__cxx1112basic_stringIcSt11char_traitsIcESaIcEEESaIS5_EEC2EmRKS6_
FNA:2,0,_ZNSt6vectorIxSaIxEEC2EmRKS0_
FNL:3,733,738
FNA:3,0,_ZNSt6vectorINSt7__cxx1112basic_stringIcSt11char_traitsIcESaIcEEESaIS5_EED2Ev
FNF:4
FNH:0
DA:98,0
DA:99,0
DA:132,0
DA:145,0
DA:146,0
DA:300,0
DA:332,0
DA:333,0
DA:334,0
DA:366,0
DA:368,0
DA:369,0
DA:370,0
DA:377,0
DA:380,0
DA:385,0
DA:388,0
DA:389,0
DA:396,0
DA:398,0
DA:399,0
DA:400,0
DA:401,0
DA:556,0
DA:557,0
DA:558,0
DA:733,0
DA:735,0
DA:736,0
DA:738,0
DA:1128,0
DA:1131,0
DA:1717,0
DA:1719,0
DA:1720,0
DA:1721,0
DA:1917,0
DA:1919,0
DA:1920,0
LF:39
LH:0
end_of_record
TN:
SF:/usr/include/c++/14/istream
FNF:0
FNH:0
DA:197,0
DA:198,0
LF:2
LH:0
end_of_record
TN:
SF:/usr/include/c++/14/ostream
FNF:0
FNH:0
DA:209,0
DA:210,0
LF:2
LH:0
end_of_record
TN:
SF:/usr/include/c++/14/sstream
FNF:0
FNH:0
LF:0
LH:0
end_of_record
TN:
SF:/usr/include/c++/14/streambuf
FNF:0
FNH:0
LF:0
LH:0
end_of_record
