<?xml version="1.0" encoding="UTF-8"?>
<Site BuildName="(empty)"
	BuildStamp="20250414-1114-Experimental"
	Name="(empty)"
	Generator="ctest-3.30.8"
	CompilerName=""
	CompilerVersion=""
	OSName="Linux"
	Hostname="gigachad-linux"
	OSRelease="6.13.10-200.fc41.x86_64"
	OSVersion="#1 SMP PREEMPT_DYNAMIC Mon Apr  7 19:01:38 UTC 2025"
	OSPlatform="x86_64"
	Is64Bits="1"
	VendorString="AuthenticAMD"
	VendorID="Advanced Micro Devices"
	FamilyID="25"
	ModelID="80"
	ProcessorCacheSize="512"
	NumberOfLogicalCPU="12"
	NumberOfPhysicalCPU="6"
	TotalVirtualMemory="8191"
	TotalPhysicalMemory="13812"
	LogicalProcessorsPerPhysical="2"
	ProcessorClockFrequency="3264.94"
	>
	<Testing>
		<StartDateTime>Apr 14 20:14 KST</StartDateTime>
		<StartTestTime>1744629260</StartTestTime>
		<TestList/>
		<EndDateTime>Apr 14 20:14 KST</EndDateTime>
		<EndTestTime>1744629260</EndTestTime>
		<ElapsedMinutes>0</ElapsedMinutes>
	</Testing>
</Site>
