TN:
SF:/home/monika/Documents/problems/15119번： Purple Rain/main.cpp
FNL:0,47,78
FNA:0,1,main
FNL:1,8,45
FNA:1,2,_Z6kadaneRKNSt7__cxx1112basic_stringIcSt11char_traitsIcESaIcEEEb
FNF:2
FNH:2
DA:8,2
DA:10,2
DA:11,2
DA:12,2
DA:13,2
DA:14,18
DA:16,16
DA:17,16
DA:19,8
DA:23,8
DA:26,16
DA:33,13
DA:36,16
DA:38,16
DA:39,16
DA:40,16
DA:44,2
DA:47,1
DA:49,1
DA:50,1
DA:51,1
DA:52,1
DA:54,1
DA:55,1
DA:57,1
DA:59,0
DA:61,1
DA:63,1
DA:67,0
DA:69,0
DA:73,0
DA:77,1
DA:78,1
LF:33
LH:29
end_of_record
TN:
SF:/usr/include/c++/14/bits/alloc_traits.h
FNF:0
FNH:0
DA:549,0
DA:550,0
LF:2
LH:0
end_of_record
TN:
SF:/usr/include/c++/14/bits/allocator.h
FNF:0
FNH:0
DA:161,1
DA:182,2
DA:201,0
DA:208,0
LF:4
LH:2
end_of_record
TN:
SF:/usr/include/c++/14/bits/basic_ios.h
FNF:0
FNH:0
DA:311,1
DA:313,1
DA:314,1
LF:3
LH:3
end_of_record
TN:
SF:/usr/include/c++/14/bits/basic_string.h
FNL:0,285,289
FNA:0,1,_ZNSt7__cxx1112basic_stringIcSt11char_traitsIcESaIcEE10_M_disposeEv
FNF:1
FNH:1
DA:186,1
DA:197,1
DA:198,1
DA:222,1
DA:223,1
DA:227,17
DA:228,17
DA:232,1
DA:243,1
DA:246,1
DA:259,1
DA:261,1
DA:262,1
DA:267,1
DA:269,1
DA:271,1
DA:272,0
DA:285,1
DA:287,1
DA:288,0
DA:289,1
DA:293,0
DA:294,0
DA:342,0
DA:353,1
DA:527,1
DA:529,1
DA:531,1
DA:532,1
DA:808,1
DA:809,1
DA:1076,18
DA:1077,18
DA:1247,16
DA:1249,16
DA:1250,16
LF:36
LH:31
end_of_record
TN:
SF:/usr/include/c++/14/bits/char_traits.h
FNF:0
FNH:0
DA:343,1
DA:346,1
DA:350,1
LF:3
LH:3
end_of_record
TN:
SF:/usr/include/c++/14/bits/new_allocator.h
FNF:0
FNH:0
DA:156,0
DA:172,0
LF:2
LH:0
end_of_record
TN:
SF:/usr/include/c++/14/tuple
FNF:0
FNH:0
DA:208,2
DA:209,2
DA:293,1
DA:315,2
DA:317,2
DA:556,1
DA:572,2
DA:573,2
DA:982,2
DA:984,2
DA:2428,1
DA:2458,1
LF:12
LH:12
end_of_record
