TN:
SF:/home/monika/Documents/problems/16033번： Origami, or the art of folding paper/main.cpp
FNL:0,4,87
FNA:0,1,main
FNF:1
FNH:1
DA:4,1
DA:6,1
DA:7,1
DA:12,5
DA:14,5
DA:15,1
DA:17,4
DA:19,4
DA:21,13
DA:24,9
DA:26,9
DA:28,5
DA:29,5
DA:31,23
DA:33,135
DA:35,117
DA:37,33
DA:38,33
DA:42,84
DA:43,84
DA:48,5
DA:49,5
DA:50,5
DA:53,4
DA:54,4
DA:56,20
DA:58,107
DA:60,91
DA:62,24
DA:63,24
DA:67,67
DA:68,67
DA:73,4
DA:74,4
DA:75,4
DA:78,10
DA:81,6
DA:82,6
DA:84,4
DA:86,1
LF:40
LH:40
end_of_record
TN:
SF:/usr/include/c++/14/bits/alloc_traits.h
FNF:0
FNH:0
DA:515,70
DA:550,70
DA:627,44
DA:800,9
DA:804,9
DA:993,79
DA:994,79
LF:7
LH:7
end_of_record
TN:
SF:/usr/include/c++/14/bits/allocator.h
FNF:0
FNH:0
DA:161,26
DA:166,140
DA:182,83
DA:189,70
DA:191,0
DA:192,0
DA:193,0
DA:196,70
DA:203,70
DA:205,0
DA:206,0
DA:208,70
LF:12
LH:7
end_of_record
TN:
SF:/usr/include/c++/14/bits/cpp_type_traits.h
FNL:0,608,609
FNA:0,88,_ZSt12__miter_baseIN9__gnu_cxx17__normal_iteratorIPKiSt6vectorIiSaIiEEEEET_S8_
FNF:1
FNH:1
DA:608,88
DA:609,88
LF:2
LH:2
end_of_record
TN:
SF:/usr/include/c++/14/bits/move.h
FNL:0,137,138
FNA:0,9,_ZSt4moveIRSaISt6vectorIiSaIiEEEEONSt16remove_referenceIT_E4typeEOS6_
FNA:0,18,_ZSt4moveIRSt6vectorIS0_IiSaIiEESaIS2_EEEONSt16remove_referenceIT_E4typeEOS7_
FNL:1,51,52
FNA:1,88,_ZSt11__addressofISt6vectorIiSaIiEEEPT_RS3_
FNA:1,0,_ZSt11__addressofIiEPT_RS0_
FNL:2,71,72
FNA:2,44,_ZSt7forwardIRKSt6vectorIiSaIiEEEOT_RNSt16remove_referenceIS5_E4typeE
FNA:2,0,_ZSt7forwardIRKiEOT_RNSt16remove_referenceIS2_E4typeE
FNF:3
FNH:3
DA:51,88
DA:52,88
DA:71,44
DA:72,44
DA:137,27
DA:138,27
LF:6
LH:6
end_of_record
TN:
SF:/usr/include/c++/14/bits/new_allocator.h
FNL:0,126,152
FNA:0,13,_ZNSt15__new_allocatorISt6vectorIiSaIiEEE8allocateEmPKv
FNA:0,57,_ZNSt15__new_allocatorIiE8allocateEmPKv
FNL:1,156,173
FNA:1,13,_ZNSt15__new_allocatorISt6vectorIiSaIiEEE10deallocateEPS2_m
FNA:1,57,_ZNSt15__new_allocatorIiE10deallocateEPim
FNF:2
FNH:2
DA:88,26
DA:92,140
DA:126,70
DA:134,70
DA:138,0
DA:139,0
DA:140,0
DA:151,70
DA:156,70
DA:172,70
DA:233,70
LF:11
LH:8
end_of_record
TN:
SF:/usr/include/c++/14/bits/stl_algobase.h
FNL:0,1040,1040
FNA:0,13,_ZSt17__size_to_integerm
FNL:1,1140,1153
FNA:1,13,_ZSt10__fill_n_aIPimiET_S1_T0_RKT1_St26random_access_iterator_tag
FNL:2,1175,1182
FNA:2,13,_ZSt6fill_nIPimiET_S1_T0_RKT1_
FNL:3,233,241
FNA:3,26,_ZSt3minImERKT_S2_S2_
FNL:4,257,265
FNA:4,9,_ZSt3maxIiERKT_S2_S2_
FNL:5,316,318
FNA:5,44,_ZSt12__niter_baseIPiET_S1_
FNL:6,353,354
FNA:6,44,_ZSt12__niter_wrapIPiET_RKS1_S1_
FNL:7,398,408
FNA:7,0,_ZNSt11__copy_moveILb0ELb0ESt26random_access_iterator_tagE8__copy_mIPKiPiEET0_T_S7_S6_
FNL:8,412,413
FNA:8,9,_ZNSt11__copy_moveILb0ELb0ESt26random_access_iterator_tagE12__assign_oneIiKiEEvPT_PT0_
FNL:9,448,457
FNA:9,44,_ZNSt11__copy_moveILb0ELb1ESt26random_access_iterator_tagE8__copy_mIKiiEEPT0_PT_S7_S5_
FNL:10,512,522
FNA:10,44,_ZSt14__copy_move_a2ILb0EPKiPiET1_T0_S4_S3_
FNL:11,547,548
FNA:11,44,_ZSt14__copy_move_a1ILb0EPKiPiET1_T0_S4_S3_
FNL:12,553,559
FNA:12,44,_ZSt13__copy_move_aILb0EN9__gnu_cxx17__normal_iteratorIPKiSt6vectorIiSaIiEEEEPiET1_T0_SA_S9_
FNL:13,642,652
FNA:13,44,_ZSt4copyIN9__gnu_cxx17__normal_iteratorIPKiSt6vectorIiSaIiEEEEPiET0_T_SA_S9_
FNL:14,947,953
FNA:14,13,_ZSt9__fill_a1IPiiEN9__gnu_cxx11__enable_ifIXsrSt11__is_scalarIT0_E7__valueEvE6__typeET_S8_RKS4_
FNL:15,997,998
FNA:15,13,_ZSt8__fill_aIPiiEvT_S1_RKT0_
FNF:16
FNH:15
DA:233,26
DA:238,26
DA:239,0
DA:240,26
DA:257,9
DA:262,9
DA:263,1
DA:264,8
DA:316,44
DA:318,44
DA:353,44
DA:354,44
DA:398,0
DA:401,0
DA:403,0
DA:404,0
DA:405,0
DA:407,0
DA:412,9
DA:413,9
DA:448,44
DA:450,44
DA:451,44
DA:452,35
DA:453,9
DA:455,9
DA:456,44
DA:512,44
DA:516,44
DA:518,0
DA:521,44
DA:547,44
DA:548,44
DA:553,44
DA:555,44
DA:558,44
DA:642,44
DA:651,44
DA:947,13
DA:950,13
DA:951,60
DA:952,47
DA:953,13
DA:997,13
DA:998,13
DA:1040,13
DA:1140,13
DA:1146,13
DA:1147,0
DA:1151,13
DA:1152,13
DA:1175,13
DA:1180,13
DA:1181,26
LF:54
LH:45
end_of_record
TN:
SF:/usr/include/c++/14/bits/stl_construct.h
FNL:0,109,120
FNA:0,44,_ZSt10_ConstructISt6vectorIiSaIiEEJRKS2_EEvPT_DpOT0_
FNA:0,0,_ZSt10_ConstructIiJRKiEEvPT_DpOT0_
FNL:1,146,153
FNA:1,44,_ZSt8_DestroyISt6vectorIiSaIiEEEvPT_
FNA:1,0,_ZSt8_DestroyIiEvPT_
FNL:2,160,164
FNA:2,22,_ZNSt12_Destroy_auxILb0EE9__destroyIPSt6vectorIiSaIiEEEEvT_S6_
FNA:2,0,_ZNSt12_Destroy_auxILb0EE9__destroyIPiEEvT_S3_
FNL:3,172,172
FNA:3,57,_ZNSt12_Destroy_auxILb1EE9__destroyIPiEEvT_S3_
FNL:4,182,197
FNA:4,22,_ZSt8_DestroyIPSt6vectorIiSaIiEEEvT_S4_
FNA:4,57,_ZSt8_DestroyIPiEvT_S1_
FNL:5,80,89
FNA:5,44,_ZSt10destroy_atISt6vectorIiSaIiEEEvPT_
FNA:5,0,_ZSt10destroy_atIiEvPT_
FNL:6,94,97
FNA:6,0,_ZSt12construct_atISt6vectorIiSaIiEEJRKS2_EEDTgsnwcvPvLi0E_T_pispcl7declvalIT0_EEEEPS6_DpOS7_
FNA:6,0,_ZSt12construct_atIiJRKiEEDTgsnwcvPvLi0E_T_pispcl7declvalIT0_EEEEPS3_DpOS4_
FNF:7
FNH:6
DA:80,44
DA:88,44
DA:89,44
DA:94,0
DA:97,0
DA:109,44
DA:112,44
DA:115,0
DA:116,0
DA:119,44
DA:146,44
DA:149,44
DA:153,44
DA:160,22
DA:162,66
DA:163,44
DA:164,22
DA:172,57
DA:182,79
DA:192,79
DA:193,0
DA:196,79
LF:22
LH:17
end_of_record
TN:
SF:/usr/include/c++/14/bits/stl_iterator.h
FNL:0,1067,1068
FNA:0,88,_ZN9__gnu_cxx17__normal_iteratorIPKiSt6vectorIiSaIiEEEC2ERKS2_
FNL:1,1090,1091
FNA:1,0,_ZNK9__gnu_cxx17__normal_iteratorIPKiSt6vectorIiSaIiEEEdeEv
FNL:2,1100,1104
FNA:2,0,_ZN9__gnu_cxx17__normal_iteratorIPKiSt6vectorIiSaIiEEEppEv
FNL:3,1153,1154
FNA:3,88,_ZNK9__gnu_cxx17__normal_iteratorIPKiSt6vectorIiSaIiEEE4baseEv
FNL:4,1188,1194
FNA:4,0,_ZN9__gnu_cxxeqIPKiSt6vectorIiSaIiEEEEbRKNS_17__normal_iteratorIT_T0_EESB_QrqXeqcldtfL0p_4baseEcldtfL0p0_4baseERSt14convertible_toIbEE
FNL:5,1348,1350
FNA:5,88,_ZSt12__niter_baseIPKiSt6vectorIiSaIiEEET_N9__gnu_cxx17__normal_iteratorIS5_T0_EE
FNF:6
FNH:3
DA:1067,88
DA:1068,88
DA:1090,0
DA:1091,0
DA:1100,0
DA:1102,0
DA:1103,0
DA:1153,88
DA:1154,88
DA:1188,0
DA:1194,0
DA:1348,88
DA:1350,88
LF:13
LH:6
end_of_record
TN:
SF:/usr/include/c++/14/bits/stl_iterator_base_types.h
FNF:0
FNH:0
DA:240,13
LF:1
LH:1
end_of_record
TN:
SF:/usr/include/c++/14/bits/stl_uninitialized.h
FNL:0,113,128
FNA:0,0,_ZSt16__do_uninit_copyIN9__gnu_cxx17__normal_iteratorIPKiSt6vectorIiSaIiEEEEPiET0_T_SA_S9_
FNL:1,145,147
FNA:1,44,_ZNSt20__uninitialized_copyILb1EE13__uninit_copyIN9__gnu_cxx17__normal_iteratorIPKiSt6vectorIiSaIiEEEEPiEET0_T_SC_SB_
FNL:2,163,186
FNA:2,44,_ZSt18uninitialized_copyIN9__gnu_cxx17__normal_iteratorIPKiSt6vectorIiSaIiEEEEPiET0_T_SA_S9_
FNL:3,261,275
FNA:3,13,_ZSt18__do_uninit_fill_nIPSt6vectorIiSaIiEEmS2_ET_S4_T0_RKT1_
FNA:3,0,_ZSt18__do_uninit_fill_nIPimiET_S1_T0_RKT1_
FNL:4,282,284
FNA:4,13,_ZNSt22__uninitialized_fill_nILb0EE15__uninit_fill_nIPSt6vectorIiSaIiEEmS4_EET_S6_T0_RKT1_
FNL:5,292,294
FNA:5,13,_ZNSt22__uninitialized_fill_nILb1EE15__uninit_fill_nIPimiEET_S3_T0_RKT1_
FNL:6,312,328
FNA:6,13,_ZSt20uninitialized_fill_nIPSt6vectorIiSaIiEEmS2_ET_S4_T0_RKT1_
FNA:6,13,_ZSt20uninitialized_fill_nIPimiET_S1_T0_RKT1_
FNL:7,366,374
FNA:7,44,_ZSt22__uninitialized_copy_aIN9__gnu_cxx17__normal_iteratorIPKiSt6vectorIiSaIiEEEEPiiET0_T_SA_S9_RSaIT1_E
FNL:8,465,473
FNA:8,13,_ZSt24__uninitialized_fill_n_aIPSt6vectorIiSaIiEEmS2_S2_ET_S4_T0_RKT1_RSaIT2_E
FNA:8,13,_ZSt24__uninitialized_fill_n_aIPimiiET_S1_T0_RKT1_RSaIT2_E
FNF:9
FNH:8
DA:113,0
DA:116,0
DA:119,0
DA:120,0
DA:121,0
DA:145,44
DA:147,44
DA:163,44
DA:174,44
DA:181,44
DA:185,44
DA:261,13
DA:263,13
DA:266,57
DA:267,44
DA:268,13
DA:270,0
DA:272,0
DA:273,0
DA:282,13
DA:284,13
DA:292,13
DA:294,13
DA:312,26
DA:319,26
DA:327,26
DA:366,44
DA:370,44
DA:371,0
DA:373,44
DA:465,26
DA:469,26
DA:470,0
DA:472,26
LF:34
LH:24
end_of_record
TN:
SF:/usr/include/c++/14/bits/stl_vector.h
FNL:0,112,117
FNA:0,54,_ZNSt12_Vector_baseISt6vectorIiSaIiEESaIS2_EE17_Vector_impl_data12_M_copy_dataERKS5_
FNL:1,1128,1132
FNA:1,422,_ZNSt6vectorIS_IiSaIiEESaIS1_EEixEm
FNA:1,422,_ZNSt6vectorIiSaIiEEixEm
FNL:2,121,129
FNA:2,18,_ZNSt12_Vector_baseISt6vectorIiSaIiEESaIS2_EE17_Vector_impl_data12_M_swap_dataERS5_
FNL:3,145,147
FNA:3,13,_ZNSt12_Vector_baseISt6vectorIiSaIiEESaIS2_EE12_Vector_implC2ERKS3_
FNA:3,57,_ZNSt12_Vector_baseIiSaIiEE12_Vector_implC2ERKS0_
FNL:4,1706,1711
FNA:4,13,_ZNSt6vectorIS_IiSaIiEESaIS1_EE18_M_fill_initializeEmRKS1_
FNA:4,13,_ZNSt6vectorIiSaIiEE18_M_fill_initializeEmRKi
FNL:5,1917,1923
FNA:5,13,_ZNSt6vectorIS_IiSaIiEESaIS1_EE17_S_check_init_lenEmRKS2_
FNA:5,13,_ZNSt6vectorIiSaIiEE17_S_check_init_lenEmRKS0_
FNL:6,1926,1935
FNA:6,13,_ZNSt6vectorIS_IiSaIiEESaIS1_EE11_S_max_sizeERKS2_
FNA:6,13,_ZNSt6vectorIiSaIiEE11_S_max_sizeERKS0_
FNL:7,1969,1975
FNA:7,9,_ZNSt6vectorIS_IiSaIiEESaIS1_EE14_M_move_assignEOS3_St17integral_constantIbLb1EE
FNL:8,300,301
FNA:8,53,_ZNSt12_Vector_baseISt6vectorIiSaIiEESaIS2_EE19_M_get_Tp_allocatorEv
FNA:8,114,_ZNSt12_Vector_baseIiSaIiEE19_M_get_Tp_allocatorEv
FNL:9,305,306
FNA:9,44,_ZNKSt12_Vector_baseIiSaIiEE19_M_get_Tp_allocatorEv
FNL:10,332,334
FNA:10,13,_ZNSt12_Vector_baseISt6vectorIiSaIiEESaIS2_EEC2EmRKS3_
FNA:10,57,_ZNSt12_Vector_baseIiSaIiEEC2EmRKS0_
FNL:11,366,370
FNA:11,22,_ZNSt12_Vector_baseISt6vectorIiSaIiEESaIS2_EED2Ev
FNA:11,57,_ZNSt12_Vector_baseIiSaIiEED2Ev
FNL:12,377,381
FNA:12,13,_ZNSt12_Vector_baseISt6vectorIiSaIiEESaIS2_EE11_M_allocateEm
FNA:12,57,_ZNSt12_Vector_baseIiSaIiEE11_M_allocateEm
FNL:13,385,390
FNA:13,22,_ZNSt12_Vector_baseISt6vectorIiSaIiEESaIS2_EE13_M_deallocateEPS2_m
FNA:13,57,_ZNSt12_Vector_baseIiSaIiEE13_M_deallocateEPim
FNL:14,396,401
FNA:14,13,_ZNSt12_Vector_baseISt6vectorIiSaIiEESaIS2_EE17_M_create_storageEm
FNA:14,57,_ZNSt12_Vector_baseIiSaIiEE17_M_create_storageEm
FNL:15,569,572
FNA:15,13,_ZNSt6vectorIS_IiSaIiEESaIS1_EEC2EmRKS1_RKS2_
FNA:15,13,_ZNSt6vectorIiSaIiEEC2EmRKiRKS0_
FNL:16,601,609
FNA:16,44,_ZNSt6vectorIiSaIiEEC2ERKS1_
FNL:17,733,738
FNA:17,22,_ZNSt6vectorIS_IiSaIiEESaIS1_EED2Ev
FNA:17,57,_ZNSt6vectorIiSaIiEED2Ev
FNL:18,766,773
FNA:18,9,_ZNSt6vectorIS_IiSaIiEESaIS1_EEaSEOS3_
FNL:19,883,884
FNA:19,44,_ZNKSt6vectorIiSaIiEE5beginEv
FNL:20,903,904
FNA:20,44,_ZNKSt6vectorIiSaIiEE3endEv
FNL:21,98,100
FNA:21,13,_ZNSt12_Vector_baseISt6vectorIiSaIiEESaIS2_EE17_Vector_impl_dataC2Ev
FNA:21,57,_ZNSt12_Vector_baseIiSaIiEE17_Vector_impl_dataC2Ev
FNL:22,992,993
FNA:22,44,_ZNKSt6vectorIiSaIiEE4sizeEv
FNF:23
FNH:23
DA:98,70
DA:99,70
DA:100,70
DA:112,54
DA:114,54
DA:115,54
DA:116,54
DA:117,54
DA:121,18
DA:125,18
DA:126,18
DA:127,18
DA:128,18
DA:129,18
DA:145,70
DA:146,70
DA:147,70
DA:300,167
DA:301,167
DA:305,44
DA:306,44
DA:332,70
DA:333,70
DA:334,70
DA:366,79
DA:368,79
DA:369,79
DA:370,79
DA:377,70
DA:380,140
DA:385,79
DA:388,79
DA:389,70
DA:390,79
DA:396,70
DA:398,70
DA:399,70
DA:400,70
DA:401,70
DA:569,26
DA:571,26
DA:572,26
DA:601,44
DA:603,88
DA:605,44
DA:606,44
DA:608,44
DA:609,44
DA:733,79
DA:735,79
DA:736,79
DA:738,79
DA:766,9
DA:768,9
DA:771,9
DA:772,9
DA:883,44
DA:884,44
DA:903,44
DA:904,44
DA:992,44
DA:993,44
DA:1128,844
DA:1131,844
DA:1706,26
DA:1708,26
DA:1709,26
DA:1710,26
DA:1711,26
DA:1917,26
DA:1919,26
DA:1920,0
DA:1922,26
DA:1926,26
DA:1931,26
DA:1933,26
DA:1934,26
DA:1969,9
DA:1971,9
DA:1972,9
DA:1973,9
DA:1974,9
DA:1975,9
LF:83
LH:82
end_of_record
TN:
SF:/usr/include/c++/14/ext/alloc_traits.h
FNF:0
FNH:0
DA:98,44
LF:1
LH:1
end_of_record
TN:
SF:/usr/include/c++/14/new
FNL:0,179,180
FNA:0,44,_ZnwmPv
FNL:1,185,185
FNA:1,0,_ZdlPvS_
FNF:2
FNH:1
DA:179,44
DA:180,44
DA:185,0
LF:3
LH:2
end_of_record
TN:
SF:/usr/include/c++/14/type_traits
FNL:0,3832,3839
FNA:0,114,_ZSt21is_constant_evaluatedv
FNF:1
FNH:1
DA:3832,114
DA:3835,114
LF:2
LH:2
end_of_record
TN:
SF:/usr/include/c++/14/x86_64-redhat-linux/bits/c++config.h
FNF:0
FNH:0
DA:2394,263
LF:1
LH:1
end_of_record
