TN:
SF:/home/monika/Documents/problems/17128번： 소가 정보섬에 올라온 이유/main.cpp
FNL:0,6,52
FNA:0,1,main
FNF:1
FNH:1
DA:6,1
DA:8,1
DA:9,1
DA:12,1
DA:14,1
DA:16,9
DA:18,8
DA:21,1
DA:23,9
DA:25,8
DA:26,8
DA:29,6
DA:32,5
DA:33,5
DA:35,5
DA:37,25
DA:39,20
DA:40,20
DA:41,20
DA:44,5
DA:46,5
DA:48,5
DA:51,1
DA:52,1
LF:24
LH:24
end_of_record
TN:
SF:/usr/include/c++/14/bits/alloc_traits.h
FNF:0
FNH:0
DA:515,1
DA:550,1
DA:993,1
DA:994,1
LF:4
LH:4
end_of_record
TN:
SF:/usr/include/c++/14/bits/allocator.h
FNF:0
FNH:0
DA:161,1
DA:166,2
DA:182,2
DA:189,1
DA:191,0
DA:192,0
DA:193,0
DA:196,1
DA:203,1
DA:205,0
DA:206,0
DA:208,1
LF:12
LH:7
end_of_record
TN:
SF:/usr/include/c++/14/bits/move.h
FNL:0,51,52
FNA:0,1,_ZSt11__addressofIxEPT_RS0_
FNF:1
FNH:1
DA:51,1
DA:52,1
LF:2
LH:2
end_of_record
TN:
SF:/usr/include/c++/14/bits/new_allocator.h
FNL:0,126,152
FNA:0,1,_ZNSt15__new_allocatorIxE8allocateEmPKv
FNL:1,156,173
FNA:1,1,_ZNSt15__new_allocatorIxE10deallocateEPxm
FNF:2
FNH:2
DA:88,1
DA:92,2
DA:126,1
DA:134,1
DA:138,0
DA:139,0
DA:140,0
DA:151,1
DA:156,1
DA:172,1
DA:233,1
LF:11
LH:8
end_of_record
TN:
SF:/usr/include/c++/14/bits/stl_algobase.h
FNL:0,1040,1040
FNA:0,1,_ZSt17__size_to_integerm
FNL:1,1140,1153
FNA:1,1,_ZSt10__fill_n_aIPxmxET_S1_T0_RKT1_St26random_access_iterator_tag
FNL:2,1175,1182
FNA:2,1,_ZSt6fill_nIPxmxET_S1_T0_RKT1_
FNL:3,233,241
FNA:3,1,_ZSt3minImERKT_S2_S2_
FNL:4,947,953
FNA:4,1,_ZSt9__fill_a1IPxxEN9__gnu_cxx11__enable_ifIXsrSt11__is_scalarIT0_E7__valueEvE6__typeET_S8_RKS4_
FNL:5,997,998
FNA:5,1,_ZSt8__fill_aIPxxEvT_S1_RKT0_
FNF:6
FNH:6
DA:233,1
DA:238,1
DA:239,0
DA:240,1
DA:947,1
DA:950,1
DA:951,8
DA:952,7
DA:953,1
DA:997,1
DA:998,1
DA:1040,1
DA:1140,1
DA:1146,1
DA:1147,0
DA:1151,1
DA:1152,1
DA:1175,1
DA:1180,1
DA:1181,2
LF:20
LH:18
end_of_record
TN:
SF:/usr/include/c++/14/bits/stl_construct.h
FNL:0,109,120
FNA:0,1,_ZSt10_ConstructIxJEEvPT_DpOT0_
FNL:1,146,153
FNA:1,0,_ZSt8_DestroyIxEvPT_
FNL:2,160,164
FNA:2,0,_ZNSt12_Destroy_auxILb0EE9__destroyIPxEEvT_S3_
FNL:3,172,172
FNA:3,1,_ZNSt12_Destroy_auxILb1EE9__destroyIPxEEvT_S3_
FNL:4,182,197
FNA:4,1,_ZSt8_DestroyIPxEvT_S1_
FNL:5,80,89
FNA:5,0,_ZSt10destroy_atIxEvPT_
FNL:6,94,97
FNA:6,0,_ZSt12construct_atIxJEEDTgsnwcvPvLi0E_T_pispcl7declvalIT0_EEEEPS1_DpOS2_
FNF:7
FNH:3
DA:80,0
DA:88,0
DA:89,0
DA:94,0
DA:97,0
DA:109,1
DA:112,1
DA:115,0
DA:116,0
DA:119,1
DA:146,0
DA:149,0
DA:153,0
DA:160,0
DA:162,0
DA:163,0
DA:164,0
DA:172,1
DA:182,1
DA:192,1
DA:193,0
DA:196,1
LF:22
LH:7
end_of_record
TN:
SF:/usr/include/c++/14/bits/stl_iterator_base_types.h
FNF:0
FNH:0
DA:240,1
LF:1
LH:1
end_of_record
TN:
SF:/usr/include/c++/14/bits/stl_uninitialized.h
FNL:0,637,651
FNA:0,0,_ZNSt27__uninitialized_default_n_1ILb0EE18__uninit_default_nIPxmEET_S3_T0_
FNL:1,660,671
FNA:1,1,_ZNSt27__uninitialized_default_n_1ILb1EE18__uninit_default_nIPxmEET_S3_T0_
FNL:2,696,713
FNA:2,1,_ZSt25__uninitialized_default_nIPxmET_S1_T0_
FNL:3,777,779
FNA:3,1,_ZSt27__uninitialized_default_n_aIPxmxET_S1_T0_RSaIT1_E
FNF:4
FNH:3
DA:637,0
DA:639,0
DA:642,0
DA:643,0
DA:644,0
DA:660,1
DA:662,1
DA:665,1
DA:666,1
DA:667,1
DA:668,1
DA:670,1
DA:696,1
DA:699,1
DA:701,0
DA:707,1
DA:712,1
DA:777,1
DA:779,1
LF:19
LH:13
end_of_record
TN:
SF:/usr/include/c++/14/bits/stl_vector.h
FNL:0,1128,1132
FNA:0,130,_ZNSt6vectorIxSaIxEEixEm
FNL:1,145,147
FNA:1,1,_ZNSt12_Vector_baseIxSaIxEE12_Vector_implC2ERKS0_
FNL:2,1717,1722
FNA:2,1,_ZNSt6vectorIxSaIxEE21_M_default_initializeEm
FNL:3,1917,1923
FNA:3,1,_ZNSt6vectorIxSaIxEE17_S_check_init_lenEmRKS0_
FNL:4,1926,1935
FNA:4,1,_ZNSt6vectorIxSaIxEE11_S_max_sizeERKS0_
FNL:5,300,301
FNA:5,2,_ZNSt12_Vector_baseIxSaIxEE19_M_get_Tp_allocatorEv
FNL:6,332,334
FNA:6,1,_ZNSt12_Vector_baseIxSaIxEEC2EmRKS0_
FNL:7,366,370
FNA:7,1,_ZNSt12_Vector_baseIxSaIxEED2Ev
FNL:8,377,381
FNA:8,1,_ZNSt12_Vector_baseIxSaIxEE11_M_allocateEm
FNL:9,385,390
FNA:9,1,_ZNSt12_Vector_baseIxSaIxEE13_M_deallocateEPxm
FNL:10,396,401
FNA:10,1,_ZNSt12_Vector_baseIxSaIxEE17_M_create_storageEm
FNL:11,556,558
FNA:11,1,_ZNSt6vectorIxSaIxEEC2EmRKS0_
FNL:12,733,738
FNA:12,1,_ZNSt6vectorIxSaIxEED2Ev
FNL:13,98,100
FNA:13,1,_ZNSt12_Vector_baseIxSaIxEE17_Vector_impl_dataC2Ev
FNF:14
FNH:14
DA:98,1
DA:99,1
DA:100,1
DA:145,1
DA:146,1
DA:147,1
DA:300,2
DA:301,2
DA:332,1
DA:333,1
DA:334,1
DA:366,1
DA:368,1
DA:369,1
DA:370,1
DA:377,1
DA:380,2
DA:385,1
DA:388,1
DA:389,1
DA:390,1
DA:396,1
DA:398,1
DA:399,1
DA:400,1
DA:401,1
DA:556,1
DA:557,1
DA:558,1
DA:733,1
DA:735,1
DA:736,1
DA:738,1
DA:1128,130
DA:1131,130
DA:1717,1
DA:1719,1
DA:1720,1
DA:1721,1
DA:1722,1
DA:1917,1
DA:1919,1
DA:1920,0
DA:1922,1
DA:1926,1
DA:1931,1
DA:1933,1
DA:1934,1
LF:48
LH:47
end_of_record
TN:
SF:/usr/include/c++/14/new
FNL:0,179,180
FNA:0,1,_ZnwmPv
FNF:1
FNH:1
DA:179,1
DA:180,1
LF:2
LH:2
end_of_record
TN:
SF:/usr/include/c++/14/type_traits
FNL:0,3832,3839
FNA:0,1,_ZSt21is_constant_evaluatedv
FNF:1
FNH:1
DA:3832,1
DA:3835,1
LF:2
LH:2
end_of_record
TN:
SF:/usr/include/c++/14/x86_64-redhat-linux/bits/c++config.h
FNF:0
FNH:0
DA:2394,4
LF:1
LH:1
end_of_record
