TN:
SF:/home/monika/Documents/problems/15067번： Prime Driving Conditions/main.cpp
FNL:0,21,37
FNA:0,1,_Z10next_plateNSt7__cxx1112basic_stringIcSt11char_traitsIcESaIcEEE
FNL:1,39,66
FNA:1,1,main
FNL:2,6,19
FNA:2,1,_Z5sievev
FNF:3
FNH:3
DA:6,1
DA:8,1
DA:9,99
DA:11,98
DA:13,17004
DA:15,16979
DA:19,1
DA:21,1
DA:23,1
DA:25,1
DA:27,1
DA:28,1
DA:30,0
DA:32,1
DA:36,0
DA:39,1
DA:41,1
DA:42,1
DA:43,1
DA:45,4
DA:47,3
DA:49,4
DA:51,10
DA:53,9
DA:55,2
DA:56,2
DA:59,1
DA:60,1
DA:61,1
DA:62,3
DA:65,1
DA:66,1
LF:32
LH:30
end_of_record
TN:
SF:/usr/include/c++/14/bits/alloc_traits.h
FNF:0
FNH:0
DA:514,1
DA:515,1
DA:549,1
DA:550,1
DA:626,1
DA:627,1
LF:6
LH:6
end_of_record
TN:
SF:/usr/include/c++/14/bits/allocator.h
FNF:0
FNH:0
DA:161,1
DA:165,1
DA:176,1
DA:182,5
DA:187,1
DA:196,1
DA:201,1
DA:208,1
LF:8
LH:8
end_of_record
TN:
SF:/usr/include/c++/14/bits/basic_ios.h
FNF:0
FNH:0
DA:121,3
DA:122,3
DA:141,3
DA:142,3
DA:205,3
DA:206,3
DA:394,2
DA:396,2
DA:397,2
LF:9
LH:9
end_of_record
TN:
SF:/usr/include/c++/14/bits/basic_string.h
FNL:0,285,289
FNA:0,3,_ZNSt7__cxx1112basic_stringIcSt11char_traitsIcESaIcEE10_M_disposeEv
FNL:1,3772,3777
FNA:1,3,_ZSteqIcSt11char_traitsIcESaIcEEbRKNSt7__cxx1112basic_stringIT_T0_T1_EEPKS5_
FNL:2,430,436
FNA:2,2,_ZNSt7__cxx1112basic_stringIcSt11char_traitsIcESaIcEE7_S_copyEPcPKcm
FNL:3,552,558
FNA:3,1,_ZNSt7__cxx1112basic_stringIcSt11char_traitsIcESaIcEEC2ERKS4_
FNL:4,646,655
FNA:4,0,_ZNSt7__cxx1112basic_stringIcSt11char_traitsIcESaIcEEC2IS3_EEPKcRKS3_
FNL:5,682,703
FNA:5,1,_ZNSt7__cxx1112basic_stringIcSt11char_traitsIcESaIcEEC2EOS4_
FNL:6,858,918
FNA:6,1,_ZNSt7__cxx1112basic_stringIcSt11char_traitsIcESaIcEEaSEOS4_
FNF:7
FNH:6
DA:129,0
DA:131,0
DA:186,3
DA:193,0
DA:194,0
DA:197,3
DA:198,3
DA:217,1
DA:218,0
DA:222,5
DA:223,5
DA:227,17
DA:228,1
DA:232,3
DA:235,1
DA:243,6
DA:246,6
DA:254,0
DA:255,0
DA:259,5
DA:261,5
DA:262,5
DA:263,1
DA:267,6
DA:269,6
DA:271,6
DA:272,0
DA:285,3
DA:287,3
DA:288,0
DA:289,3
DA:293,0
DA:294,0
DA:341,1
DA:342,0
DA:346,1
DA:347,1
DA:353,2
DA:365,1
DA:368,1
DA:370,1
DA:430,2
DA:432,2
DA:433,0
DA:435,2
DA:436,2
DA:482,1
DA:483,1
DA:487,0
DA:489,0
DA:527,1
DA:529,1
DA:531,1
DA:532,1
DA:533,1
DA:552,1
DA:553,1
DA:554,1
DA:556,1
DA:558,1
DA:646,0
DA:647,0
DA:650,0
DA:651,0
DA:653,0
DA:654,0
DA:655,0
DA:682,1
DA:683,1
DA:685,1
DA:687,1
DA:688,1
DA:689,1
DA:693,0
DA:694,0
DA:700,1
DA:701,1
DA:702,1
DA:703,1
DA:808,1
DA:809,2
DA:858,1
DA:861,1
DA:863,1
DA:872,1
DA:874,1
DA:879,1
DA:881,1
DA:882,1
DA:883,1
DA:889,0
DA:891,0
DA:896,0
DA:897,0
DA:903,0
DA:904,0
DA:905,0
DA:906,0
DA:908,0
DA:909,0
DA:912,0
DA:916,1
DA:917,1
DA:1076,6
DA:1077,1
DA:1083,1
DA:1084,1
DA:1222,1
DA:1223,1
DA:1265,1
DA:1269,2
DA:1272,1
DA:2653,5
DA:2654,5
DA:3772,3
DA:3775,3
DA:3776,3
DA:4077,2
DA:4082,2
LF:119
LH:84
end_of_record
TN:
SF:/usr/include/c++/14/bits/basic_string.tcc
FNL:0,138,160
FNA:0,0,_ZNSt7__cxx1112basic_stringIcSt11char_traitsIcESaIcEE9_M_createERmm
FNL:1,221,252
FNA:1,0,_ZNSt7__cxx1112basic_stringIcSt11char_traitsIcESaIcEE12_M_constructIPKcEEvT_S8_St20forward_iterator_tag
FNA:1,1,_ZNSt7__cxx1112basic_stringIcSt11char_traitsIcESaIcEE12_M_constructIPcEEvT_S7_St20forward_iterator_tag
FNF:2
FNH:1
DA:138,0
DA:143,0
DA:144,0
DA:149,0
DA:151,0
DA:153,0
DA:154,0
DA:159,0
DA:221,1
DA:225,1
DA:227,1
DA:229,0
DA:230,0
DA:239,1
DA:242,1
DA:245,1
DA:247,1
DA:249,1
DA:251,1
DA:252,1
LF:20
LH:10
end_of_record
TN:
SF:/usr/include/c++/14/bits/char_traits.h
FNF:0
FNH:0
DA:343,5
DA:346,5
DA:350,2
DA:351,0
DA:366,3
DA:368,3
DA:371,3
DA:381,3
DA:385,3
DA:388,3
DA:391,3
DA:419,3
DA:421,2
DA:424,3
DA:427,3
LF:15
LH:14
end_of_record
TN:
SF:/usr/include/c++/14/bits/ios_base.h
FNF:0
FNH:0
DA:181,3
DA:182,3
DA:784,2
DA:786,2
DA:787,2
DA:788,2
LF:6
LH:6
end_of_record
TN:
SF:/usr/include/c++/14/bits/locale_facets.h
FNL:0,1092,1093
FNA:0,1,_ZNKSt5ctypeIcE8do_widenEc
FNL:1,880,886
FNA:1,1,_ZNKSt5ctypeIcE5widenEc
FNF:2
FNH:2
DA:880,1
DA:882,1
DA:883,0
DA:884,1
DA:885,1
DA:1092,1
DA:1093,1
LF:7
LH:6
end_of_record
TN:
SF:/usr/include/c++/14/bits/new_allocator.h
FNL:0,126,152
FNA:0,1,_ZNSt15__new_allocatorImE8allocateEmPKv
FNF:1
FNH:1
DA:126,1
DA:134,1
DA:138,0
DA:139,0
DA:140,0
DA:151,1
DA:156,1
DA:172,1
LF:8
LH:5
end_of_record
TN:
SF:/usr/include/c++/14/bits/stl_bvector.h
FNL:0,104,111
FNA:0,1,_ZNSt14_Bit_referenceaSEb
FNL:1,127,128
FNA:1,1,_ZNSt14_Bit_referenceaSERKS_
FNL:2,1349,1359
FNA:2,1,_ZNSt6vectorIbSaIbEE13_M_initializeEm
FNL:3,1363,1367
FNA:3,1,_ZNSt6vectorIbSaIbEE19_M_initialize_valueEb
FNL:4,224,236
FNA:4,17089,_ZNSt18_Bit_iterator_base7_M_incrEl
FNL:5,384,385
FNA:5,17088,_ZNKSt13_Bit_iteratorixEl
FNL:6,693,703
FNA:6,1,_ZNSt13_Bvector_baseISaIbEE13_M_deallocateEv
FNL:7,795,806
FNA:7,1,_ZNSt6vectorIbSaIbEEC2EmRKbRKS0_
FNL:8,890,890
FNA:8,1,_ZNSt6vectorIbSaIbEED2Ev
FNF:9
FNH:9
DA:88,17088
DA:99,108
DA:100,108
DA:104,16981
DA:106,1
DA:107,0
DA:109,1
DA:110,16981
DA:127,1
DA:128,1
DA:186,34177
DA:189,34177
DA:190,0
DA:195,17090
DA:196,2
DA:224,17089
DA:226,17089
DA:227,17089
DA:228,17089
DA:229,17089
DA:230,17089
DA:232,0
DA:233,0
DA:235,17089
DA:236,17089
DA:313,2
DA:316,17088
DA:317,17088
DA:326,17088
DA:328,34176
DA:329,17088
DA:368,17089
DA:370,17089
DA:371,17089
DA:384,17088
DA:385,51264
DA:389,17089
DA:391,17089
DA:392,17088
DA:393,17088
DA:551,2
DA:552,2
DA:577,1
DA:578,1
DA:590,1
DA:603,1
DA:604,1
DA:623,2
DA:625,2
DA:656,1
DA:657,1
DA:669,1
DA:670,2
DA:677,1
DA:679,2
DA:693,1
DA:695,1
DA:697,1
DA:698,2
DA:699,1
DA:701,1
DA:703,1
DA:714,1
DA:715,1
DA:795,1
DA:802,1
DA:804,1
DA:805,1
DA:806,1
DA:890,1
DA:995,17087
DA:996,17087
DA:1086,17087
DA:1087,17087
DA:1349,1
DA:1351,1
DA:1353,1
DA:1354,1
DA:1355,1
DA:1356,1
DA:1357,1
DA:1359,1
DA:1363,1
DA:1365,1
DA:1366,2
DA:1367,1
DA:1587,1
DA:1590,1
DA:1597,1
LF:89
LH:85
end_of_record
TN:
SF:/usr/include/c++/14/bits/stl_iterator_base_funcs.h
FNF:0
FNH:0
DA:100,1
DA:106,1
DA:148,1
DA:151,1
LF:4
LH:4
end_of_record
TN:
SF:/usr/include/c++/14/ext/alloc_traits.h
FNF:0
FNH:0
DA:97,1
DA:98,1
LF:2
LH:2
end_of_record
TN:
SF:/usr/include/c++/14/iomanip
FNF:0
FNH:0
DA:185,2
DA:187,2
DA:245,2
DA:247,2
LF:4
LH:4
end_of_record
