TN:
SF:/home/monika/Documents/problems/15254번： Volleyball Scores/main.cpp
FNL:0,5,110
FNA:0,0,main
FNF:1
FNH:0
DA:5,0
DA:7,0
DA:8,0
DA:9,0
DA:10,0
DA:11,0
DA:13,0
DA:14,0
DA:15,0
DA:16,0
DA:18,0
DA:23,0
DA:24,0
DA:26,0
DA:28,0
DA:29,0
DA:30,0
DA:35,0
DA:36,0
DA:37,0
DA:38,0
DA:39,0
DA:40,0
DA:41,0
DA:43,0
DA:45,0
DA:46,0
DA:48,0
DA:51,0
DA:52,0
DA:53,0
DA:54,0
DA:58,0
DA:59,0
DA:60,0
DA:65,0
DA:70,0
DA:72,0
DA:73,0
DA:75,0
DA:76,0
DA:83,0
DA:84,0
DA:85,0
DA:86,0
DA:90,0
DA:92,0
DA:94,0
DA:95,0
DA:96,0
DA:98,0
DA:100,0
DA:103,0
DA:104,0
DA:105,0
DA:107,0
DA:108,0
DA:109,0
LF:58
LH:0
end_of_record
TN:
SF:/usr/include/c++/14/bits/alloc_traits.h
FNF:0
FNH:0
DA:514,0
DA:515,0
DA:549,0
DA:550,0
DA:990,0
DA:993,0
LF:6
LH:0
end_of_record
TN:
SF:/usr/include/c++/14/bits/allocator.h
FNF:0
FNH:0
DA:161,0
DA:182,0
DA:187,0
DA:196,0
DA:201,0
DA:208,0
LF:6
LH:0
end_of_record
TN:
SF:/usr/include/c++/14/bits/basic_ios.h
FNF:0
FNH:0
DA:311,0
DA:313,0
DA:314,0
LF:3
LH:0
end_of_record
TN:
SF:/usr/include/c++/14/bits/basic_string.h
FNL:0,285,289
FNA:0,0,_ZNSt7__cxx1112basic_stringIcSt11char_traitsIcESaIcEE10_M_disposeEv
FNL:1,3772,3777
FNA:1,0,_ZSteqIcSt11char_traitsIcESaIcEEbRKNSt7__cxx1112basic_stringIT_T0_T1_EEPKS5_
FNF:2
FNH:0
DA:186,0
DA:197,0
DA:198,0
DA:222,0
DA:223,0
DA:227,0
DA:228,0
DA:232,0
DA:235,0
DA:243,0
DA:246,0
DA:259,0
DA:261,0
DA:262,0
DA:267,0
DA:269,0
DA:271,0
DA:272,0
DA:285,0
DA:287,0
DA:288,0
DA:289,0
DA:293,0
DA:294,0
DA:342,0
DA:353,0
DA:527,0
DA:529,0
DA:531,0
DA:532,0
DA:808,0
DA:809,0
DA:1076,0
DA:1077,0
DA:1265,0
DA:1269,0
DA:1272,0
DA:2640,0
DA:2641,0
DA:2653,0
DA:2654,0
DA:3772,0
DA:3775,0
DA:3776,0
DA:4164,0
DA:4165,0
LF:46
LH:0
end_of_record
TN:
SF:/usr/include/c++/14/bits/char_traits.h
FNF:0
FNH:0
DA:343,0
DA:346,0
DA:350,0
DA:366,0
DA:368,0
DA:371,0
DA:381,0
DA:385,0
DA:388,0
DA:391,0
LF:10
LH:0
end_of_record
TN:
SF:/usr/include/c++/14/bits/new_allocator.h
FNL:0,126,152
FNA:0,0,_ZNSt15__new_allocatorINSt7__cxx1112basic_stringIcSt11char_traitsIcESaIcEEEE8allocateEmPKv
FNF:1
FNH:0
DA:126,0
DA:134,0
DA:138,0
DA:139,0
DA:140,0
DA:151,0
DA:156,0
DA:172,0
LF:8
LH:0
end_of_record
TN:
SF:/usr/include/c++/14/bits/stl_construct.h
FNF:0
FNH:0
DA:80,0
DA:88,0
DA:109,0
DA:119,0
DA:146,0
DA:149,0
DA:160,0
DA:162,0
DA:163,0
DA:182,0
DA:196,0
LF:11
LH:0
end_of_record
TN:
SF:/usr/include/c++/14/bits/stl_uninitialized.h
FNF:0
FNH:0
DA:637,0
DA:639,0
DA:642,0
DA:643,0
DA:696,0
DA:707,0
DA:712,0
DA:777,0
DA:779,0
LF:9
LH:0
end_of_record
TN:
SF:/usr/include/c++/14/bits/stl_vector.h
FNL:0,366,370
FNA:0,0,_ZNSt12_Vector_baseINSt7__cxx1112basic_stringIcSt11char_traitsIcESaIcEEESaIS5_EED2Ev
FNL:1,396,401
FNA:1,0,_ZNSt12_Vector_baseINSt7__cxx1112basic_stringIcSt11char_traitsIcESaIcEEESaIS5_EE17_M_create_storageEm
FNL:2,556,558
FNA:2,0,_ZNSt6vectorINSt7__cxx1112basic_stringIcSt11char_traitsIcESaIcEEESaIS5_EEC2EmRKS6_
FNL:3,733,738
FNA:3,0,_ZNSt6vectorINSt7__cxx1112basic_stringIcSt11char_traitsIcESaIcEEESaIS5_EED2Ev
FNF:4
FNH:0
DA:98,0
DA:99,0
DA:132,0
DA:145,0
DA:146,0
DA:300,0
DA:332,0
DA:333,0
DA:334,0
DA:366,0
DA:368,0
DA:369,0
DA:370,0
DA:377,0
DA:380,0
DA:385,0
DA:388,0
DA:389,0
DA:396,0
DA:398,0
DA:399,0
DA:400,0
DA:401,0
DA:556,0
DA:557,0
DA:558,0
DA:733,0
DA:735,0
DA:736,0
DA:738,0
DA:1128,0
DA:1131,0
DA:1717,0
DA:1719,0
DA:1720,0
DA:1721,0
DA:1917,0
DA:1919,0
DA:1920,0
LF:39
LH:0
end_of_record
TN:
SF:/usr/include/c++/14/ext/string_conversions.h
FNL:0,56,96
FNA:0,0,_ZN9__gnu_cxx6__stoaIlicJiEEET0_PFT_PKT1_PPS3_DpT2_EPKcS5_PmS9_
FNL:1,66,66
FNA:1,0,_ZZN9__gnu_cxx6__stoaIlicJiEEET0_PFT_PKT1_PPS3_DpT2_EPKcS5_PmS9_EN11_Save_errnoD2Ev
FNF:2
FNH:0
DA:56,0
DA:65,0
DA:66,0
DA:68,0
DA:75,0
DA:78,0
DA:82,0
DA:84,0
DA:85,0
DA:86,0
DA:87,0
DA:88,0
DA:90,0
DA:92,0
DA:93,0
DA:95,0
DA:96,0
LF:17
LH:0
end_of_record
