<?xml version="1.0" encoding="UTF-8"?>
<Site BuildName="(empty)"
	BuildStamp="20250502-0144-Experimental"
	Name="(empty)"
	Generator="ctest-3.31.6"
	CompilerName=""
	CompilerVersion=""
	OSName="Linux"
	Hostname="gigachad-linux"
	OSRelease="6.14.4-300.fc42.x86_64"
	OSVersion="#1 SMP PREEMPT_DYNAMIC Fri Apr 25 15:43:38 UTC 2025"
	OSPlatform="x86_64"
	Is64Bits="1"
	VendorString="AuthenticAMD"
	VendorID="Advanced Micro Devices"
	FamilyID="25"
	ModelID="80"
	ModelName="AMD Ryzen 5 5600H with Radeon Graphics"
	ProcessorCacheSize="512"
	NumberOfLogicalCPU="12"
	NumberOfPhysicalCPU="6"
	TotalVirtualMemory="8191"
	TotalPhysicalMemory="13815"
	LogicalProcessorsPerPhysical="2"
	ProcessorClockFrequency="3182.07"
	>
	<Testing>
		<StartDateTime>May 02 17:55 KST</StartDateTime>
		<StartTestTime>1746176158</StartTestTime>
		<TestList/>
		<EndDateTime>May 02 17:55 KST</EndDateTime>
		<EndTestTime>1746176158</EndTestTime>
		<ElapsedMinutes>0</ElapsedMinutes>
	</Testing>
</Site>
