TN:
SF:/home/monika/Documents/problems/16652번： Email Destruction/main.cpp
FNL:0,7,51
FNA:0,0,main
FNF:1
FNH:0
DA:7,0
DA:9,0
DA:10,0
DA:13,0
DA:14,0
DA:16,0
DA:18,0
DA:20,0
DA:21,0
DA:23,0
DA:25,0
DA:26,0
DA:28,0
DA:29,0
DA:32,0
DA:34,0
DA:38,0
DA:40,0
DA:42,0
DA:43,0
DA:45,0
DA:48,0
DA:50,0
DA:51,0
LF:24
LH:0
end_of_record
TN:
SF:/usr/include/c++/14/bits/alloc_traits.h
FNF:0
FNH:0
DA:515,0
DA:550,0
DA:577,0
DA:581,0
DA:599,0
DA:601,0
DA:615,0
DA:627,0
DA:800,0
DA:804,0
LF:10
LH:0
end_of_record
TN:
SF:/usr/include/c++/14/bits/allocator.h
FNF:0
FNH:0
DA:161,0
DA:166,0
DA:176,0
DA:182,0
DA:189,0
DA:191,0
DA:192,0
DA:193,0
DA:196,0
DA:203,0
DA:205,0
DA:206,0
DA:208,0
LF:13
LH:0
end_of_record
TN:
SF:/usr/include/c++/14/bits/basic_string.h
FNL:0,1076,1077
FNA:0,0,_ZNKSt7__cxx1112basic_stringIcSt11char_traitsIcESaIcEE4sizeEv
FNL:1,1083,1084
FNA:1,0,_ZNKSt7__cxx1112basic_stringIcSt11char_traitsIcESaIcEE6lengthEv
FNL:2,1089,1090
FNA:2,0,_ZNKSt7__cxx1112basic_stringIcSt11char_traitsIcESaIcEE8max_sizeEv
FNL:3,1180,1184
FNA:3,0,_ZNKSt7__cxx1112basic_stringIcSt11char_traitsIcESaIcEE8capacityEv
FNL:4,1222,1223
FNA:4,0,_ZNSt7__cxx1112basic_stringIcSt11char_traitsIcESaIcEE5clearEv
FNL:5,129,142
FNA:5,0,_ZNSt7__cxx1112basic_stringIcSt11char_traitsIcESaIcEE11_S_allocateERS3_m
FNL:6,193,194
FNA:6,0,_ZNSt7__cxx1112basic_stringIcSt11char_traitsIcESaIcEE12_Alloc_hiderC2EPcRKS3_
FNL:7,197,198
FNA:7,0,_ZNSt7__cxx1112basic_stringIcSt11char_traitsIcESaIcEE12_Alloc_hiderC2EPcOS3_
FNL:8,217,218
FNA:8,0,_ZNSt7__cxx1112basic_stringIcSt11char_traitsIcESaIcEE7_M_dataEPc
FNL:9,222,223
FNA:9,0,_ZNSt7__cxx1112basic_stringIcSt11char_traitsIcESaIcEE9_M_lengthEm
FNL:10,227,228
FNA:10,0,_ZNKSt7__cxx1112basic_stringIcSt11char_traitsIcESaIcEE7_M_dataEv
FNL:11,232,239
FNA:11,0,_ZNSt7__cxx1112basic_stringIcSt11char_traitsIcESaIcEE13_M_local_dataEv
FNL:12,243,250
FNA:12,0,_ZNKSt7__cxx1112basic_stringIcSt11char_traitsIcESaIcEE13_M_local_dataEv
FNL:13,254,255
FNA:13,0,_ZNSt7__cxx1112basic_stringIcSt11char_traitsIcESaIcEE11_M_capacityEm
FNL:14,259,263
FNA:14,0,_ZNSt7__cxx1112basic_stringIcSt11char_traitsIcESaIcEE13_M_set_lengthEm
FNL:15,2653,2654
FNA:15,0,_ZNKSt7__cxx1112basic_stringIcSt11char_traitsIcESaIcEE4dataEv
FNL:16,267,276
FNA:16,0,_ZNKSt7__cxx1112basic_stringIcSt11char_traitsIcESaIcEE11_M_is_localEv
FNL:17,2772,2774
FNA:17,0,_ZNKSt7__cxx1112basic_stringIcSt11char_traitsIcESaIcEE5rfindERKS4_m
FNL:18,285,289
FNA:18,0,_ZNSt7__cxx1112basic_stringIcSt11char_traitsIcESaIcEE10_M_disposeEv
FNL:19,293,294
FNA:19,0,_ZNSt7__cxx1112basic_stringIcSt11char_traitsIcESaIcEE10_M_destroyEm
FNL:20,3208,3210
FNA:20,0,_ZNKSt7__cxx1112basic_stringIcSt11char_traitsIcESaIcEE6substrEmm
FNL:21,341,342
FNA:21,0,_ZNSt7__cxx1112basic_stringIcSt11char_traitsIcESaIcEE16_M_get_allocatorEv
FNL:22,346,347
FNA:22,0,_ZNKSt7__cxx1112basic_stringIcSt11char_traitsIcESaIcEE16_M_get_allocatorEv
FNL:23,3755,3761
FNA:23,0,_ZSteqIcSt11char_traitsIcESaIcEEbRKNSt7__cxx1112basic_stringIT_T0_T1_EESA_
FNL:24,391,398
FNA:24,0,_ZNKSt7__cxx1112basic_stringIcSt11char_traitsIcESaIcEE8_M_checkEmPKc
FNL:25,412,416
FNA:25,0,_ZNKSt7__cxx1112basic_stringIcSt11char_traitsIcESaIcEE8_M_limitEmm
FNL:26,430,436
FNA:26,0,_ZNSt7__cxx1112basic_stringIcSt11char_traitsIcESaIcEE7_S_copyEPcPKcm
FNL:27,4616,4617
FNA:27,0,_ZNKSt15__str_hash_baseIcSaIcENSt7__cxx1112basic_stringIcSt11char_traitsIcES0_EEEclERKS5_
FNL:28,482,483
FNA:28,0,_ZNSt7__cxx1112basic_stringIcSt11char_traitsIcESaIcEE13_S_copy_charsEPcS5_S5_
FNL:29,487,489
FNA:29,0,_ZNSt7__cxx1112basic_stringIcSt11char_traitsIcESaIcEE13_S_copy_charsEPcPKcS7_
FNL:30,527,533
FNA:30,0,_ZNSt7__cxx1112basic_stringIcSt11char_traitsIcESaIcEEC2Ev
FNL:31,552,558
FNA:31,0,_ZNSt7__cxx1112basic_stringIcSt11char_traitsIcESaIcEEC2ERKS4_
FNL:32,586,594
FNA:32,0,_ZNSt7__cxx1112basic_stringIcSt11char_traitsIcESaIcEEC2ERKS4_mm
FNL:33,646,655
FNA:33,0,_ZNSt7__cxx1112basic_stringIcSt11char_traitsIcESaIcEEC2IS3_EEPKcRKS3_
FNL:34,808,809
FNA:34,0,_ZNSt7__cxx1112basic_stringIcSt11char_traitsIcESaIcEED2Ev
FNL:35,858,918
FNA:35,0,_ZNSt7__cxx1112basic_stringIcSt11char_traitsIcESaIcEEaSEOS4_
FNF:36
FNH:0
DA:129,0
DA:131,0
DA:141,0
DA:193,0
DA:194,0
DA:197,0
DA:198,0
DA:217,0
DA:218,0
DA:222,0
DA:223,0
DA:227,0
DA:228,0
DA:232,0
DA:235,0
DA:243,0
DA:246,0
DA:254,0
DA:255,0
DA:259,0
DA:261,0
DA:262,0
DA:263,0
DA:267,0
DA:269,0
DA:271,0
DA:272,0
DA:273,0
DA:275,0
DA:285,0
DA:287,0
DA:288,0
DA:289,0
DA:293,0
DA:294,0
DA:341,0
DA:342,0
DA:346,0
DA:347,0
DA:356,0
DA:357,0
DA:358,0
DA:360,0
DA:370,0
DA:391,0
DA:393,0
DA:394,0
DA:397,0
DA:412,0
DA:414,0
DA:415,0
DA:430,0
DA:432,0
DA:433,0
DA:435,0
DA:436,0
DA:482,0
DA:483,0
DA:487,0
DA:489,0
DA:527,0
DA:529,0
DA:532,0
DA:533,0
DA:552,0
DA:553,0
DA:554,0
DA:556,0
DA:558,0
DA:586,0
DA:588,0
DA:590,0
DA:591,0
DA:592,0
DA:594,0
DA:646,0
DA:647,0
DA:650,0
DA:651,0
DA:653,0
DA:654,0
DA:655,0
DA:808,0
DA:809,0
DA:858,0
DA:861,0
DA:863,0
DA:864,0
DA:867,0
DA:868,0
DA:869,0
DA:872,0
DA:874,0
DA:879,0
DA:881,0
DA:882,0
DA:883,0
DA:886,0
DA:889,0
DA:891,0
DA:896,0
DA:897,0
DA:903,0
DA:904,0
DA:905,0
DA:906,0
DA:908,0
DA:909,0
DA:912,0
DA:915,0
DA:916,0
DA:917,0
DA:1076,0
DA:1077,0
DA:1083,0
DA:1084,0
DA:1089,0
DA:1090,0
DA:1180,0
DA:1182,0
DA:1183,0
DA:1222,0
DA:1223,0
DA:2653,0
DA:2654,0
DA:2772,0
DA:2774,0
DA:3208,0
DA:3210,0
DA:3755,0
DA:3759,0
DA:3760,0
DA:4616,0
DA:4617,0
LF:134
LH:0
end_of_record
TN:
SF:/usr/include/c++/14/bits/basic_string.tcc
FNL:0,138,160
FNA:0,0,_ZNSt7__cxx1112basic_stringIcSt11char_traitsIcESaIcEE9_M_createERmm
FNL:1,221,252
FNA:1,0,_ZNSt7__cxx1112basic_stringIcSt11char_traitsIcESaIcEE12_M_constructIPKcEEvT_S8_St20forward_iterator_tag
FNA:1,0,_ZNSt7__cxx1112basic_stringIcSt11char_traitsIcESaIcEE12_M_constructIPcEEvT_S7_St20forward_iterator_tag
FNL:2,239,239
FNA:2,0,_ZZNSt7__cxx1112basic_stringIcSt11char_traitsIcESaIcEE12_M_constructIPKcEEvT_S8_St20forward_iterator_tagEN6_GuardC2EPS4_
FNA:2,0,_ZZNSt7__cxx1112basic_stringIcSt11char_traitsIcESaIcEE12_M_constructIPcEEvT_S7_St20forward_iterator_tagEN6_GuardC2EPS4_
FNL:3,242,242
FNA:3,0,_ZZNSt7__cxx1112basic_stringIcSt11char_traitsIcESaIcEE12_M_constructIPKcEEvT_S8_St20forward_iterator_tagEN6_GuardD2Ev
FNA:3,0,_ZZNSt7__cxx1112basic_stringIcSt11char_traitsIcESaIcEE12_M_constructIPcEEvT_S7_St20forward_iterator_tagEN6_GuardD2Ev
FNL:4,277,299
FNA:4,0,_ZNSt7__cxx1112basic_stringIcSt11char_traitsIcESaIcEE9_M_assignERKS4_
FNL:5,682,700
FNA:5,0,_ZNKSt7__cxx1112basic_stringIcSt11char_traitsIcESaIcEE5rfindEPKcmm
FNF:6
FNH:0
DA:138,0
DA:143,0
DA:144,0
DA:149,0
DA:151,0
DA:153,0
DA:154,0
DA:159,0
DA:221,0
DA:225,0
DA:227,0
DA:229,0
DA:230,0
DA:239,0
DA:242,0
DA:245,0
DA:247,0
DA:249,0
DA:251,0
DA:252,0
DA:277,0
DA:280,0
DA:282,0
DA:283,0
DA:285,0
DA:287,0
DA:288,0
DA:289,0
DA:290,0
DA:291,0
DA:294,0
DA:295,0
DA:297,0
DA:299,0
DA:682,0
DA:687,0
DA:688,0
DA:690,0
DA:691,0
DA:694,0
DA:695,0
DA:697,0
DA:699,0
LF:43
LH:0
end_of_record
TN:
SF:/usr/include/c++/14/bits/char_traits.h
FNL:0,136,137
FNA:0,0,_ZN9__gnu_cxx11char_traitsIcE2eqERKcS3_
FNL:1,199,206
FNA:1,0,_ZN9__gnu_cxx11char_traitsIcE6lengthEPKc
FNL:2,253,268
FNA:2,0,_ZN9__gnu_cxx11char_traitsIcE4copyEPcPKcm
FNL:3,343,351
FNA:3,0,_ZNSt11char_traitsIcE6assignERcRKc
FNL:4,358,363
FNA:4,0,_ZNSt11char_traitsIcE2ltERKcS2_
FNL:5,366,382
FNA:5,0,_ZNSt11char_traitsIcE7compareEPKcS2_m
FNL:6,385,392
FNA:6,0,_ZNSt11char_traitsIcE6lengthEPKc
FNL:7,419,428
FNA:7,0,_ZNSt11char_traitsIcE4copyEPcPKcm
FNF:8
FNH:0
DA:136,0
DA:137,0
DA:199,0
DA:202,0
DA:203,0
DA:204,0
DA:205,0
DA:253,0
DA:256,0
DA:257,0
DA:259,0
DA:261,0
DA:262,0
DA:263,0
DA:266,0
DA:267,0
DA:343,0
DA:346,0
DA:347,0
DA:350,0
DA:351,0
DA:358,0
DA:361,0
DA:362,0
DA:366,0
DA:368,0
DA:369,0
DA:371,0
DA:373,0
DA:374,0
DA:375,0
DA:376,0
DA:377,0
DA:378,0
DA:381,0
DA:385,0
DA:388,0
DA:389,0
DA:391,0
DA:419,0
DA:421,0
DA:422,0
DA:424,0
DA:425,0
DA:427,0
LF:45
LH:0
end_of_record
TN:
SF:/usr/include/c++/14/bits/functional_hash.h
FNL:0,204,206
FNA:0,0,_ZNSt10_Hash_impl4hashEPKvmm
FNF:1
FNH:0
DA:204,0
DA:206,0
LF:2
LH:0
end_of_record
TN:
SF:/usr/include/c++/14/bits/hashtable.h
FNL:0,1658,1673
FNA:0,0,_ZNSt10_HashtableINSt7__cxx1112basic_stringIcSt11char_traitsIcESaIcEEESt4pairIKS5_iESaIS8_ENSt8__detail10_Select1stESt8equal_toIS5_ESt4hashIS5_ENSA_18_Mod_range_hashingENSA_20_Default_ranged_hashENSA_20_Prime_rehash_policyENSA_17_Hashtable_traitsILb1ELb0ELb1EEEED2Ev
FNL:1,1727,1743
FNA:1,0,_ZNSt10_HashtableINSt7__cxx1112basic_stringIcSt11char_traitsIcESaIcEEESt4pairIKS5_iESaIS8_ENSt8__detail10_Select1stESt8equal_toIS5_ESt4hashIS5_ENSA_18_Mod_range_hashingENSA_20_Default_ranged_hashENSA_20_Prime_rehash_policyENSA_17_Hashtable_traitsILb1ELb0ELb1EEEE4findERS7_
FNL:2,2065,2087
FNA:2,0,_ZNKSt10_HashtableINSt7__cxx1112basic_stringIcSt11char_traitsIcESaIcEEESt4pairIKS5_iESaIS8_ENSt8__detail10_Select1stESt8equal_toIS5_ESt4hashIS5_ENSA_18_Mod_range_hashingENSA_20_Default_ranged_hashENSA_20_Prime_rehash_policyENSA_17_Hashtable_traitsILb1ELb0ELb1EEEE19_M_find_before_nodeEmRS7_m
FNL:3,2228,2252
FNA:3,0,_ZNSt10_HashtableINSt7__cxx1112basic_stringIcSt11char_traitsIcESaIcEEESt4pairIKS5_iESaIS8_ENSt8__detail10_Select1stESt8equal_toIS5_ESt4hashIS5_ENSA_18_Mod_range_hashingENSA_20_Default_ranged_hashENSA_20_Prime_rehash_policyENSA_17_Hashtable_traitsILb1ELb0ELb1EEEE21_M_insert_unique_nodeEmmPNSA_10_Hash_nodeIS8_Lb1EEEm
FNL:4,2584,2593
FNA:4,0,_ZNSt10_HashtableINSt7__cxx1112basic_stringIcSt11char_traitsIcESaIcEEESt4pairIKS5_iESaIS8_ENSt8__detail10_Select1stESt8equal_toIS5_ESt4hashIS5_ENSA_18_Mod_range_hashingENSA_20_Default_ranged_hashENSA_20_Prime_rehash_policyENSA_17_Hashtable_traitsILb1ELb0ELb1EEEE5clearEv
FNL:5,2623,2657
FNA:5,0,_ZNSt10_HashtableINSt7__cxx1112basic_stringIcSt11char_traitsIcESaIcEEESt4pairIKS5_iESaIS8_ENSt8__detail10_Select1stESt8equal_toIS5_ESt4hashIS5_ENSA_18_Mod_range_hashingENSA_20_Default_ranged_hashENSA_20_Prime_rehash_policyENSA_17_Hashtable_traitsILb1ELb0ELb1EEEE9_M_rehashEmSt17integral_constantIbLb1EE
FNL:6,310,313
FNA:6,0,_ZNSt10_HashtableINSt7__cxx1112basic_stringIcSt11char_traitsIcESaIcEEESt4pairIKS5_iESaIS8_ENSt8__detail10_Select1stESt8equal_toIS5_ESt4hashIS5_ENSA_18_Mod_range_hashingENSA_20_Default_ranged_hashENSA_20_Prime_rehash_policyENSA_17_Hashtable_traitsILb1ELb0ELb1EEEE12_Scoped_nodeC2IJRKSt21piecewise_construct_tSt5tupleIJRS7_EESR_IJEEEEEPNSA_16_Hashtable_allocISaINSA_10_Hash_nodeIS8_Lb1EEEEEEDpOT_
FNL:7,316,316
FNA:7,0,_ZNSt10_HashtableINSt7__cxx1112basic_stringIcSt11char_traitsIcESaIcEEESt4pairIKS5_iESaIS8_ENSt8__detail10_Select1stESt8equal_toIS5_ESt4hashIS5_ENSA_18_Mod_range_hashingENSA_20_Default_ranged_hashENSA_20_Prime_rehash_policyENSA_17_Hashtable_traitsILb1ELb0ELb1EEEE12_Scoped_nodeD2Ev
FNL:8,421,422
FNA:8,0,_ZNKSt10_HashtableINSt7__cxx1112basic_stringIcSt11char_traitsIcESaIcEEESt4pairIKS5_iESaIS8_ENSt8__detail10_Select1stESt8equal_toIS5_ESt4hashIS5_ENSA_18_Mod_range_hashingENSA_20_Default_ranged_hashENSA_20_Prime_rehash_policyENSA_17_Hashtable_traitsILb1ELb0ELb1EEEE21_M_uses_single_bucketEPPNSA_15_Hash_node_baseE
FNL:9,429,433
FNA:9,0,_ZNSt10_HashtableINSt7__cxx1112basic_stringIcSt11char_traitsIcESaIcEEESt4pairIKS5_iESaIS8_ENSt8__detail10_Select1stESt8equal_toIS5_ESt4hashIS5_ENSA_18_Mod_range_hashingENSA_20_Default_ranged_hashENSA_20_Prime_rehash_policyENSA_17_Hashtable_traitsILb1ELb0ELb1EEEE22__small_size_thresholdEv
FNL:10,439,448
FNA:10,0,_ZNSt10_HashtableINSt7__cxx1112basic_stringIcSt11char_traitsIcESaIcEEESt4pairIKS5_iESaIS8_ENSt8__detail10_Select1stESt8equal_toIS5_ESt4hashIS5_ENSA_18_Mod_range_hashingENSA_20_Default_ranged_hashENSA_20_Prime_rehash_policyENSA_17_Hashtable_traitsILb1ELb0ELb1EEEE19_M_allocate_bucketsEm
FNL:11,451,457
FNA:11,0,_ZNSt10_HashtableINSt7__cxx1112basic_stringIcSt11char_traitsIcESaIcEEESt4pairIKS5_iESaIS8_ENSt8__detail10_Select1stESt8equal_toIS5_ESt4hashIS5_ENSA_18_Mod_range_hashingENSA_20_Default_ranged_hashENSA_20_Prime_rehash_policyENSA_17_Hashtable_traitsILb1ELb0ELb1EEEE21_M_deallocate_bucketsEPPNSA_15_Hash_node_baseEm
FNL:12,460,461
FNA:12,0,_ZNSt10_HashtableINSt7__cxx1112basic_stringIcSt11char_traitsIcESaIcEEESt4pairIKS5_iESaIS8_ENSt8__detail10_Select1stESt8equal_toIS5_ESt4hashIS5_ENSA_18_Mod_range_hashingENSA_20_Default_ranged_hashENSA_20_Prime_rehash_policyENSA_17_Hashtable_traitsILb1ELb0ELb1EEEE21_M_deallocate_bucketsEv
FNL:13,473,474
FNA:13,0,_ZNKSt10_HashtableINSt7__cxx1112basic_stringIcSt11char_traitsIcESaIcEEESt4pairIKS5_iESaIS8_ENSt8__detail10_Select1stESt8equal_toIS5_ESt4hashIS5_ENSA_18_Mod_range_hashingENSA_20_Default_ranged_hashENSA_20_Prime_rehash_policyENSA_17_Hashtable_traitsILb1ELb0ELb1EEEE8_M_beginEv
FNL:14,539,539
FNA:14,0,_ZNSt10_HashtableINSt7__cxx1112basic_stringIcSt11char_traitsIcESaIcEEESt4pairIKS5_iESaIS8_ENSt8__detail10_Select1stESt8equal_toIS5_ESt4hashIS5_ENSA_18_Mod_range_hashingENSA_20_Default_ranged_hashENSA_20_Prime_rehash_policyENSA_17_Hashtable_traitsILb1ELb0ELb1EEEEC2Ev
FNL:15,632,633
FNA:15,0,_ZNSt10_HashtableINSt7__cxx1112basic_stringIcSt11char_traitsIcESaIcEEESt4pairIKS5_iESaIS8_ENSt8__detail10_Select1stESt8equal_toIS5_ESt4hashIS5_ENSA_18_Mod_range_hashingENSA_20_Default_ranged_hashENSA_20_Prime_rehash_policyENSA_17_Hashtable_traitsILb1ELb0ELb1EEEE5beginEv
FNL:16,640,641
FNA:16,0,_ZNSt10_HashtableINSt7__cxx1112basic_stringIcSt11char_traitsIcESaIcEEESt4pairIKS5_iESaIS8_ENSt8__detail10_Select1stESt8equal_toIS5_ESt4hashIS5_ENSA_18_Mod_range_hashingENSA_20_Default_ranged_hashENSA_20_Prime_rehash_policyENSA_17_Hashtable_traitsILb1ELb0ELb1EEEE3endEv
FNL:17,656,657
FNA:17,0,_ZNKSt10_HashtableINSt7__cxx1112basic_stringIcSt11char_traitsIcESaIcEEESt4pairIKS5_iESaIS8_ENSt8__detail10_Select1stESt8equal_toIS5_ESt4hashIS5_ENSA_18_Mod_range_hashingENSA_20_Default_ranged_hashENSA_20_Prime_rehash_policyENSA_17_Hashtable_traitsILb1ELb0ELb1EEEE4sizeEv
FNL:18,799,800
FNA:18,0,_ZNKSt10_HashtableINSt7__cxx1112basic_stringIcSt11char_traitsIcESaIcEEESt4pairIKS5_iESaIS8_ENSt8__detail10_Select1stESt8equal_toIS5_ESt4hashIS5_ENSA_18_Mod_range_hashingENSA_20_Default_ranged_hashENSA_20_Prime_rehash_policyENSA_17_Hashtable_traitsILb1ELb0ELb1EEEE15_M_bucket_indexERKNSA_16_Hash_node_valueIS8_Lb1EEE
FNL:19,803,804
FNA:19,0,_ZNKSt10_HashtableINSt7__cxx1112basic_stringIcSt11char_traitsIcESaIcEEESt4pairIKS5_iESaIS8_ENSt8__detail10_Select1stESt8equal_toIS5_ESt4hashIS5_ENSA_18_Mod_range_hashingENSA_20_Default_ranged_hashENSA_20_Prime_rehash_policyENSA_17_Hashtable_traitsILb1ELb0ELb1EEEE15_M_bucket_indexEm
FNL:20,819,826
FNA:20,0,_ZNKSt10_HashtableINSt7__cxx1112basic_stringIcSt11char_traitsIcESaIcEEESt4pairIKS5_iESaIS8_ENSt8__detail10_Select1stESt8equal_toIS5_ESt4hashIS5_ENSA_18_Mod_range_hashingENSA_20_Default_ranged_hashENSA_20_Prime_rehash_policyENSA_17_Hashtable_traitsILb1ELb0ELb1EEEE12_M_find_nodeEmRS7_m
FNL:21,841,865
FNA:21,0,_ZNSt10_HashtableINSt7__cxx1112basic_stringIcSt11char_traitsIcESaIcEEESt4pairIKS5_iESaIS8_ENSt8__detail10_Select1stESt8equal_toIS5_ESt4hashIS5_ENSA_18_Mod_range_hashingENSA_20_Default_ranged_hashENSA_20_Prime_rehash_policyENSA_17_Hashtable_traitsILb1ELb0ELb1EEEE22_M_insert_bucket_beginEmPNSA_10_Hash_nodeIS8_Lb1EEE
FNF:22
FNH:0
DA:310,0
DA:311,0
DA:312,0
DA:313,0
DA:316,0
DA:421,0
DA:422,0
DA:429,0
DA:432,0
DA:439,0
DA:441,0
DA:443,0
DA:444,0
DA:447,0
DA:451,0
DA:453,0
DA:454,0
DA:456,0
DA:460,0
DA:461,0
DA:473,0
DA:474,0
DA:539,0
DA:632,0
DA:633,0
DA:640,0
DA:641,0
DA:656,0
DA:657,0
DA:799,0
DA:800,0
DA:803,0
DA:804,0
DA:819,0
DA:822,0
DA:823,0
DA:824,0
DA:825,0
DA:841,0
DA:843,0
DA:847,0
DA:848,0
DA:855,0
DA:856,0
DA:858,0
DA:861,0
DA:863,0
DA:865,0
DA:1658,0
DA:1671,0
DA:1672,0
DA:1673,0
DA:1727,0
DA:1732,0
DA:1734,0
DA:1735,0
DA:1736,0
DA:1737,0
DA:1740,0
DA:1741,0
DA:1742,0
DA:2065,0
DA:2071,0
DA:2072,0
DA:2073,0
DA:2075,0
DA:2076,0
DA:2078,0
DA:2079,0
DA:2081,0
DA:2082,0
DA:2083,0
DA:2086,0
DA:2228,0
DA:2234,0
DA:2236,0
DA:2239,0
DA:2241,0
DA:2242,0
DA:2245,0
DA:2246,0
DA:2249,0
DA:2250,0
DA:2251,0
DA:2252,0
DA:2584,0
DA:2588,0
DA:2589,0
DA:2590,0
DA:2591,0
DA:2592,0
DA:2593,0
DA:2623,0
DA:2627,0
DA:2628,0
DA:2629,0
DA:2630,0
DA:2631,0
DA:2633,0
DA:2635,0
DA:2636,0
DA:2638,0
DA:2639,0
DA:2640,0
DA:2641,0
DA:2642,0
DA:2643,0
DA:2647,0
DA:2648,0
DA:2651,0
DA:2654,0
DA:2655,0
DA:2656,0
DA:2657,0
LF:114
LH:0
end_of_record
TN:
SF:/usr/include/c++/14/bits/hashtable_policy.h
FNL:0,112,113
FNA:0,0,_ZNKSt8__detail10_Select1stclIRKSt4pairIKNSt7__cxx1112basic_stringIcSt11char_traitsIcESaIcEEEiEEEONS0_10__1st_typeIT_E4typeEOSE_
FNL:1,1245,1245
FNA:1,0,_ZNSt8__detail21_Hashtable_ebo_helperILi0ESaINS_10_Hash_nodeISt4pairIKNSt7__cxx1112basic_stringIcSt11char_traitsIcESaIcEEEiELb1EEEELb1EEC2Ev
FNA:1,0,_ZNSt8__detail21_Hashtable_ebo_helperILi0ESt8equal_toINSt7__cxx1112basic_stringIcSt11char_traitsIcESaIcEEEELb1EEC2Ev
FNA:1,0,_ZNSt8__detail21_Hashtable_ebo_helperILi1ESt4hashINSt7__cxx1112basic_stringIcSt11char_traitsIcESaIcEEEELb1EEC2Ev
FNL:2,1252,1252
FNA:2,0,_ZNKSt8__detail21_Hashtable_ebo_helperILi0ESt8equal_toINSt7__cxx1112basic_stringIcSt11char_traitsIcESaIcEEEELb1EE7_M_cgetEv
FNA:2,0,_ZNKSt8__detail21_Hashtable_ebo_helperILi1ESt4hashINSt7__cxx1112basic_stringIcSt11char_traitsIcESaIcEEEELb1EE7_M_cgetEv
FNL:3,1253,1253
FNA:3,0,_ZNSt8__detail21_Hashtable_ebo_helperILi0ESaINS_10_Hash_nodeISt4pairIKNSt7__cxx1112basic_stringIcSt11char_traitsIcESaIcEEEiELb1EEEELb1EE6_M_getEv
FNL:4,1328,1328
FNA:4,0,_ZNSt8__detail15_Hash_code_baseINSt7__cxx1112basic_stringIcSt11char_traitsIcESaIcEEESt4pairIKS6_iENS_10_Select1stESt4hashIS6_ENS_18_Mod_range_hashingENS_20_Default_ranged_hashELb1EEC2Ev
FNL:5,1333,1338
FNA:5,0,_ZNKSt8__detail15_Hash_code_baseINSt7__cxx1112basic_stringIcSt11char_traitsIcESaIcEEESt4pairIKS6_iENS_10_Select1stESt4hashIS6_ENS_18_Mod_range_hashingENS_20_Default_ranged_hashELb1EE12_M_hash_codeERS8_
FNL:6,1358,1359
FNA:6,0,_ZNKSt8__detail15_Hash_code_baseINSt7__cxx1112basic_stringIcSt11char_traitsIcESaIcEEESt4pairIKS6_iENS_10_Select1stESt4hashIS6_ENS_18_Mod_range_hashingENS_20_Default_ranged_hashELb1EE15_M_bucket_indexEmm
FNL:7,1373,1377
FNA:7,0,_ZNKSt8__detail15_Hash_code_baseINSt7__cxx1112basic_stringIcSt11char_traitsIcESaIcEEESt4pairIKS6_iENS_10_Select1stESt4hashIS6_ENS_18_Mod_range_hashingENS_20_Default_ranged_hashELb1EE15_M_bucket_indexERKNS_16_Hash_node_valueIS9_Lb1EEEm
FNL:8,1389,1390
FNA:8,0,_ZNKSt8__detail15_Hash_code_baseINSt7__cxx1112basic_stringIcSt11char_traitsIcESaIcEEESt4pairIKS6_iENS_10_Select1stESt4hashIS6_ENS_18_Mod_range_hashingENS_20_Default_ranged_hashELb1EE13_M_store_codeERNS_21_Hash_node_code_cacheILb1EEEm
FNL:9,1402,1402
FNA:9,0,_ZNKSt8__detail15_Hash_code_baseINSt7__cxx1112basic_stringIcSt11char_traitsIcESaIcEEESt4pairIKS6_iENS_10_Select1stESt4hashIS6_ENS_18_Mod_range_hashingENS_20_Default_ranged_hashELb1EE7_M_hashEv
FNL:10,1719,1720
FNA:10,0,_ZNSt8__detail15_Hashtable_baseINSt7__cxx1112basic_stringIcSt11char_traitsIcESaIcEEESt4pairIKS6_iENS_10_Select1stESt8equal_toIS6_ESt4hashIS6_ENS_18_Mod_range_hashingENS_20_Default_ranged_hashENS_17_Hashtable_traitsILb1ELb0ELb1EEEE9_S_equalsEmRKNS_21_Hash_node_code_cacheILb1EEE
FNL:11,1728,1728
FNA:11,0,_ZNSt8__detail15_Hashtable_baseINSt7__cxx1112basic_stringIcSt11char_traitsIcESaIcEEESt4pairIKS6_iENS_10_Select1stESt8equal_toIS6_ESt4hashIS6_ENS_18_Mod_range_hashingENS_20_Default_ranged_hashENS_17_Hashtable_traitsILb1ELb0ELb1EEEEC2Ev
FNL:12,1735,1743
FNA:12,0,_ZNKSt8__detail15_Hashtable_baseINSt7__cxx1112basic_stringIcSt11char_traitsIcESaIcEEESt4pairIKS6_iENS_10_Select1stESt8equal_toIS6_ESt4hashIS6_ENS_18_Mod_range_hashingENS_20_Default_ranged_hashENS_17_Hashtable_traitsILb1ELb0ELb1EEEE13_M_key_equalsERS8_RKNS_16_Hash_node_valueIS9_Lb1EEE
FNL:13,1759,1761
FNA:13,0,_ZNKSt8__detail15_Hashtable_baseINSt7__cxx1112basic_stringIcSt11char_traitsIcESaIcEEESt4pairIKS6_iENS_10_Select1stESt8equal_toIS6_ESt4hashIS6_ENS_18_Mod_range_hashingENS_20_Default_ranged_hashENS_17_Hashtable_traitsILb1ELb0ELb1EEEE9_M_equalsERS8_mRKNS_16_Hash_node_valueIS9_Lb1EEE
FNL:14,1787,1787
FNA:14,0,_ZNKSt8__detail15_Hashtable_baseINSt7__cxx1112basic_stringIcSt11char_traitsIcESaIcEEESt4pairIKS6_iENS_10_Select1stESt8equal_toIS6_ESt4hashIS6_ENS_18_Mod_range_hashingENS_20_Default_ranged_hashENS_17_Hashtable_traitsILb1ELb0ELb1EEEE5_M_eqEv
FNL:15,1970,1970
FNA:15,0,_ZNSt8__detail16_Hashtable_allocISaINS_10_Hash_nodeISt4pairIKNSt7__cxx1112basic_stringIcSt11char_traitsIcESaIcEEEiELb1EEEEEC2Ev
FNL:16,1980,1981
FNA:16,0,_ZNSt8__detail16_Hashtable_allocISaINS_10_Hash_nodeISt4pairIKNSt7__cxx1112basic_stringIcSt11char_traitsIcESaIcEEEiELb1EEEEE17_M_node_allocatorEv
FNL:17,2017,2036
FNA:17,0,_ZNSt8__detail16_Hashtable_allocISaINS_10_Hash_nodeISt4pairIKNSt7__cxx1112basic_stringIcSt11char_traitsIcESaIcEEEiELb1EEEEE16_M_allocate_nodeIJRKSt21piecewise_construct_tSt5tupleIJRS9_EESI_IJEEEEEPSB_DpOT_
FNL:18,2040,2044
FNA:18,0,_ZNSt8__detail16_Hashtable_allocISaINS_10_Hash_nodeISt4pairIKNSt7__cxx1112basic_stringIcSt11char_traitsIcESaIcEEEiELb1EEEEE18_M_deallocate_nodeEPSB_
FNL:19,2048,2054
FNA:19,0,_ZNSt8__detail16_Hashtable_allocISaINS_10_Hash_nodeISt4pairIKNSt7__cxx1112basic_stringIcSt11char_traitsIcESaIcEEEiELb1EEEEE22_M_deallocate_node_ptrEPSB_
FNL:20,2058,2066
FNA:20,0,_ZNSt8__detail16_Hashtable_allocISaINS_10_Hash_nodeISt4pairIKNSt7__cxx1112basic_stringIcSt11char_traitsIcESaIcEEEiELb1EEEEE19_M_deallocate_nodesEPSB_
FNL:21,2070,2079
FNA:21,0,_ZNSt8__detail16_Hashtable_allocISaINS_10_Hash_nodeISt4pairIKNSt7__cxx1112basic_stringIcSt11char_traitsIcESaIcEEEiELb1EEEEE19_M_allocate_bucketsEm
FNL:22,2083,2091
FNA:22,0,_ZNSt8__detail16_Hashtable_allocISaINS_10_Hash_nodeISt4pairIKNSt7__cxx1112basic_stringIcSt11char_traitsIcESaIcEEEiELb1EEEEE21_M_deallocate_bucketsEPPNS_15_Hash_node_baseEm
FNL:23,303,304
FNA:23,0,_ZNSt8__detail22_Hashtable_hash_traitsISt4hashINSt7__cxx1112basic_stringIcSt11char_traitsIcESaIcEEEEE22__small_size_thresholdEv
FNL:24,319,319
FNA:24,0,_ZNSt8__detail15_Hash_node_baseC2Ev
FNL:25,386,387
FNA:25,0,_ZNKSt8__detail10_Hash_nodeISt4pairIKNSt7__cxx1112basic_stringIcSt11char_traitsIcESaIcEEEiELb1EE7_M_nextEv
FNL:26,399,400
FNA:26,0,_ZNSt8__detail19_Node_iterator_baseISt4pairIKNSt7__cxx1112basic_stringIcSt11char_traitsIcESaIcEEEiELb1EEC2EPNS_10_Hash_nodeIS9_Lb1EEE
FNL:27,403,404
FNA:27,0,_ZNSt8__detail19_Node_iterator_baseISt4pairIKNSt7__cxx1112basic_stringIcSt11char_traitsIcESaIcEEEiELb1EE7_M_incrEv
FNL:28,407,409
FNA:28,0,_ZNSt8__detaileqERKNS_19_Node_iterator_baseISt4pairIKNSt7__cxx1112basic_stringIcSt11char_traitsIcESaIcEEEiELb1EEESC_
FNL:29,442,443
FNA:29,0,_ZNSt8__detail14_Node_iteratorISt4pairIKNSt7__cxx1112basic_stringIcSt11char_traitsIcESaIcEEEiELb0ELb1EEC2EPNS_10_Hash_nodeIS9_Lb1EEE
FNL:30,446,447
FNA:30,0,_ZNKSt8__detail14_Node_iteratorISt4pairIKNSt7__cxx1112basic_stringIcSt11char_traitsIcESaIcEEEiELb0ELb1EEdeEv
FNL:31,450,451
FNA:31,0,_ZNKSt8__detail14_Node_iteratorISt4pairIKNSt7__cxx1112basic_stringIcSt11char_traitsIcESaIcEEEiELb0ELb1EEptEv
FNL:32,454,458
FNA:32,0,_ZNSt8__detail14_Node_iteratorISt4pairIKNSt7__cxx1112basic_stringIcSt11char_traitsIcESaIcEEEiELb0ELb1EEppEv
FNL:33,532,534
FNA:33,0,_ZNKSt8__detail18_Mod_range_hashingclEmm
FNL:34,550,551
FNA:34,0,_ZNSt8__detail20_Prime_rehash_policyC2Ef
FNL:35,577,578
FNA:35,0,_ZNKSt8__detail20_Prime_rehash_policy8_M_stateEv
FNL:36,585,586
FNA:36,0,_ZNSt8__detail20_Prime_rehash_policy8_M_resetEm
FNL:37,730,733
FNA:37,0,_ZNSt8__detail17_RehashStateGuardINS_20_Prime_rehash_policyEEC2ERS1_
FNL:38,736,740
FNA:38,0,_ZNSt8__detail17_RehashStateGuardINS_20_Prime_rehash_policyEED2Ev
FNL:39,832,853
FNA:39,0,_ZNSt8__detail9_Map_baseINSt7__cxx1112basic_stringIcSt11char_traitsIcESaIcEEESt4pairIKS6_iESaIS9_ENS_10_Select1stESt8equal_toIS6_ESt4hashIS6_ENS_18_Mod_range_hashingENS_20_Default_ranged_hashENS_20_Prime_rehash_policyENS_17_Hashtable_traitsILb1ELb0ELb1EEELb1EEixERS8_
FNF:40
FNH:0
DA:112,0
DA:113,0
DA:303,0
DA:304,0
DA:319,0
DA:339,0
DA:344,0
DA:349,0
DA:354,0
DA:386,0
DA:387,0
DA:399,0
DA:400,0
DA:403,0
DA:404,0
DA:407,0
DA:409,0
DA:442,0
DA:443,0
DA:446,0
DA:447,0
DA:450,0
DA:451,0
DA:454,0
DA:456,0
DA:457,0
DA:532,0
DA:534,0
DA:550,0
DA:551,0
DA:577,0
DA:578,0
DA:585,0
DA:586,0
DA:730,0
DA:731,0
DA:732,0
DA:733,0
DA:736,0
DA:738,0
DA:739,0
DA:740,0
DA:832,0
DA:837,0
DA:838,0
DA:839,0
DA:840,0
DA:841,0
DA:843,0
DA:846,0
DA:847,0
DA:850,0
DA:851,0
DA:852,0
DA:853,0
DA:1245,0
DA:1252,0
DA:1253,0
DA:1328,0
DA:1333,0
DA:1337,0
DA:1358,0
DA:1359,0
DA:1373,0
DA:1377,0
DA:1389,0
DA:1390,0
DA:1402,0
DA:1719,0
DA:1720,0
DA:1728,0
DA:1735,0
DA:1742,0
DA:1759,0
DA:1761,0
DA:1787,0
DA:1970,0
DA:1980,0
DA:1981,0
DA:2017,0
DA:2020,0
DA:2021,0
DA:2022,0
DA:2025,0
DA:2026,0
DA:2028,0
DA:2030,0
DA:2032,0
DA:2034,0
DA:2040,0
DA:2042,0
DA:2043,0
DA:2044,0
DA:2048,0
DA:2051,0
DA:2052,0
DA:2053,0
DA:2054,0
DA:2058,0
DA:2060,0
DA:2062,0
DA:2063,0
DA:2064,0
DA:2066,0
DA:2070,0
DA:2073,0
DA:2075,0
DA:2076,0
DA:2077,0
DA:2078,0
DA:2083,0
DA:2088,0
DA:2089,0
DA:2091,0
LF:114
LH:0
end_of_record
TN:
SF:/usr/include/c++/14/bits/move.h
FNL:0,137,138
FNA:0,0,_ZSt4moveIRSaIcEEONSt16remove_referenceIT_E4typeEOS3_
FNL:1,175,176
FNA:1,0,_ZSt9addressofIKcEPT_RS1_
FNA:1,0,_ZSt9addressofINSt8__detail10_Hash_nodeISt4pairIKNSt7__cxx1112basic_stringIcSt11char_traitsIcESaIcEEEiELb1EEEEPT_RSC_
FNA:1,0,_ZSt9addressofIPNSt8__detail15_Hash_node_baseEEPT_RS3_
FNA:1,0,_ZSt9addressofIcEPT_RS0_
FNL:2,51,52
FNA:2,0,_ZSt11__addressofIKNSt7__cxx1112basic_stringIcSt11char_traitsIcESaIcEEEEPT_RS7_
FNA:2,0,_ZSt11__addressofIKcEPT_RS1_
FNA:2,0,_ZSt11__addressofINSt7__cxx1112basic_stringIcSt11char_traitsIcESaIcEEEEPT_RS6_
FNA:2,0,_ZSt11__addressofINSt8__detail10_Hash_nodeISt4pairIKNSt7__cxx1112basic_stringIcSt11char_traitsIcESaIcEEEiELb1EEEEPT_RSC_
FNA:2,0,_ZSt11__addressofINSt8__detail20_Prime_rehash_policyEEPT_RS2_
FNA:2,0,_ZSt11__addressofIPNSt8__detail15_Hash_node_baseEEPT_RS3_
FNA:2,0,_ZSt11__addressofIcEPT_RS0_
FNL:3,71,72
FNA:3,0,_ZSt7forwardIRKNSt7__cxx1112basic_stringIcSt11char_traitsIcESaIcEEEEOT_RNSt16remove_referenceIS8_E4typeE
FNA:3,0,_ZSt7forwardIRKSt21piecewise_construct_tEOT_RNSt16remove_referenceIS3_E4typeE
FNA:3,0,_ZSt7forwardIRKSt4pairIKNSt7__cxx1112basic_stringIcSt11char_traitsIcESaIcEEEiEEOT_RNSt16remove_referenceISB_E4typeE
FNA:3,0,_ZSt7forwardIRKcEOT_RNSt16remove_referenceIS2_E4typeE
FNA:3,0,_ZSt7forwardISt5tupleIJEEEOT_RNSt16remove_referenceIS2_E4typeE
FNA:3,0,_ZSt7forwardISt5tupleIJRKNSt7__cxx1112basic_stringIcSt11char_traitsIcESaIcEEEEEEOT_RNSt16remove_referenceISA_E4typeE
FNF:4
FNH:0
DA:51,0
DA:52,0
DA:71,0
DA:72,0
DA:137,0
DA:138,0
DA:175,0
DA:176,0
LF:8
LH:0
end_of_record
TN:
SF:/usr/include/c++/14/bits/new_allocator.h
FNL:0,126,152
FNA:0,0,_ZNSt15__new_allocatorINSt8__detail10_Hash_nodeISt4pairIKNSt7__cxx1112basic_stringIcSt11char_traitsIcESaIcEEEiELb1EEEE8allocateEmPKv
FNA:0,0,_ZNSt15__new_allocatorIPNSt8__detail15_Hash_node_baseEE8allocateEmPKv
FNA:0,0,_ZNSt15__new_allocatorIcE8allocateEmPKv
FNL:1,156,173
FNA:1,0,_ZNSt15__new_allocatorINSt8__detail10_Hash_nodeISt4pairIKNSt7__cxx1112basic_stringIcSt11char_traitsIcESaIcEEEiELb1EEEE10deallocateEPSB_m
FNA:1,0,_ZNSt15__new_allocatorIPNSt8__detail15_Hash_node_baseEE10deallocateEPS2_m
FNA:1,0,_ZNSt15__new_allocatorIcE10deallocateEPcm
FNF:2
FNH:0
DA:88,0
DA:92,0
DA:126,0
DA:134,0
DA:138,0
DA:139,0
DA:140,0
DA:151,0
DA:156,0
DA:172,0
DA:233,0
LF:11
LH:0
end_of_record
TN:
SF:/usr/include/c++/14/bits/ptr_traits.h
FNL:0,134,135
FNA:0,0,_ZNSt19__ptr_traits_ptr_toIPKcS0_Lb0EE10pointer_toERS0_
FNA:0,0,_ZNSt19__ptr_traits_ptr_toIPNSt8__detail10_Hash_nodeISt4pairIKNSt7__cxx1112basic_stringIcSt11char_traitsIcESaIcEEEiELb1EEESB_Lb0EE10pointer_toERSB_
FNA:0,0,_ZNSt19__ptr_traits_ptr_toIPPNSt8__detail15_Hash_node_baseES2_Lb0EE10pointer_toERS2_
FNA:0,0,_ZNSt19__ptr_traits_ptr_toIPccLb0EE10pointer_toERc
FNL:1,205,209
FNA:1,0,_ZSt12__to_addressINSt8__detail10_Hash_nodeISt4pairIKNSt7__cxx1112basic_stringIcSt11char_traitsIcESaIcEEEiELb1EEEEPT_SD_
FNA:1,0,_ZSt12__to_addressIPNSt8__detail15_Hash_node_baseEEPT_S4_
FNF:2
FNH:0
DA:134,0
DA:135,0
DA:205,0
DA:208,0
LF:4
LH:0
end_of_record
TN:
SF:/usr/include/c++/14/bits/stl_algobase.h
FNL:0,233,241
FNA:0,0,_ZSt3minImERKT_S2_S2_
FNL:1,257,265
FNA:1,0,_ZSt3maxIiERKT_S2_S2_
FNF:2
FNH:0
DA:233,0
DA:238,0
DA:239,0
DA:240,0
DA:257,0
DA:262,0
DA:263,0
DA:264,0
LF:8
LH:0
end_of_record
TN:
SF:/usr/include/c++/14/bits/stl_construct.h
FNL:0,80,89
FNA:0,0,_ZSt10destroy_atISt4pairIKNSt7__cxx1112basic_stringIcSt11char_traitsIcESaIcEEEiEEvPT_
FNL:1,94,97
FNA:1,0,_ZSt12construct_atISt4pairIKNSt7__cxx1112basic_stringIcSt11char_traitsIcESaIcEEEiEJRKSt21piecewise_construct_tSt5tupleIJRS7_EESC_IJEEEEDTgsnwcvPvLi0E_T_pispcl7declvalIT0_EEEEPSH_DpOSI_
FNA:1,0,_ZSt12construct_atIcJRKcEEDTgsnwcvPvLi0E_T_pispcl7declvalIT0_EEEEPS3_DpOS4_
FNF:2
FNH:0
DA:80,0
DA:88,0
DA:89,0
DA:94,0
DA:97,0
LF:5
LH:0
end_of_record
TN:
SF:/usr/include/c++/14/bits/stl_function.h
FNL:0,374,375
FNA:0,0,_ZNKSt8equal_toINSt7__cxx1112basic_stringIcSt11char_traitsIcESaIcEEEEclERKS5_S8_
FNF:1
FNH:0
DA:374,0
DA:375,0
LF:2
LH:0
end_of_record
TN:
SF:/usr/include/c++/14/bits/stl_iterator_base_funcs.h
FNF:0
FNH:0
DA:106,0
DA:151,0
DA:152,0
LF:3
LH:0
end_of_record
TN:
SF:/usr/include/c++/14/bits/stl_iterator_base_types.h
FNF:0
FNH:0
DA:240,0
LF:1
LH:0
end_of_record
TN:
SF:/usr/include/c++/14/bits/stl_pair.h
FNL:0,1210,1211
FNA:0,0,_ZNSt10__pair_getILm0EE11__const_getIKNSt7__cxx1112basic_stringIcSt11char_traitsIcESaIcEEEiEERKT_RKSt4pairIS9_T0_E
FNL:1,1234,1235
FNA:1,0,_ZNSt10__pair_getILm1EE11__const_getIKNSt7__cxx1112basic_stringIcSt11char_traitsIcESaIcEEEiEERKT0_RKSt4pairIT_S9_E
FNL:2,1260,1261
FNA:2,0,_ZSt3getILm0EKNSt7__cxx1112basic_stringIcSt11char_traitsIcESaIcEEEiERKNSt13tuple_elementIXT_ESt4pairIT0_T1_EE4typeERKSB_
FNA:2,0,_ZSt3getILm1EKNSt7__cxx1112basic_stringIcSt11char_traitsIcESaIcEEEiERKNSt13tuple_elementIXT_ESt4pairIT0_T1_EE4typeERKSB_
FNF:3
FNH:0
DA:1210,0
DA:1211,0
DA:1234,0
DA:1235,0
DA:1260,0
DA:1261,0
LF:6
LH:0
end_of_record
TN:
SF:/usr/include/c++/14/bits/unordered_map.h
FNL:0,148,148
FNA:0,0,_ZNSt13unordered_mapINSt7__cxx1112basic_stringIcSt11char_traitsIcESaIcEEEiSt4hashIS5_ESt8equal_toIS5_ESaISt4pairIKS5_iEEEC2Ev
FNL:1,332,333
FNA:1,0,_ZNSt13unordered_mapINSt7__cxx1112basic_stringIcSt11char_traitsIcESaIcEEEiSt4hashIS5_ESt8equal_toIS5_ESaISt4pairIKS5_iEEE5beginEv
FNL:2,354,355
FNA:2,0,_ZNSt13unordered_mapINSt7__cxx1112basic_stringIcSt11char_traitsIcESaIcEEEiSt4hashIS5_ESt8equal_toIS5_ESaISt4pairIKS5_iEEE3endEv
FNL:3,876,877
FNA:3,0,_ZNSt13unordered_mapINSt7__cxx1112basic_stringIcSt11char_traitsIcESaIcEEEiSt4hashIS5_ESt8equal_toIS5_ESaISt4pairIKS5_iEEE4findERSB_
FNL:4,987,988
FNA:4,0,_ZNSt13unordered_mapINSt7__cxx1112basic_stringIcSt11char_traitsIcESaIcEEEiSt4hashIS5_ESt8equal_toIS5_ESaISt4pairIKS5_iEEEixERSB_
FNF:5
FNH:0
DA:148,0
DA:332,0
DA:333,0
DA:354,0
DA:355,0
DA:876,0
DA:877,0
DA:987,0
DA:988,0
LF:9
LH:0
end_of_record
TN:
SF:/usr/include/c++/14/ext/aligned_buffer.h
FNL:0,104,107
FNA:0,0,_ZN9__gnu_cxx16__aligned_bufferISt4pairIKNSt7__cxx1112basic_stringIcSt11char_traitsIcESaIcEEEiEE7_M_addrEv
FNL:1,110,113
FNA:1,0,_ZNK9__gnu_cxx16__aligned_bufferISt4pairIKNSt7__cxx1112basic_stringIcSt11char_traitsIcESaIcEEEiEE7_M_addrEv
FNL:2,116,117
FNA:2,0,_ZN9__gnu_cxx16__aligned_bufferISt4pairIKNSt7__cxx1112basic_stringIcSt11char_traitsIcESaIcEEEiEE6_M_ptrEv
FNL:3,120,121
FNA:3,0,_ZNK9__gnu_cxx16__aligned_bufferISt4pairIKNSt7__cxx1112basic_stringIcSt11char_traitsIcESaIcEEEiEE6_M_ptrEv
FNF:4
FNH:0
DA:104,0
DA:106,0
DA:110,0
DA:112,0
DA:116,0
DA:117,0
DA:120,0
DA:121,0
LF:8
LH:0
end_of_record
TN:
SF:/usr/include/c++/14/ext/alloc_traits.h
FNF:0
FNH:0
DA:98,0
DA:110,0
LF:2
LH:0
end_of_record
TN:
SF:/usr/include/c++/14/new
FNL:0,179,180
FNA:0,0,_ZnwmPv
FNL:1,185,185
FNA:1,0,_ZdlPvS_
FNF:2
FNH:0
DA:179,0
DA:180,0
DA:185,0
LF:3
LH:0
end_of_record
TN:
SF:/usr/include/c++/14/tuple
FNL:0,201,202
FNA:0,0,_ZNSt10_Head_baseILm0ERKNSt7__cxx1112basic_stringIcSt11char_traitsIcESaIcEEELb0EEC2ES7_
FNL:1,242,242
FNA:1,0,_ZNSt10_Head_baseILm0ERKNSt7__cxx1112basic_stringIcSt11char_traitsIcESaIcEEELb0EE7_M_headERS8_
FNL:2,2427,2428
FNA:2,0,_ZSt12__get_helperILm0ERKNSt7__cxx1112basic_stringIcSt11char_traitsIcESaIcEEEJEERT0_RSt11_Tuple_implIXT_EJS8_DpT1_EE
FNL:3,2443,2444
FNA:3,0,_ZSt3getILm0EJRKNSt7__cxx1112basic_stringIcSt11char_traitsIcESaIcEEEEERNSt13tuple_elementIXT_ESt5tupleIJDpT0_EEE4typeERSC_
FNL:4,2872,2878
FNA:4,0,_ZNSt4pairIKNSt7__cxx1112basic_stringIcSt11char_traitsIcESaIcEEEiEC2IJRS6_EJEEESt21piecewise_construct_tSt5tupleIJDpT_EESB_IJDpT0_EE
FNL:5,2884,2889
FNA:5,0,_ZNSt4pairIKNSt7__cxx1112basic_stringIcSt11char_traitsIcESaIcEEEiEC2IJRS6_EJLm0EEJEJEEERSt5tupleIJDpT_EERSA_IJDpT1_EESt12_Index_tupleIJXspT0_EEESJ_IJXspT2_EEE
FNL:6,556,556
FNA:6,0,_ZNSt11_Tuple_implILm0EJRKNSt7__cxx1112basic_stringIcSt11char_traitsIcESaIcEEEEE7_M_headERS8_
FNL:7,566,568
FNA:7,0,_ZNSt11_Tuple_implILm0EJRKNSt7__cxx1112basic_stringIcSt11char_traitsIcESaIcEEEEEC2ES7_
FNL:8,586,589
FNA:8,0,_ZNSt11_Tuple_implILm0EJRKNSt7__cxx1112basic_stringIcSt11char_traitsIcESaIcEEEEEC2EOS8_
FNL:9,971,975
FNA:9,0,_ZNSt5tupleIJRKNSt7__cxx1112basic_stringIcSt11char_traitsIcESaIcEEEEEC2ES7_Qcl15__constructibleIDpRKT_EE
FNL:10,995,995
FNA:10,0,_ZNSt5tupleIJRKNSt7__cxx1112basic_stringIcSt11char_traitsIcESaIcEEEEEC2EOS8_
FNF:11
FNH:0
DA:201,0
DA:202,0
DA:242,0
DA:556,0
DA:566,0
DA:567,0
DA:568,0
DA:586,0
DA:588,0
DA:589,0
DA:971,0
DA:974,0
DA:975,0
DA:995,0
DA:2427,0
DA:2428,0
DA:2443,0
DA:2444,0
DA:2872,0
DA:2877,0
DA:2878,0
DA:2884,0
DA:2887,0
DA:2888,0
DA:2889,0
LF:25
LH:0
end_of_record
TN:
SF:/usr/include/c++/14/type_traits
FNL:0,3832,3839
FNA:0,0,_ZSt21is_constant_evaluatedv
FNF:1
FNH:0
DA:3832,0
DA:3835,0
LF:2
LH:0
end_of_record
TN:
SF:/usr/include/c++/14/x86_64-redhat-linux/bits/c++config.h
FNF:0
FNH:0
DA:2394,0
LF:1
LH:0
end_of_record
