TN:
SF:/home/monika/Documents/problems/16721번： Structure of Balanced Networks/main.cpp
FNL:0,31,69
FNA:0,1,main
FNL:1,7,29
FNA:1,6,_Z8fastscanRi
FNF:2
FNH:2
DA:7,6
DA:9,6
DA:10,6
DA:11,6
DA:13,7
DA:14,1
DA:16,6
DA:18,0
DA:19,0
DA:22,12
DA:24,6
DA:27,6
DA:28,0
DA:29,6
DA:31,1
DA:33,1
DA:35,1
DA:37,1
DA:39,5
DA:41,4
DA:42,4
DA:44,35
DA:46,31
DA:47,31
DA:49,16
DA:53,4
DA:54,4
DA:57,1
DA:59,3
DA:62,2
DA:63,2
DA:65,2
DA:68,1
DA:69,1
LF:34
LH:31
end_of_record
TN:
SF:/usr/include/c++/14/bits/alloc_traits.h
FNF:0
FNH:0
DA:515,1
DA:550,1
DA:615,0
DA:767,0
DA:993,1
DA:994,1
LF:6
LH:4
end_of_record
TN:
SF:/usr/include/c++/14/bits/allocator.h
FNF:0
FNH:0
DA:161,9
DA:166,10
DA:182,10
DA:189,1
DA:191,0
DA:192,0
DA:193,0
DA:196,1
DA:203,1
DA:205,0
DA:206,0
DA:208,1
DA:215,0
LF:13
LH:7
end_of_record
TN:
SF:/usr/include/c++/14/bits/basic_string.h
FNL:0,1076,1077
FNA:0,51,_ZNKSt7__cxx1112basic_stringIcSt11char_traitsIcESaIcEE4sizeEv
FNL:1,1083,1084
FNA:1,4,_ZNKSt7__cxx1112basic_stringIcSt11char_traitsIcESaIcEE6lengthEv
FNL:2,1089,1090
FNA:2,0,_ZNKSt7__cxx1112basic_stringIcSt11char_traitsIcESaIcEE8max_sizeEv
FNL:3,1180,1184
FNA:3,24,_ZNKSt7__cxx1112basic_stringIcSt11char_traitsIcESaIcEE8capacityEv
FNL:4,1265,1273
FNA:4,2,_ZNSt7__cxx1112basic_stringIcSt11char_traitsIcESaIcEEixEm
FNL:5,129,142
FNA:5,0,_ZNSt7__cxx1112basic_stringIcSt11char_traitsIcESaIcEE11_S_allocateERS3_m
FNL:6,1572,1579
FNA:6,16,_ZNSt7__cxx1112basic_stringIcSt11char_traitsIcESaIcEE9push_backEc
FNL:7,1588,1621
FNA:7,4,_ZNSt7__cxx1112basic_stringIcSt11char_traitsIcESaIcEE6assignERKS4_
FNL:8,197,198
FNA:8,8,_ZNSt7__cxx1112basic_stringIcSt11char_traitsIcESaIcEE12_Alloc_hiderC2EPcOS3_
FNL:9,217,218
FNA:9,0,_ZNSt7__cxx1112basic_stringIcSt11char_traitsIcESaIcEE7_M_dataEPc
FNL:10,222,223
FNA:10,28,_ZNSt7__cxx1112basic_stringIcSt11char_traitsIcESaIcEE9_M_lengthEm
FNL:11,227,228
FNA:11,86,_ZNKSt7__cxx1112basic_stringIcSt11char_traitsIcESaIcEE7_M_dataEv
FNL:12,232,239
FNA:12,8,_ZNSt7__cxx1112basic_stringIcSt11char_traitsIcESaIcEE13_M_local_dataEv
FNL:13,243,250
FNA:13,32,_ZNKSt7__cxx1112basic_stringIcSt11char_traitsIcESaIcEE13_M_local_dataEv
FNL:14,254,255
FNA:14,0,_ZNSt7__cxx1112basic_stringIcSt11char_traitsIcESaIcEE11_M_capacityEm
FNL:15,259,263
FNA:15,28,_ZNSt7__cxx1112basic_stringIcSt11char_traitsIcESaIcEE13_M_set_lengthEm
FNL:16,267,276
FNA:16,32,_ZNKSt7__cxx1112basic_stringIcSt11char_traitsIcESaIcEE11_M_is_localEv
FNL:17,285,289
FNA:17,8,_ZNSt7__cxx1112basic_stringIcSt11char_traitsIcESaIcEE10_M_disposeEv
FNL:18,293,294
FNA:18,0,_ZNSt7__cxx1112basic_stringIcSt11char_traitsIcESaIcEE10_M_destroyEm
FNL:19,341,342
FNA:19,0,_ZNSt7__cxx1112basic_stringIcSt11char_traitsIcESaIcEE16_M_get_allocatorEv
FNL:20,346,347
FNA:20,0,_ZNKSt7__cxx1112basic_stringIcSt11char_traitsIcESaIcEE16_M_get_allocatorEv
FNL:21,430,436
FNA:21,4,_ZNSt7__cxx1112basic_stringIcSt11char_traitsIcESaIcEE7_S_copyEPcPKcm
FNL:22,527,533
FNA:22,8,_ZNSt7__cxx1112basic_stringIcSt11char_traitsIcESaIcEEC2Ev
FNL:23,808,809
FNA:23,8,_ZNSt7__cxx1112basic_stringIcSt11char_traitsIcESaIcEED2Ev
FNL:24,817,820
FNA:24,4,_ZNSt7__cxx1112basic_stringIcSt11char_traitsIcESaIcEEaSERKS4_
FNF:25
FNH:18
DA:129,0
DA:131,0
DA:141,0
DA:197,8
DA:198,8
DA:217,0
DA:218,0
DA:222,28
DA:223,28
DA:227,86
DA:228,86
DA:232,8
DA:235,8
DA:243,32
DA:246,32
DA:254,0
DA:255,0
DA:259,28
DA:261,28
DA:262,28
DA:263,28
DA:267,32
DA:269,32
DA:271,32
DA:272,0
DA:273,32
DA:275,0
DA:285,8
DA:287,8
DA:288,0
DA:289,8
DA:293,0
DA:294,0
DA:341,0
DA:342,0
DA:346,0
DA:347,0
DA:356,8
DA:357,0
DA:358,0
DA:360,8
DA:370,0
DA:430,4
DA:432,4
DA:433,0
DA:435,4
DA:436,4
DA:527,8
DA:529,24
DA:532,8
DA:533,8
DA:808,8
DA:809,8
DA:817,4
DA:819,4
DA:1076,51
DA:1077,51
DA:1083,4
DA:1084,4
DA:1089,0
DA:1090,0
DA:1180,24
DA:1182,24
DA:1183,24
DA:1265,2
DA:1269,2
DA:1272,2
DA:1572,16
DA:1574,16
DA:1575,16
DA:1576,0
DA:1577,16
DA:1578,16
DA:1579,16
DA:1588,4
DA:1591,4
DA:1593,0
DA:1594,0
DA:1598,0
DA:1600,0
DA:1601,0
DA:1602,0
DA:1606,0
DA:1607,0
DA:1609,0
DA:1610,0
DA:1611,0
DA:1612,0
DA:1613,0
DA:1616,0
DA:1619,4
DA:1620,4
LF:92
LH:55
end_of_record
TN:
SF:/usr/include/c++/14/bits/basic_string.tcc
FNL:0,138,160
FNA:0,0,_ZNSt7__cxx1112basic_stringIcSt11char_traitsIcESaIcEE9_M_createERmm
FNL:1,277,299
FNA:1,4,_ZNSt7__cxx1112basic_stringIcSt11char_traitsIcESaIcEE9_M_assignERKS4_
FNL:2,304,320
FNA:2,4,_ZNSt7__cxx1112basic_stringIcSt11char_traitsIcESaIcEE7reserveEm
FNL:3,325,345
FNA:3,0,_ZNSt7__cxx1112basic_stringIcSt11char_traitsIcESaIcEE9_M_mutateEmmPKcm
FNF:4
FNH:2
DA:138,0
DA:143,0
DA:144,0
DA:149,0
DA:151,0
DA:153,0
DA:154,0
DA:159,0
DA:277,4
DA:280,4
DA:282,4
DA:283,4
DA:285,4
DA:287,0
DA:288,0
DA:289,0
DA:290,0
DA:291,0
DA:294,4
DA:295,4
DA:297,4
DA:299,4
DA:304,4
DA:307,4
DA:312,4
DA:313,4
DA:315,0
DA:316,0
DA:317,0
DA:318,0
DA:319,0
DA:325,0
DA:329,0
DA:331,0
DA:332,0
DA:334,0
DA:335,0
DA:336,0
DA:337,0
DA:338,0
DA:339,0
DA:340,0
DA:342,0
DA:343,0
DA:344,0
DA:345,0
LF:46
LH:13
end_of_record
TN:
SF:/usr/include/c++/14/bits/char_traits.h
FNL:0,253,268
FNA:0,0,_ZN9__gnu_cxx11char_traitsIcE4copyEPcPKcm
FNL:1,343,351
FNA:1,44,_ZNSt11char_traitsIcE6assignERcRKc
FNL:2,419,428
FNA:2,4,_ZNSt11char_traitsIcE4copyEPcPKcm
FNF:3
FNH:2
DA:253,0
DA:256,0
DA:257,0
DA:259,0
DA:261,0
DA:262,0
DA:263,0
DA:266,0
DA:267,0
DA:343,44
DA:346,44
DA:347,0
DA:350,44
DA:351,44
DA:419,4
DA:421,4
DA:422,0
DA:424,4
DA:425,0
DA:427,4
LF:20
LH:8
end_of_record
TN:
SF:/usr/include/c++/14/bits/move.h
FNL:0,137,138
FNA:0,8,_ZSt4moveIRSaIcEEONSt16remove_referenceIT_E4typeEOS3_
FNL:1,175,176
FNA:1,32,_ZSt9addressofIKcEPT_RS1_
FNA:1,8,_ZSt9addressofIcEPT_RS0_
FNL:2,51,52
FNA:2,4,_ZSt11__addressofIKNSt7__cxx1112basic_stringIcSt11char_traitsIcESaIcEEEEPT_RS7_
FNA:2,32,_ZSt11__addressofIKcEPT_RS1_
FNA:2,8,_ZSt11__addressofINSt7__cxx1112basic_stringIcSt11char_traitsIcESaIcEEEEPT_RS6_
FNA:2,8,_ZSt11__addressofIcEPT_RS0_
FNL:3,71,72
FNA:3,0,_ZSt7forwardIRKcEOT_RNSt16remove_referenceIS2_E4typeE
FNF:4
FNH:3
DA:51,52
DA:52,52
DA:71,0
DA:72,0
DA:137,8
DA:138,8
DA:175,40
DA:176,40
LF:8
LH:6
end_of_record
TN:
SF:/usr/include/c++/14/bits/new_allocator.h
FNL:0,126,152
FNA:0,1,_ZNSt15__new_allocatorINSt7__cxx1112basic_stringIcSt11char_traitsIcESaIcEEEE8allocateEmPKv
FNA:0,0,_ZNSt15__new_allocatorIcE8allocateEmPKv
FNL:1,156,173
FNA:1,1,_ZNSt15__new_allocatorINSt7__cxx1112basic_stringIcSt11char_traitsIcESaIcEEEE10deallocateEPS5_m
FNA:1,0,_ZNSt15__new_allocatorIcE10deallocateEPcm
FNF:2
FNH:2
DA:88,9
DA:92,10
DA:126,1
DA:134,1
DA:138,0
DA:139,0
DA:140,0
DA:151,1
DA:156,1
DA:172,1
DA:233,1
LF:11
LH:8
end_of_record
TN:
SF:/usr/include/c++/14/bits/ptr_traits.h
FNL:0,134,135
FNA:0,32,_ZNSt19__ptr_traits_ptr_toIPKcS0_Lb0EE10pointer_toERS0_
FNA:0,8,_ZNSt19__ptr_traits_ptr_toIPccLb0EE10pointer_toERc
FNF:1
FNH:1
DA:134,40
DA:135,40
LF:2
LH:2
end_of_record
TN:
SF:/usr/include/c++/14/bits/stl_algobase.h
FNL:0,233,241
FNA:0,1,_ZSt3minImERKT_S2_S2_
FNF:1
FNH:1
DA:233,1
DA:238,1
DA:239,0
DA:240,1
LF:4
LH:3
end_of_record
TN:
SF:/usr/include/c++/14/bits/stl_construct.h
FNL:0,109,120
FNA:0,4,_ZSt10_ConstructINSt7__cxx1112basic_stringIcSt11char_traitsIcESaIcEEEJEEvPT_DpOT0_
FNL:1,146,153
FNA:1,4,_ZSt8_DestroyINSt7__cxx1112basic_stringIcSt11char_traitsIcESaIcEEEEvPT_
FNL:2,160,164
FNA:2,1,_ZNSt12_Destroy_auxILb0EE9__destroyIPNSt7__cxx1112basic_stringIcSt11char_traitsIcESaIcEEEEEvT_S9_
FNL:3,182,197
FNA:3,1,_ZSt8_DestroyIPNSt7__cxx1112basic_stringIcSt11char_traitsIcESaIcEEEEvT_S7_
FNL:4,80,89
FNA:4,4,_ZSt10destroy_atINSt7__cxx1112basic_stringIcSt11char_traitsIcESaIcEEEEvPT_
FNL:5,94,97
FNA:5,0,_ZSt12construct_atINSt7__cxx1112basic_stringIcSt11char_traitsIcESaIcEEEJEEDTgsnwcvPvLi0E_T_pispcl7declvalIT0_EEEEPS7_DpOS8_
FNA:5,0,_ZSt12construct_atIcJRKcEEDTgsnwcvPvLi0E_T_pispcl7declvalIT0_EEEEPS3_DpOS4_
FNF:6
FNH:5
DA:80,4
DA:88,4
DA:89,4
DA:94,0
DA:97,0
DA:109,4
DA:112,4
DA:115,0
DA:116,0
DA:119,4
DA:146,4
DA:149,4
DA:153,4
DA:160,1
DA:162,5
DA:163,4
DA:164,1
DA:182,1
DA:192,1
DA:193,0
DA:196,1
LF:21
LH:16
end_of_record
TN:
SF:/usr/include/c++/14/bits/stl_uninitialized.h
FNL:0,637,651
FNA:0,1,_ZNSt27__uninitialized_default_n_1ILb0EE18__uninit_default_nIPNSt7__cxx1112basic_stringIcSt11char_traitsIcESaIcEEEmEET_S9_T0_
FNL:1,696,713
FNA:1,1,_ZSt25__uninitialized_default_nIPNSt7__cxx1112basic_stringIcSt11char_traitsIcESaIcEEEmET_S7_T0_
FNL:2,777,779
FNA:2,1,_ZSt27__uninitialized_default_n_aIPNSt7__cxx1112basic_stringIcSt11char_traitsIcESaIcEEEmS5_ET_S7_T0_RSaIT1_E
FNF:3
FNH:3
DA:637,1
DA:639,1
DA:642,5
DA:643,4
DA:644,1
DA:696,1
DA:699,1
DA:701,0
DA:707,1
DA:712,1
DA:777,1
DA:779,1
LF:12
LH:11
end_of_record
TN:
SF:/usr/include/c++/14/bits/stl_vector.h
FNL:0,1128,1132
FNA:0,6,_ZNSt6vectorINSt7__cxx1112basic_stringIcSt11char_traitsIcESaIcEEESaIS5_EEixEm
FNL:1,145,147
FNA:1,1,_ZNSt12_Vector_baseINSt7__cxx1112basic_stringIcSt11char_traitsIcESaIcEEESaIS5_EE12_Vector_implC2ERKS6_
FNL:2,1717,1722
FNA:2,1,_ZNSt6vectorINSt7__cxx1112basic_stringIcSt11char_traitsIcESaIcEEESaIS5_EE21_M_default_initializeEm
FNL:3,1917,1923
FNA:3,1,_ZNSt6vectorINSt7__cxx1112basic_stringIcSt11char_traitsIcESaIcEEESaIS5_EE17_S_check_init_lenEmRKS6_
FNL:4,1926,1935
FNA:4,1,_ZNSt6vectorINSt7__cxx1112basic_stringIcSt11char_traitsIcESaIcEEESaIS5_EE11_S_max_sizeERKS6_
FNL:5,300,301
FNA:5,2,_ZNSt12_Vector_baseINSt7__cxx1112basic_stringIcSt11char_traitsIcESaIcEEESaIS5_EE19_M_get_Tp_allocatorEv
FNL:6,332,334
FNA:6,1,_ZNSt12_Vector_baseINSt7__cxx1112basic_stringIcSt11char_traitsIcESaIcEEESaIS5_EEC2EmRKS6_
FNL:7,366,370
FNA:7,1,_ZNSt12_Vector_baseINSt7__cxx1112basic_stringIcSt11char_traitsIcESaIcEEESaIS5_EED2Ev
FNL:8,377,381
FNA:8,1,_ZNSt12_Vector_baseINSt7__cxx1112basic_stringIcSt11char_traitsIcESaIcEEESaIS5_EE11_M_allocateEm
FNL:9,385,390
FNA:9,1,_ZNSt12_Vector_baseINSt7__cxx1112basic_stringIcSt11char_traitsIcESaIcEEESaIS5_EE13_M_deallocateEPS5_m
FNL:10,396,401
FNA:10,1,_ZNSt12_Vector_baseINSt7__cxx1112basic_stringIcSt11char_traitsIcESaIcEEESaIS5_EE17_M_create_storageEm
FNL:11,556,558
FNA:11,1,_ZNSt6vectorINSt7__cxx1112basic_stringIcSt11char_traitsIcESaIcEEESaIS5_EEC2EmRKS6_
FNL:12,733,738
FNA:12,1,_ZNSt6vectorINSt7__cxx1112basic_stringIcSt11char_traitsIcESaIcEEESaIS5_EED2Ev
FNL:13,98,100
FNA:13,1,_ZNSt12_Vector_baseINSt7__cxx1112basic_stringIcSt11char_traitsIcESaIcEEESaIS5_EE17_Vector_impl_dataC2Ev
FNF:14
FNH:14
DA:98,1
DA:99,1
DA:100,1
DA:145,1
DA:146,1
DA:147,1
DA:300,2
DA:301,2
DA:332,1
DA:333,1
DA:334,1
DA:366,1
DA:368,1
DA:369,1
DA:370,1
DA:377,1
DA:380,2
DA:385,1
DA:388,1
DA:389,1
DA:390,1
DA:396,1
DA:398,1
DA:399,1
DA:400,1
DA:401,1
DA:556,1
DA:557,1
DA:558,1
DA:733,1
DA:735,1
DA:736,1
DA:738,1
DA:1128,6
DA:1131,6
DA:1717,1
DA:1719,1
DA:1720,1
DA:1721,1
DA:1722,1
DA:1917,1
DA:1919,1
DA:1920,0
DA:1922,1
DA:1926,1
DA:1931,1
DA:1933,1
DA:1934,1
LF:48
LH:47
end_of_record
TN:
SF:/usr/include/c++/14/ext/alloc_traits.h
FNF:0
FNH:0
DA:106,4
DA:118,0
LF:2
LH:1
end_of_record
TN:
SF:/usr/include/c++/14/new
FNL:0,179,180
FNA:0,4,_ZnwmPv
FNF:1
FNH:1
DA:179,4
DA:180,4
LF:2
LH:2
end_of_record
TN:
SF:/usr/include/c++/14/type_traits
FNL:0,3832,3839
FNA:0,9,_ZSt21is_constant_evaluatedv
FNF:1
FNH:1
DA:3832,9
DA:3835,9
LF:2
LH:2
end_of_record
TN:
SF:/usr/include/c++/14/x86_64-redhat-linux/bits/c++config.h
FNF:0
FNH:0
DA:2394,57
DA:2456,0
LF:2
LH:1
end_of_record
