TN:
SF:/home/monika/Documents/problems/14620번： 꽃길/main.cpp
FNL:0,8,78
FNA:0,1,main
FNF:1
FNH:1
DA:8,1
DA:10,1
DA:11,1
DA:13,1
DA:14,1
DA:16,2
DA:18,7
DA:20,42
DA:22,36
DA:26,1
DA:27,5
DA:29,20
DA:31,16
DA:35,1
DA:36,1
DA:38,17
DA:40,136
DA:42,680
DA:44,560
DA:45,560
DA:46,560
DA:48,1411
DA:50,1351
DA:51,1351
DA:53,6280
DA:55,5429
DA:56,5429
DA:62,4929
DA:63,4929
DA:66,1351
DA:69,560
DA:70,60
DA:75,1
DA:77,1
DA:78,1
LF:35
LH:35
end_of_record
TN:
SF:/usr/include/c++/14/bits/alloc_traits.h
FNF:0
FNH:0
DA:514,13
DA:515,13
DA:549,13
DA:550,13
DA:566,31
DA:577,31
DA:593,15
DA:599,15
DA:626,6
DA:627,6
DA:990,9
DA:993,1
LF:12
LH:12
end_of_record
TN:
SF:/usr/include/c++/14/bits/allocator.h
FNF:0
FNH:0
DA:161,1
DA:165,6
DA:182,7
DA:187,13
DA:196,13
DA:201,13
DA:208,13
LF:7
LH:7
end_of_record
TN:
SF:/usr/include/c++/14/bits/basic_ios.h
FNF:0
FNH:0
DA:311,1
DA:313,1
DA:314,1
LF:3
LH:3
end_of_record
TN:
SF:/usr/include/c++/14/bits/new_allocator.h
FNL:0,126,152
FNA:0,5,_ZNSt15__new_allocatorISt4pairIiiEE8allocateEmPKv
FNA:0,1,_ZNSt15__new_allocatorISt6vectorIiSaIiEEE8allocateEmPKv
FNA:0,7,_ZNSt15__new_allocatorIiE8allocateEmPKv
FNF:1
FNH:1
DA:126,13
DA:134,13
DA:138,0
DA:139,0
DA:140,0
DA:151,13
DA:156,13
DA:172,13
LF:8
LH:5
end_of_record
TN:
SF:/usr/include/c++/14/bits/stl_algobase.h
FNL:0,448,457
FNA:0,6,_ZNSt11__copy_moveILb0ELb1ESt26random_access_iterator_tagE8__copy_mIKiiEEPT0_PT_S7_S5_
FNF:1
FNH:1
DA:233,60
DA:238,60
DA:257,5
DA:262,5
DA:412,0
DA:413,0
DA:448,6
DA:450,6
DA:451,6
DA:452,6
DA:453,0
DA:455,0
DA:456,6
DA:512,6
DA:521,6
DA:547,6
DA:548,6
DA:553,6
DA:555,12
DA:642,6
DA:651,6
DA:947,1
DA:950,1
DA:951,6
DA:952,5
DA:997,1
DA:998,1
DA:1140,1
DA:1146,1
DA:1151,1
DA:1175,1
DA:1180,1
LF:32
LH:28
end_of_record
TN:
SF:/usr/include/c++/14/bits/stl_construct.h
FNF:0
FNH:0
DA:80,21
DA:88,15
DA:94,31
DA:97,31
DA:109,7
DA:119,7
DA:146,6
DA:149,6
DA:160,1
DA:162,7
DA:163,6
DA:182,1
DA:196,1
LF:13
LH:13
end_of_record
TN:
SF:/usr/include/c++/14/bits/stl_iterator.h
FNF:0
FNH:0
DA:1067,5
DA:1068,6
DA:1148,16
DA:1149,16
DA:1325,5
DA:1328,5
LF:6
LH:6
end_of_record
TN:
SF:/usr/include/c++/14/bits/stl_pair.h
FNF:0
FNH:0
DA:442,16
DA:444,16
LF:2
LH:2
end_of_record
TN:
SF:/usr/include/c++/14/bits/stl_uninitialized.h
FNL:0,261,275
FNA:0,1,_ZSt18__do_uninit_fill_nIPSt6vectorIiSaIiEEmS2_ET_S4_T0_RKT1_
FNL:1,660,671
FNA:1,1,_ZNSt27__uninitialized_default_n_1ILb1EE18__uninit_default_nIPimEET_S3_T0_
FNF:2
FNH:2
DA:145,6
DA:147,6
DA:163,6
DA:174,6
DA:181,6
DA:185,6
DA:261,1
DA:263,1
DA:266,7
DA:267,6
DA:268,1
DA:270,0
DA:272,0
DA:273,0
DA:282,1
DA:284,1
DA:312,1
DA:319,1
DA:327,1
DA:366,6
DA:373,6
DA:465,1
DA:472,1
DA:660,1
DA:662,1
DA:664,1
DA:666,1
DA:667,1
DA:668,1
DA:670,1
DA:696,1
DA:707,1
DA:712,1
DA:777,1
DA:779,1
DA:1067,15
DA:1075,15
DA:1076,15
DA:1089,5
DA:1101,5
DA:1102,20
DA:1103,15
DA:1139,5
DA:1145,10
LF:44
LH:41
end_of_record
TN:
SF:/usr/include/c++/14/bits/stl_vector.h
FNL:0,1906,1913
FNA:0,5,_ZNKSt6vectorISt4pairIiiESaIS1_EE12_M_check_lenEmPKc
FNL:1,366,370
FNA:1,1,_ZNSt12_Vector_baseISt4pairIiiESaIS1_EED2Ev
FNA:1,1,_ZNSt12_Vector_baseISt6vectorIiSaIiEESaIS2_EED2Ev
FNA:1,7,_ZNSt12_Vector_baseIiSaIiEED2Ev
FNL:2,396,401
FNA:2,1,_ZNSt12_Vector_baseISt6vectorIiSaIiEESaIS2_EE17_M_create_storageEm
FNA:2,7,_ZNSt12_Vector_baseIiSaIiEE17_M_create_storageEm
FNL:3,556,558
FNA:3,1,_ZNSt6vectorIiSaIiEEC2EmRKS0_
FNL:4,569,572
FNA:4,1,_ZNSt6vectorIS_IiSaIiEESaIS1_EEC2EmRKS1_RKS2_
FNL:5,601,609
FNA:5,6,_ZNSt6vectorIiSaIiEEC2ERKS1_
FNL:6,733,738
FNA:6,1,_ZNSt6vectorIS_IiSaIiEESaIS1_EED2Ev
FNF:7
FNH:7
DA:98,8
DA:99,8
DA:132,9
DA:145,8
DA:146,8
DA:300,15
DA:301,5
DA:305,6
DA:306,6
DA:332,8
DA:333,8
DA:334,8
DA:366,9
DA:368,18
DA:369,9
DA:370,9
DA:377,13
DA:380,13
DA:385,9
DA:388,9
DA:389,9
DA:396,8
DA:398,8
DA:399,8
DA:400,8
DA:401,8
DA:504,5
DA:509,5
DA:556,1
DA:557,1
DA:558,1
DA:569,1
DA:571,1
DA:572,0
DA:601,6
DA:603,6
DA:605,6
DA:606,12
DA:608,6
DA:609,6
DA:733,9
DA:735,10
DA:736,9
DA:738,9
DA:873,5
DA:874,5
DA:883,6
DA:884,6
DA:893,21
DA:894,5
DA:903,6
DA:904,6
DA:992,12
DA:993,7
DA:1128,6316
DA:1131,6316
DA:1235,16
DA:1238,16
DA:1300,16
DA:1301,16
DA:1706,1
DA:1708,1
DA:1709,1
DA:1710,1
DA:1717,1
DA:1719,1
DA:1720,2
DA:1721,1
DA:1906,5
DA:1908,5
DA:1909,0
DA:1911,5
DA:1912,5
DA:1917,2
DA:1919,2
DA:1920,0
LF:76
LH:73
end_of_record
TN:
SF:/usr/include/c++/14/bits/vector.tcc
FNL:0,111,127
FNA:0,16,_ZNSt6vectorISt4pairIiiESaIS1_EE12emplace_backIJS1_EEERS1_DpOT_
FNL:1,581,695
FNA:1,5,_ZNSt6vectorISt4pairIiiESaIS1_EE17_M_realloc_appendIJS1_EEEvDpOT_
FNL:2,612,617
FNA:2,5,_ZZNSt6vectorISt4pairIiiESaIS1_EE17_M_realloc_appendIJS1_EEEvDpOT_EN6_GuardD2Ev
FNF:3
FNH:3
DA:111,16
DA:114,16
DA:117,11
DA:119,11
DA:123,5
DA:125,16
DA:581,5
DA:590,5
DA:591,5
DA:592,0
DA:593,5
DA:594,5
DA:595,5
DA:596,5
DA:597,5
DA:607,5
DA:608,5
DA:612,5
DA:614,5
DA:616,4
DA:617,5
DA:624,5
DA:634,5
DA:635,5
DA:647,5
DA:648,5
DA:649,5
DA:686,5
DA:687,5
DA:688,5
DA:692,5
DA:693,5
DA:694,5
DA:695,5
LF:34
LH:33
end_of_record
TN:
SF:/usr/include/c++/14/ext/alloc_traits.h
FNF:0
FNH:0
DA:97,6
DA:98,6
LF:2
LH:2
end_of_record
TN:
SF:/usr/include/c++/14/initializer_list
FNF:0
FNH:0
DA:77,560
LF:1
LH:1
end_of_record
