TN:
SF:/home/monika/Documents/problems/18788번： Swapity Swap/main.cpp
FNL:0,7,43
FNA:0,1,main
FNF:1
FNH:1
DA:7,1
DA:9,1
DA:10,1
DA:16,1
DA:18,1
DA:19,8
DA:21,7
DA:24,1
DA:25,1
DA:29,4
DA:30,4
DA:31,4
DA:32,1
DA:33,3
DA:36,1
DA:38,1
DA:39,1
DA:40,8
DA:41,7
DA:42,1
DA:43,1
LF:21
LH:21
end_of_record
TN:
SF:/usr/include/c++/14/bits/alloc_traits.h
FNF:0
FNH:0
DA:515,9
DA:550,9
DA:577,7
DA:581,7
DA:599,3
DA:601,3
DA:627,5
DA:993,10
DA:994,10
LF:9
LH:9
end_of_record
TN:
SF:/usr/include/c++/14/bits/allocator.h
FNF:0
FNH:0
DA:161,1
DA:166,15
DA:182,7
DA:189,9
DA:191,0
DA:192,0
DA:193,0
DA:196,9
DA:203,9
DA:205,0
DA:206,0
DA:208,9
LF:12
LH:7
end_of_record
TN:
SF:/usr/include/c++/14/bits/cpp_type_traits.h
FNL:0,608,609
FNA:0,10,_ZSt12__miter_baseIN9__gnu_cxx17__normal_iteratorIPKiSt6vectorIiSaIiEEEEET_S8_
FNF:1
FNH:1
DA:608,10
DA:609,10
LF:2
LH:2
end_of_record
TN:
SF:/usr/include/c++/14/bits/move.h
FNL:0,137,138
FNA:0,6,_ZSt4moveIRNSt12_Vector_baseIiSaIiEE12_Vector_implEEONSt16remove_referenceIT_E4typeEOS6_
FNA:0,3,_ZSt4moveIRSt6vectorIiSaIiEEEONSt16remove_referenceIT_E4typeEOS5_
FNA:0,48,_ZSt4moveIRiEONSt16remove_referenceIT_E4typeEOS2_
FNL:1,226,237
FNA:1,16,_ZSt4swapIiENSt9enable_ifIXsrSt6__and_IJSt6__not_ISt15__is_tuple_likeIT_EESt21is_move_constructibleIS4_ESt18is_move_assignableIS4_EEE5valueEvE4typeERS4_SE_
FNL:2,51,52
FNA:2,13,_ZSt11__addressofISt6vectorIiSaIiEEEPT_RS3_
FNA:2,1,_ZSt11__addressofIiEPT_RS0_
FNL:3,71,72
FNA:3,11,_ZSt7forwardIRKSt6vectorIiSaIiEEEOT_RNSt16remove_referenceIS5_E4typeE
FNA:3,0,_ZSt7forwardIRKiEOT_RNSt16remove_referenceIS2_E4typeE
FNA:3,6,_ZSt7forwardISt6vectorIiSaIiEEEOT_RNSt16remove_referenceIS3_E4typeE
FNF:4
FNH:4
DA:51,14
DA:52,14
DA:71,17
DA:72,17
DA:137,57
DA:138,57
DA:226,16
DA:234,16
DA:235,16
DA:236,16
DA:237,16
LF:11
LH:11
end_of_record
TN:
SF:/usr/include/c++/14/bits/new_allocator.h
FNL:0,126,152
FNA:0,3,_ZNSt15__new_allocatorISt6vectorIiSaIiEEE8allocateEmPKv
FNA:0,6,_ZNSt15__new_allocatorIiE8allocateEmPKv
FNL:1,156,173
FNA:1,3,_ZNSt15__new_allocatorISt6vectorIiSaIiEEE10deallocateEPS2_m
FNA:1,6,_ZNSt15__new_allocatorIiE10deallocateEPim
FNF:2
FNH:2
DA:88,1
DA:92,15
DA:126,9
DA:134,9
DA:138,0
DA:139,0
DA:140,0
DA:151,9
DA:156,9
DA:172,9
DA:233,9
LF:11
LH:8
end_of_record
TN:
SF:/usr/include/c++/14/bits/ptr_traits.h
FNL:0,205,209
FNA:0,3,_ZSt12__to_addressISt6vectorIiSaIiEEEPT_S4_
FNF:1
FNH:1
DA:205,3
DA:208,3
LF:2
LH:2
end_of_record
TN:
SF:/usr/include/c++/14/bits/stl_algo.h
FNL:0,1054,1066
FNA:0,8,_ZSt9__reverseIN9__gnu_cxx17__normal_iteratorIPiSt6vectorIiSaIiEEEEEvT_S7_St26random_access_iterator_tag
FNL:1,1083,1090
FNA:1,8,_ZSt7reverseIN9__gnu_cxx17__normal_iteratorIPiSt6vectorIiSaIiEEEEEvT_S7_
FNF:2
FNH:2
DA:1054,8
DA:1057,8
DA:1058,0
DA:1059,8
DA:1060,24
DA:1062,16
DA:1063,16
DA:1064,16
DA:1083,8
DA:1089,8
DA:1090,8
LF:11
LH:10
end_of_record
TN:
SF:/usr/include/c++/14/bits/stl_algobase.h
FNL:0,1040,1040
FNA:0,1,_ZSt17__size_to_integerm
FNL:1,1140,1153
FNA:1,1,_ZSt10__fill_n_aIPimiET_S1_T0_RKT1_St26random_access_iterator_tag
FNL:2,1175,1182
FNA:2,1,_ZSt6fill_nIPimiET_S1_T0_RKT1_
FNL:3,1205,1210
FNA:3,4,_ZNSt7__equalILb1EE5equalIiEEbPKT_S4_S4_
FNL:4,1236,1243
FNA:4,4,_ZSt12__equal_aux1IPKiS1_EbT_S2_T0_
FNL:5,1248,1253
FNA:5,4,_ZSt11__equal_auxIN9__gnu_cxx17__normal_iteratorIPKiSt6vectorIiSaIiEEEES7_EbT_S8_T0_
FNL:6,155,187
FNA:6,16,_ZSt9iter_swapIN9__gnu_cxx17__normal_iteratorIPiSt6vectorIiSaIiEEEES6_EvT_T0_
FNL:7,1576,1587
FNA:7,4,_ZSt5equalIN9__gnu_cxx17__normal_iteratorIPKiSt6vectorIiSaIiEEEES7_EbT_S8_T0_
FNL:8,233,241
FNA:8,7,_ZSt3minImERKT_S2_S2_
FNL:9,257,265
FNA:9,3,_ZSt3maxImERKT_S2_S2_
FNL:10,316,318
FNA:10,9,_ZSt12__niter_baseIPSt6vectorIiSaIiEEET_S4_
FNA:10,5,_ZSt12__niter_baseIPiET_S1_
FNL:11,353,354
FNA:11,5,_ZSt12__niter_wrapIPiET_RKS1_S1_
FNL:12,398,408
FNA:12,0,_ZNSt11__copy_moveILb0ELb0ESt26random_access_iterator_tagE8__copy_mIPKiPiEET0_T_S7_S6_
FNL:13,412,413
FNA:13,0,_ZNSt11__copy_moveILb0ELb0ESt26random_access_iterator_tagE12__assign_oneIiKiEEvPT_PT0_
FNL:14,448,457
FNA:14,5,_ZNSt11__copy_moveILb0ELb1ESt26random_access_iterator_tagE8__copy_mIKiiEEPT0_PT_S7_S5_
FNL:15,512,522
FNA:15,5,_ZSt14__copy_move_a2ILb0EPKiPiET1_T0_S4_S3_
FNL:16,547,548
FNA:16,5,_ZSt14__copy_move_a1ILb0EPKiPiET1_T0_S4_S3_
FNL:17,553,559
FNA:17,5,_ZSt13__copy_move_aILb0EN9__gnu_cxx17__normal_iteratorIPKiSt6vectorIiSaIiEEEEPiET1_T0_SA_S9_
FNL:18,642,652
FNA:18,5,_ZSt4copyIN9__gnu_cxx17__normal_iteratorIPKiSt6vectorIiSaIiEEEEPiET0_T_SA_S9_
FNL:19,93,109
FNA:19,4,_ZSt8__memcmpIiiEiPKT_PKT0_m
FNL:20,947,953
FNA:20,1,_ZSt9__fill_a1IPiiEN9__gnu_cxx11__enable_ifIXsrSt11__is_scalarIT0_E7__valueEvE6__typeET_S8_RKS4_
FNL:21,997,998
FNA:21,1,_ZSt8__fill_aIPiiEvT_S1_RKT0_
FNF:22
FNH:20
DA:93,4
DA:99,4
DA:101,0
DA:102,0
DA:103,0
DA:104,0
DA:108,4
DA:155,16
DA:185,16
DA:187,16
DA:233,7
DA:238,7
DA:239,0
DA:240,7
DA:257,3
DA:262,3
DA:263,1
DA:264,2
DA:316,14
DA:318,14
DA:353,5
DA:354,5
DA:398,0
DA:401,0
DA:403,0
DA:404,0
DA:405,0
DA:407,0
DA:412,0
DA:413,0
DA:448,5
DA:450,5
DA:451,5
DA:452,5
DA:453,0
DA:455,0
DA:456,5
DA:512,5
DA:516,5
DA:518,0
DA:521,5
DA:547,5
DA:548,5
DA:553,5
DA:555,5
DA:558,5
DA:642,5
DA:651,5
DA:947,1
DA:950,1
DA:951,7
DA:952,6
DA:953,1
DA:997,1
DA:998,1
DA:1040,1
DA:1140,1
DA:1146,1
DA:1147,0
DA:1151,1
DA:1152,1
DA:1175,1
DA:1180,1
DA:1181,2
DA:1205,4
DA:1207,4
DA:1208,4
DA:1209,0
DA:1236,4
DA:1239,4
DA:1242,4
DA:1248,4
DA:1250,4
DA:1252,4
DA:1576,4
DA:1586,4
LF:76
LH:58
end_of_record
TN:
SF:/usr/include/c++/14/bits/stl_construct.h
FNL:0,109,120
FNA:0,1,_ZSt10_ConstructIiJEEvPT_DpOT0_
FNA:0,0,_ZSt10_ConstructIiJRKiEEvPT_DpOT0_
FNL:1,146,153
FNA:1,4,_ZSt8_DestroyISt6vectorIiSaIiEEEvPT_
FNA:1,0,_ZSt8_DestroyIiEvPT_
FNL:2,160,164
FNA:2,1,_ZNSt12_Destroy_auxILb0EE9__destroyIPSt6vectorIiSaIiEEEEvT_S6_
FNA:2,0,_ZNSt12_Destroy_auxILb0EE9__destroyIPiEEvT_S3_
FNL:3,172,172
FNA:3,9,_ZNSt12_Destroy_auxILb1EE9__destroyIPiEEvT_S3_
FNL:4,182,197
FNA:4,1,_ZSt8_DestroyIPSt6vectorIiSaIiEEEvT_S4_
FNA:4,9,_ZSt8_DestroyIPiEvT_S1_
FNL:5,80,89
FNA:5,7,_ZSt10destroy_atISt6vectorIiSaIiEEEvPT_
FNA:5,0,_ZSt10destroy_atIiEvPT_
FNL:6,94,97
FNA:6,4,_ZSt12construct_atISt6vectorIiSaIiEEJRKS2_EEDTgsnwcvPvLi0E_T_pispcl7declvalIT0_EEEEPS6_DpOS7_
FNA:6,3,_ZSt12construct_atISt6vectorIiSaIiEEJS2_EEDTgsnwcvPvLi0E_T_pispcl7declvalIT0_EEEEPS4_DpOS5_
FNA:6,0,_ZSt12construct_atIiJEEDTgsnwcvPvLi0E_T_pispcl7declvalIT0_EEEEPS1_DpOS2_
FNA:6,0,_ZSt12construct_atIiJRKiEEDTgsnwcvPvLi0E_T_pispcl7declvalIT0_EEEEPS3_DpOS4_
FNF:7
FNH:7
DA:80,7
DA:88,7
DA:89,7
DA:94,7
DA:97,7
DA:109,1
DA:112,1
DA:115,0
DA:116,0
DA:119,1
DA:146,4
DA:149,4
DA:153,4
DA:160,1
DA:162,5
DA:163,4
DA:164,1
DA:172,9
DA:182,10
DA:192,10
DA:193,0
DA:196,10
LF:22
LH:19
end_of_record
TN:
SF:/usr/include/c++/14/bits/stl_iterator.h
FNL:0,1067,1068
FNA:0,22,_ZN9__gnu_cxx17__normal_iteratorIPKiSt6vectorIiSaIiEEEC2ERKS2_
FNA:0,6,_ZN9__gnu_cxx17__normal_iteratorIPSt6vectorIiSaIiEES1_IS3_SaIS3_EEEC2ERKS4_
FNA:0,42,_ZN9__gnu_cxx17__normal_iteratorIPiSt6vectorIiSaIiEEEC2ERKS1_
FNL:1,1090,1091
FNA:1,0,_ZNK9__gnu_cxx17__normal_iteratorIPKiSt6vectorIiSaIiEEEdeEv
FNA:1,39,_ZNK9__gnu_cxx17__normal_iteratorIPiSt6vectorIiSaIiEEEdeEv
FNL:2,1100,1104
FNA:2,0,_ZN9__gnu_cxx17__normal_iteratorIPKiSt6vectorIiSaIiEEEppEv
FNA:2,23,_ZN9__gnu_cxx17__normal_iteratorIPiSt6vectorIiSaIiEEEppEv
FNL:3,1114,1118
FNA:3,24,_ZN9__gnu_cxx17__normal_iteratorIPiSt6vectorIiSaIiEEEmmEv
FNL:4,1138,1139
FNA:4,16,_ZNK9__gnu_cxx17__normal_iteratorIPiSt6vectorIiSaIiEEEplEl
FNL:5,1148,1149
FNA:5,8,_ZNK9__gnu_cxx17__normal_iteratorIPiSt6vectorIiSaIiEEEmiEl
FNL:6,1153,1154
FNA:6,22,_ZNK9__gnu_cxx17__normal_iteratorIPKiSt6vectorIiSaIiEEE4baseEv
FNA:6,6,_ZNK9__gnu_cxx17__normal_iteratorIPSt6vectorIiSaIiEES1_IS3_SaIS3_EEE4baseEv
FNA:6,80,_ZNK9__gnu_cxx17__normal_iteratorIPiSt6vectorIiSaIiEEE4baseEv
FNL:7,1188,1194
FNA:7,0,_ZN9__gnu_cxxeqIPKiSt6vectorIiSaIiEEEEbRKNS_17__normal_iteratorIT_T0_EESB_QrqXeqcldtfL0p_4baseEcldtfL0p0_4baseERSt14convertible_toIbEE
FNA:7,16,_ZN9__gnu_cxxeqIPiSt6vectorIiSaIiEEEEbRKNS_17__normal_iteratorIT_T0_EESA_QrqXeqcldtfL0p_4baseEcldtfL0p0_4baseERSt14convertible_toIbEE
FNL:8,1199,1202
FNA:8,24,_ZN9__gnu_cxxssIPiSt6vectorIiSaIiEEEEDTclL_ZNSt8__detail11__synth3wayEEcl7declvalIRT_EEcl7declvalIS7_EEEERKNS_17__normal_iteratorIS6_T0_EESD_
FNL:9,1325,1328
FNA:9,3,_ZN9__gnu_cxxmiIPSt6vectorIiSaIiEES1_IS3_SaIS3_EEEENS_17__normal_iteratorIT_T0_E15difference_typeERKSA_SD_
FNL:10,1348,1350
FNA:10,22,_ZSt12__niter_baseIPKiSt6vectorIiSaIiEEET_N9__gnu_cxx17__normal_iteratorIS5_T0_EE
FNF:11
FNH:11
DA:1067,70
DA:1068,70
DA:1090,39
DA:1091,39
DA:1100,23
DA:1102,23
DA:1103,23
DA:1114,24
DA:1116,24
DA:1117,24
DA:1138,16
DA:1139,16
DA:1148,8
DA:1149,8
DA:1153,108
DA:1154,108
DA:1188,16
DA:1194,16
DA:1199,24
DA:1202,24
DA:1325,3
DA:1328,3
DA:1348,22
DA:1350,22
LF:24
LH:24
end_of_record
TN:
SF:/usr/include/c++/14/bits/stl_iterator_base_types.h
FNF:0
FNH:0
DA:240,9
LF:1
LH:1
end_of_record
TN:
SF:/usr/include/c++/14/bits/stl_uninitialized.h
FNL:0,1067,1077
FNA:0,3,_ZSt19__relocate_object_aISt6vectorIiSaIiEES2_SaIS2_EEvPT_PT0_RT1_
FNL:1,1089,1106
FNA:1,3,_ZSt14__relocate_a_1IPSt6vectorIiSaIiEES3_SaIS2_EET0_T_S6_S5_RT1_
FNL:2,113,128
FNA:2,0,_ZSt16__do_uninit_copyIN9__gnu_cxx17__normal_iteratorIPKiSt6vectorIiSaIiEEEEPiET0_T_SA_S9_
FNL:3,1139,1148
FNA:3,3,_ZSt12__relocate_aIPSt6vectorIiSaIiEES3_SaIS2_EET0_T_S6_S5_RT1_
FNL:4,145,147
FNA:4,5,_ZNSt20__uninitialized_copyILb1EE13__uninit_copyIN9__gnu_cxx17__normal_iteratorIPKiSt6vectorIiSaIiEEEEPiEET0_T_SC_SB_
FNL:5,163,186
FNA:5,5,_ZSt18uninitialized_copyIN9__gnu_cxx17__normal_iteratorIPKiSt6vectorIiSaIiEEEEPiET0_T_SA_S9_
FNL:6,366,374
FNA:6,5,_ZSt22__uninitialized_copy_aIN9__gnu_cxx17__normal_iteratorIPKiSt6vectorIiSaIiEEEEPiiET0_T_SA_S9_RSaIT1_E
FNL:7,637,651
FNA:7,0,_ZNSt27__uninitialized_default_n_1ILb0EE18__uninit_default_nIPimEET_S3_T0_
FNL:8,660,671
FNA:8,1,_ZNSt27__uninitialized_default_n_1ILb1EE18__uninit_default_nIPimEET_S3_T0_
FNL:9,696,713
FNA:9,1,_ZSt25__uninitialized_default_nIPimET_S1_T0_
FNL:10,777,779
FNA:10,1,_ZSt27__uninitialized_default_n_aIPimiET_S1_T0_RSaIT1_E
FNF:11
FNH:9
DA:113,0
DA:116,0
DA:119,0
DA:120,0
DA:121,0
DA:145,5
DA:147,5
DA:163,5
DA:174,5
DA:181,5
DA:185,5
DA:366,5
DA:370,5
DA:371,0
DA:373,5
DA:637,0
DA:639,0
DA:642,0
DA:643,0
DA:644,0
DA:660,1
DA:662,1
DA:665,1
DA:666,1
DA:667,1
DA:668,1
DA:670,1
DA:696,1
DA:699,1
DA:701,0
DA:707,1
DA:712,1
DA:777,1
DA:779,1
DA:1067,3
DA:1075,3
DA:1076,3
DA:1077,3
DA:1089,3
DA:1101,3
DA:1102,6
DA:1103,3
DA:1105,3
DA:1139,3
DA:1145,3
DA:1147,3
LF:46
LH:34
end_of_record
TN:
SF:/usr/include/c++/14/bits/stl_vector.h
FNL:0,104,107
FNA:0,3,_ZNSt12_Vector_baseIiSaIiEE17_Vector_impl_dataC2EOS2_
FNL:1,1128,1132
FNA:1,5,_ZNSt6vectorIS_IiSaIiEESaIS1_EEixEm
FNA:1,7,_ZNSt6vectorIiSaIiEEixEm
FNL:2,1283,1295
FNA:2,4,_ZNSt6vectorIS_IiSaIiEESaIS1_EE9push_backERKS1_
FNL:3,145,147
FNA:3,6,_ZNSt12_Vector_baseIiSaIiEE12_Vector_implC2ERKS0_
FNL:4,153,155
FNA:4,3,_ZNSt12_Vector_baseIiSaIiEE12_Vector_implC2EOS2_
FNL:5,1717,1722
FNA:5,1,_ZNSt6vectorIiSaIiEE21_M_default_initializeEm
FNL:6,1906,1913
FNA:6,3,_ZNKSt6vectorIS_IiSaIiEESaIS1_EE12_M_check_lenEmPKc
FNL:7,1917,1923
FNA:7,1,_ZNSt6vectorIiSaIiEE17_S_check_init_lenEmRKS0_
FNL:8,1926,1935
FNA:8,6,_ZNSt6vectorIS_IiSaIiEESaIS1_EE11_S_max_sizeERKS2_
FNA:8,1,_ZNSt6vectorIiSaIiEE11_S_max_sizeERKS0_
FNL:9,2050,2052
FNA:9,4,_ZSteqIiSaIiEEbRKSt6vectorIT_T0_ES6_
FNL:10,300,301
FNA:10,4,_ZNSt12_Vector_baseISt6vectorIiSaIiEESaIS2_EE19_M_get_Tp_allocatorEv
FNA:10,15,_ZNSt12_Vector_baseIiSaIiEE19_M_get_Tp_allocatorEv
FNL:11,305,306
FNA:11,6,_ZNKSt12_Vector_baseISt6vectorIiSaIiEESaIS2_EE19_M_get_Tp_allocatorEv
FNA:11,5,_ZNKSt12_Vector_baseIiSaIiEE19_M_get_Tp_allocatorEv
FNL:12,332,334
FNA:12,6,_ZNSt12_Vector_baseIiSaIiEEC2EmRKS0_
FNL:13,337,337
FNA:13,3,_ZNSt12_Vector_baseIiSaIiEEC2EOS1_
FNL:14,366,370
FNA:14,1,_ZNSt12_Vector_baseISt6vectorIiSaIiEESaIS2_EED2Ev
FNA:14,9,_ZNSt12_Vector_baseIiSaIiEED2Ev
FNL:15,377,381
FNA:15,3,_ZNSt12_Vector_baseISt6vectorIiSaIiEESaIS2_EE11_M_allocateEm
FNA:15,6,_ZNSt12_Vector_baseIiSaIiEE11_M_allocateEm
FNL:16,385,390
FNA:16,1,_ZNSt12_Vector_baseISt6vectorIiSaIiEESaIS2_EE13_M_deallocateEPS2_m
FNA:16,9,_ZNSt12_Vector_baseIiSaIiEE13_M_deallocateEPim
FNL:17,396,401
FNA:17,6,_ZNSt12_Vector_baseIiSaIiEE17_M_create_storageEm
FNL:18,504,514
FNA:18,3,_ZNSt6vectorIS_IiSaIiEESaIS1_EE11_S_relocateEPS1_S4_S4_RS2_
FNL:19,556,558
FNA:19,1,_ZNSt6vectorIiSaIiEEC2EmRKS0_
FNL:20,601,609
FNA:20,5,_ZNSt6vectorIiSaIiEEC2ERKS1_
FNL:21,620,620
FNA:21,3,_ZNSt6vectorIiSaIiEEC2EOS1_
FNL:22,733,738
FNA:22,1,_ZNSt6vectorIS_IiSaIiEESaIS1_EED2Ev
FNA:22,9,_ZNSt6vectorIiSaIiEED2Ev
FNL:23,873,874
FNA:23,3,_ZNSt6vectorIS_IiSaIiEESaIS1_EE5beginEv
FNA:23,17,_ZNSt6vectorIiSaIiEE5beginEv
FNL:24,883,884
FNA:24,13,_ZNKSt6vectorIiSaIiEE5beginEv
FNL:25,893,894
FNA:25,3,_ZNSt6vectorIS_IiSaIiEESaIS1_EE3endEv
FNA:25,1,_ZNSt6vectorIiSaIiEE3endEv
FNL:26,903,904
FNA:26,9,_ZNKSt6vectorIiSaIiEE3endEv
FNL:27,98,100
FNA:27,6,_ZNSt12_Vector_baseIiSaIiEE17_Vector_impl_dataC2Ev
FNL:28,992,993
FNA:28,13,_ZNKSt6vectorIS_IiSaIiEESaIS1_EE4sizeEv
FNA:28,13,_ZNKSt6vectorIiSaIiEE4sizeEv
FNL:29,998,999
FNA:29,6,_ZNKSt6vectorIS_IiSaIiEESaIS1_EE8max_sizeEv
FNF:30
FNH:30
DA:98,6
DA:99,6
DA:100,6
DA:104,3
DA:105,3
DA:106,3
DA:107,3
DA:145,6
DA:146,6
DA:147,6
DA:153,3
DA:154,6
DA:155,3
DA:300,19
DA:301,19
DA:305,11
DA:306,11
DA:332,6
DA:333,6
DA:334,6
DA:337,3
DA:366,10
DA:368,10
DA:369,10
DA:370,10
DA:377,9
DA:380,18
DA:385,10
DA:388,10
DA:389,7
DA:390,10
DA:396,6
DA:398,6
DA:399,6
DA:400,6
DA:401,6
DA:504,3
DA:509,3
DA:556,1
DA:557,1
DA:558,1
DA:601,5
DA:603,10
DA:605,5
DA:606,5
DA:608,5
DA:609,5
DA:620,3
DA:733,10
DA:735,10
DA:736,10
DA:738,10
DA:873,20
DA:874,20
DA:883,13
DA:884,13
DA:893,4
DA:894,4
DA:903,9
DA:904,9
DA:992,26
DA:993,26
DA:998,6
DA:999,6
DA:1128,12
DA:1131,12
DA:1283,4
DA:1285,4
DA:1288,1
DA:1290,1
DA:1294,3
DA:1295,4
DA:1717,1
DA:1719,1
DA:1720,1
DA:1721,1
DA:1722,1
DA:1906,3
DA:1908,3
DA:1909,0
DA:1911,3
DA:1912,3
DA:1917,1
DA:1919,1
DA:1920,0
DA:1922,1
DA:1926,7
DA:1931,7
DA:1933,7
DA:1934,7
DA:2050,4
DA:2051,4
DA:2052,4
LF:93
LH:91
end_of_record
TN:
SF:/usr/include/c++/14/bits/vector.tcc
FNL:0,581,695
FNA:0,3,_ZNSt6vectorIS_IiSaIiEESaIS1_EE17_M_realloc_appendIJRKS1_EEEvDpOT_
FNL:1,607,609
FNA:1,3,_ZZNSt6vectorIS_IiSaIiEESaIS1_EE17_M_realloc_appendIJRKS1_EEEvDpOT_EN6_GuardC2EPS1_mRS2_
FNL:2,612,617
FNA:2,3,_ZZNSt6vectorIS_IiSaIiEESaIS1_EE17_M_realloc_appendIJRKS1_EEEvDpOT_EN6_GuardD2Ev
FNF:3
FNH:3
DA:581,3
DA:590,3
DA:591,3
DA:592,0
DA:593,3
DA:594,3
DA:595,3
DA:596,3
DA:597,3
DA:607,3
DA:608,3
DA:609,3
DA:612,3
DA:614,3
DA:616,2
DA:617,3
DA:624,3
DA:634,6
DA:635,3
DA:647,3
DA:648,3
DA:649,3
DA:686,3
DA:687,3
DA:688,3
DA:692,3
DA:693,3
DA:694,3
DA:695,3
LF:29
LH:28
end_of_record
TN:
SF:/usr/include/c++/14/compare
FNL:0,1224,1243
FNA:0,24,_ZNKSt8__detail10_Synth3wayclIPiS2_EEDaRKT_RKT0_QrqXltfL0p_fL0p0_RNS_18__boolean_testableEXltfL0p0_fL0p_RNS_18__boolean_testableEE
FNL:1,291,292
FNA:1,24,_ZStltSt15strong_orderingNSt9__cmp_cat8__unspecE
FNF:2
FNH:2
DA:291,24
DA:292,24
DA:1224,24
DA:1233,24
LF:4
LH:4
end_of_record
TN:
SF:/usr/include/c++/14/ext/alloc_traits.h
FNF:0
FNH:0
DA:98,5
LF:1
LH:1
end_of_record
TN:
SF:/usr/include/c++/14/new
FNL:0,179,180
FNA:0,8,_ZnwmPv
FNL:1,185,185
FNA:1,0,_ZdlPvS_
FNF:2
FNH:1
DA:179,8
DA:180,8
DA:185,0
LF:3
LH:2
end_of_record
TN:
SF:/usr/include/c++/14/type_traits
FNL:0,3832,3839
FNA:0,15,_ZSt21is_constant_evaluatedv
FNF:1
FNH:1
DA:3832,15
DA:3835,15
LF:2
LH:2
end_of_record
TN:
SF:/usr/include/c++/14/x86_64-redhat-linux/bits/c++config.h
FNF:0
FNH:0
DA:2394,29
LF:1
LH:1
end_of_record
