TN:
SF:/home/monika/Documents/problems/15965번： K번째 소수/main.cpp
FNL:0,5,41
FNA:0,1,main
FNF:1
FNH:1
DA:5,1
DA:7,1
DA:8,1
DA:11,1
DA:13,1
DA:15,1
DA:17,1
DA:19,2828
DA:21,2827
DA:23,18162304
DA:25,18161894
DA:30,1
DA:31,4
DA:33,4
DA:35,1
DA:36,1
DA:40,1
DA:41,1
LF:18
LH:18
end_of_record
TN:
SF:/usr/include/c++/14/bits/alloc_traits.h
FNF:0
FNH:0
DA:515,1
DA:550,1
LF:2
LH:2
end_of_record
TN:
SF:/usr/include/c++/14/bits/allocator.h
FNF:0
FNH:0
DA:161,1
DA:166,1
DA:176,1
DA:182,2
DA:189,1
DA:191,0
DA:192,0
DA:193,0
DA:196,1
DA:203,1
DA:205,0
DA:206,0
DA:208,1
LF:13
LH:8
end_of_record
TN:
SF:/usr/include/c++/14/bits/move.h
FNL:0,51,52
FNA:0,3,_ZSt11__addressofImEPT_RS0_
FNF:1
FNH:1
DA:51,3
DA:52,3
LF:2
LH:2
end_of_record
TN:
SF:/usr/include/c++/14/bits/new_allocator.h
FNL:0,126,152
FNA:0,1,_ZNSt15__new_allocatorImE8allocateEmPKv
FNL:1,156,173
FNA:1,1,_ZNSt15__new_allocatorImE10deallocateEPmm
FNF:2
FNH:2
DA:88,2
DA:92,1
DA:126,1
DA:134,1
DA:138,0
DA:139,0
DA:140,0
DA:151,1
DA:156,1
DA:172,1
DA:233,1
LF:11
LH:8
end_of_record
TN:
SF:/usr/include/c++/14/bits/ptr_traits.h
FNL:0,205,209
FNA:0,0,_ZSt12__to_addressImEPT_S1_
FNL:1,241,242
FNA:1,0,_ZSt10to_addressImEPT_S1_
FNF:2
FNH:0
DA:205,0
DA:208,0
DA:241,0
DA:242,0
LF:4
LH:0
end_of_record
TN:
SF:/usr/include/c++/14/bits/stl_bvector.h
FNL:0,104,111
FNA:0,18161896,_ZNSt14_Bit_referenceaSEb
FNL:1,1086,1087
FNA:1,18164727,_ZNSt6vectorIbSaIbEEixEm
FNL:2,127,128
FNA:2,1,_ZNSt14_Bit_referenceaSERKS_
FNL:3,1349,1359
FNA:3,1,_ZNSt6vectorIbSaIbEE13_M_initializeEm
FNL:4,1363,1367
FNA:4,1,_ZNSt6vectorIbSaIbEE19_M_initialize_valueEb
FNL:5,1587,1598
FNA:5,1,_ZSt16__fill_bvector_nPmmb
FNL:6,195,196
FNA:6,18164732,_ZNSt18_Bit_iterator_baseC2EPmj
FNL:7,224,236
FNA:7,18164728,_ZNSt18_Bit_iterator_base7_M_incrEl
FNL:8,313,313
FNA:8,4,_ZNSt13_Bit_iteratorC2Ev
FNL:9,316,317
FNA:9,18164728,_ZNSt13_Bit_iteratorC2EPmj
FNL:10,326,330
FNA:10,18164727,_ZNKSt13_Bit_iteratordeEv
FNL:11,368,372
FNA:11,18164728,_ZNSt13_Bit_iteratorpLEl
FNL:12,384,385
FNA:12,18164727,_ZNKSt13_Bit_iteratorixEl
FNL:13,389,394
FNA:13,18164728,_ZStplRKSt13_Bit_iteratorl
FNL:14,551,553
FNA:14,2,_ZNSt13_Bvector_baseISaIbEE18_Bvector_impl_dataC2Ev
FNL:15,577,578
FNA:15,1,_ZNSt13_Bvector_baseISaIbEE18_Bvector_impl_data8_M_resetEv
FNL:16,603,605
FNA:16,1,_ZNSt13_Bvector_baseISaIbEE13_Bvector_implC2ERKSaImE
FNL:17,623,628
FNA:17,2,_ZNKSt13_Bvector_baseISaIbEE13_Bvector_impl11_M_end_addrEv
FNL:18,656,657
FNA:18,1,_ZNSt13_Bvector_baseISaIbEEC2ERKS0_
FNL:19,669,670
FNA:19,1,_ZNSt13_Bvector_baseISaIbEED2Ev
FNL:20,677,689
FNA:20,1,_ZNSt13_Bvector_baseISaIbEE11_M_allocateEm
FNL:21,693,703
FNA:21,1,_ZNSt13_Bvector_baseISaIbEE13_M_deallocateEv
FNL:22,714,715
FNA:22,2,_ZNSt13_Bvector_baseISaIbEE8_S_nwordEm
FNL:23,795,806
FNA:23,1,_ZNSt6vectorIbSaIbEEC2EmRKbRKS0_
FNL:24,88,89
FNA:24,18164727,_ZNSt14_Bit_referenceC2EPmm
FNL:25,890,890
FNA:25,1,_ZNSt6vectorIbSaIbEED2Ev
FNL:26,99,100
FNA:26,2832,_ZNKSt14_Bit_referencecvbEv
FNL:27,995,996
FNA:27,18164727,_ZNSt6vectorIbSaIbEE5beginEv
FNF:28
FNH:28
DA:88,18164727
DA:89,18164727
DA:99,2832
DA:100,2832
DA:104,18161896
DA:106,18161896
DA:107,0
DA:109,18161896
DA:110,18161896
DA:127,1
DA:128,1
DA:189,36329455
DA:190,0
DA:192,36329455
DA:195,18164732
DA:196,18164732
DA:224,18164728
DA:227,18164728
DA:228,18164728
DA:229,18164728
DA:230,18164728
DA:232,0
DA:233,0
DA:235,18164728
DA:236,18164728
DA:313,4
DA:316,18164728
DA:317,18164728
DA:326,18164727
DA:328,18164727
DA:329,18164727
DA:368,18164728
DA:370,18164728
DA:371,18164728
DA:384,18164727
DA:385,18164727
DA:389,18164728
DA:391,18164728
DA:392,18164728
DA:393,18164728
DA:551,2
DA:552,2
DA:553,2
DA:577,1
DA:578,1
DA:603,1
DA:604,1
DA:605,1
DA:623,2
DA:625,2
DA:626,2
DA:627,0
DA:656,1
DA:657,2
DA:669,1
DA:670,1
DA:677,1
DA:679,1
DA:681,1
DA:683,0
DA:684,0
DA:685,0
DA:688,1
DA:693,1
DA:695,1
DA:697,1
DA:698,1
DA:699,1
DA:701,1
DA:703,1
DA:714,2
DA:715,2
DA:795,1
DA:802,1
DA:804,1
DA:805,1
DA:806,1
DA:890,1
DA:995,18164727
DA:996,18164727
DA:1086,18164727
DA:1087,18164727
DA:1349,1
DA:1351,1
DA:1353,1
DA:1354,1
DA:1355,1
DA:1356,1
DA:1357,1
DA:1359,1
DA:1363,1
DA:1365,1
DA:1366,1
DA:1367,1
DA:1587,1
DA:1590,1
DA:1592,0
DA:1593,0
DA:1594,0
DA:1597,1
LF:100
LH:89
end_of_record
TN:
SF:/usr/include/c++/14/bits/stl_construct.h
FNL:0,94,97
FNA:0,0,_ZSt12construct_atImJEEDTgsnwcvPvLi0E_T_pispcl7declvalIT0_EEEEPS1_DpOS2_
FNF:1
FNH:0
DA:94,0
DA:97,0
LF:2
LH:0
end_of_record
TN:
SF:/usr/include/c++/14/new
FNL:0,179,180
FNA:0,0,_ZnwmPv
FNF:1
FNH:0
DA:179,0
DA:180,0
LF:2
LH:0
end_of_record
TN:
SF:/usr/include/c++/14/type_traits
FNL:0,3832,3839
FNA:0,2,_ZSt21is_constant_evaluatedv
FNF:1
FNH:1
DA:3832,2
DA:3835,2
LF:2
LH:2
end_of_record
TN:
SF:/usr/include/c++/14/x86_64-redhat-linux/bits/c++config.h
FNF:0
FNH:0
DA:2394,2
LF:1
LH:1
end_of_record
