Start testing: Mar 22 18:19 KST
----------------------------------------------------------
1/1 Testing: GameSimulationTest.SampleTest
1/1 Test: GameSimulationTest.SampleTest
Command: "/home/monika/Documents/problems/20006번： 랭킹전 대기열/build/GameSimulationTest" "--gtest_filter=GameSimulationTest.SampleTest" "--gtest_also_run_disabled_tests"
Directory: /home/monika/Documents/problems/20006번： 랭킹전 대기열/build
"GameSimulationTest.SampleTest" start time: Mar 22 18:19 KST
Output:
----------------------------------------------------------
Running main() from /home/monika/Documents/problems/20006번： 랭킹전 대기열/googletest-1.16.0/googletest/src/gtest_main.cc
Note: Google Test filter = GameSimulationTest.SampleTest
[==========] Running 1 test from 1 test suite.
[----------] Global test environment set-up.
[----------] 1 test from GameSimulationTest
[ RUN      ] GameSimulationTest.SampleTest
[       OK ] GameSimulationTest.SampleTest (0 ms)
[----------] 1 test from GameSimulationTest (0 ms total)

[----------] Global test environment tear-down
[==========] 1 test from 1 test suite ran. (0 ms total)
[  PASSED  ] 1 test.
<end of output>
Test time =   0.00 sec
----------------------------------------------------------
Test Passed.
"GameSimulationTest.SampleTest" end time: Mar 22 18:19 KST
"GameSimulationTest.SampleTest" time elapsed: 00:00:00
----------------------------------------------------------

End testing: Mar 22 18:19 KST
