TN:
SF:/home/monika/Documents/problems/15837번： Sum of Subrectangle Areas/main.cpp
FNL:0,28,51
FNA:0,15,_Z15multiplyStringsRKNSt7__cxx1112basic_stringIcSt11char_traitsIcESaIcEEES6_
FNL:1,53,68
FNA:1,5,_Z12divideStringRKNSt7__cxx1112basic_stringIcSt11char_traitsIcESaIcEEEi
FNL:2,70,95
FNA:2,1,main
FNL:3,8,26
FNA:3,0,_Z10addStringsRKNSt7__cxx1112basic_stringIcSt11char_traitsIcESaIcEEES6_
FNF:4
FNH:3
DA:8,0
DA:10,0
DA:11,0
DA:13,0
DA:15,0
DA:16,0
DA:17,0
DA:18,0
DA:19,0
DA:20,0
DA:21,0
DA:24,0
DA:25,0
DA:26,0
DA:28,15
DA:30,15
DA:31,0
DA:32,15
DA:34,51
DA:36,181
DA:38,145
DA:39,145
DA:40,145
DA:41,145
DA:45,15
DA:46,82
DA:47,67
DA:48,57
DA:50,15
DA:51,15
DA:53,5
DA:55,5
DA:56,5
DA:57,23
DA:59,18
DA:60,18
DA:61,18
DA:62,18
DA:63,18
DA:66,5
DA:67,10
DA:68,5
DA:70,1
DA:72,1
DA:73,1
DA:76,1
DA:78,6
DA:81,5
DA:83,5
DA:84,5
DA:85,5
DA:86,5
DA:87,5
DA:88,5
DA:89,5
DA:91,5
DA:92,5
DA:94,1
LF:58
LH:43
end_of_record
TN:
SF:/usr/include/c++/14/bits/alloc_traits.h
FNF:0
FNH:0
DA:515,17
DA:550,17
DA:615,3
DA:627,15
DA:800,5
DA:804,5
DA:993,15
DA:994,15
LF:8
LH:8
end_of_record
TN:
SF:/usr/include/c++/14/bits/allocator.h
FNF:0
FNH:0
DA:161,55
DA:166,100
DA:182,85
DA:189,17
DA:191,0
DA:192,0
DA:193,0
DA:196,17
DA:203,17
DA:205,0
DA:206,0
DA:208,17
LF:12
LH:7
end_of_record
TN:
SF:/usr/include/c++/14/bits/basic_string.h
FNL:0,1076,1077
FNA:0,352,_ZNKSt7__cxx1112basic_stringIcSt11char_traitsIcESaIcEE4sizeEv
FNL:1,1083,1084
FNA:1,17,_ZNKSt7__cxx1112basic_stringIcSt11char_traitsIcESaIcEE6lengthEv
FNL:2,1089,1090
FNA:2,3,_ZNKSt7__cxx1112basic_stringIcSt11char_traitsIcESaIcEE8max_sizeEv
FNL:3,1180,1184
FNA:3,91,_ZNKSt7__cxx1112basic_stringIcSt11char_traitsIcESaIcEE8capacityEv
FNL:4,1222,1223
FNA:4,5,_ZNSt7__cxx1112basic_stringIcSt11char_traitsIcESaIcEE5clearEv
FNL:5,1231,1232
FNA:5,82,_ZNKSt7__cxx1112basic_stringIcSt11char_traitsIcESaIcEE5emptyEv
FNL:6,1247,1251
FNA:6,308,_ZNKSt7__cxx1112basic_stringIcSt11char_traitsIcESaIcEEixEm
FNL:7,129,142
FNA:7,2,_ZNSt7__cxx1112basic_stringIcSt11char_traitsIcESaIcEE11_S_allocateERS3_m
FNL:8,1572,1579
FNA:8,75,_ZNSt7__cxx1112basic_stringIcSt11char_traitsIcESaIcEE9push_backEc
FNL:9,193,194
FNA:9,0,_ZNSt7__cxx1112basic_stringIcSt11char_traitsIcESaIcEE12_Alloc_hiderC2EPcRKS3_
FNL:10,197,198
FNA:10,55,_ZNSt7__cxx1112basic_stringIcSt11char_traitsIcESaIcEE12_Alloc_hiderC2EPcOS3_
FNL:11,217,218
FNA:11,2,_ZNSt7__cxx1112basic_stringIcSt11char_traitsIcESaIcEE7_M_dataEPc
FNL:12,222,223
FNA:12,155,_ZNSt7__cxx1112basic_stringIcSt11char_traitsIcESaIcEE9_M_lengthEm
FNL:13,227,228
FNA:13,804,_ZNKSt7__cxx1112basic_stringIcSt11char_traitsIcESaIcEE7_M_dataEv
FNL:14,232,239
FNA:14,55,_ZNSt7__cxx1112basic_stringIcSt11char_traitsIcESaIcEE13_M_local_dataEv
FNL:15,243,250
FNA:15,157,_ZNKSt7__cxx1112basic_stringIcSt11char_traitsIcESaIcEE13_M_local_dataEv
FNL:16,254,255
FNA:16,2,_ZNSt7__cxx1112basic_stringIcSt11char_traitsIcESaIcEE11_M_capacityEm
FNL:17,259,263
FNA:17,155,_ZNSt7__cxx1112basic_stringIcSt11char_traitsIcESaIcEE13_M_set_lengthEm
FNL:18,2653,2654
FNA:18,18,_ZNKSt7__cxx1112basic_stringIcSt11char_traitsIcESaIcEE4dataEv
FNL:19,267,276
FNA:19,157,_ZNKSt7__cxx1112basic_stringIcSt11char_traitsIcESaIcEE11_M_is_localEv
FNL:20,285,289
FNA:20,56,_ZNSt7__cxx1112basic_stringIcSt11char_traitsIcESaIcEE10_M_disposeEv
FNL:21,293,294
FNA:21,2,_ZNSt7__cxx1112basic_stringIcSt11char_traitsIcESaIcEE10_M_destroyEm
FNL:22,3208,3210
FNA:22,5,_ZNKSt7__cxx1112basic_stringIcSt11char_traitsIcESaIcEE6substrEmm
FNL:23,341,342
FNA:23,14,_ZNSt7__cxx1112basic_stringIcSt11char_traitsIcESaIcEE16_M_get_allocatorEv
FNL:24,346,347
FNA:24,18,_ZNKSt7__cxx1112basic_stringIcSt11char_traitsIcESaIcEE16_M_get_allocatorEv
FNL:25,3772,3777
FNA:25,30,_ZSteqIcSt11char_traitsIcESaIcEEbRKNSt7__cxx1112basic_stringIT_T0_T1_EEPKS5_
FNL:26,391,398
FNA:26,10,_ZNKSt7__cxx1112basic_stringIcSt11char_traitsIcESaIcEE8_M_checkEmPKc
FNL:27,412,416
FNA:27,5,_ZNKSt7__cxx1112basic_stringIcSt11char_traitsIcESaIcEE8_M_limitEmm
FNL:28,430,436
FNA:28,26,_ZNSt7__cxx1112basic_stringIcSt11char_traitsIcESaIcEE7_S_copyEPcPKcm
FNL:29,4327,4336
FNA:29,15,_ZNSt7__cxx119to_stringEy
FNL:30,4331,4334
FNA:30,15,_ZZNSt7__cxx119to_stringEyENKUlPcmE_clES0_m
FNL:31,482,483
FNA:31,15,_ZNSt7__cxx1112basic_stringIcSt11char_traitsIcESaIcEE13_S_copy_charsEPcS5_S5_
FNL:32,487,489
FNA:32,5,_ZNSt7__cxx1112basic_stringIcSt11char_traitsIcESaIcEE13_S_copy_charsEPcPKcS7_
FNL:33,527,533
FNA:33,35,_ZNSt7__cxx1112basic_stringIcSt11char_traitsIcESaIcEEC2Ev
FNL:34,552,558
FNA:34,15,_ZNSt7__cxx1112basic_stringIcSt11char_traitsIcESaIcEEC2ERKS4_
FNL:35,586,594
FNA:35,5,_ZNSt7__cxx1112basic_stringIcSt11char_traitsIcESaIcEEC2ERKS4_mm
FNL:36,646,655
FNA:36,0,_ZNSt7__cxx1112basic_stringIcSt11char_traitsIcESaIcEEC2IS3_EEPKcRKS3_
FNL:37,808,809
FNA:37,55,_ZNSt7__cxx1112basic_stringIcSt11char_traitsIcESaIcEED2Ev
FNL:38,858,918
FNA:38,5,_ZNSt7__cxx1112basic_stringIcSt11char_traitsIcESaIcEEaSEOS4_
FNL:39,960,961
FNA:39,0,_ZNSt7__cxx1112basic_stringIcSt11char_traitsIcESaIcEE5beginEv
FNL:40,978,979
FNA:40,0,_ZNSt7__cxx1112basic_stringIcSt11char_traitsIcESaIcEE3endEv
FNF:41
FNH:37
DA:129,2
DA:131,2
DA:141,2
DA:193,0
DA:194,0
DA:197,55
DA:198,55
DA:217,2
DA:218,2
DA:222,155
DA:223,155
DA:227,804
DA:228,804
DA:232,55
DA:235,55
DA:243,157
DA:246,157
DA:254,2
DA:255,2
DA:259,155
DA:261,155
DA:262,155
DA:263,155
DA:267,157
DA:269,157
DA:271,154
DA:272,0
DA:273,154
DA:275,3
DA:285,56
DA:287,56
DA:288,2
DA:289,56
DA:293,2
DA:294,2
DA:341,14
DA:342,14
DA:346,18
DA:347,18
DA:356,54
DA:357,0
DA:358,0
DA:360,54
DA:370,0
DA:391,10
DA:393,10
DA:394,0
DA:397,10
DA:412,5
DA:414,5
DA:415,5
DA:430,26
DA:432,26
DA:433,7
DA:435,19
DA:436,26
DA:482,15
DA:483,15
DA:487,5
DA:489,5
DA:527,35
DA:529,105
DA:532,35
DA:533,35
DA:552,15
DA:553,15
DA:554,15
DA:556,15
DA:558,15
DA:586,5
DA:588,10
DA:590,5
DA:591,5
DA:592,5
DA:594,5
DA:646,0
DA:647,0
DA:650,0
DA:651,0
DA:653,0
DA:654,0
DA:655,0
DA:808,55
DA:809,55
DA:858,5
DA:861,5
DA:863,5
DA:864,5
DA:867,0
DA:868,0
DA:869,0
DA:872,5
DA:874,5
DA:879,5
DA:881,5
DA:882,5
DA:883,5
DA:886,0
DA:889,0
DA:891,0
DA:896,0
DA:897,0
DA:903,0
DA:904,0
DA:905,0
DA:906,0
DA:908,0
DA:909,0
DA:912,0
DA:915,0
DA:916,5
DA:917,5
DA:960,0
DA:961,0
DA:978,0
DA:979,0
DA:1076,352
DA:1077,352
DA:1083,17
DA:1084,17
DA:1089,3
DA:1090,6
DA:1180,91
DA:1182,91
DA:1183,91
DA:1222,5
DA:1223,5
DA:1231,82
DA:1232,82
DA:1247,308
DA:1249,308
DA:1250,308
DA:1572,75
DA:1574,75
DA:1575,75
DA:1576,1
DA:1577,75
DA:1578,75
DA:1579,75
DA:2653,18
DA:2654,18
DA:3208,5
DA:3210,5
DA:3772,30
DA:3775,30
DA:3776,30
DA:4327,15
DA:4329,15
DA:4330,15
DA:4331,15
DA:4332,15
DA:4333,15
DA:4335,15
DA:4336,0
LF:154
LH:119
end_of_record
TN:
SF:/usr/include/c++/14/bits/basic_string.tcc
FNL:0,138,160
FNA:0,2,_ZNSt7__cxx1112basic_stringIcSt11char_traitsIcESaIcEE9_M_createERmm
FNL:1,221,252
FNA:1,5,_ZNSt7__cxx1112basic_stringIcSt11char_traitsIcESaIcEE12_M_constructIPKcEEvT_S8_St20forward_iterator_tag
FNA:1,15,_ZNSt7__cxx1112basic_stringIcSt11char_traitsIcESaIcEE12_M_constructIPcEEvT_S7_St20forward_iterator_tag
FNL:2,239,239
FNA:2,5,_ZZNSt7__cxx1112basic_stringIcSt11char_traitsIcESaIcEE12_M_constructIPKcEEvT_S8_St20forward_iterator_tagEN6_GuardC2EPS4_
FNA:2,15,_ZZNSt7__cxx1112basic_stringIcSt11char_traitsIcESaIcEE12_M_constructIPcEEvT_S7_St20forward_iterator_tagEN6_GuardC2EPS4_
FNL:3,242,242
FNA:3,5,_ZZNSt7__cxx1112basic_stringIcSt11char_traitsIcESaIcEE12_M_constructIPKcEEvT_S8_St20forward_iterator_tagEN6_GuardD2Ev
FNA:3,15,_ZZNSt7__cxx1112basic_stringIcSt11char_traitsIcESaIcEE12_M_constructIPcEEvT_S7_St20forward_iterator_tagEN6_GuardD2Ev
FNL:4,277,299
FNA:4,0,_ZNSt7__cxx1112basic_stringIcSt11char_traitsIcESaIcEE9_M_assignERKS4_
FNL:5,304,320
FNA:5,15,_ZNSt7__cxx1112basic_stringIcSt11char_traitsIcESaIcEE7reserveEm
FNL:6,325,345
FNA:6,1,_ZNSt7__cxx1112basic_stringIcSt11char_traitsIcESaIcEE9_M_mutateEmmPKcm
FNL:7,574,576
FNA:7,15,_ZNSt7__cxx1112basic_stringIcSt11char_traitsIcESaIcEE22__resize_and_overwriteIZNS_9to_stringEyEUlPcmE_EEvmT_
FNL:8,583,613
FNA:8,15,_ZNSt7__cxx1112basic_stringIcSt11char_traitsIcESaIcEE20resize_and_overwriteIRZNS_9to_stringEyEUlPcmE_EEvmT_
FNL:9,597,597
FNA:9,15,_ZZNSt7__cxx1112basic_stringIcSt11char_traitsIcESaIcEE20resize_and_overwriteIRZNS_9to_stringEyEUlPcmE_EEvmT_EN11_TerminatorD2Ev
FNL:10,777,784
FNA:10,5,_ZNKSt7__cxx1112basic_stringIcSt11char_traitsIcESaIcEE17find_first_not_ofEcm
FNF:11
FNH:10
DA:138,2
DA:143,2
DA:144,0
DA:149,2
DA:151,1
DA:153,1
DA:154,0
DA:159,2
DA:221,20
DA:225,20
DA:227,20
DA:229,1
DA:230,1
DA:239,20
DA:242,20
DA:245,20
DA:247,20
DA:249,20
DA:251,20
DA:252,20
DA:277,0
DA:280,0
DA:282,0
DA:283,0
DA:285,0
DA:287,0
DA:288,0
DA:289,0
DA:290,0
DA:291,0
DA:294,0
DA:295,0
DA:297,0
DA:299,0
DA:304,15
DA:307,15
DA:312,15
DA:313,15
DA:315,0
DA:316,0
DA:317,0
DA:318,0
DA:319,0
DA:325,1
DA:329,1
DA:331,1
DA:332,1
DA:334,1
DA:335,1
DA:336,1
DA:337,0
DA:338,1
DA:339,0
DA:340,0
DA:342,1
DA:343,1
DA:344,1
DA:345,1
DA:574,15
DA:576,15
DA:583,15
DA:590,15
DA:591,15
DA:593,15
DA:594,0
DA:597,15
DA:601,15
DA:602,15
DA:610,15
DA:611,15
DA:612,0
DA:613,15
DA:777,5
DA:780,8
DA:781,8
DA:782,5
DA:783,0
LF:77
LH:50
end_of_record
TN:
SF:/usr/include/c++/14/bits/char_traits.h
FNL:0,136,137
FNA:0,0,_ZN9__gnu_cxx11char_traitsIcE2eqERKcS3_
FNL:1,199,206
FNA:1,0,_ZN9__gnu_cxx11char_traitsIcE6lengthEPKc
FNL:2,253,268
FNA:2,0,_ZN9__gnu_cxx11char_traitsIcE4copyEPcPKcm
FNL:3,273,300
FNA:3,0,_ZN9__gnu_cxx11char_traitsIcE6assignEPcmc
FNL:4,343,351
FNA:4,237,_ZNSt11char_traitsIcE6assignERcRKc
FNL:5,354,355
FNA:5,8,_ZNSt11char_traitsIcE2eqERKcS2_
FNL:6,358,363
FNA:6,0,_ZNSt11char_traitsIcE2ltERKcS2_
FNL:7,366,382
FNA:7,18,_ZNSt11char_traitsIcE7compareEPKcS2_m
FNL:8,385,392
FNA:8,30,_ZNSt11char_traitsIcE6lengthEPKc
FNL:9,419,428
FNA:9,19,_ZNSt11char_traitsIcE4copyEPcPKcm
FNL:10,431,440
FNA:10,0,_ZNSt11char_traitsIcE6assignEPcmc
FNF:11
FNH:5
DA:136,0
DA:137,0
DA:199,0
DA:202,0
DA:203,0
DA:204,0
DA:205,0
DA:253,0
DA:256,0
DA:257,0
DA:259,0
DA:261,0
DA:262,0
DA:263,0
DA:266,0
DA:267,0
DA:273,0
DA:277,0
DA:279,0
DA:280,0
DA:281,0
DA:287,0
DA:290,0
DA:291,0
DA:299,0
DA:343,237
DA:346,237
DA:347,0
DA:350,237
DA:351,237
DA:354,8
DA:355,8
DA:358,0
DA:361,0
DA:362,0
DA:366,18
DA:368,18
DA:369,0
DA:371,18
DA:373,0
DA:374,0
DA:375,0
DA:376,0
DA:377,0
DA:378,0
DA:381,18
DA:385,30
DA:388,30
DA:389,0
DA:391,30
DA:419,19
DA:421,19
DA:422,0
DA:424,19
DA:425,0
DA:427,19
DA:431,0
DA:433,0
DA:434,0
DA:436,0
DA:437,0
DA:439,0
LF:62
LH:17
end_of_record
TN:
SF:/usr/include/c++/14/bits/charconv.h
FNL:0,55,74
FNA:0,15,_ZNSt8__detail14__to_chars_lenIyEEjT_i
FNL:1,81,110
FNA:1,15,_ZNSt8__detail18__to_chars_10_implIyEEvPcjT_
FNF:2
FNH:2
DA:55,15
DA:61,15
DA:62,15
DA:63,15
DA:64,15
DA:67,15
DA:68,3
DA:69,3
DA:70,3
DA:71,0
DA:72,0
DA:81,15
DA:87,15
DA:93,15
DA:94,18
DA:96,3
DA:97,3
DA:98,3
DA:99,3
DA:100,3
DA:102,15
DA:104,3
DA:105,3
DA:106,3
DA:109,12
DA:110,15
LF:26
LH:24
end_of_record
TN:
SF:/usr/include/c++/14/bits/move.h
FNL:0,137,138
FNA:0,60,_ZSt4moveIRSaIcEEONSt16remove_referenceIT_E4typeEOS3_
FNA:0,15,_ZSt4moveIRZNSt7__cxx119to_stringEyEUlPcmE_EONSt16remove_referenceIT_E4typeEOS5_
FNA:0,0,_ZSt4moveIRcEONSt16remove_referenceIT_E4typeEOS2_
FNL:1,175,176
FNA:1,157,_ZSt9addressofIKcEPT_RS1_
FNA:1,55,_ZSt9addressofIcEPT_RS0_
FNL:2,226,237
FNA:2,0,_ZSt4swapIcENSt9enable_ifIXsrSt6__and_IJSt6__not_ISt15__is_tuple_likeIT_EESt21is_move_constructibleIS4_ESt18is_move_assignableIS4_EEE5valueEvE4typeERS4_SE_
FNL:3,51,52
FNA:3,0,_ZSt11__addressofIKNSt7__cxx1112basic_stringIcSt11char_traitsIcESaIcEEEEPT_RS7_
FNA:3,157,_ZSt11__addressofIKcEPT_RS1_
FNA:3,5,_ZSt11__addressofINSt7__cxx1112basic_stringIcSt11char_traitsIcESaIcEEEEPT_RS6_
FNA:3,55,_ZSt11__addressofIcEPT_RS0_
FNA:3,0,_ZSt11__addressofIiEPT_RS0_
FNL:4,71,72
FNA:4,0,_ZSt7forwardIRKcEOT_RNSt16remove_referenceIS2_E4typeE
FNA:4,0,_ZSt7forwardIRKiEOT_RNSt16remove_referenceIS2_E4typeE
FNA:4,0,_ZSt7forwardIRcEOT_RNSt16remove_referenceIS1_E4typeE
FNF:5
FNH:3
DA:51,217
DA:52,217
DA:71,0
DA:72,0
DA:137,75
DA:138,75
DA:175,212
DA:176,212
DA:226,0
DA:234,0
DA:235,0
DA:236,0
DA:237,0
LF:13
LH:6
end_of_record
TN:
SF:/usr/include/c++/14/bits/new_allocator.h
FNL:0,126,152
FNA:0,2,_ZNSt15__new_allocatorIcE8allocateEmPKv
FNA:0,15,_ZNSt15__new_allocatorIiE8allocateEmPKv
FNL:1,156,173
FNA:1,2,_ZNSt15__new_allocatorIcE10deallocateEPcm
FNA:1,15,_ZNSt15__new_allocatorIiE10deallocateEPim
FNF:2
FNH:2
DA:88,55
DA:92,100
DA:126,17
DA:134,17
DA:138,0
DA:139,0
DA:140,0
DA:151,17
DA:156,17
DA:172,17
DA:233,17
LF:11
LH:8
end_of_record
TN:
SF:/usr/include/c++/14/bits/ptr_traits.h
FNL:0,134,135
FNA:0,157,_ZNSt19__ptr_traits_ptr_toIPKcS0_Lb0EE10pointer_toERS0_
FNA:0,55,_ZNSt19__ptr_traits_ptr_toIPccLb0EE10pointer_toERc
FNF:1
FNH:1
DA:134,212
DA:135,212
LF:2
LH:2
end_of_record
TN:
SF:/usr/include/c++/14/bits/stl_algo.h
FNL:0,1054,1066
FNA:0,0,_ZSt9__reverseIN9__gnu_cxx17__normal_iteratorIPcNSt7__cxx1112basic_stringIcSt11char_traitsIcESaIcEEEEEEvT_SA_St26random_access_iterator_tag
FNL:1,1083,1090
FNA:1,0,_ZSt7reverseIN9__gnu_cxx17__normal_iteratorIPcNSt7__cxx1112basic_stringIcSt11char_traitsIcESaIcEEEEEEvT_SA_
FNF:2
FNH:0
DA:1054,0
DA:1057,0
DA:1058,0
DA:1059,0
DA:1060,0
DA:1062,0
DA:1063,0
DA:1064,0
DA:1083,0
DA:1089,0
DA:1090,0
LF:11
LH:0
end_of_record
TN:
SF:/usr/include/c++/14/bits/stl_algobase.h
FNL:0,1040,1040
FNA:0,15,_ZSt17__size_to_integerm
FNL:1,1140,1153
FNA:1,15,_ZSt10__fill_n_aIPimiET_S1_T0_RKT1_St26random_access_iterator_tag
FNL:2,1175,1182
FNA:2,15,_ZSt6fill_nIPimiET_S1_T0_RKT1_
FNL:3,155,187
FNA:3,0,_ZSt9iter_swapIN9__gnu_cxx17__normal_iteratorIPcNSt7__cxx1112basic_stringIcSt11char_traitsIcESaIcEEEEES9_EvT_T0_
FNL:4,233,241
FNA:4,15,_ZSt3minImERKT_S2_S2_
FNL:5,947,953
FNA:5,15,_ZSt9__fill_a1IPiiEN9__gnu_cxx11__enable_ifIXsrSt11__is_scalarIT0_E7__valueEvE6__typeET_S8_RKS4_
FNL:6,997,998
FNA:6,15,_ZSt8__fill_aIPiiEvT_S1_RKT0_
FNF:7
FNH:6
DA:155,0
DA:185,0
DA:187,0
DA:233,15
DA:238,15
DA:239,0
DA:240,15
DA:947,15
DA:950,15
DA:951,82
DA:952,67
DA:953,15
DA:997,15
DA:998,15
DA:1040,15
DA:1140,15
DA:1146,15
DA:1147,0
DA:1151,15
DA:1152,15
DA:1175,15
DA:1180,15
DA:1181,30
LF:23
LH:18
end_of_record
TN:
SF:/usr/include/c++/14/bits/stl_construct.h
FNL:0,109,120
FNA:0,0,_ZSt10_ConstructIiJRKiEEvPT_DpOT0_
FNL:1,146,153
FNA:1,0,_ZSt8_DestroyIiEvPT_
FNL:2,160,164
FNA:2,0,_ZNSt12_Destroy_auxILb0EE9__destroyIPiEEvT_S3_
FNL:3,172,172
FNA:3,15,_ZNSt12_Destroy_auxILb1EE9__destroyIPiEEvT_S3_
FNL:4,182,197
FNA:4,15,_ZSt8_DestroyIPiEvT_S1_
FNL:5,80,89
FNA:5,0,_ZSt10destroy_atIiEvPT_
FNL:6,94,97
FNA:6,0,_ZSt12construct_atIcJRKcEEDTgsnwcvPvLi0E_T_pispcl7declvalIT0_EEEEPS3_DpOS4_
FNA:6,0,_ZSt12construct_atIcJRcEEDTgsnwcvPvLi0E_T_pispcl7declvalIT0_EEEEPS2_DpOS3_
FNA:6,0,_ZSt12construct_atIiJRKiEEDTgsnwcvPvLi0E_T_pispcl7declvalIT0_EEEEPS3_DpOS4_
FNF:7
FNH:2
DA:80,0
DA:88,0
DA:89,0
DA:94,0
DA:97,0
DA:109,0
DA:112,0
DA:115,0
DA:116,0
DA:119,0
DA:146,0
DA:149,0
DA:153,0
DA:160,0
DA:162,0
DA:163,0
DA:164,0
DA:172,15
DA:182,15
DA:192,15
DA:193,0
DA:196,15
LF:22
LH:4
end_of_record
TN:
SF:/usr/include/c++/14/bits/stl_iterator.h
FNL:0,1067,1068
FNA:0,0,_ZN9__gnu_cxx17__normal_iteratorIPcNSt7__cxx1112basic_stringIcSt11char_traitsIcESaIcEEEEC2ERKS1_
FNA:0,30,_ZN9__gnu_cxx17__normal_iteratorIPiSt6vectorIiSaIiEEEC2ERKS1_
FNL:1,1090,1091
FNA:1,0,_ZNK9__gnu_cxx17__normal_iteratorIPcNSt7__cxx1112basic_stringIcSt11char_traitsIcESaIcEEEEdeEv
FNA:1,67,_ZNK9__gnu_cxx17__normal_iteratorIPiSt6vectorIiSaIiEEEdeEv
FNL:2,1100,1104
FNA:2,0,_ZN9__gnu_cxx17__normal_iteratorIPcNSt7__cxx1112basic_stringIcSt11char_traitsIcESaIcEEEEppEv
FNA:2,67,_ZN9__gnu_cxx17__normal_iteratorIPiSt6vectorIiSaIiEEEppEv
FNL:3,1114,1118
FNA:3,0,_ZN9__gnu_cxx17__normal_iteratorIPcNSt7__cxx1112basic_stringIcSt11char_traitsIcESaIcEEEEmmEv
FNL:4,1153,1154
FNA:4,0,_ZNK9__gnu_cxx17__normal_iteratorIPcNSt7__cxx1112basic_stringIcSt11char_traitsIcESaIcEEEE4baseEv
FNA:4,164,_ZNK9__gnu_cxx17__normal_iteratorIPiSt6vectorIiSaIiEEE4baseEv
FNL:5,1188,1194
FNA:5,0,_ZN9__gnu_cxxeqIPcNSt7__cxx1112basic_stringIcSt11char_traitsIcESaIcEEEEEbRKNS_17__normal_iteratorIT_T0_EESD_QrqXeqcldtfL0p_4baseEcldtfL0p0_4baseERSt14convertible_toIbEE
FNA:5,82,_ZN9__gnu_cxxeqIPiSt6vectorIiSaIiEEEEbRKNS_17__normal_iteratorIT_T0_EESA_QrqXeqcldtfL0p_4baseEcldtfL0p0_4baseERSt14convertible_toIbEE
FNL:6,1199,1202
FNA:6,0,_ZN9__gnu_cxxssIPcNSt7__cxx1112basic_stringIcSt11char_traitsIcESaIcEEEEEDTclL_ZNSt8__detail11__synth3wayEEcl7declvalIRT_EEcl7declvalISA_EEEERKNS_17__normal_iteratorIS9_T0_EESG_
FNF:7
FNH:5
DA:1067,30
DA:1068,30
DA:1090,67
DA:1091,67
DA:1100,67
DA:1102,67
DA:1103,67
DA:1114,0
DA:1116,0
DA:1117,0
DA:1153,164
DA:1154,164
DA:1188,82
DA:1194,82
DA:1199,0
DA:1202,0
LF:16
LH:11
end_of_record
TN:
SF:/usr/include/c++/14/bits/stl_iterator_base_funcs.h
FNF:0
FNH:0
DA:106,20
DA:151,40
DA:152,40
LF:3
LH:3
end_of_record
TN:
SF:/usr/include/c++/14/bits/stl_iterator_base_types.h
FNF:0
FNH:0
DA:240,35
LF:1
LH:1
end_of_record
TN:
SF:/usr/include/c++/14/bits/stl_uninitialized.h
FNL:0,261,275
FNA:0,0,_ZSt18__do_uninit_fill_nIPimiET_S1_T0_RKT1_
FNL:1,292,294
FNA:1,15,_ZNSt22__uninitialized_fill_nILb1EE15__uninit_fill_nIPimiEET_S3_T0_RKT1_
FNL:2,312,328
FNA:2,15,_ZSt20uninitialized_fill_nIPimiET_S1_T0_RKT1_
FNL:3,465,473
FNA:3,15,_ZSt24__uninitialized_fill_n_aIPimiiET_S1_T0_RKT1_RSaIT2_E
FNF:4
FNH:3
DA:261,0
DA:263,0
DA:266,0
DA:267,0
DA:268,0
DA:292,15
DA:294,15
DA:312,15
DA:319,15
DA:327,15
DA:465,15
DA:469,15
DA:470,0
DA:472,15
LF:14
LH:8
end_of_record
TN:
SF:/usr/include/c++/14/bits/stl_vector.h
FNL:0,1128,1132
FNA:0,435,_ZNSt6vectorIiSaIiEEixEm
FNL:1,145,147
FNA:1,15,_ZNSt12_Vector_baseIiSaIiEE12_Vector_implC2ERKS0_
FNL:2,1706,1711
FNA:2,15,_ZNSt6vectorIiSaIiEE18_M_fill_initializeEmRKi
FNL:3,1917,1923
FNA:3,15,_ZNSt6vectorIiSaIiEE17_S_check_init_lenEmRKS0_
FNL:4,1926,1935
FNA:4,15,_ZNSt6vectorIiSaIiEE11_S_max_sizeERKS0_
FNL:5,300,301
FNA:5,30,_ZNSt12_Vector_baseIiSaIiEE19_M_get_Tp_allocatorEv
FNL:6,332,334
FNA:6,15,_ZNSt12_Vector_baseIiSaIiEEC2EmRKS0_
FNL:7,366,370
FNA:7,15,_ZNSt12_Vector_baseIiSaIiEED2Ev
FNL:8,377,381
FNA:8,15,_ZNSt12_Vector_baseIiSaIiEE11_M_allocateEm
FNL:9,385,390
FNA:9,15,_ZNSt12_Vector_baseIiSaIiEE13_M_deallocateEPim
FNL:10,396,401
FNA:10,15,_ZNSt12_Vector_baseIiSaIiEE17_M_create_storageEm
FNL:11,569,572
FNA:11,15,_ZNSt6vectorIiSaIiEEC2EmRKiRKS0_
FNL:12,733,738
FNA:12,15,_ZNSt6vectorIiSaIiEED2Ev
FNL:13,873,874
FNA:13,15,_ZNSt6vectorIiSaIiEE5beginEv
FNL:14,893,894
FNA:14,15,_ZNSt6vectorIiSaIiEE3endEv
FNL:15,98,100
FNA:15,15,_ZNSt12_Vector_baseIiSaIiEE17_Vector_impl_dataC2Ev
FNF:16
FNH:16
DA:98,15
DA:99,15
DA:100,15
DA:145,15
DA:146,15
DA:147,15
DA:300,30
DA:301,30
DA:332,15
DA:333,15
DA:334,15
DA:366,15
DA:368,15
DA:369,15
DA:370,15
DA:377,15
DA:380,30
DA:385,15
DA:388,15
DA:389,15
DA:390,15
DA:396,15
DA:398,15
DA:399,15
DA:400,15
DA:401,15
DA:569,15
DA:571,15
DA:572,15
DA:733,15
DA:735,15
DA:736,15
DA:738,15
DA:873,15
DA:874,15
DA:893,15
DA:894,15
DA:1128,435
DA:1131,435
DA:1706,15
DA:1708,15
DA:1709,15
DA:1710,15
DA:1711,15
DA:1917,15
DA:1919,15
DA:1920,0
DA:1922,15
DA:1926,15
DA:1931,15
DA:1933,15
DA:1934,15
LF:52
LH:51
end_of_record
TN:
SF:/usr/include/c++/14/compare
FNL:0,1224,1243
FNA:0,0,_ZNKSt8__detail10_Synth3wayclIPcS2_EEDaRKT_RKT0_QrqXltfL0p_fL0p0_RNS_18__boolean_testableEXltfL0p0_fL0p_RNS_18__boolean_testableEE
FNL:1,291,292
FNA:1,0,_ZStltSt15strong_orderingNSt9__cmp_cat8__unspecE
FNF:2
FNH:0
DA:291,0
DA:292,0
DA:1224,0
DA:1233,0
LF:4
LH:0
end_of_record
TN:
SF:/usr/include/c++/14/ext/alloc_traits.h
FNF:0
FNH:0
DA:98,15
DA:110,0
LF:2
LH:1
end_of_record
TN:
SF:/usr/include/c++/14/new
FNL:0,179,180
FNA:0,0,_ZnwmPv
FNF:1
FNH:0
DA:179,0
DA:180,0
LF:2
LH:0
end_of_record
TN:
SF:/usr/include/c++/14/type_traits
FNL:0,3832,3839
FNA:0,69,_ZSt21is_constant_evaluatedv
FNF:1
FNH:1
DA:3832,69
DA:3835,69
LF:2
LH:2
end_of_record
TN:
SF:/usr/include/c++/14/x86_64-redhat-linux/bits/c++config.h
FNF:0
FNH:0
DA:2394,676
DA:2456,0
LF:2
LH:1
end_of_record
